<?xml version="1.0" encoding="UTF-8"?>
<coverage generated="1517731221127" clover="3.2.0">
  <project timestamp="1517731221127" name="All files">
    <metrics statements="1330" coveredstatements="22" conditionals="743" coveredconditionals="1" methods="215" coveredmethods="7" elements="2288" coveredelements="30" complexity="0" loc="1330" ncloc="1330" packages="6" files="20" classes="20">
      <package name="bitcoin">
        <metrics statements="3" coveredstatements="3" conditionals="0" coveredconditionals="0" methods="1" coveredmethods="1"/>
        <file name="module.ts" path="/Users/cjensen/personal/bitcoin/module.ts">
          <metrics statements="3" coveredstatements="3" conditionals="0" coveredconditionals="0" methods="1" coveredmethods="1"/>
          <line num="13" count="1" type="stmt"/>
          <line num="15" count="1" type="stmt"/>
          <line num="16" count="1" type="stmt"/>
        </file>
      </package>
      <package name="bitcoin.src">
        <metrics statements="103" coveredstatements="0" conditionals="60" coveredconditionals="0" methods="13" coveredmethods="0"/>
        <file name="App.vue" path="/Users/cjensen/personal/bitcoin/src/App.vue">
          <metrics statements="97" coveredstatements="0" conditionals="56" coveredconditionals="0" methods="12" coveredmethods="0"/>
          <line num="1" count="0" type="stmt"/>
          <line num="4" count="0" type="stmt"/>
          <line num="8" count="0" type="stmt"/>
          <line num="10" count="0" type="stmt"/>
          <line num="12" count="0" type="stmt"/>
          <line num="14" count="0" type="stmt"/>
          <line num="16" count="0" type="stmt"/>
          <line num="18" count="0" type="stmt"/>
          <line num="20" count="0" type="stmt"/>
          <line num="22" count="0" type="stmt"/>
          <line num="24" count="0" type="stmt"/>
          <line num="26" count="0" type="stmt"/>
          <line num="28" count="0" type="stmt"/>
          <line num="29" count="0" type="stmt"/>
          <line num="30" count="0" type="stmt"/>
          <line num="31" count="0" type="stmt"/>
          <line num="32" count="0" type="stmt"/>
          <line num="33" count="0" type="stmt"/>
          <line num="1096" count="0" type="cond" truecount="0" falsecount="2"/>
          <line num="1098" count="0" type="cond" truecount="0" falsecount="4"/>
          <line num="1099" count="0" type="stmt"/>
          <line num="1102" count="0" type="stmt"/>
          <line num="1103" count="0" type="stmt"/>
          <line num="1106" count="0" type="stmt"/>
          <line num="1108" count="0" type="stmt"/>
          <line num="1110" count="0" type="stmt"/>
          <line num="1112" count="0" type="stmt"/>
          <line num="1114" count="0" type="stmt"/>
          <line num="1116" count="0" type="stmt"/>
          <line num="1118" count="0" type="stmt"/>
          <line num="1120" count="0" type="stmt"/>
          <line num="1122" count="0" type="stmt"/>
          <line num="1124" count="0" type="stmt"/>
          <line num="1126" count="0" type="cond" truecount="0" falsecount="4"/>
          <line num="1128" count="0" type="cond" truecount="0" falsecount="3"/>
          <line num="1129" count="0" type="stmt"/>
          <line num="1131" count="0" type="cond" truecount="0" falsecount="4"/>
          <line num="1132" count="0" type="stmt"/>
          <line num="1133" count="0" type="stmt"/>
          <line num="1134" count="0" type="stmt"/>
          <line num="1136" count="0" type="stmt"/>
          <line num="1137" count="0" type="stmt"/>
          <line num="1138" count="0" type="stmt"/>
          <line num="1139" count="0" type="stmt"/>
          <line num="1140" count="0" type="cond" truecount="0" falsecount="2"/>
          <line num="1141" count="0" type="stmt"/>
          <line num="1142" count="0" type="stmt"/>
          <line num="1143" count="0" type="stmt"/>
          <line num="1145" count="0" type="stmt"/>
          <line num="1149" count="0" type="stmt"/>
          <line num="1150" count="0" type="stmt"/>
          <line num="1151" count="0" type="stmt"/>
          <line num="1152" count="0" type="stmt"/>
          <line num="1154" count="0" type="stmt"/>
          <line num="1156" count="0" type="stmt"/>
          <line num="1157" count="0" type="stmt"/>
          <line num="1158" count="0" type="stmt"/>
          <line num="1160" count="0" type="stmt"/>
          <line num="1161" count="0" type="cond" truecount="0" falsecount="2"/>
          <line num="1164" count="0" type="cond" truecount="0" falsecount="3"/>
          <line num="1165" count="0" type="stmt"/>
          <line num="1167" count="0" type="stmt"/>
          <line num="1168" count="0" type="cond" truecount="0" falsecount="4"/>
          <line num="1170" count="0" type="stmt"/>
          <line num="1171" count="0" type="cond" truecount="0" falsecount="6"/>
          <line num="1172" count="0" type="stmt"/>
          <line num="1173" count="0" type="stmt"/>
          <line num="1174" count="0" type="stmt"/>
          <line num="1176" count="0" type="stmt"/>
          <line num="1177" count="0" type="stmt"/>
          <line num="1178" count="0" type="stmt"/>
          <line num="1179" count="0" type="stmt"/>
          <line num="1180" count="0" type="cond" truecount="0" falsecount="2"/>
          <line num="1181" count="0" type="stmt"/>
          <line num="1182" count="0" type="stmt"/>
          <line num="1183" count="0" type="cond" truecount="0" falsecount="6"/>
          <line num="1185" count="0" type="stmt"/>
          <line num="1188" count="0" type="stmt"/>
          <line num="1189" count="0" type="cond" truecount="0" falsecount="3"/>
          <line num="1192" count="0" type="stmt"/>
          <line num="1193" count="0" type="stmt"/>
          <line num="1194" count="0" type="stmt"/>
          <line num="1196" count="0" type="stmt"/>
          <line num="1198" count="0" type="stmt"/>
          <line num="1199" count="0" type="stmt"/>
          <line num="1201" count="0" type="cond" truecount="0" falsecount="3"/>
          <line num="1203" count="0" type="stmt"/>
          <line num="1204" count="0" type="stmt"/>
          <line num="1205" count="0" type="stmt"/>
          <line num="1206" count="0" type="stmt"/>
          <line num="1214" count="0" type="stmt"/>
          <line num="1215" count="0" type="stmt"/>
          <line num="1217" count="0" type="stmt"/>
          <line num="1220" count="0" type="cond" truecount="0" falsecount="2"/>
          <line num="1221" count="0" type="cond" truecount="0" falsecount="2"/>
          <line num="1222" count="0" type="cond" truecount="0" falsecount="4"/>
          <line num="1223" count="0" type="stmt"/>
        </file>
        <file name="config.ts" path="/Users/cjensen/personal/bitcoin/src/config.ts">
          <metrics statements="1" coveredstatements="0" conditionals="0" coveredconditionals="0" methods="0" coveredmethods="0"/>
          <line num="1" count="0" type="stmt"/>
        </file>
        <file name="main.ts" path="/Users/cjensen/personal/bitcoin/src/main.ts">
          <metrics statements="5" coveredstatements="0" conditionals="4" coveredconditionals="0" methods="1" coveredmethods="0"/>
          <line num="1" count="0" type="stmt"/>
          <line num="2" count="0" type="stmt"/>
          <line num="3" count="0" type="cond" truecount="0" falsecount="4"/>
          <line num="4" count="0" type="stmt"/>
          <line num="6" count="0" type="stmt"/>
        </file>
      </package>
      <package name="bitcoin.src.components">
        <metrics statements="1071" coveredstatements="4" conditionals="493" coveredconditionals="0" methods="133" coveredmethods="1"/>
        <file name="AppButton.vue" path="/Users/cjensen/personal/bitcoin/src/components/AppButton.vue">
          <metrics statements="4" coveredstatements="4" conditionals="0" coveredconditionals="0" methods="1" coveredmethods="1"/>
          <line num="10" count="1" type="stmt"/>
          <line num="13" count="3" type="stmt"/>
          <line num="15" count="1" type="stmt"/>
          <line num="16" count="1" type="stmt"/>
        </file>
        <file name="AppLoading.vue" path="/Users/cjensen/personal/bitcoin/src/components/AppLoading.vue">
          <metrics statements="86" coveredstatements="0" conditionals="54" coveredconditionals="0" methods="12" coveredmethods="0"/>
          <line num="1" count="0" type="stmt"/>
          <line num="4" count="0" type="stmt"/>
          <line num="8" count="0" type="stmt"/>
          <line num="10" count="0" type="stmt"/>
          <line num="12" count="0" type="stmt"/>
          <line num="14" count="0" type="stmt"/>
          <line num="16" count="0" type="stmt"/>
          <line num="18" count="0" type="stmt"/>
          <line num="20" count="0" type="stmt"/>
          <line num="22" count="0" type="stmt"/>
          <line num="24" count="0" type="stmt"/>
          <line num="26" count="0" type="stmt"/>
          <line num="28" count="0" type="stmt"/>
          <line num="29" count="0" type="stmt"/>
          <line num="30" count="0" type="stmt"/>
          <line num="31" count="0" type="stmt"/>
          <line num="32" count="0" type="stmt"/>
          <line num="33" count="0" type="stmt"/>
          <line num="1085" count="0" type="cond" truecount="0" falsecount="2"/>
          <line num="1087" count="0" type="cond" truecount="0" falsecount="4"/>
          <line num="1088" count="0" type="stmt"/>
          <line num="1091" count="0" type="stmt"/>
          <line num="1092" count="0" type="stmt"/>
          <line num="1095" count="0" type="stmt"/>
          <line num="1097" count="0" type="cond" truecount="0" falsecount="4"/>
          <line num="1099" count="0" type="cond" truecount="0" falsecount="3"/>
          <line num="1100" count="0" type="stmt"/>
          <line num="1102" count="0" type="cond" truecount="0" falsecount="4"/>
          <line num="1103" count="0" type="stmt"/>
          <line num="1104" count="0" type="stmt"/>
          <line num="1105" count="0" type="stmt"/>
          <line num="1107" count="0" type="stmt"/>
          <line num="1108" count="0" type="stmt"/>
          <line num="1109" count="0" type="stmt"/>
          <line num="1110" count="0" type="stmt"/>
          <line num="1111" count="0" type="cond" truecount="0" falsecount="2"/>
          <line num="1112" count="0" type="stmt"/>
          <line num="1113" count="0" type="stmt"/>
          <line num="1114" count="0" type="stmt"/>
          <line num="1116" count="0" type="stmt"/>
          <line num="1120" count="0" type="stmt"/>
          <line num="1121" count="0" type="stmt"/>
          <line num="1122" count="0" type="stmt"/>
          <line num="1123" count="0" type="stmt"/>
          <line num="1125" count="0" type="stmt"/>
          <line num="1127" count="0" type="stmt"/>
          <line num="1128" count="0" type="stmt"/>
          <line num="1129" count="0" type="stmt"/>
          <line num="1131" count="0" type="stmt"/>
          <line num="1132" count="0" type="cond" truecount="0" falsecount="2"/>
          <line num="1135" count="0" type="cond" truecount="0" falsecount="3"/>
          <line num="1136" count="0" type="stmt"/>
          <line num="1138" count="0" type="stmt"/>
          <line num="1139" count="0" type="cond" truecount="0" falsecount="4"/>
          <line num="1141" count="0" type="stmt"/>
          <line num="1142" count="0" type="cond" truecount="0" falsecount="6"/>
          <line num="1143" count="0" type="stmt"/>
          <line num="1144" count="0" type="stmt"/>
          <line num="1145" count="0" type="stmt"/>
          <line num="1147" count="0" type="stmt"/>
          <line num="1148" count="0" type="stmt"/>
          <line num="1149" count="0" type="stmt"/>
          <line num="1150" count="0" type="stmt"/>
          <line num="1151" count="0" type="cond" truecount="0" falsecount="2"/>
          <line num="1152" count="0" type="stmt"/>
          <line num="1153" count="0" type="stmt"/>
          <line num="1154" count="0" type="cond" truecount="0" falsecount="6"/>
          <line num="1156" count="0" type="stmt"/>
          <line num="1159" count="0" type="stmt"/>
          <line num="1160" count="0" type="cond" truecount="0" falsecount="3"/>
          <line num="1163" count="0" type="stmt"/>
          <line num="1164" count="0" type="stmt"/>
          <line num="1165" count="0" type="stmt"/>
          <line num="1167" count="0" type="stmt"/>
          <line num="1169" count="0" type="stmt"/>
          <line num="1170" count="0" type="stmt"/>
          <line num="1172" count="0" type="cond" truecount="0" falsecount="3"/>
          <line num="1174" count="0" type="stmt"/>
          <line num="1175" count="0" type="stmt"/>
          <line num="1176" count="0" type="stmt"/>
          <line num="1177" count="0" type="stmt"/>
          <line num="1179" count="0" type="stmt"/>
          <line num="1182" count="0" type="cond" truecount="0" falsecount="2"/>
          <line num="1183" count="0" type="cond" truecount="0" falsecount="2"/>
          <line num="1184" count="0" type="cond" truecount="0" falsecount="2"/>
          <line num="1185" count="0" type="stmt"/>
        </file>
        <file name="TheForm.vue" path="/Users/cjensen/personal/bitcoin/src/components/TheForm.vue">
          <metrics statements="387" coveredstatements="0" conditionals="152" coveredconditionals="0" methods="48" coveredmethods="0"/>
          <line num="1" count="0" type="stmt"/>
          <line num="4" count="0" type="stmt"/>
          <line num="8" count="0" type="stmt"/>
          <line num="10" count="0" type="stmt"/>
          <line num="12" count="0" type="stmt"/>
          <line num="14" count="0" type="stmt"/>
          <line num="16" count="0" type="stmt"/>
          <line num="18" count="0" type="stmt"/>
          <line num="20" count="0" type="stmt"/>
          <line num="22" count="0" type="stmt"/>
          <line num="24" count="0" type="stmt"/>
          <line num="26" count="0" type="stmt"/>
          <line num="28" count="0" type="stmt"/>
          <line num="30" count="0" type="stmt"/>
          <line num="32" count="0" type="stmt"/>
          <line num="34" count="0" type="stmt"/>
          <line num="36" count="0" type="stmt"/>
          <line num="38" count="0" type="stmt"/>
          <line num="40" count="0" type="stmt"/>
          <line num="42" count="0" type="stmt"/>
          <line num="44" count="0" type="stmt"/>
          <line num="45" count="0" type="stmt"/>
          <line num="46" count="0" type="stmt"/>
          <line num="47" count="0" type="stmt"/>
          <line num="48" count="0" type="stmt"/>
          <line num="49" count="0" type="stmt"/>
          <line num="4361" count="0" type="cond" truecount="0" falsecount="2"/>
          <line num="4363" count="0" type="cond" truecount="0" falsecount="4"/>
          <line num="4364" count="0" type="stmt"/>
          <line num="4367" count="0" type="stmt"/>
          <line num="4368" count="0" type="stmt"/>
          <line num="4371" count="0" type="stmt"/>
          <line num="4373" count="0" type="stmt"/>
          <line num="4375" count="0" type="stmt"/>
          <line num="4377" count="0" type="stmt"/>
          <line num="4379" count="0" type="stmt"/>
          <line num="4381" count="0" type="stmt"/>
          <line num="4383" count="0" type="stmt"/>
          <line num="4385" count="0" type="stmt"/>
          <line num="4387" count="0" type="stmt"/>
          <line num="4389" count="0" type="stmt"/>
          <line num="4391" count="0" type="stmt"/>
          <line num="4393" count="0" type="cond" truecount="0" falsecount="4"/>
          <line num="4395" count="0" type="cond" truecount="0" falsecount="3"/>
          <line num="4396" count="0" type="stmt"/>
          <line num="4398" count="0" type="cond" truecount="0" falsecount="4"/>
          <line num="4399" count="0" type="stmt"/>
          <line num="4400" count="0" type="stmt"/>
          <line num="4401" count="0" type="stmt"/>
          <line num="4403" count="0" type="stmt"/>
          <line num="4404" count="0" type="stmt"/>
          <line num="4405" count="0" type="stmt"/>
          <line num="4406" count="0" type="stmt"/>
          <line num="4407" count="0" type="cond" truecount="0" falsecount="2"/>
          <line num="4408" count="0" type="stmt"/>
          <line num="4409" count="0" type="stmt"/>
          <line num="4410" count="0" type="stmt"/>
          <line num="4412" count="0" type="stmt"/>
          <line num="4416" count="0" type="stmt"/>
          <line num="4417" count="0" type="stmt"/>
          <line num="4418" count="0" type="stmt"/>
          <line num="4419" count="0" type="stmt"/>
          <line num="4421" count="0" type="stmt"/>
          <line num="4423" count="0" type="stmt"/>
          <line num="4424" count="0" type="stmt"/>
          <line num="4425" count="0" type="stmt"/>
          <line num="4427" count="0" type="stmt"/>
          <line num="4428" count="0" type="cond" truecount="0" falsecount="2"/>
          <line num="4431" count="0" type="cond" truecount="0" falsecount="3"/>
          <line num="4432" count="0" type="stmt"/>
          <line num="4434" count="0" type="stmt"/>
          <line num="4435" count="0" type="cond" truecount="0" falsecount="4"/>
          <line num="4437" count="0" type="stmt"/>
          <line num="4438" count="0" type="cond" truecount="0" falsecount="6"/>
          <line num="4439" count="0" type="stmt"/>
          <line num="4440" count="0" type="stmt"/>
          <line num="4441" count="0" type="stmt"/>
          <line num="4443" count="0" type="stmt"/>
          <line num="4444" count="0" type="stmt"/>
          <line num="4445" count="0" type="stmt"/>
          <line num="4446" count="0" type="stmt"/>
          <line num="4447" count="0" type="cond" truecount="0" falsecount="2"/>
          <line num="4448" count="0" type="stmt"/>
          <line num="4449" count="0" type="stmt"/>
          <line num="4450" count="0" type="cond" truecount="0" falsecount="6"/>
          <line num="4452" count="0" type="stmt"/>
          <line num="4455" count="0" type="stmt"/>
          <line num="4456" count="0" type="cond" truecount="0" falsecount="3"/>
          <line num="4458" count="0" type="cond" truecount="0" falsecount="3"/>
          <line num="4459" count="0" type="stmt"/>
          <line num="4460" count="0" type="stmt"/>
          <line num="4462" count="0" type="cond" truecount="0" falsecount="2"/>
          <line num="4463" count="0" type="stmt"/>
          <line num="4466" count="0" type="stmt"/>
          <line num="4467" count="0" type="stmt"/>
          <line num="4468" count="0" type="stmt"/>
          <line num="4469" count="0" type="stmt"/>
          <line num="4470" count="0" type="stmt"/>
          <line num="4472" count="0" type="stmt"/>
          <line num="4473" count="0" type="stmt"/>
          <line num="4477" count="0" type="stmt"/>
          <line num="4478" count="0" type="stmt"/>
          <line num="4479" count="0" type="stmt"/>
          <line num="4480" count="0" type="stmt"/>
          <line num="4481" count="0" type="stmt"/>
          <line num="4483" count="0" type="stmt"/>
          <line num="4484" count="0" type="stmt"/>
          <line num="4488" count="0" type="stmt"/>
          <line num="4489" count="0" type="stmt"/>
          <line num="4490" count="0" type="cond" truecount="0" falsecount="2"/>
          <line num="4491" count="0" type="stmt"/>
          <line num="4492" count="0" type="stmt"/>
          <line num="4493" count="0" type="stmt"/>
          <line num="4496" count="0" type="stmt"/>
          <line num="4497" count="0" type="cond" truecount="0" falsecount="2"/>
          <line num="4500" count="0" type="cond" truecount="0" falsecount="3"/>
          <line num="4501" count="0" type="stmt"/>
          <line num="4503" count="0" type="stmt"/>
          <line num="4504" count="0" type="stmt"/>
          <line num="4505" count="0" type="stmt"/>
          <line num="4506" count="0" type="cond" truecount="0" falsecount="2"/>
          <line num="4507" count="0" type="stmt"/>
          <line num="4508" count="0" type="stmt"/>
          <line num="4509" count="0" type="stmt"/>
          <line num="4511" count="0" type="stmt"/>
          <line num="4512" count="0" type="stmt"/>
          <line num="4513" count="0" type="stmt"/>
          <line num="4519" count="0" type="stmt"/>
          <line num="4520" count="0" type="cond" truecount="0" falsecount="2"/>
          <line num="4521" count="0" type="stmt"/>
          <line num="4522" count="0" type="stmt"/>
          <line num="4523" count="0" type="stmt"/>
          <line num="4526" count="0" type="stmt"/>
          <line num="4527" count="0" type="stmt"/>
          <line num="4528" count="0" type="stmt"/>
          <line num="4529" count="0" type="stmt"/>
          <line num="4530" count="0" type="stmt"/>
          <line num="4531" count="0" type="stmt"/>
          <line num="4535" count="0" type="stmt"/>
          <line num="4536" count="0" type="stmt"/>
          <line num="4538" count="0" type="cond" truecount="0" falsecount="2"/>
          <line num="4539" count="0" type="stmt"/>
          <line num="4540" count="0" type="stmt"/>
          <line num="4541" count="0" type="stmt"/>
          <line num="4543" count="0" type="stmt"/>
          <line num="4544" count="0" type="stmt"/>
          <line num="4545" count="0" type="stmt"/>
          <line num="4546" count="0" type="stmt"/>
          <line num="4547" count="0" type="stmt"/>
          <line num="4548" count="0" type="stmt"/>
          <line num="4550" count="0" type="cond" truecount="0" falsecount="9"/>
          <line num="4551" count="0" type="stmt"/>
          <line num="4552" count="0" type="stmt"/>
          <line num="4553" count="0" type="stmt"/>
          <line num="4555" count="0" type="stmt"/>
          <line num="4556" count="0" type="stmt"/>
          <line num="4557" count="0" type="cond" truecount="0" falsecount="2"/>
          <line num="4558" count="0" type="stmt"/>
          <line num="4559" count="0" type="stmt"/>
          <line num="4560" count="0" type="stmt"/>
          <line num="4562" count="0" type="stmt"/>
          <line num="4563" count="0" type="stmt"/>
          <line num="4564" count="0" type="cond" truecount="0" falsecount="6"/>
          <line num="4566" count="0" type="stmt"/>
          <line num="4568" count="0" type="stmt"/>
          <line num="4569" count="0" type="stmt"/>
          <line num="4570" count="0" type="stmt"/>
          <line num="4571" count="0" type="stmt"/>
          <line num="4573" count="0" type="stmt"/>
          <line num="4574" count="0" type="stmt"/>
          <line num="4575" count="0" type="stmt"/>
          <line num="4576" count="0" type="stmt"/>
          <line num="4578" count="0" type="stmt"/>
          <line num="4579" count="0" type="stmt"/>
          <line num="4580" count="0" type="stmt"/>
          <line num="4581" count="0" type="stmt"/>
          <line num="4582" count="0" type="stmt"/>
          <line num="4583" count="0" type="stmt"/>
          <line num="4585" count="0" type="stmt"/>
          <line num="4586" count="0" type="stmt"/>
          <line num="4587" count="0" type="stmt"/>
          <line num="4588" count="0" type="stmt"/>
          <line num="4589" count="0" type="stmt"/>
          <line num="4591" count="0" type="stmt"/>
          <line num="4592" count="0" type="stmt"/>
          <line num="4594" count="0" type="cond" truecount="0" falsecount="7"/>
          <line num="4595" count="0" type="stmt"/>
          <line num="4596" count="0" type="stmt"/>
          <line num="4597" count="0" type="stmt"/>
          <line num="4598" count="0" type="stmt"/>
          <line num="4600" count="0" type="stmt"/>
          <line num="4602" count="0" type="stmt"/>
          <line num="4603" count="0" type="cond" truecount="0" falsecount="6"/>
          <line num="4604" count="0" type="stmt"/>
          <line num="4605" count="0" type="stmt"/>
          <line num="4606" count="0" type="stmt"/>
          <line num="4607" count="0" type="stmt"/>
          <line num="4609" count="0" type="stmt"/>
          <line num="4611" count="0" type="stmt"/>
          <line num="4612" count="0" type="cond" truecount="0" falsecount="4"/>
          <line num="4613" count="0" type="stmt"/>
          <line num="4614" count="0" type="stmt"/>
          <line num="4615" count="0" type="stmt"/>
          <line num="4616" count="0" type="stmt"/>
          <line num="4617" count="0" type="stmt"/>
          <line num="4619" count="0" type="stmt"/>
          <line num="4621" count="0" type="stmt"/>
          <line num="4622" count="0" type="cond" truecount="0" falsecount="4"/>
          <line num="4623" count="0" type="stmt"/>
          <line num="4624" count="0" type="stmt"/>
          <line num="4625" count="0" type="stmt"/>
          <line num="4626" count="0" type="stmt"/>
          <line num="4627" count="0" type="stmt"/>
          <line num="4629" count="0" type="stmt"/>
          <line num="4631" count="0" type="stmt"/>
          <line num="4632" count="0" type="cond" truecount="0" falsecount="2"/>
          <line num="4633" count="0" type="stmt"/>
          <line num="4634" count="0" type="stmt"/>
          <line num="4635" count="0" type="stmt"/>
          <line num="4637" count="0" type="stmt"/>
          <line num="4638" count="0" type="stmt"/>
          <line num="4639" count="0" type="stmt"/>
          <line num="4640" count="0" type="stmt"/>
          <line num="4642" count="0" type="stmt"/>
          <line num="4643" count="0" type="stmt"/>
          <line num="4645" count="0" type="stmt"/>
          <line num="4646" count="0" type="stmt"/>
          <line num="4647" count="0" type="stmt"/>
          <line num="4649" count="0" type="stmt"/>
          <line num="4650" count="0" type="stmt"/>
          <line num="4652" count="0" type="stmt"/>
          <line num="4653" count="0" type="cond" truecount="0" falsecount="2"/>
          <line num="4654" count="0" type="stmt"/>
          <line num="4655" count="0" type="stmt"/>
          <line num="4656" count="0" type="stmt"/>
          <line num="4658" count="0" type="stmt"/>
          <line num="4659" count="0" type="stmt"/>
          <line num="4660" count="0" type="cond" truecount="0" falsecount="2"/>
          <line num="4664" count="0" type="stmt"/>
          <line num="4665" count="0" type="stmt"/>
          <line num="4666" count="0" type="stmt"/>
          <line num="4668" count="0" type="stmt"/>
          <line num="4670" count="0" type="stmt"/>
          <line num="4672" count="0" type="cond" truecount="0" falsecount="3"/>
          <line num="4673" count="0" type="stmt"/>
          <line num="4674" count="0" type="stmt"/>
          <line num="4675" count="0" type="stmt"/>
          <line num="4676" count="0" type="stmt"/>
          <line num="4677" count="0" type="stmt"/>
          <line num="4678" count="0" type="stmt"/>
          <line num="4679" count="0" type="stmt"/>
          <line num="4680" count="0" type="stmt"/>
          <line num="4682" count="0" type="stmt"/>
          <line num="4683" count="0" type="stmt"/>
          <line num="4684" count="0" type="stmt"/>
          <line num="4685" count="0" type="stmt"/>
          <line num="4687" count="0" type="stmt"/>
          <line num="4689" count="0" type="stmt"/>
          <line num="4690" count="0" type="stmt"/>
          <line num="4691" count="0" type="stmt"/>
          <line num="4692" count="0" type="stmt"/>
          <line num="4694" count="0" type="stmt"/>
          <line num="4696" count="0" type="stmt"/>
          <line num="4697" count="0" type="stmt"/>
          <line num="4699" count="0" type="stmt"/>
          <line num="4700" count="0" type="stmt"/>
          <line num="4702" count="0" type="stmt"/>
          <line num="4703" count="0" type="stmt"/>
          <line num="4704" count="0" type="stmt"/>
          <line num="4706" count="0" type="cond" truecount="0" falsecount="2"/>
          <line num="4712" count="0" type="stmt"/>
          <line num="4713" count="0" type="stmt"/>
          <line num="4715" count="0" type="stmt"/>
          <line num="4717" count="0" type="stmt"/>
          <line num="4718" count="0" type="cond" truecount="0" falsecount="2"/>
          <line num="4719" count="0" type="cond" truecount="0" falsecount="2"/>
          <line num="4720" count="0" type="stmt"/>
          <line num="4721" count="0" type="stmt"/>
          <line num="4729" count="0" type="stmt"/>
          <line num="4730" count="0" type="stmt"/>
          <line num="4732" count="0" type="stmt"/>
          <line num="4733" count="0" type="stmt"/>
          <line num="4735" count="0" type="stmt"/>
          <line num="4736" count="0" type="stmt"/>
          <line num="4737" count="0" type="stmt"/>
          <line num="4738" count="0" type="stmt"/>
          <line num="4744" count="0" type="stmt"/>
          <line num="4745" count="0" type="stmt"/>
          <line num="4747" count="0" type="stmt"/>
          <line num="4748" count="0" type="stmt"/>
          <line num="4750" count="0" type="stmt"/>
          <line num="4755" count="0" type="stmt"/>
          <line num="4756" count="0" type="stmt"/>
          <line num="4757" count="0" type="stmt"/>
          <line num="4758" count="0" type="stmt"/>
          <line num="4760" count="0" type="stmt"/>
          <line num="4761" count="0" type="stmt"/>
          <line num="4764" count="0" type="stmt"/>
          <line num="4765" count="0" type="stmt"/>
          <line num="4766" count="0" type="stmt"/>
          <line num="4767" count="0" type="stmt"/>
          <line num="4769" count="0" type="cond" truecount="0" falsecount="6"/>
          <line num="4771" count="0" type="stmt"/>
          <line num="4772" count="0" type="stmt"/>
          <line num="4774" count="0" type="cond" truecount="0" falsecount="4"/>
          <line num="4775" count="0" type="stmt"/>
          <line num="4776" count="0" type="stmt"/>
          <line num="4778" count="0" type="stmt"/>
          <line num="4780" count="0" type="stmt"/>
          <line num="4782" count="0" type="stmt"/>
          <line num="4783" count="0" type="stmt"/>
          <line num="4784" count="0" type="stmt"/>
          <line num="4785" count="0" type="stmt"/>
          <line num="4786" count="0" type="stmt"/>
          <line num="4787" count="0" type="stmt"/>
          <line num="4789" count="0" type="stmt"/>
          <line num="4790" count="0" type="stmt"/>
          <line num="4792" count="0" type="stmt"/>
          <line num="4793" count="0" type="stmt"/>
          <line num="4794" count="0" type="stmt"/>
          <line num="4796" count="0" type="stmt"/>
          <line num="4797" count="0" type="stmt"/>
          <line num="4799" count="0" type="stmt"/>
          <line num="4800" count="0" type="stmt"/>
          <line num="4801" count="0" type="stmt"/>
          <line num="4802" count="0" type="stmt"/>
          <line num="4803" count="0" type="stmt"/>
          <line num="4805" count="0" type="stmt"/>
          <line num="4806" count="0" type="stmt"/>
          <line num="4808" count="0" type="stmt"/>
          <line num="4809" count="0" type="stmt"/>
          <line num="4810" count="0" type="stmt"/>
          <line num="4811" count="0" type="stmt"/>
          <line num="4812" count="0" type="stmt"/>
          <line num="4814" count="0" type="stmt"/>
          <line num="4815" count="0" type="stmt"/>
          <line num="4817" count="0" type="stmt"/>
          <line num="4818" count="0" type="stmt"/>
          <line num="4819" count="0" type="stmt"/>
          <line num="4821" count="0" type="stmt"/>
          <line num="4822" count="0" type="stmt"/>
          <line num="4823" count="0" type="stmt"/>
          <line num="4828" count="0" type="stmt"/>
          <line num="4829" count="0" type="stmt"/>
          <line num="4830" count="0" type="stmt"/>
          <line num="4832" count="0" type="stmt"/>
          <line num="4833" count="0" type="stmt"/>
          <line num="4834" count="0" type="stmt"/>
          <line num="4835" count="0" type="stmt"/>
          <line num="4836" count="0" type="stmt"/>
          <line num="4837" count="0" type="cond" truecount="0" falsecount="2"/>
          <line num="4838" count="0" type="stmt"/>
          <line num="4839" count="0" type="stmt"/>
          <line num="4841" count="0" type="stmt"/>
          <line num="4843" count="0" type="stmt"/>
          <line num="4845" count="0" type="stmt"/>
          <line num="4846" count="0" type="cond" truecount="0" falsecount="2"/>
          <line num="4847" count="0" type="stmt"/>
          <line num="4848" count="0" type="stmt"/>
          <line num="4850" count="0" type="stmt"/>
          <line num="4852" count="0" type="stmt"/>
          <line num="4855" count="0" type="stmt"/>
          <line num="4856" count="0" type="stmt"/>
          <line num="4857" count="0" type="stmt"/>
          <line num="4858" count="0" type="stmt"/>
          <line num="4860" count="0" type="stmt"/>
          <line num="4862" count="0" type="stmt"/>
          <line num="4863" count="0" type="stmt"/>
          <line num="4864" count="0" type="stmt"/>
          <line num="4865" count="0" type="stmt"/>
          <line num="4866" count="0" type="stmt"/>
          <line num="4867" count="0" type="stmt"/>
          <line num="4868" count="0" type="stmt"/>
          <line num="4869" count="0" type="stmt"/>
          <line num="4870" count="0" type="stmt"/>
          <line num="4871" count="0" type="stmt"/>
          <line num="4872" count="0" type="stmt"/>
          <line num="4873" count="0" type="stmt"/>
          <line num="4874" count="0" type="stmt"/>
          <line num="4875" count="0" type="stmt"/>
          <line num="4881" count="0" type="stmt"/>
          <line num="4882" count="0" type="stmt"/>
          <line num="4884" count="0" type="stmt"/>
          <line num="4887" count="0" type="cond" truecount="0" falsecount="2"/>
          <line num="4888" count="0" type="cond" truecount="0" falsecount="2"/>
          <line num="4889" count="0" type="cond" truecount="0" falsecount="18"/>
          <line num="4892" count="0" type="stmt"/>
        </file>
        <file name="TheHeader.vue" path="/Users/cjensen/personal/bitcoin/src/components/TheHeader.vue">
          <metrics statements="86" coveredstatements="0" conditionals="54" coveredconditionals="0" methods="12" coveredmethods="0"/>
          <line num="1" count="0" type="stmt"/>
          <line num="4" count="0" type="stmt"/>
          <line num="8" count="0" type="stmt"/>
          <line num="10" count="0" type="stmt"/>
          <line num="12" count="0" type="stmt"/>
          <line num="14" count="0" type="stmt"/>
          <line num="16" count="0" type="stmt"/>
          <line num="18" count="0" type="stmt"/>
          <line num="20" count="0" type="stmt"/>
          <line num="22" count="0" type="stmt"/>
          <line num="24" count="0" type="stmt"/>
          <line num="26" count="0" type="stmt"/>
          <line num="28" count="0" type="stmt"/>
          <line num="29" count="0" type="stmt"/>
          <line num="30" count="0" type="stmt"/>
          <line num="31" count="0" type="stmt"/>
          <line num="32" count="0" type="stmt"/>
          <line num="33" count="0" type="stmt"/>
          <line num="1085" count="0" type="cond" truecount="0" falsecount="2"/>
          <line num="1087" count="0" type="cond" truecount="0" falsecount="4"/>
          <line num="1088" count="0" type="stmt"/>
          <line num="1091" count="0" type="stmt"/>
          <line num="1092" count="0" type="stmt"/>
          <line num="1095" count="0" type="stmt"/>
          <line num="1097" count="0" type="cond" truecount="0" falsecount="4"/>
          <line num="1099" count="0" type="cond" truecount="0" falsecount="3"/>
          <line num="1100" count="0" type="stmt"/>
          <line num="1102" count="0" type="cond" truecount="0" falsecount="4"/>
          <line num="1103" count="0" type="stmt"/>
          <line num="1104" count="0" type="stmt"/>
          <line num="1105" count="0" type="stmt"/>
          <line num="1107" count="0" type="stmt"/>
          <line num="1108" count="0" type="stmt"/>
          <line num="1109" count="0" type="stmt"/>
          <line num="1110" count="0" type="stmt"/>
          <line num="1111" count="0" type="cond" truecount="0" falsecount="2"/>
          <line num="1112" count="0" type="stmt"/>
          <line num="1113" count="0" type="stmt"/>
          <line num="1114" count="0" type="stmt"/>
          <line num="1116" count="0" type="stmt"/>
          <line num="1120" count="0" type="stmt"/>
          <line num="1121" count="0" type="stmt"/>
          <line num="1122" count="0" type="stmt"/>
          <line num="1123" count="0" type="stmt"/>
          <line num="1125" count="0" type="stmt"/>
          <line num="1127" count="0" type="stmt"/>
          <line num="1128" count="0" type="stmt"/>
          <line num="1129" count="0" type="stmt"/>
          <line num="1131" count="0" type="stmt"/>
          <line num="1132" count="0" type="cond" truecount="0" falsecount="2"/>
          <line num="1135" count="0" type="cond" truecount="0" falsecount="3"/>
          <line num="1136" count="0" type="stmt"/>
          <line num="1138" count="0" type="stmt"/>
          <line num="1139" count="0" type="cond" truecount="0" falsecount="4"/>
          <line num="1141" count="0" type="stmt"/>
          <line num="1142" count="0" type="cond" truecount="0" falsecount="6"/>
          <line num="1143" count="0" type="stmt"/>
          <line num="1144" count="0" type="stmt"/>
          <line num="1145" count="0" type="stmt"/>
          <line num="1147" count="0" type="stmt"/>
          <line num="1148" count="0" type="stmt"/>
          <line num="1149" count="0" type="stmt"/>
          <line num="1150" count="0" type="stmt"/>
          <line num="1151" count="0" type="cond" truecount="0" falsecount="2"/>
          <line num="1152" count="0" type="stmt"/>
          <line num="1153" count="0" type="stmt"/>
          <line num="1154" count="0" type="cond" truecount="0" falsecount="6"/>
          <line num="1156" count="0" type="stmt"/>
          <line num="1159" count="0" type="stmt"/>
          <line num="1160" count="0" type="cond" truecount="0" falsecount="3"/>
          <line num="1163" count="0" type="stmt"/>
          <line num="1164" count="0" type="stmt"/>
          <line num="1165" count="0" type="stmt"/>
          <line num="1167" count="0" type="stmt"/>
          <line num="1169" count="0" type="stmt"/>
          <line num="1170" count="0" type="stmt"/>
          <line num="1172" count="0" type="cond" truecount="0" falsecount="3"/>
          <line num="1174" count="0" type="stmt"/>
          <line num="1175" count="0" type="stmt"/>
          <line num="1176" count="0" type="stmt"/>
          <line num="1177" count="0" type="stmt"/>
          <line num="1179" count="0" type="stmt"/>
          <line num="1182" count="0" type="cond" truecount="0" falsecount="2"/>
          <line num="1183" count="0" type="cond" truecount="0" falsecount="2"/>
          <line num="1184" count="0" type="cond" truecount="0" falsecount="2"/>
          <line num="1185" count="0" type="stmt"/>
        </file>
        <file name="ThePrice.vue" path="/Users/cjensen/personal/bitcoin/src/components/ThePrice.vue">
          <metrics statements="123" coveredstatements="0" conditionals="60" coveredconditionals="0" methods="17" coveredmethods="0"/>
          <line num="1" count="0" type="stmt"/>
          <line num="4" count="0" type="stmt"/>
          <line num="8" count="0" type="stmt"/>
          <line num="10" count="0" type="stmt"/>
          <line num="12" count="0" type="stmt"/>
          <line num="14" count="0" type="stmt"/>
          <line num="16" count="0" type="stmt"/>
          <line num="18" count="0" type="stmt"/>
          <line num="20" count="0" type="stmt"/>
          <line num="22" count="0" type="stmt"/>
          <line num="24" count="0" type="stmt"/>
          <line num="26" count="0" type="stmt"/>
          <line num="28" count="0" type="stmt"/>
          <line num="29" count="0" type="stmt"/>
          <line num="30" count="0" type="stmt"/>
          <line num="31" count="0" type="stmt"/>
          <line num="32" count="0" type="stmt"/>
          <line num="33" count="0" type="stmt"/>
          <line num="1420" count="0" type="cond" truecount="0" falsecount="2"/>
          <line num="1422" count="0" type="cond" truecount="0" falsecount="4"/>
          <line num="1423" count="0" type="stmt"/>
          <line num="1426" count="0" type="stmt"/>
          <line num="1427" count="0" type="stmt"/>
          <line num="1430" count="0" type="stmt"/>
          <line num="1432" count="0" type="stmt"/>
          <line num="1434" count="0" type="stmt"/>
          <line num="1436" count="0" type="stmt"/>
          <line num="1438" count="0" type="stmt"/>
          <line num="1440" count="0" type="stmt"/>
          <line num="1442" count="0" type="cond" truecount="0" falsecount="4"/>
          <line num="1444" count="0" type="cond" truecount="0" falsecount="3"/>
          <line num="1445" count="0" type="stmt"/>
          <line num="1447" count="0" type="cond" truecount="0" falsecount="4"/>
          <line num="1448" count="0" type="stmt"/>
          <line num="1449" count="0" type="stmt"/>
          <line num="1450" count="0" type="stmt"/>
          <line num="1452" count="0" type="stmt"/>
          <line num="1453" count="0" type="stmt"/>
          <line num="1454" count="0" type="stmt"/>
          <line num="1455" count="0" type="stmt"/>
          <line num="1456" count="0" type="cond" truecount="0" falsecount="2"/>
          <line num="1457" count="0" type="stmt"/>
          <line num="1458" count="0" type="stmt"/>
          <line num="1459" count="0" type="stmt"/>
          <line num="1461" count="0" type="stmt"/>
          <line num="1465" count="0" type="stmt"/>
          <line num="1466" count="0" type="stmt"/>
          <line num="1467" count="0" type="stmt"/>
          <line num="1468" count="0" type="stmt"/>
          <line num="1470" count="0" type="stmt"/>
          <line num="1472" count="0" type="stmt"/>
          <line num="1473" count="0" type="stmt"/>
          <line num="1474" count="0" type="stmt"/>
          <line num="1476" count="0" type="stmt"/>
          <line num="1477" count="0" type="cond" truecount="0" falsecount="2"/>
          <line num="1480" count="0" type="cond" truecount="0" falsecount="3"/>
          <line num="1481" count="0" type="stmt"/>
          <line num="1483" count="0" type="stmt"/>
          <line num="1484" count="0" type="cond" truecount="0" falsecount="4"/>
          <line num="1486" count="0" type="stmt"/>
          <line num="1487" count="0" type="cond" truecount="0" falsecount="6"/>
          <line num="1488" count="0" type="stmt"/>
          <line num="1489" count="0" type="stmt"/>
          <line num="1490" count="0" type="stmt"/>
          <line num="1492" count="0" type="stmt"/>
          <line num="1493" count="0" type="stmt"/>
          <line num="1494" count="0" type="stmt"/>
          <line num="1495" count="0" type="stmt"/>
          <line num="1496" count="0" type="cond" truecount="0" falsecount="2"/>
          <line num="1497" count="0" type="stmt"/>
          <line num="1498" count="0" type="stmt"/>
          <line num="1499" count="0" type="cond" truecount="0" falsecount="6"/>
          <line num="1501" count="0" type="stmt"/>
          <line num="1504" count="0" type="stmt"/>
          <line num="1505" count="0" type="cond" truecount="0" falsecount="3"/>
          <line num="1508" count="0" type="stmt"/>
          <line num="1509" count="0" type="stmt"/>
          <line num="1510" count="0" type="stmt"/>
          <line num="1511" count="0" type="stmt"/>
          <line num="1513" count="0" type="stmt"/>
          <line num="1515" count="0" type="stmt"/>
          <line num="1516" count="0" type="stmt"/>
          <line num="1518" count="0" type="cond" truecount="0" falsecount="3"/>
          <line num="1520" count="0" type="stmt"/>
          <line num="1521" count="0" type="stmt"/>
          <line num="1522" count="0" type="stmt"/>
          <line num="1523" count="0" type="stmt"/>
          <line num="1525" count="0" type="stmt"/>
          <line num="1526" count="0" type="stmt"/>
          <line num="1527" count="0" type="stmt"/>
          <line num="1529" count="0" type="stmt"/>
          <line num="1530" count="0" type="stmt"/>
          <line num="1532" count="0" type="stmt"/>
          <line num="1534" count="0" type="stmt"/>
          <line num="1535" count="0" type="stmt"/>
          <line num="1536" count="0" type="stmt"/>
          <line num="1537" count="0" type="stmt"/>
          <line num="1538" count="0" type="stmt"/>
          <line num="1540" count="0" type="stmt"/>
          <line num="1541" count="0" type="stmt"/>
          <line num="1542" count="0" type="stmt"/>
          <line num="1543" count="0" type="stmt"/>
          <line num="1551" count="0" type="stmt"/>
          <line num="1552" count="0" type="stmt"/>
          <line num="1554" count="0" type="stmt"/>
          <line num="1555" count="0" type="stmt"/>
          <line num="1557" count="0" type="stmt"/>
          <line num="1562" count="0" type="stmt"/>
          <line num="1563" count="0" type="stmt"/>
          <line num="1564" count="0" type="stmt"/>
          <line num="1565" count="0" type="stmt"/>
          <line num="1567" count="0" type="stmt"/>
          <line num="1569" count="0" type="stmt"/>
          <line num="1570" count="0" type="stmt"/>
          <line num="1571" count="0" type="stmt"/>
          <line num="1572" count="0" type="stmt"/>
          <line num="1578" count="0" type="stmt"/>
          <line num="1579" count="0" type="stmt"/>
          <line num="1581" count="0" type="stmt"/>
          <line num="1584" count="0" type="cond" truecount="0" falsecount="2"/>
          <line num="1585" count="0" type="cond" truecount="0" falsecount="2"/>
          <line num="1586" count="0" type="cond" truecount="0" falsecount="6"/>
          <line num="1587" count="0" type="stmt"/>
        </file>
        <file name="ThePriceChart.vue" path="/Users/cjensen/personal/bitcoin/src/components/ThePriceChart.vue">
          <metrics statements="291" coveredstatements="0" conditionals="119" coveredconditionals="0" methods="29" coveredmethods="0"/>
          <line num="1" count="0" type="stmt"/>
          <line num="4" count="0" type="stmt"/>
          <line num="8" count="0" type="stmt"/>
          <line num="10" count="0" type="stmt"/>
          <line num="12" count="0" type="stmt"/>
          <line num="14" count="0" type="stmt"/>
          <line num="16" count="0" type="stmt"/>
          <line num="18" count="0" type="stmt"/>
          <line num="20" count="0" type="stmt"/>
          <line num="22" count="0" type="stmt"/>
          <line num="24" count="0" type="stmt"/>
          <line num="26" count="0" type="stmt"/>
          <line num="28" count="0" type="stmt"/>
          <line num="30" count="0" type="stmt"/>
          <line num="32" count="0" type="stmt"/>
          <line num="34" count="0" type="stmt"/>
          <line num="36" count="0" type="stmt"/>
          <line num="38" count="0" type="stmt"/>
          <line num="40" count="0" type="stmt"/>
          <line num="42" count="0" type="stmt"/>
          <line num="44" count="0" type="stmt"/>
          <line num="45" count="0" type="stmt"/>
          <line num="46" count="0" type="stmt"/>
          <line num="47" count="0" type="stmt"/>
          <line num="48" count="0" type="stmt"/>
          <line num="49" count="0" type="stmt"/>
          <line num="3467" count="0" type="cond" truecount="0" falsecount="2"/>
          <line num="3469" count="0" type="cond" truecount="0" falsecount="4"/>
          <line num="3470" count="0" type="stmt"/>
          <line num="3473" count="0" type="stmt"/>
          <line num="3474" count="0" type="stmt"/>
          <line num="3477" count="0" type="stmt"/>
          <line num="3479" count="0" type="stmt"/>
          <line num="3481" count="0" type="stmt"/>
          <line num="3483" count="0" type="stmt"/>
          <line num="3485" count="0" type="cond" truecount="0" falsecount="4"/>
          <line num="3487" count="0" type="cond" truecount="0" falsecount="3"/>
          <line num="3488" count="0" type="stmt"/>
          <line num="3490" count="0" type="cond" truecount="0" falsecount="4"/>
          <line num="3491" count="0" type="stmt"/>
          <line num="3492" count="0" type="stmt"/>
          <line num="3493" count="0" type="stmt"/>
          <line num="3495" count="0" type="stmt"/>
          <line num="3496" count="0" type="stmt"/>
          <line num="3497" count="0" type="stmt"/>
          <line num="3498" count="0" type="stmt"/>
          <line num="3499" count="0" type="cond" truecount="0" falsecount="2"/>
          <line num="3500" count="0" type="stmt"/>
          <line num="3501" count="0" type="stmt"/>
          <line num="3502" count="0" type="stmt"/>
          <line num="3504" count="0" type="stmt"/>
          <line num="3508" count="0" type="stmt"/>
          <line num="3509" count="0" type="stmt"/>
          <line num="3510" count="0" type="stmt"/>
          <line num="3511" count="0" type="stmt"/>
          <line num="3513" count="0" type="stmt"/>
          <line num="3515" count="0" type="stmt"/>
          <line num="3516" count="0" type="stmt"/>
          <line num="3517" count="0" type="stmt"/>
          <line num="3519" count="0" type="stmt"/>
          <line num="3520" count="0" type="cond" truecount="0" falsecount="2"/>
          <line num="3523" count="0" type="cond" truecount="0" falsecount="3"/>
          <line num="3524" count="0" type="stmt"/>
          <line num="3526" count="0" type="stmt"/>
          <line num="3527" count="0" type="cond" truecount="0" falsecount="4"/>
          <line num="3529" count="0" type="stmt"/>
          <line num="3530" count="0" type="cond" truecount="0" falsecount="6"/>
          <line num="3531" count="0" type="stmt"/>
          <line num="3532" count="0" type="stmt"/>
          <line num="3533" count="0" type="stmt"/>
          <line num="3535" count="0" type="stmt"/>
          <line num="3536" count="0" type="stmt"/>
          <line num="3537" count="0" type="stmt"/>
          <line num="3538" count="0" type="stmt"/>
          <line num="3539" count="0" type="cond" truecount="0" falsecount="2"/>
          <line num="3540" count="0" type="stmt"/>
          <line num="3541" count="0" type="stmt"/>
          <line num="3542" count="0" type="cond" truecount="0" falsecount="6"/>
          <line num="3544" count="0" type="stmt"/>
          <line num="3547" count="0" type="stmt"/>
          <line num="3548" count="0" type="cond" truecount="0" falsecount="3"/>
          <line num="3550" count="0" type="cond" truecount="0" falsecount="3"/>
          <line num="3551" count="0" type="stmt"/>
          <line num="3552" count="0" type="stmt"/>
          <line num="3554" count="0" type="cond" truecount="0" falsecount="2"/>
          <line num="3555" count="0" type="stmt"/>
          <line num="3558" count="0" type="stmt"/>
          <line num="3559" count="0" type="stmt"/>
          <line num="3560" count="0" type="stmt"/>
          <line num="3561" count="0" type="stmt"/>
          <line num="3562" count="0" type="stmt"/>
          <line num="3564" count="0" type="stmt"/>
          <line num="3565" count="0" type="stmt"/>
          <line num="3569" count="0" type="stmt"/>
          <line num="3570" count="0" type="stmt"/>
          <line num="3571" count="0" type="stmt"/>
          <line num="3572" count="0" type="stmt"/>
          <line num="3573" count="0" type="stmt"/>
          <line num="3575" count="0" type="stmt"/>
          <line num="3576" count="0" type="stmt"/>
          <line num="3580" count="0" type="stmt"/>
          <line num="3581" count="0" type="stmt"/>
          <line num="3582" count="0" type="cond" truecount="0" falsecount="2"/>
          <line num="3583" count="0" type="stmt"/>
          <line num="3584" count="0" type="stmt"/>
          <line num="3585" count="0" type="stmt"/>
          <line num="3588" count="0" type="stmt"/>
          <line num="3589" count="0" type="cond" truecount="0" falsecount="2"/>
          <line num="3592" count="0" type="cond" truecount="0" falsecount="3"/>
          <line num="3593" count="0" type="stmt"/>
          <line num="3595" count="0" type="stmt"/>
          <line num="3596" count="0" type="stmt"/>
          <line num="3597" count="0" type="stmt"/>
          <line num="3598" count="0" type="cond" truecount="0" falsecount="2"/>
          <line num="3599" count="0" type="stmt"/>
          <line num="3600" count="0" type="stmt"/>
          <line num="3601" count="0" type="stmt"/>
          <line num="3603" count="0" type="stmt"/>
          <line num="3604" count="0" type="stmt"/>
          <line num="3605" count="0" type="stmt"/>
          <line num="3611" count="0" type="stmt"/>
          <line num="3612" count="0" type="cond" truecount="0" falsecount="2"/>
          <line num="3613" count="0" type="stmt"/>
          <line num="3614" count="0" type="stmt"/>
          <line num="3615" count="0" type="stmt"/>
          <line num="3618" count="0" type="stmt"/>
          <line num="3619" count="0" type="stmt"/>
          <line num="3620" count="0" type="stmt"/>
          <line num="3621" count="0" type="stmt"/>
          <line num="3622" count="0" type="stmt"/>
          <line num="3623" count="0" type="stmt"/>
          <line num="3627" count="0" type="stmt"/>
          <line num="3628" count="0" type="stmt"/>
          <line num="3630" count="0" type="cond" truecount="0" falsecount="2"/>
          <line num="3631" count="0" type="stmt"/>
          <line num="3632" count="0" type="stmt"/>
          <line num="3633" count="0" type="stmt"/>
          <line num="3635" count="0" type="stmt"/>
          <line num="3636" count="0" type="stmt"/>
          <line num="3637" count="0" type="stmt"/>
          <line num="3638" count="0" type="stmt"/>
          <line num="3639" count="0" type="stmt"/>
          <line num="3640" count="0" type="stmt"/>
          <line num="3642" count="0" type="cond" truecount="0" falsecount="9"/>
          <line num="3643" count="0" type="stmt"/>
          <line num="3644" count="0" type="stmt"/>
          <line num="3645" count="0" type="stmt"/>
          <line num="3647" count="0" type="stmt"/>
          <line num="3648" count="0" type="stmt"/>
          <line num="3649" count="0" type="cond" truecount="0" falsecount="2"/>
          <line num="3650" count="0" type="stmt"/>
          <line num="3651" count="0" type="stmt"/>
          <line num="3652" count="0" type="stmt"/>
          <line num="3654" count="0" type="stmt"/>
          <line num="3655" count="0" type="stmt"/>
          <line num="3656" count="0" type="cond" truecount="0" falsecount="6"/>
          <line num="3658" count="0" type="stmt"/>
          <line num="3660" count="0" type="stmt"/>
          <line num="3661" count="0" type="stmt"/>
          <line num="3662" count="0" type="stmt"/>
          <line num="3663" count="0" type="stmt"/>
          <line num="3665" count="0" type="stmt"/>
          <line num="3666" count="0" type="stmt"/>
          <line num="3667" count="0" type="stmt"/>
          <line num="3668" count="0" type="stmt"/>
          <line num="3670" count="0" type="stmt"/>
          <line num="3671" count="0" type="stmt"/>
          <line num="3672" count="0" type="stmt"/>
          <line num="3673" count="0" type="stmt"/>
          <line num="3674" count="0" type="stmt"/>
          <line num="3675" count="0" type="stmt"/>
          <line num="3677" count="0" type="stmt"/>
          <line num="3678" count="0" type="stmt"/>
          <line num="3679" count="0" type="stmt"/>
          <line num="3680" count="0" type="stmt"/>
          <line num="3681" count="0" type="stmt"/>
          <line num="3683" count="0" type="stmt"/>
          <line num="3684" count="0" type="stmt"/>
          <line num="3686" count="0" type="cond" truecount="0" falsecount="7"/>
          <line num="3687" count="0" type="stmt"/>
          <line num="3688" count="0" type="stmt"/>
          <line num="3689" count="0" type="stmt"/>
          <line num="3690" count="0" type="stmt"/>
          <line num="3692" count="0" type="stmt"/>
          <line num="3694" count="0" type="stmt"/>
          <line num="3695" count="0" type="cond" truecount="0" falsecount="6"/>
          <line num="3696" count="0" type="stmt"/>
          <line num="3697" count="0" type="stmt"/>
          <line num="3698" count="0" type="stmt"/>
          <line num="3699" count="0" type="stmt"/>
          <line num="3701" count="0" type="stmt"/>
          <line num="3703" count="0" type="stmt"/>
          <line num="3704" count="0" type="cond" truecount="0" falsecount="4"/>
          <line num="3705" count="0" type="stmt"/>
          <line num="3706" count="0" type="stmt"/>
          <line num="3707" count="0" type="stmt"/>
          <line num="3708" count="0" type="stmt"/>
          <line num="3709" count="0" type="stmt"/>
          <line num="3711" count="0" type="stmt"/>
          <line num="3713" count="0" type="stmt"/>
          <line num="3714" count="0" type="cond" truecount="0" falsecount="4"/>
          <line num="3715" count="0" type="stmt"/>
          <line num="3716" count="0" type="stmt"/>
          <line num="3717" count="0" type="stmt"/>
          <line num="3718" count="0" type="stmt"/>
          <line num="3719" count="0" type="stmt"/>
          <line num="3721" count="0" type="stmt"/>
          <line num="3723" count="0" type="stmt"/>
          <line num="3724" count="0" type="cond" truecount="0" falsecount="2"/>
          <line num="3725" count="0" type="stmt"/>
          <line num="3726" count="0" type="stmt"/>
          <line num="3727" count="0" type="stmt"/>
          <line num="3729" count="0" type="stmt"/>
          <line num="3730" count="0" type="stmt"/>
          <line num="3731" count="0" type="stmt"/>
          <line num="3732" count="0" type="stmt"/>
          <line num="3734" count="0" type="stmt"/>
          <line num="3735" count="0" type="stmt"/>
          <line num="3737" count="0" type="stmt"/>
          <line num="3738" count="0" type="stmt"/>
          <line num="3739" count="0" type="stmt"/>
          <line num="3741" count="0" type="stmt"/>
          <line num="3742" count="0" type="stmt"/>
          <line num="3744" count="0" type="stmt"/>
          <line num="3745" count="0" type="cond" truecount="0" falsecount="2"/>
          <line num="3746" count="0" type="stmt"/>
          <line num="3747" count="0" type="stmt"/>
          <line num="3748" count="0" type="stmt"/>
          <line num="3750" count="0" type="stmt"/>
          <line num="3751" count="0" type="stmt"/>
          <line num="3752" count="0" type="cond" truecount="0" falsecount="2"/>
          <line num="3756" count="0" type="stmt"/>
          <line num="3773" count="0" type="stmt"/>
          <line num="3774" count="0" type="stmt"/>
          <line num="3775" count="0" type="stmt"/>
          <line num="3777" count="0" type="stmt"/>
          <line num="3779" count="0" type="stmt"/>
          <line num="3781" count="0" type="cond" truecount="0" falsecount="3"/>
          <line num="3782" count="0" type="stmt"/>
          <line num="3783" count="0" type="stmt"/>
          <line num="3784" count="0" type="stmt"/>
          <line num="3785" count="0" type="stmt"/>
          <line num="3787" count="0" type="stmt"/>
          <line num="3788" count="0" type="stmt"/>
          <line num="3789" count="0" type="stmt"/>
          <line num="3790" count="0" type="stmt"/>
          <line num="3792" count="0" type="stmt"/>
          <line num="3793" count="0" type="stmt"/>
          <line num="3794" count="0" type="stmt"/>
          <line num="3796" count="0" type="stmt"/>
          <line num="3797" count="0" type="stmt"/>
          <line num="3798" count="0" type="stmt"/>
          <line num="3800" count="0" type="cond" truecount="0" falsecount="3"/>
          <line num="3802" count="0" type="stmt"/>
          <line num="3803" count="0" type="stmt"/>
          <line num="3804" count="0" type="stmt"/>
          <line num="3806" count="0" type="stmt"/>
          <line num="3807" count="0" type="stmt"/>
          <line num="3809" count="0" type="stmt"/>
          <line num="3810" count="0" type="stmt"/>
          <line num="3811" count="0" type="stmt"/>
          <line num="3813" count="0" type="stmt"/>
          <line num="3814" count="0" type="stmt"/>
          <line num="3816" count="0" type="stmt"/>
          <line num="3817" count="0" type="stmt"/>
          <line num="3818" count="0" type="stmt"/>
          <line num="3819" count="0" type="stmt"/>
          <line num="3820" count="0" type="stmt"/>
          <line num="3825" count="0" type="stmt"/>
          <line num="3826" count="0" type="stmt"/>
          <line num="3828" count="0" type="stmt"/>
          <line num="3829" count="0" type="stmt"/>
          <line num="3831" count="0" type="stmt"/>
          <line num="3836" count="0" type="stmt"/>
          <line num="3837" count="0" type="stmt"/>
          <line num="3838" count="0" type="stmt"/>
          <line num="3839" count="0" type="stmt"/>
          <line num="3841" count="0" type="stmt"/>
          <line num="3845" count="0" type="stmt"/>
          <line num="3846" count="0" type="stmt"/>
          <line num="3847" count="0" type="stmt"/>
          <line num="3848" count="0" type="stmt"/>
          <line num="3849" count="0" type="stmt"/>
          <line num="3850" count="0" type="stmt"/>
          <line num="3851" count="0" type="stmt"/>
          <line num="3852" count="0" type="stmt"/>
          <line num="3854" count="0" type="stmt"/>
          <line num="3857" count="0" type="cond" truecount="0" falsecount="2"/>
          <line num="3858" count="0" type="cond" truecount="0" falsecount="2"/>
          <line num="3859" count="0" type="cond" truecount="0" falsecount="2"/>
          <line num="3860" count="0" type="stmt"/>
        </file>
        <file name="TheSubmitted.vue" path="/Users/cjensen/personal/bitcoin/src/components/TheSubmitted.vue">
          <metrics statements="94" coveredstatements="0" conditionals="54" coveredconditionals="0" methods="14" coveredmethods="0"/>
          <line num="1" count="0" type="stmt"/>
          <line num="4" count="0" type="stmt"/>
          <line num="8" count="0" type="stmt"/>
          <line num="10" count="0" type="stmt"/>
          <line num="12" count="0" type="stmt"/>
          <line num="14" count="0" type="stmt"/>
          <line num="16" count="0" type="stmt"/>
          <line num="18" count="0" type="stmt"/>
          <line num="20" count="0" type="stmt"/>
          <line num="22" count="0" type="stmt"/>
          <line num="24" count="0" type="stmt"/>
          <line num="26" count="0" type="stmt"/>
          <line num="28" count="0" type="stmt"/>
          <line num="29" count="0" type="stmt"/>
          <line num="30" count="0" type="stmt"/>
          <line num="31" count="0" type="stmt"/>
          <line num="32" count="0" type="stmt"/>
          <line num="33" count="0" type="stmt"/>
          <line num="1143" count="0" type="cond" truecount="0" falsecount="2"/>
          <line num="1145" count="0" type="cond" truecount="0" falsecount="4"/>
          <line num="1146" count="0" type="stmt"/>
          <line num="1149" count="0" type="stmt"/>
          <line num="1150" count="0" type="stmt"/>
          <line num="1153" count="0" type="stmt"/>
          <line num="1155" count="0" type="stmt"/>
          <line num="1157" count="0" type="cond" truecount="0" falsecount="4"/>
          <line num="1159" count="0" type="cond" truecount="0" falsecount="3"/>
          <line num="1160" count="0" type="stmt"/>
          <line num="1162" count="0" type="cond" truecount="0" falsecount="4"/>
          <line num="1163" count="0" type="stmt"/>
          <line num="1164" count="0" type="stmt"/>
          <line num="1165" count="0" type="stmt"/>
          <line num="1167" count="0" type="stmt"/>
          <line num="1168" count="0" type="stmt"/>
          <line num="1169" count="0" type="stmt"/>
          <line num="1170" count="0" type="stmt"/>
          <line num="1171" count="0" type="cond" truecount="0" falsecount="2"/>
          <line num="1172" count="0" type="stmt"/>
          <line num="1173" count="0" type="stmt"/>
          <line num="1174" count="0" type="stmt"/>
          <line num="1176" count="0" type="stmt"/>
          <line num="1180" count="0" type="stmt"/>
          <line num="1181" count="0" type="stmt"/>
          <line num="1182" count="0" type="stmt"/>
          <line num="1183" count="0" type="stmt"/>
          <line num="1185" count="0" type="stmt"/>
          <line num="1187" count="0" type="stmt"/>
          <line num="1188" count="0" type="stmt"/>
          <line num="1189" count="0" type="stmt"/>
          <line num="1191" count="0" type="stmt"/>
          <line num="1192" count="0" type="cond" truecount="0" falsecount="2"/>
          <line num="1195" count="0" type="cond" truecount="0" falsecount="3"/>
          <line num="1196" count="0" type="stmt"/>
          <line num="1198" count="0" type="stmt"/>
          <line num="1199" count="0" type="cond" truecount="0" falsecount="4"/>
          <line num="1201" count="0" type="stmt"/>
          <line num="1202" count="0" type="cond" truecount="0" falsecount="6"/>
          <line num="1203" count="0" type="stmt"/>
          <line num="1204" count="0" type="stmt"/>
          <line num="1205" count="0" type="stmt"/>
          <line num="1207" count="0" type="stmt"/>
          <line num="1208" count="0" type="stmt"/>
          <line num="1209" count="0" type="stmt"/>
          <line num="1210" count="0" type="stmt"/>
          <line num="1211" count="0" type="cond" truecount="0" falsecount="2"/>
          <line num="1212" count="0" type="stmt"/>
          <line num="1213" count="0" type="stmt"/>
          <line num="1214" count="0" type="cond" truecount="0" falsecount="6"/>
          <line num="1216" count="0" type="stmt"/>
          <line num="1219" count="0" type="stmt"/>
          <line num="1220" count="0" type="cond" truecount="0" falsecount="3"/>
          <line num="1223" count="0" type="stmt"/>
          <line num="1224" count="0" type="stmt"/>
          <line num="1225" count="0" type="stmt"/>
          <line num="1227" count="0" type="stmt"/>
          <line num="1229" count="0" type="stmt"/>
          <line num="1230" count="0" type="stmt"/>
          <line num="1232" count="0" type="cond" truecount="0" falsecount="3"/>
          <line num="1234" count="0" type="stmt"/>
          <line num="1235" count="0" type="stmt"/>
          <line num="1236" count="0" type="stmt"/>
          <line num="1237" count="0" type="stmt"/>
          <line num="1239" count="0" type="stmt"/>
          <line num="1241" count="0" type="stmt"/>
          <line num="1242" count="0" type="stmt"/>
          <line num="1243" count="0" type="stmt"/>
          <line num="1244" count="0" type="stmt"/>
          <line num="1245" count="0" type="stmt"/>
          <line num="1246" count="0" type="stmt"/>
          <line num="1248" count="0" type="stmt"/>
          <line num="1251" count="0" type="cond" truecount="0" falsecount="2"/>
          <line num="1252" count="0" type="cond" truecount="0" falsecount="2"/>
          <line num="1253" count="0" type="cond" truecount="0" falsecount="2"/>
          <line num="1254" count="0" type="stmt"/>
        </file>
      </package>
      <package name="bitcoin.src.models">
        <metrics statements="9" coveredstatements="0" conditionals="0" coveredconditionals="0" methods="2" coveredmethods="0"/>
        <file name="User.ts" path="/Users/cjensen/personal/bitcoin/src/models/User.ts">
          <metrics statements="9" coveredstatements="0" conditionals="0" coveredconditionals="0" methods="2" coveredmethods="0"/>
          <line num="1" count="0" type="stmt"/>
          <line num="3" count="0" type="stmt"/>
          <line num="4" count="0" type="stmt"/>
          <line num="5" count="0" type="stmt"/>
          <line num="6" count="0" type="stmt"/>
          <line num="7" count="0" type="stmt"/>
          <line num="8" count="0" type="stmt"/>
          <line num="10" count="0" type="stmt"/>
          <line num="11" count="0" type="stmt"/>
        </file>
      </package>
      <package name="bitcoin.src.services">
        <metrics statements="62" coveredstatements="0" conditionals="82" coveredconditionals="0" methods="22" coveredmethods="0"/>
        <file name="firestore.ts" path="/Users/cjensen/personal/bitcoin/src/services/firestore.ts">
          <metrics statements="5" coveredstatements="0" conditionals="12" coveredconditionals="0" methods="2" coveredmethods="0"/>
          <line num="1" count="0" type="stmt"/>
          <line num="2" count="0" type="stmt"/>
          <line num="3" count="0" type="cond" truecount="0" falsecount="12"/>
          <line num="4" count="0" type="stmt"/>
          <line num="5" count="0" type="stmt"/>
        </file>
        <file name="price.ts" path="/Users/cjensen/personal/bitcoin/src/services/price.ts">
          <metrics statements="57" coveredstatements="0" conditionals="70" coveredconditionals="0" methods="20" coveredmethods="0"/>
          <line num="1" count="0" type="cond" truecount="0" falsecount="3"/>
          <line num="2" count="0" type="cond" truecount="0" falsecount="2"/>
          <line num="3" count="0" type="stmt"/>
          <line num="4" count="0" type="stmt"/>
          <line num="5" count="0" type="cond" truecount="0" falsecount="2"/>
          <line num="6" count="0" type="cond" truecount="0" falsecount="2"/>
          <line num="9" count="0" type="cond" truecount="0" falsecount="3"/>
          <line num="10" count="0" type="cond" truecount="0" falsecount="2"/>
          <line num="11" count="0" type="cond" truecount="0" falsecount="2"/>
          <line num="12" count="0" type="stmt"/>
          <line num="14" count="0" type="cond" truecount="0" falsecount="2"/>
          <line num="15" count="0" type="stmt"/>
          <line num="16" count="0" type="cond" truecount="0" falsecount="9"/>
          <line num="17" count="0" type="cond" truecount="0" falsecount="2"/>
          <line num="18" count="0" type="cond" truecount="0" falsecount="6"/>
          <line num="19" count="0" type="stmt"/>
          <line num="20" count="0" type="stmt"/>
          <line num="21" count="0" type="stmt"/>
          <line num="22" count="0" type="stmt"/>
          <line num="24" count="0" type="cond" truecount="0" falsecount="7"/>
          <line num="25" count="0" type="cond" truecount="0" falsecount="6"/>
          <line num="26" count="0" type="cond" truecount="0" falsecount="4"/>
          <line num="27" count="0" type="cond" truecount="0" falsecount="4"/>
          <line num="28" count="0" type="cond" truecount="0" falsecount="2"/>
          <line num="29" count="0" type="stmt"/>
          <line num="31" count="0" type="stmt"/>
          <line num="32" count="0" type="stmt"/>
          <line num="33" count="0" type="cond" truecount="0" falsecount="4"/>
          <line num="36" count="0" type="stmt"/>
          <line num="37" count="0" type="stmt"/>
          <line num="38" count="0" type="stmt"/>
          <line num="39" count="0" type="stmt"/>
          <line num="41" count="0" type="stmt"/>
          <line num="42" count="0" type="cond" truecount="0" falsecount="3"/>
          <line num="43" count="0" type="stmt"/>
          <line num="50" count="0" type="stmt"/>
          <line num="51" count="0" type="stmt"/>
          <line num="53" count="0" type="stmt"/>
          <line num="54" count="0" type="stmt"/>
          <line num="58" count="0" type="stmt"/>
          <line num="60" count="0" type="stmt"/>
          <line num="61" count="0" type="cond" truecount="0" falsecount="3"/>
          <line num="63" count="0" type="stmt"/>
          <line num="64" count="0" type="stmt"/>
          <line num="65" count="0" type="stmt"/>
          <line num="66" count="0" type="stmt"/>
          <line num="73" count="0" type="stmt"/>
          <line num="74" count="0" type="stmt"/>
          <line num="76" count="0" type="stmt"/>
          <line num="77" count="0" type="stmt"/>
          <line num="81" count="0" type="stmt"/>
          <line num="82" count="0" type="cond" truecount="0" falsecount="2"/>
          <line num="83" count="0" type="stmt"/>
          <line num="84" count="0" type="stmt"/>
          <line num="85" count="0" type="stmt"/>
          <line num="90" count="0" type="stmt"/>
          <line num="91" count="0" type="stmt"/>
        </file>
      </package>
      <package name="bitcoin.src.store">
        <metrics statements="82" coveredstatements="15" conditionals="108" coveredconditionals="1" methods="44" coveredmethods="5"/>
        <file name="State.ts" path="/Users/cjensen/personal/bitcoin/src/store/State.ts">
          <metrics statements="12" coveredstatements="0" conditionals="8" coveredconditionals="0" methods="3" coveredmethods="0"/>
          <line num="1" count="0" type="cond" truecount="0" falsecount="4"/>
          <line num="2" count="0" type="stmt"/>
          <line num="3" count="0" type="stmt"/>
          <line num="5" count="0" type="stmt"/>
          <line num="6" count="0" type="stmt"/>
          <line num="7" count="0" type="stmt"/>
          <line num="8" count="0" type="stmt"/>
          <line num="9" count="0" type="stmt"/>
          <line num="10" count="0" type="cond" truecount="0" falsecount="2"/>
          <line num="11" count="0" type="cond" truecount="0" falsecount="2"/>
          <line num="13" count="0" type="stmt"/>
          <line num="14" count="0" type="stmt"/>
        </file>
        <file name="actions.ts" path="/Users/cjensen/personal/bitcoin/src/store/actions.ts">
          <metrics statements="44" coveredstatements="0" conditionals="86" coveredconditionals="0" methods="28" coveredmethods="0"/>
          <line num="1" count="0" type="stmt"/>
          <line num="45" count="0" type="stmt"/>
          <line num="46" count="0" type="stmt"/>
          <line num="47" count="0" type="stmt"/>
          <line num="48" count="0" type="cond" truecount="0" falsecount="80"/>
          <line num="49" count="0" type="stmt"/>
          <line num="51" count="0" type="stmt"/>
          <line num="52" count="0" type="cond" truecount="0" falsecount="2"/>
          <line num="54" count="0" type="stmt"/>
          <line num="55" count="0" type="stmt"/>
          <line num="57" count="0" type="stmt"/>
          <line num="58" count="0" type="stmt"/>
          <line num="62" count="0" type="stmt"/>
          <line num="63" count="0" type="stmt"/>
          <line num="64" count="0" type="stmt"/>
          <line num="66" count="0" type="stmt"/>
          <line num="67" count="0" type="stmt"/>
          <line num="68" count="0" type="stmt"/>
          <line num="70" count="0" type="stmt"/>
          <line num="71" count="0" type="stmt"/>
          <line num="72" count="0" type="stmt"/>
          <line num="74" count="0" type="stmt"/>
          <line num="75" count="0" type="cond" truecount="0" falsecount="2"/>
          <line num="76" count="0" type="stmt"/>
          <line num="78" count="0" type="stmt"/>
          <line num="79" count="0" type="stmt"/>
          <line num="80" count="0" type="stmt"/>
          <line num="85" count="0" type="stmt"/>
          <line num="86" count="0" type="stmt"/>
          <line num="87" count="0" type="stmt"/>
          <line num="89" count="0" type="stmt"/>
          <line num="90" count="0" type="cond" truecount="0" falsecount="2"/>
          <line num="91" count="0" type="stmt"/>
          <line num="93" count="0" type="stmt"/>
          <line num="94" count="0" type="stmt"/>
          <line num="95" count="0" type="stmt"/>
          <line num="100" count="0" type="stmt"/>
          <line num="101" count="0" type="stmt"/>
          <line num="102" count="0" type="stmt"/>
          <line num="103" count="0" type="stmt"/>
          <line num="105" count="0" type="stmt"/>
          <line num="106" count="0" type="stmt"/>
          <line num="107" count="0" type="stmt"/>
          <line num="108" count="0" type="stmt"/>
        </file>
        <file name="getters.ts" path="/Users/cjensen/personal/bitcoin/src/store/getters.ts">
          <metrics statements="5" coveredstatements="5" conditionals="2" coveredconditionals="1" methods="5" coveredmethods="2"/>
          <line num="3" count="1" type="cond" truecount="1" falsecount="1"/>
          <line num="4" count="2" type="stmt"/>
          <line num="5" count="1" type="stmt"/>
          <line num="6" count="1" type="stmt"/>
          <line num="7" count="1" type="stmt"/>
        </file>
        <file name="index.ts" path="/Users/cjensen/personal/bitcoin/src/store/index.ts">
          <metrics statements="8" coveredstatements="0" conditionals="12" coveredconditionals="0" methods="2" coveredmethods="0"/>
          <line num="1" count="0" type="stmt"/>
          <line num="2" count="0" type="stmt"/>
          <line num="3" count="0" type="stmt"/>
          <line num="4" count="0" type="stmt"/>
          <line num="5" count="0" type="stmt"/>
          <line num="6" count="0" type="cond" truecount="0" falsecount="12"/>
          <line num="7" count="0" type="stmt"/>
          <line num="8" count="0" type="stmt"/>
        </file>
        <file name="mutations.ts" path="/Users/cjensen/personal/bitcoin/src/store/mutations.ts">
          <metrics statements="6" coveredstatements="3" conditionals="0" coveredconditionals="0" methods="6" coveredmethods="3"/>
          <line num="10" count="2" type="stmt"/>
          <line num="13" count="1" type="stmt"/>
          <line num="17" count="1" type="stmt"/>
          <line num="21" count="0" type="stmt"/>
          <line num="25" count="0" type="stmt"/>
          <line num="29" count="0" type="stmt"/>
        </file>
        <file name="types.ts" path="/Users/cjensen/personal/bitcoin/src/store/types.ts">
          <metrics statements="7" coveredstatements="7" conditionals="0" coveredconditionals="0" methods="0" coveredmethods="0"/>
          <line num="1" count="1" type="stmt"/>
          <line num="2" count="1" type="stmt"/>
          <line num="3" count="1" type="stmt"/>
          <line num="4" count="1" type="stmt"/>
          <line num="5" count="1" type="stmt"/>
          <line num="6" count="1" type="stmt"/>
          <line num="7" count="1" type="stmt"/>
        </file>
      </package>
    </metrics>
  </project>
</coverage>
