{"/Users/cjensen/personal/bitcoin/module.ts": {"path":"/Users/cjensen/personal/bitcoin/module.ts","statementMap":{"0":{"start":{"line":13,"column":0},"end":{"line":13,"column":42}},"1":{"start":{"line":13,"column":39},"end":{"line":13,"column":42}},"2":{"start":{"line":15,"column":2},"end":{"line":15,"column":27}},"3":{"start":{"line":13,"column":21},"end":{"line":16,"column":1}},"4":{"start":{"line":16,"column":0},"end":{"line":16,"column":1}}},"fnMap":{"0":{"name":"(anonymous_6)","decl":{"start":{"line":13,"column":0},"end":{"line":null,"column":-1}},"loc":{"start":{"line":13,"column":0},"end":{"line":13,"column":-1}}}},"branchMap":{},"s":{"0":1,"1":1,"2":1,"3":1,"4":1},"f":{"0":5},"b":{}}
,"/Users/cjensen/personal/bitcoin/src/App.vue": {"path":"/Users/cjensen/personal/bitcoin/src/App.vue","statementMap":{"0":{"start":{"line":1,"column":1},"end":{"line":1219,"column":4}},"1":{"start":{"line":4,"column":0},"end":{"line":6,"column":3}},"2":{"start":{"line":8,"column":22},"end":{"line":8,"column":77}},"3":{"start":{"line":10,"column":23},"end":{"line":10,"column":62}},"4":{"start":{"line":12,"column":15},"end":{"line":12,"column":54}},"5":{"start":{"line":14,"column":15},"end":{"line":14,"column":47}},"6":{"start":{"line":16,"column":32},"end":{"line":16,"column":99}},"7":{"start":{"line":18,"column":33},"end":{"line":18,"column":82}},"8":{"start":{"line":20,"column":14},"end":{"line":20,"column":60}},"9":{"start":{"line":22,"column":15},"end":{"line":22,"column":46}},"10":{"start":{"line":24,"column":22},"end":{"line":24,"column":78}},"11":{"start":{"line":26,"column":23},"end":{"line":26,"column":62}},"12":{"start":{"line":28,"column":20},"end":{"line":1104,"column":3}},"13":{"start":{"line":29,"column":15},"end":{"line":29,"column":24}},"14":{"start":{"line":30,"column":15},"end":{"line":30,"column":57}},"15":{"start":{"line":31,"column":17},"end":{"line":31,"column":46}},"16":{"start":{"line":32,"column":14},"end":{"line":32,"column":28}},"17":{"start":{"line":33,"column":23},"end":{"line":1095,"column":5}},"18":{"start":{"line":1096,"column":19},"end":{"line":1096,"column":52}},"19":{"start":{"line":1098,"column":4},"end":{"line":1100,"column":5}},"20":{"start":{"line":1099,"column":8},"end":{"line":1099,"column":30}},"21":{"start":{"line":1102,"column":4},"end":{"line":1102,"column":29}},"22":{"start":{"line":1103,"column":4},"end":{"line":1103,"column":41}},"23":{"start":{"line":1106,"column":28},"end":{"line":1106,"column":61}},"24":{"start":{"line":1108,"column":17},"end":{"line":1108,"column":38}},"25":{"start":{"line":1110,"column":15},"end":{"line":1110,"column":50}},"26":{"start":{"line":1112,"column":16},"end":{"line":1112,"column":48}},"27":{"start":{"line":1114,"column":17},"end":{"line":1114,"column":54}},"28":{"start":{"line":1116,"column":18},"end":{"line":1116,"column":52}},"29":{"start":{"line":1118,"column":16},"end":{"line":1118,"column":52}},"30":{"start":{"line":1120,"column":17},"end":{"line":1120,"column":50}},"31":{"start":{"line":1122,"column":20},"end":{"line":1122,"column":60}},"32":{"start":{"line":1124,"column":21},"end":{"line":1124,"column":58}},"33":{"start":{"line":1126,"column":39},"end":{"line":1126,"column":93}},"34":{"start":{"line":1128,"column":17},"end":{"line":1163,"column":4}},"35":{"start":{"line":1129,"column":4},"end":{"line":1129,"column":25}},"36":{"start":{"line":1131,"column":25},"end":{"line":1148,"column":6}},"37":{"start":{"line":1132,"column":8},"end":{"line":1132,"column":29}},"38":{"start":{"line":1133,"column":8},"end":{"line":1133,"column":29}},"39":{"start":{"line":1134,"column":8},"end":{"line":1134,"column":24}},"40":{"start":{"line":1136,"column":8},"end":{"line":1136,"column":29}},"41":{"start":{"line":1137,"column":8},"end":{"line":1137,"column":29}},"42":{"start":{"line":1138,"column":8},"end":{"line":1147,"column":9}},"43":{"start":{"line":1139,"column":12},"end":{"line":1139,"column":33}},"44":{"start":{"line":1140,"column":12},"end":{"line":1146,"column":13}},"45":{"start":{"line":1141,"column":20},"end":{"line":1141,"column":44}},"46":{"start":{"line":1142,"column":20},"end":{"line":1142,"column":41}},"47":{"start":{"line":1143,"column":20},"end":{"line":1143,"column":32}},"48":{"start":{"line":1145,"column":16},"end":{"line":1145,"column":40}},"49":{"start":{"line":1149,"column":4},"end":{"line":1149,"column":25}},"50":{"start":{"line":1150,"column":4},"end":{"line":1162,"column":6}},"51":{"start":{"line":1151,"column":8},"end":{"line":1151,"column":29}},"52":{"start":{"line":1152,"column":8},"end":{"line":1152,"column":29}},"53":{"start":{"line":1154,"column":8},"end":{"line":1154,"column":28}},"54":{"start":{"line":1156,"column":12},"end":{"line":1156,"column":33}},"55":{"start":{"line":1157,"column":12},"end":{"line":1157,"column":33}},"56":{"start":{"line":1158,"column":12},"end":{"line":1158,"column":33}},"57":{"start":{"line":1160,"column":8},"end":{"line":1160,"column":29}},"58":{"start":{"line":1161,"column":8},"end":{"line":1161,"column":155}},"59":{"start":{"line":1164,"column":18},"end":{"line":1190,"column":2}},"60":{"start":{"line":1165,"column":4},"end":{"line":1165,"column":25}},"61":{"start":{"line":1167,"column":13},"end":{"line":1167,"column":52}},"62":{"start":{"line":1168,"column":13},"end":{"line":1168,"column":243}},"63":{"start":{"line":1170,"column":4},"end":{"line":1170,"column":26}},"64":{"start":{"line":1171,"column":4},"end":{"line":1188,"column":9}},"65":{"start":{"line":1172,"column":12},"end":{"line":1172,"column":36}},"66":{"start":{"line":1173,"column":12},"end":{"line":1173,"column":34}},"67":{"start":{"line":1174,"column":12},"end":{"line":1174,"column":64}},"68":{"start":{"line":1176,"column":12},"end":{"line":1176,"column":36}},"69":{"start":{"line":1177,"column":12},"end":{"line":1177,"column":34}},"70":{"start":{"line":1178,"column":12},"end":{"line":1187,"column":13}},"71":{"start":{"line":1179,"column":16},"end":{"line":1179,"column":38}},"72":{"start":{"line":1180,"column":16},"end":{"line":1186,"column":17}},"73":{"start":{"line":1181,"column":24},"end":{"line":1181,"column":48}},"74":{"start":{"line":1182,"column":24},"end":{"line":1182,"column":46}},"75":{"start":{"line":1183,"column":24},"end":{"line":1183,"column":259}},"76":{"start":{"line":1185,"column":20},"end":{"line":1185,"column":44}},"77":{"start":{"line":1188,"column":9},"end":{"line":1188,"column":31}},"78":{"start":{"line":1189,"column":4},"end":{"line":1189,"column":158}},"79":{"start":{"line":1192,"column":25},"end":{"line":1216,"column":28}},"80":{"start":{"line":1193,"column":4},"end":{"line":1193,"column":25}},"81":{"start":{"line":1194,"column":4},"end":{"line":1194,"column":26}},"82":{"start":{"line":1196,"column":4},"end":{"line":1196,"column":27}},"83":{"start":{"line":1198,"column":8},"end":{"line":1198,"column":29}},"84":{"start":{"line":1199,"column":8},"end":{"line":1199,"column":30}},"85":{"start":{"line":1201,"column":8},"end":{"line":1201,"column":156}},"86":{"start":{"line":1203,"column":4},"end":{"line":1203,"column":26}},"87":{"start":{"line":1204,"column":4},"end":{"line":1204,"column":72}},"88":{"start":{"line":1205,"column":4},"end":{"line":1205,"column":26}},"89":{"start":{"line":1206,"column":4},"end":{"line":1213,"column":14}},"90":{"start":{"line":1214,"column":4},"end":{"line":1214,"column":26}},"91":{"start":{"line":1215,"column":4},"end":{"line":1215,"column":15}},"92":{"start":{"line":1217,"column":0},"end":{"line":1217,"column":22}},"93":{"start":{"line":1220,"column":0},"end":{"line":1220,"column":70}},"94":{"start":{"line":1220,"column":31},"end":{"line":1220,"column":70}},"95":{"start":{"line":1221,"column":24},"end":{"line":1221,"column":100}},"96":{"start":{"line":1222,"column":0},"end":{"line":1222,"column":277}},"97":{"start":{"line":1222,"column":54},"end":{"line":1222,"column":58}},"98":{"start":{"line":1222,"column":66},"end":{"line":1222,"column":84}},"99":{"start":{"line":1222,"column":92},"end":{"line":1222,"column":108}},"100":{"start":{"line":1222,"column":109},"end":{"line":1222,"column":276}},"101":{"start":{"line":1223,"column":0},"end":{"line":1223,"column":37}}},"fnMap":{"0":{"name":"(anonymous_0)","decl":{"start":{"line":1,"column":2},"end":{"line":1,"column":3}},"loc":{"start":{"line":1,"column":12},"end":{"line":1219,"column":1}},"line":1},"1":{"name":"(anonymous_1)","decl":{"start":{"line":28,"column":20},"end":{"line":28,"column":21}},"loc":{"start":{"line":28,"column":32},"end":{"line":1104,"column":1}},"line":28},"2":{"name":"_interopRequireDefault","decl":{"start":{"line":1126,"column":9},"end":{"line":1126,"column":31}},"loc":{"start":{"line":1126,"column":37},"end":{"line":1126,"column":95}},"line":1126},"3":{"name":"(anonymous_3)","decl":{"start":{"line":1128,"column":155},"end":{"line":1128,"column":156}},"loc":{"start":{"line":1128,"column":167},"end":{"line":1163,"column":1}},"line":1128},"4":{"name":"(anonymous_4)","decl":{"start":{"line":1131,"column":193},"end":{"line":1131,"column":194}},"loc":{"start":{"line":1131,"column":209},"end":{"line":1135,"column":5}},"line":1131},"5":{"name":"(anonymous_5)","decl":{"start":{"line":1135,"column":36},"end":{"line":1135,"column":37}},"loc":{"start":{"line":1135,"column":52},"end":{"line":1148,"column":5}},"line":1135},"6":{"name":"(anonymous_6)","decl":{"start":{"line":1150,"column":11},"end":{"line":1150,"column":12}},"loc":{"start":{"line":1150,"column":27},"end":{"line":1162,"column":5}},"line":1150},"7":{"name":"__","decl":{"start":{"line":1155,"column":17},"end":{"line":1155,"column":19}},"loc":{"start":{"line":1155,"column":22},"end":{"line":1159,"column":9}},"line":1155},"8":{"name":"(anonymous_8)","decl":{"start":{"line":1164,"column":158},"end":{"line":1164,"column":159}},"loc":{"start":{"line":1164,"column":199},"end":{"line":1190,"column":1}},"line":1164},"9":{"name":"(anonymous_9)","decl":{"start":{"line":1192,"column":48},"end":{"line":1192,"column":49}},"loc":{"start":{"line":1192,"column":66},"end":{"line":1216,"column":1}},"line":1192},"10":{"name":"App","decl":{"start":{"line":1197,"column":13},"end":{"line":1197,"column":16}},"loc":{"start":{"line":1197,"column":19},"end":{"line":1202,"column":5}},"line":1197},"11":{"name":"render","decl":{"start":{"line":1222,"column":35},"end":{"line":1222,"column":41}},"loc":{"start":{"line":1222,"column":45},"end":{"line":1222,"column":277}},"line":1222}},"branchMap":{"0":{"loc":{"start":{"line":1096,"column":19},"end":{"line":1096,"column":52}},"type":"binary-expr","locations":[{"start":{"line":1096,"column":19},"end":{"line":1096,"column":30}},{"start":{"line":1096,"column":35},"end":{"line":1096,"column":51}}],"line":1096},"1":{"loc":{"start":{"line":1098,"column":4},"end":{"line":1100,"column":5}},"type":"if","locations":[{"start":{"line":1098,"column":4},"end":{"line":1100,"column":5}},{"start":{"line":1098,"column":4},"end":{"line":1100,"column":5}}],"line":1098},"2":{"loc":{"start":{"line":1098,"column":8},"end":{"line":1098,"column":54}},"type":"binary-expr","locations":[{"start":{"line":1098,"column":8},"end":{"line":1098,"column":22}},{"start":{"line":1098,"column":26},"end":{"line":1098,"column":54}}],"line":1098},"3":{"loc":{"start":{"line":1126,"column":46},"end":{"line":1126,"column":92}},"type":"cond-expr","locations":[{"start":{"line":1126,"column":70},"end":{"line":1126,"column":73}},{"start":{"line":1126,"column":76},"end":{"line":1126,"column":92}}],"line":1126},"4":{"loc":{"start":{"line":1126,"column":46},"end":{"line":1126,"column":67}},"type":"binary-expr","locations":[{"start":{"line":1126,"column":46},"end":{"line":1126,"column":49}},{"start":{"line":1126,"column":53},"end":{"line":1126,"column":67}}],"line":1126},"5":{"loc":{"start":{"line":1128,"column":39},"end":{"line":1163,"column":4}},"type":"binary-expr","locations":[{"start":{"line":1128,"column":40},"end":{"line":1128,"column":74}},{"start":{"line":1128,"column":80},"end":{"line":1128,"column":124}},{"start":{"line":1128,"column":130},"end":{"line":1163,"column":3}}],"line":1128},"6":{"loc":{"start":{"line":1131,"column":47},"end":{"line":1148,"column":6}},"type":"binary-expr","locations":[{"start":{"line":1131,"column":48},"end":{"line":1131,"column":97}},{"start":{"line":1131,"column":103},"end":{"line":1131,"column":162}},{"start":{"line":1131,"column":168},"end":{"line":1135,"column":5}},{"start":{"line":1135,"column":11},"end":{"line":1148,"column":5}}],"line":1131},"7":{"loc":{"start":{"line":1140,"column":12},"end":{"line":1146,"column":13}},"type":"if","locations":[{"start":{"line":1140,"column":12},"end":{"line":1146,"column":13}},{"start":{"line":1140,"column":12},"end":{"line":1146,"column":13}}],"line":1140},"8":{"loc":{"start":{"line":1161,"column":22},"end":{"line":1161,"column":154}},"type":"cond-expr","locations":[{"start":{"line":1161,"column":36},"end":{"line":1161,"column":85}},{"start":{"line":1161,"column":90},"end":{"line":1161,"column":153}}],"line":1161},"9":{"loc":{"start":{"line":1164,"column":41},"end":{"line":1190,"column":2}},"type":"binary-expr","locations":[{"start":{"line":1164,"column":42},"end":{"line":1164,"column":76}},{"start":{"line":1164,"column":82},"end":{"line":1164,"column":127}},{"start":{"line":1164,"column":133},"end":{"line":1190,"column":1}}],"line":1164},"10":{"loc":{"start":{"line":1168,"column":36},"end":{"line":1168,"column":243}},"type":"cond-expr","locations":[{"start":{"line":1168,"column":45},"end":{"line":1168,"column":76}},{"start":{"line":1168,"column":81},"end":{"line":1168,"column":242}}],"line":1168},"11":{"loc":{"start":{"line":1168,"column":106},"end":{"line":1168,"column":242}},"type":"cond-expr","locations":[{"start":{"line":1168,"column":123},"end":{"line":1168,"column":207}},{"start":{"line":1168,"column":212},"end":{"line":1168,"column":241}}],"line":1168},"12":{"loc":{"start":{"line":1171,"column":4},"end":{"line":1188,"column":9}},"type":"if","locations":[{"start":{"line":1171,"column":4},"end":{"line":1188,"column":9}},{"start":{"line":1171,"column":4},"end":{"line":1188,"column":9}}],"line":1171},"13":{"loc":{"start":{"line":1171,"column":8},"end":{"line":1171,"column":196}},"type":"binary-expr","locations":[{"start":{"line":1171,"column":9},"end":{"line":1171,"column":126}},{"start":{"line":1171,"column":132},"end":{"line":1171,"column":195}}],"line":1171},"14":{"loc":{"start":{"line":1171,"column":35},"end":{"line":1171,"column":112}},"type":"cond-expr","locations":[{"start":{"line":1171,"column":68},"end":{"line":1171,"column":79}},{"start":{"line":1171,"column":82},"end":{"line":1171,"column":112}}],"line":1171},"15":{"loc":{"start":{"line":1180,"column":16},"end":{"line":1186,"column":17}},"type":"if","locations":[{"start":{"line":1180,"column":16},"end":{"line":1186,"column":17}},{"start":{"line":1180,"column":16},"end":{"line":1186,"column":17}}],"line":1180},"16":{"loc":{"start":{"line":1183,"column":28},"end":{"line":1183,"column":258}},"type":"binary-expr","locations":[{"start":{"line":1183,"column":29},"end":{"line":1183,"column":224}},{"start":{"line":1183,"column":230},"end":{"line":1183,"column":257}}],"line":1183},"17":{"loc":{"start":{"line":1183,"column":55},"end":{"line":1183,"column":224}},"type":"cond-expr","locations":[{"start":{"line":1183,"column":64},"end":{"line":1183,"column":94}},{"start":{"line":1183,"column":99},"end":{"line":1183,"column":223}}],"line":1183},"18":{"loc":{"start":{"line":1183,"column":125},"end":{"line":1183,"column":223}},"type":"cond-expr","locations":[{"start":{"line":1183,"column":134},"end":{"line":1183,"column":177}},{"start":{"line":1183,"column":182},"end":{"line":1183,"column":222}}],"line":1183},"19":{"loc":{"start":{"line":1189,"column":11},"end":{"line":1189,"column":154}},"type":"binary-expr","locations":[{"start":{"line":1189,"column":12},"end":{"line":1189,"column":43}},{"start":{"line":1189,"column":49},"end":{"line":1189,"column":76}},{"start":{"line":1189,"column":82},"end":{"line":1189,"column":153}}],"line":1189},"20":{"loc":{"start":{"line":1201,"column":15},"end":{"line":1201,"column":155}},"type":"binary-expr","locations":[{"start":{"line":1201,"column":16},"end":{"line":1201,"column":57}},{"start":{"line":1201,"column":63},"end":{"line":1201,"column":118}},{"start":{"line":1201,"column":124},"end":{"line":1201,"column":154}}],"line":1201},"21":{"loc":{"start":{"line":1220,"column":0},"end":{"line":1220,"column":70}},"type":"if","locations":[{"start":{"line":1220,"column":0},"end":{"line":1220,"column":70}},{"start":{"line":1220,"column":0},"end":{"line":1220,"column":70}}],"line":1220},"22":{"loc":{"start":{"line":1221,"column":24},"end":{"line":1221,"column":100}},"type":"cond-expr","locations":[{"start":{"line":1221,"column":62},"end":{"line":1221,"column":84}},{"start":{"line":1221,"column":86},"end":{"line":1221,"column":100}}],"line":1221},"23":{"loc":{"start":{"line":1222,"column":92},"end":{"line":1222,"column":108}},"type":"binary-expr","locations":[{"start":{"line":1222,"column":92},"end":{"line":1222,"column":104}},{"start":{"line":1222,"column":106},"end":{"line":1222,"column":108}}],"line":1222},"24":{"loc":{"start":{"line":1222,"column":224},"end":{"line":1222,"column":272}},"type":"cond-expr","locations":[{"start":{"line":1222,"column":240},"end":{"line":1222,"column":258}},{"start":{"line":1222,"column":259},"end":{"line":1222,"column":272}}],"line":1222}},"s":{"0":0,"1":0,"2":0,"3":0,"4":0,"5":0,"6":0,"7":0,"8":0,"9":0,"10":0,"11":0,"12":0,"13":0,"14":0,"15":0,"16":0,"17":0,"18":0,"19":0,"20":0,"21":0,"22":0,"23":0,"24":0,"25":0,"26":0,"27":0,"28":0,"29":0,"30":0,"31":0,"32":0,"33":0,"34":0,"35":0,"36":0,"37":0,"38":0,"39":0,"40":0,"41":0,"42":0,"43":0,"44":0,"45":0,"46":0,"47":0,"48":0,"49":0,"50":0,"51":0,"52":0,"53":0,"54":0,"55":0,"56":0,"57":0,"58":0,"59":0,"60":0,"61":0,"62":0,"63":0,"64":0,"65":0,"66":0,"67":0,"68":0,"69":0,"70":0,"71":0,"72":0,"73":0,"74":0,"75":0,"76":0,"77":0,"78":0,"79":0,"80":0,"81":0,"82":0,"83":0,"84":0,"85":0,"86":0,"87":0,"88":0,"89":0,"90":0,"91":0,"92":0,"93":0,"94":0,"95":0,"96":0,"97":0,"98":0,"99":0,"100":0,"101":0},"f":{"0":0,"1":0,"2":0,"3":0,"4":0,"5":0,"6":0,"7":0,"8":0,"9":0,"10":0,"11":0},"b":{"0":[0,0],"1":[0,0],"2":[0,0],"3":[0,0],"4":[0,0],"5":[0,0,0],"6":[0,0,0,0],"7":[0,0],"8":[0,0],"9":[0,0,0],"10":[0,0],"11":[0,0],"12":[0,0],"13":[0,0],"14":[0,0],"15":[0,0],"16":[0,0],"17":[0,0],"18":[0,0],"19":[0,0,0],"20":[0,0,0],"21":[0,0],"22":[0,0],"23":[0,0],"24":[0,0]}}
,"/Users/cjensen/personal/bitcoin/src/config.ts": {"path":"/Users/cjensen/personal/bitcoin/src/config.ts","statementMap":{"0":{"start":{"line":1,"column":13},"end":{"line":1,"column":1617}},"1":{"start":{"line":1,"column":1617},"end":{"line":1,"column":1630}},"2":{"start":{"line":1,"column":1630},"end":{"line":1,"column":1692}},"3":{"start":{"line":1,"column":1692},"end":{"line":11,"column":49}}},"fnMap":{},"branchMap":{},"s":{"0":0,"1":0,"2":0,"3":0},"f":{},"b":{}}
,"/Users/cjensen/personal/bitcoin/src/main.ts": {"path":"/Users/cjensen/personal/bitcoin/src/main.ts","statementMap":{"0":{"start":{"line":1,"column":13},"end":{"line":1,"column":1232}},"1":{"start":{"line":1,"column":1232},"end":{"line":1,"column":1245}},"2":{"start":{"line":1,"column":1256},"end":{"line":1,"column":1270}},"3":{"start":{"line":1,"column":1283},"end":{"line":1,"column":1311}},"4":{"start":{"line":2,"column":11},"end":{"line":2,"column":31}},"5":{"start":{"line":2,"column":44},"end":{"line":2,"column":72}},"6":{"start":{"line":3,"column":13},"end":{"line":3,"column":31}},"7":{"start":{"line":3,"column":46},"end":{"line":3,"column":76}},"8":{"start":{"line":3,"column":115},"end":{"line":3,"column":169}},"9":{"start":{"line":4,"column":0},"end":{"line":4,"column":43}},"10":{"start":{"line":6,"column":0},"end":{"line":10,"column":26}}},"fnMap":{"0":{"name":"_interopRequireDefault","decl":{"start":{"line":3,"column":86},"end":{"line":3,"column":108}},"loc":{"start":{"line":3,"column":114},"end":{"line":3,"column":170}},"line":3}},"branchMap":{"0":{"loc":{"start":{"line":3,"column":122},"end":{"line":3,"column":168}},"type":"cond-expr","locations":[{"start":{"line":3,"column":146},"end":{"line":3,"column":149}},{"start":{"line":3,"column":152},"end":{"line":3,"column":168}}],"line":3},"1":{"loc":{"start":{"line":3,"column":122},"end":{"line":3,"column":143}},"type":"binary-expr","locations":[{"start":{"line":3,"column":122},"end":{"line":3,"column":125}},{"start":{"line":3,"column":129},"end":{"line":3,"column":143}}],"line":3}},"s":{"0":0,"1":0,"2":0,"3":0,"4":0,"5":0,"6":0,"7":0,"8":0,"9":0,"10":0},"f":{"0":0},"b":{"0":[0,0],"1":[0,0]}}
,"/Users/cjensen/personal/bitcoin/src/components/AppButton.vue": {"path":"/Users/cjensen/personal/bitcoin/src/components/AppButton.vue","statementMap":{"0":{"start":{"line":10,"column":0},"end":{"line":null,"column":-1}},"1":{"start":{"line":13,"column":0},"end":{"line":null,"column":-1}},"2":{"start":{"line":15,"column":0},"end":{"line":null,"column":-1}},"3":{"start":{"line":16,"column":0},"end":{"line":null,"column":-1}}},"fnMap":{"0":{"name":"(anonymous_9)","decl":{"start":{"line":13,"column":0},"end":{"line":null,"column":-1}},"loc":{"start":{"line":13,"column":0},"end":{"line":null,"column":-1}}}},"branchMap":{},"s":{"0":1,"1":3,"2":1,"3":1},"f":{"0":5},"b":{}}
,"/Users/cjensen/personal/bitcoin/src/components/AppLoading.vue": {"path":"/Users/cjensen/personal/bitcoin/src/components/AppLoading.vue","statementMap":{"0":{"start":{"line":1,"column":1},"end":{"line":1181,"column":4}},"1":{"start":{"line":4,"column":0},"end":{"line":6,"column":3}},"2":{"start":{"line":8,"column":22},"end":{"line":8,"column":77}},"3":{"start":{"line":10,"column":23},"end":{"line":10,"column":62}},"4":{"start":{"line":12,"column":15},"end":{"line":12,"column":54}},"5":{"start":{"line":14,"column":15},"end":{"line":14,"column":47}},"6":{"start":{"line":16,"column":32},"end":{"line":16,"column":99}},"7":{"start":{"line":18,"column":33},"end":{"line":18,"column":82}},"8":{"start":{"line":20,"column":14},"end":{"line":20,"column":60}},"9":{"start":{"line":22,"column":15},"end":{"line":22,"column":46}},"10":{"start":{"line":24,"column":22},"end":{"line":24,"column":78}},"11":{"start":{"line":26,"column":23},"end":{"line":26,"column":62}},"12":{"start":{"line":28,"column":20},"end":{"line":1093,"column":3}},"13":{"start":{"line":29,"column":15},"end":{"line":29,"column":24}},"14":{"start":{"line":30,"column":15},"end":{"line":30,"column":57}},"15":{"start":{"line":31,"column":17},"end":{"line":31,"column":46}},"16":{"start":{"line":32,"column":14},"end":{"line":32,"column":28}},"17":{"start":{"line":33,"column":23},"end":{"line":1084,"column":5}},"18":{"start":{"line":1085,"column":19},"end":{"line":1085,"column":52}},"19":{"start":{"line":1087,"column":4},"end":{"line":1089,"column":5}},"20":{"start":{"line":1088,"column":8},"end":{"line":1088,"column":30}},"21":{"start":{"line":1091,"column":4},"end":{"line":1091,"column":29}},"22":{"start":{"line":1092,"column":4},"end":{"line":1092,"column":41}},"23":{"start":{"line":1095,"column":28},"end":{"line":1095,"column":61}},"24":{"start":{"line":1097,"column":39},"end":{"line":1097,"column":93}},"25":{"start":{"line":1099,"column":17},"end":{"line":1134,"column":4}},"26":{"start":{"line":1100,"column":4},"end":{"line":1100,"column":25}},"27":{"start":{"line":1102,"column":25},"end":{"line":1119,"column":6}},"28":{"start":{"line":1103,"column":8},"end":{"line":1103,"column":29}},"29":{"start":{"line":1104,"column":8},"end":{"line":1104,"column":29}},"30":{"start":{"line":1105,"column":8},"end":{"line":1105,"column":24}},"31":{"start":{"line":1107,"column":8},"end":{"line":1107,"column":29}},"32":{"start":{"line":1108,"column":8},"end":{"line":1108,"column":29}},"33":{"start":{"line":1109,"column":8},"end":{"line":1118,"column":9}},"34":{"start":{"line":1110,"column":12},"end":{"line":1110,"column":33}},"35":{"start":{"line":1111,"column":12},"end":{"line":1117,"column":13}},"36":{"start":{"line":1112,"column":20},"end":{"line":1112,"column":44}},"37":{"start":{"line":1113,"column":20},"end":{"line":1113,"column":41}},"38":{"start":{"line":1114,"column":20},"end":{"line":1114,"column":32}},"39":{"start":{"line":1116,"column":16},"end":{"line":1116,"column":40}},"40":{"start":{"line":1120,"column":4},"end":{"line":1120,"column":25}},"41":{"start":{"line":1121,"column":4},"end":{"line":1133,"column":6}},"42":{"start":{"line":1122,"column":8},"end":{"line":1122,"column":29}},"43":{"start":{"line":1123,"column":8},"end":{"line":1123,"column":29}},"44":{"start":{"line":1125,"column":8},"end":{"line":1125,"column":28}},"45":{"start":{"line":1127,"column":12},"end":{"line":1127,"column":33}},"46":{"start":{"line":1128,"column":12},"end":{"line":1128,"column":33}},"47":{"start":{"line":1129,"column":12},"end":{"line":1129,"column":33}},"48":{"start":{"line":1131,"column":8},"end":{"line":1131,"column":29}},"49":{"start":{"line":1132,"column":8},"end":{"line":1132,"column":155}},"50":{"start":{"line":1135,"column":18},"end":{"line":1161,"column":2}},"51":{"start":{"line":1136,"column":4},"end":{"line":1136,"column":25}},"52":{"start":{"line":1138,"column":13},"end":{"line":1138,"column":52}},"53":{"start":{"line":1139,"column":13},"end":{"line":1139,"column":243}},"54":{"start":{"line":1141,"column":4},"end":{"line":1141,"column":26}},"55":{"start":{"line":1142,"column":4},"end":{"line":1159,"column":9}},"56":{"start":{"line":1143,"column":12},"end":{"line":1143,"column":36}},"57":{"start":{"line":1144,"column":12},"end":{"line":1144,"column":34}},"58":{"start":{"line":1145,"column":12},"end":{"line":1145,"column":64}},"59":{"start":{"line":1147,"column":12},"end":{"line":1147,"column":36}},"60":{"start":{"line":1148,"column":12},"end":{"line":1148,"column":34}},"61":{"start":{"line":1149,"column":12},"end":{"line":1158,"column":13}},"62":{"start":{"line":1150,"column":16},"end":{"line":1150,"column":38}},"63":{"start":{"line":1151,"column":16},"end":{"line":1157,"column":17}},"64":{"start":{"line":1152,"column":24},"end":{"line":1152,"column":48}},"65":{"start":{"line":1153,"column":24},"end":{"line":1153,"column":46}},"66":{"start":{"line":1154,"column":24},"end":{"line":1154,"column":259}},"67":{"start":{"line":1156,"column":20},"end":{"line":1156,"column":44}},"68":{"start":{"line":1159,"column":9},"end":{"line":1159,"column":31}},"69":{"start":{"line":1160,"column":4},"end":{"line":1160,"column":158}},"70":{"start":{"line":1163,"column":32},"end":{"line":1178,"column":28}},"71":{"start":{"line":1164,"column":4},"end":{"line":1164,"column":25}},"72":{"start":{"line":1165,"column":4},"end":{"line":1165,"column":26}},"73":{"start":{"line":1167,"column":4},"end":{"line":1167,"column":34}},"74":{"start":{"line":1169,"column":8},"end":{"line":1169,"column":29}},"75":{"start":{"line":1170,"column":8},"end":{"line":1170,"column":30}},"76":{"start":{"line":1172,"column":8},"end":{"line":1172,"column":156}},"77":{"start":{"line":1174,"column":4},"end":{"line":1174,"column":26}},"78":{"start":{"line":1175,"column":4},"end":{"line":1175,"column":75}},"79":{"start":{"line":1176,"column":4},"end":{"line":1176,"column":26}},"80":{"start":{"line":1177,"column":4},"end":{"line":1177,"column":22}},"81":{"start":{"line":1179,"column":0},"end":{"line":1179,"column":29}},"82":{"start":{"line":1182,"column":0},"end":{"line":1182,"column":70}},"83":{"start":{"line":1182,"column":31},"end":{"line":1182,"column":70}},"84":{"start":{"line":1183,"column":24},"end":{"line":1183,"column":100}},"85":{"start":{"line":1184,"column":0},"end":{"line":1184,"column":828}},"86":{"start":{"line":1184,"column":54},"end":{"line":1184,"column":58}},"87":{"start":{"line":1184,"column":66},"end":{"line":1184,"column":84}},"88":{"start":{"line":1184,"column":92},"end":{"line":1184,"column":108}},"89":{"start":{"line":1184,"column":109},"end":{"line":1184,"column":827}},"90":{"start":{"line":1185,"column":0},"end":{"line":1185,"column":37}}},"fnMap":{"0":{"name":"(anonymous_0)","decl":{"start":{"line":1,"column":2},"end":{"line":1,"column":3}},"loc":{"start":{"line":1,"column":12},"end":{"line":1181,"column":1}},"line":1},"1":{"name":"(anonymous_1)","decl":{"start":{"line":28,"column":20},"end":{"line":28,"column":21}},"loc":{"start":{"line":28,"column":32},"end":{"line":1093,"column":1}},"line":28},"2":{"name":"_interopRequireDefault","decl":{"start":{"line":1097,"column":9},"end":{"line":1097,"column":31}},"loc":{"start":{"line":1097,"column":37},"end":{"line":1097,"column":95}},"line":1097},"3":{"name":"(anonymous_3)","decl":{"start":{"line":1099,"column":155},"end":{"line":1099,"column":156}},"loc":{"start":{"line":1099,"column":167},"end":{"line":1134,"column":1}},"line":1099},"4":{"name":"(anonymous_4)","decl":{"start":{"line":1102,"column":193},"end":{"line":1102,"column":194}},"loc":{"start":{"line":1102,"column":209},"end":{"line":1106,"column":5}},"line":1102},"5":{"name":"(anonymous_5)","decl":{"start":{"line":1106,"column":36},"end":{"line":1106,"column":37}},"loc":{"start":{"line":1106,"column":52},"end":{"line":1119,"column":5}},"line":1106},"6":{"name":"(anonymous_6)","decl":{"start":{"line":1121,"column":11},"end":{"line":1121,"column":12}},"loc":{"start":{"line":1121,"column":27},"end":{"line":1133,"column":5}},"line":1121},"7":{"name":"__","decl":{"start":{"line":1126,"column":17},"end":{"line":1126,"column":19}},"loc":{"start":{"line":1126,"column":22},"end":{"line":1130,"column":9}},"line":1126},"8":{"name":"(anonymous_8)","decl":{"start":{"line":1135,"column":158},"end":{"line":1135,"column":159}},"loc":{"start":{"line":1135,"column":199},"end":{"line":1161,"column":1}},"line":1135},"9":{"name":"(anonymous_9)","decl":{"start":{"line":1163,"column":55},"end":{"line":1163,"column":56}},"loc":{"start":{"line":1163,"column":73},"end":{"line":1178,"column":1}},"line":1163},"10":{"name":"AppLoading","decl":{"start":{"line":1168,"column":13},"end":{"line":1168,"column":23}},"loc":{"start":{"line":1168,"column":26},"end":{"line":1173,"column":5}},"line":1168},"11":{"name":"render","decl":{"start":{"line":1184,"column":35},"end":{"line":1184,"column":41}},"loc":{"start":{"line":1184,"column":45},"end":{"line":1184,"column":828}},"line":1184}},"branchMap":{"0":{"loc":{"start":{"line":1085,"column":19},"end":{"line":1085,"column":52}},"type":"binary-expr","locations":[{"start":{"line":1085,"column":19},"end":{"line":1085,"column":30}},{"start":{"line":1085,"column":35},"end":{"line":1085,"column":51}}],"line":1085},"1":{"loc":{"start":{"line":1087,"column":4},"end":{"line":1089,"column":5}},"type":"if","locations":[{"start":{"line":1087,"column":4},"end":{"line":1089,"column":5}},{"start":{"line":1087,"column":4},"end":{"line":1089,"column":5}}],"line":1087},"2":{"loc":{"start":{"line":1087,"column":8},"end":{"line":1087,"column":54}},"type":"binary-expr","locations":[{"start":{"line":1087,"column":8},"end":{"line":1087,"column":22}},{"start":{"line":1087,"column":26},"end":{"line":1087,"column":54}}],"line":1087},"3":{"loc":{"start":{"line":1097,"column":46},"end":{"line":1097,"column":92}},"type":"cond-expr","locations":[{"start":{"line":1097,"column":70},"end":{"line":1097,"column":73}},{"start":{"line":1097,"column":76},"end":{"line":1097,"column":92}}],"line":1097},"4":{"loc":{"start":{"line":1097,"column":46},"end":{"line":1097,"column":67}},"type":"binary-expr","locations":[{"start":{"line":1097,"column":46},"end":{"line":1097,"column":49}},{"start":{"line":1097,"column":53},"end":{"line":1097,"column":67}}],"line":1097},"5":{"loc":{"start":{"line":1099,"column":39},"end":{"line":1134,"column":4}},"type":"binary-expr","locations":[{"start":{"line":1099,"column":40},"end":{"line":1099,"column":74}},{"start":{"line":1099,"column":80},"end":{"line":1099,"column":124}},{"start":{"line":1099,"column":130},"end":{"line":1134,"column":3}}],"line":1099},"6":{"loc":{"start":{"line":1102,"column":47},"end":{"line":1119,"column":6}},"type":"binary-expr","locations":[{"start":{"line":1102,"column":48},"end":{"line":1102,"column":97}},{"start":{"line":1102,"column":103},"end":{"line":1102,"column":162}},{"start":{"line":1102,"column":168},"end":{"line":1106,"column":5}},{"start":{"line":1106,"column":11},"end":{"line":1119,"column":5}}],"line":1102},"7":{"loc":{"start":{"line":1111,"column":12},"end":{"line":1117,"column":13}},"type":"if","locations":[{"start":{"line":1111,"column":12},"end":{"line":1117,"column":13}},{"start":{"line":1111,"column":12},"end":{"line":1117,"column":13}}],"line":1111},"8":{"loc":{"start":{"line":1132,"column":22},"end":{"line":1132,"column":154}},"type":"cond-expr","locations":[{"start":{"line":1132,"column":36},"end":{"line":1132,"column":85}},{"start":{"line":1132,"column":90},"end":{"line":1132,"column":153}}],"line":1132},"9":{"loc":{"start":{"line":1135,"column":41},"end":{"line":1161,"column":2}},"type":"binary-expr","locations":[{"start":{"line":1135,"column":42},"end":{"line":1135,"column":76}},{"start":{"line":1135,"column":82},"end":{"line":1135,"column":127}},{"start":{"line":1135,"column":133},"end":{"line":1161,"column":1}}],"line":1135},"10":{"loc":{"start":{"line":1139,"column":36},"end":{"line":1139,"column":243}},"type":"cond-expr","locations":[{"start":{"line":1139,"column":45},"end":{"line":1139,"column":76}},{"start":{"line":1139,"column":81},"end":{"line":1139,"column":242}}],"line":1139},"11":{"loc":{"start":{"line":1139,"column":106},"end":{"line":1139,"column":242}},"type":"cond-expr","locations":[{"start":{"line":1139,"column":123},"end":{"line":1139,"column":207}},{"start":{"line":1139,"column":212},"end":{"line":1139,"column":241}}],"line":1139},"12":{"loc":{"start":{"line":1142,"column":4},"end":{"line":1159,"column":9}},"type":"if","locations":[{"start":{"line":1142,"column":4},"end":{"line":1159,"column":9}},{"start":{"line":1142,"column":4},"end":{"line":1159,"column":9}}],"line":1142},"13":{"loc":{"start":{"line":1142,"column":8},"end":{"line":1142,"column":196}},"type":"binary-expr","locations":[{"start":{"line":1142,"column":9},"end":{"line":1142,"column":126}},{"start":{"line":1142,"column":132},"end":{"line":1142,"column":195}}],"line":1142},"14":{"loc":{"start":{"line":1142,"column":35},"end":{"line":1142,"column":112}},"type":"cond-expr","locations":[{"start":{"line":1142,"column":68},"end":{"line":1142,"column":79}},{"start":{"line":1142,"column":82},"end":{"line":1142,"column":112}}],"line":1142},"15":{"loc":{"start":{"line":1151,"column":16},"end":{"line":1157,"column":17}},"type":"if","locations":[{"start":{"line":1151,"column":16},"end":{"line":1157,"column":17}},{"start":{"line":1151,"column":16},"end":{"line":1157,"column":17}}],"line":1151},"16":{"loc":{"start":{"line":1154,"column":28},"end":{"line":1154,"column":258}},"type":"binary-expr","locations":[{"start":{"line":1154,"column":29},"end":{"line":1154,"column":224}},{"start":{"line":1154,"column":230},"end":{"line":1154,"column":257}}],"line":1154},"17":{"loc":{"start":{"line":1154,"column":55},"end":{"line":1154,"column":224}},"type":"cond-expr","locations":[{"start":{"line":1154,"column":64},"end":{"line":1154,"column":94}},{"start":{"line":1154,"column":99},"end":{"line":1154,"column":223}}],"line":1154},"18":{"loc":{"start":{"line":1154,"column":125},"end":{"line":1154,"column":223}},"type":"cond-expr","locations":[{"start":{"line":1154,"column":134},"end":{"line":1154,"column":177}},{"start":{"line":1154,"column":182},"end":{"line":1154,"column":222}}],"line":1154},"19":{"loc":{"start":{"line":1160,"column":11},"end":{"line":1160,"column":154}},"type":"binary-expr","locations":[{"start":{"line":1160,"column":12},"end":{"line":1160,"column":43}},{"start":{"line":1160,"column":49},"end":{"line":1160,"column":76}},{"start":{"line":1160,"column":82},"end":{"line":1160,"column":153}}],"line":1160},"20":{"loc":{"start":{"line":1172,"column":15},"end":{"line":1172,"column":155}},"type":"binary-expr","locations":[{"start":{"line":1172,"column":16},"end":{"line":1172,"column":57}},{"start":{"line":1172,"column":63},"end":{"line":1172,"column":118}},{"start":{"line":1172,"column":124},"end":{"line":1172,"column":154}}],"line":1172},"21":{"loc":{"start":{"line":1182,"column":0},"end":{"line":1182,"column":70}},"type":"if","locations":[{"start":{"line":1182,"column":0},"end":{"line":1182,"column":70}},{"start":{"line":1182,"column":0},"end":{"line":1182,"column":70}}],"line":1182},"22":{"loc":{"start":{"line":1183,"column":24},"end":{"line":1183,"column":100}},"type":"cond-expr","locations":[{"start":{"line":1183,"column":62},"end":{"line":1183,"column":84}},{"start":{"line":1183,"column":86},"end":{"line":1183,"column":100}}],"line":1183},"23":{"loc":{"start":{"line":1184,"column":92},"end":{"line":1184,"column":108}},"type":"binary-expr","locations":[{"start":{"line":1184,"column":92},"end":{"line":1184,"column":104}},{"start":{"line":1184,"column":106},"end":{"line":1184,"column":108}}],"line":1184}},"s":{"0":0,"1":0,"2":0,"3":0,"4":0,"5":0,"6":0,"7":0,"8":0,"9":0,"10":0,"11":0,"12":0,"13":0,"14":0,"15":0,"16":0,"17":0,"18":0,"19":0,"20":0,"21":0,"22":0,"23":0,"24":0,"25":0,"26":0,"27":0,"28":0,"29":0,"30":0,"31":0,"32":0,"33":0,"34":0,"35":0,"36":0,"37":0,"38":0,"39":0,"40":0,"41":0,"42":0,"43":0,"44":0,"45":0,"46":0,"47":0,"48":0,"49":0,"50":0,"51":0,"52":0,"53":0,"54":0,"55":0,"56":0,"57":0,"58":0,"59":0,"60":0,"61":0,"62":0,"63":0,"64":0,"65":0,"66":0,"67":0,"68":0,"69":0,"70":0,"71":0,"72":0,"73":0,"74":0,"75":0,"76":0,"77":0,"78":0,"79":0,"80":0,"81":0,"82":0,"83":0,"84":0,"85":0,"86":0,"87":0,"88":0,"89":0,"90":0},"f":{"0":0,"1":0,"2":0,"3":0,"4":0,"5":0,"6":0,"7":0,"8":0,"9":0,"10":0,"11":0},"b":{"0":[0,0],"1":[0,0],"2":[0,0],"3":[0,0],"4":[0,0],"5":[0,0,0],"6":[0,0,0,0],"7":[0,0],"8":[0,0],"9":[0,0,0],"10":[0,0],"11":[0,0],"12":[0,0],"13":[0,0],"14":[0,0],"15":[0,0],"16":[0,0],"17":[0,0],"18":[0,0],"19":[0,0,0],"20":[0,0,0],"21":[0,0],"22":[0,0],"23":[0,0]}}
,"/Users/cjensen/personal/bitcoin/src/components/TheForm.vue": {"path":"/Users/cjensen/personal/bitcoin/src/components/TheForm.vue","statementMap":{"0":{"start":{"line":1,"column":1},"end":{"line":4886,"column":4}},"1":{"start":{"line":4,"column":0},"end":{"line":6,"column":3}},"2":{"start":{"line":8,"column":14},"end":{"line":8,"column":60}},"3":{"start":{"line":10,"column":15},"end":{"line":10,"column":46}},"4":{"start":{"line":12,"column":16},"end":{"line":12,"column":64}},"5":{"start":{"line":14,"column":17},"end":{"line":14,"column":50}},"6":{"start":{"line":16,"column":14},"end":{"line":16,"column":53}},"7":{"start":{"line":18,"column":15},"end":{"line":18,"column":46}},"8":{"start":{"line":20,"column":15},"end":{"line":20,"column":55}},"9":{"start":{"line":22,"column":16},"end":{"line":22,"column":48}},"10":{"start":{"line":24,"column":22},"end":{"line":24,"column":77}},"11":{"start":{"line":26,"column":23},"end":{"line":26,"column":62}},"12":{"start":{"line":28,"column":15},"end":{"line":28,"column":54}},"13":{"start":{"line":30,"column":15},"end":{"line":30,"column":47}},"14":{"start":{"line":32,"column":32},"end":{"line":32,"column":99}},"15":{"start":{"line":34,"column":33},"end":{"line":34,"column":82}},"16":{"start":{"line":36,"column":14},"end":{"line":36,"column":60}},"17":{"start":{"line":38,"column":15},"end":{"line":38,"column":46}},"18":{"start":{"line":40,"column":22},"end":{"line":40,"column":78}},"19":{"start":{"line":42,"column":23},"end":{"line":42,"column":62}},"20":{"start":{"line":44,"column":20},"end":{"line":4369,"column":3}},"21":{"start":{"line":45,"column":15},"end":{"line":45,"column":24}},"22":{"start":{"line":46,"column":15},"end":{"line":46,"column":57}},"23":{"start":{"line":47,"column":17},"end":{"line":47,"column":46}},"24":{"start":{"line":48,"column":14},"end":{"line":48,"column":28}},"25":{"start":{"line":49,"column":23},"end":{"line":4360,"column":5}},"26":{"start":{"line":4361,"column":19},"end":{"line":4361,"column":52}},"27":{"start":{"line":4363,"column":4},"end":{"line":4365,"column":5}},"28":{"start":{"line":4364,"column":8},"end":{"line":4364,"column":30}},"29":{"start":{"line":4367,"column":4},"end":{"line":4367,"column":29}},"30":{"start":{"line":4368,"column":4},"end":{"line":4368,"column":41}},"31":{"start":{"line":4371,"column":24},"end":{"line":4371,"column":52}},"32":{"start":{"line":4373,"column":28},"end":{"line":4373,"column":61}},"33":{"start":{"line":4375,"column":17},"end":{"line":4375,"column":38}},"34":{"start":{"line":4377,"column":17},"end":{"line":4377,"column":45}},"35":{"start":{"line":4379,"column":18},"end":{"line":4379,"column":52}},"36":{"start":{"line":4381,"column":12},"end":{"line":4381,"column":37}},"37":{"start":{"line":4383,"column":13},"end":{"line":4383,"column":42}},"38":{"start":{"line":4385,"column":17},"end":{"line":4385,"column":43}},"39":{"start":{"line":4387,"column":18},"end":{"line":4387,"column":52}},"40":{"start":{"line":4389,"column":18},"end":{"line":4389,"column":45}},"41":{"start":{"line":4391,"column":19},"end":{"line":4391,"column":54}},"42":{"start":{"line":4393,"column":39},"end":{"line":4393,"column":93}},"43":{"start":{"line":4395,"column":17},"end":{"line":4430,"column":4}},"44":{"start":{"line":4396,"column":4},"end":{"line":4396,"column":25}},"45":{"start":{"line":4398,"column":25},"end":{"line":4415,"column":6}},"46":{"start":{"line":4399,"column":8},"end":{"line":4399,"column":29}},"47":{"start":{"line":4400,"column":8},"end":{"line":4400,"column":29}},"48":{"start":{"line":4401,"column":8},"end":{"line":4401,"column":24}},"49":{"start":{"line":4403,"column":8},"end":{"line":4403,"column":29}},"50":{"start":{"line":4404,"column":8},"end":{"line":4404,"column":29}},"51":{"start":{"line":4405,"column":8},"end":{"line":4414,"column":9}},"52":{"start":{"line":4406,"column":12},"end":{"line":4406,"column":33}},"53":{"start":{"line":4407,"column":12},"end":{"line":4413,"column":13}},"54":{"start":{"line":4408,"column":20},"end":{"line":4408,"column":44}},"55":{"start":{"line":4409,"column":20},"end":{"line":4409,"column":41}},"56":{"start":{"line":4410,"column":20},"end":{"line":4410,"column":32}},"57":{"start":{"line":4412,"column":16},"end":{"line":4412,"column":40}},"58":{"start":{"line":4416,"column":4},"end":{"line":4416,"column":25}},"59":{"start":{"line":4417,"column":4},"end":{"line":4429,"column":6}},"60":{"start":{"line":4418,"column":8},"end":{"line":4418,"column":29}},"61":{"start":{"line":4419,"column":8},"end":{"line":4419,"column":29}},"62":{"start":{"line":4421,"column":8},"end":{"line":4421,"column":28}},"63":{"start":{"line":4423,"column":12},"end":{"line":4423,"column":33}},"64":{"start":{"line":4424,"column":12},"end":{"line":4424,"column":33}},"65":{"start":{"line":4425,"column":12},"end":{"line":4425,"column":33}},"66":{"start":{"line":4427,"column":8},"end":{"line":4427,"column":29}},"67":{"start":{"line":4428,"column":8},"end":{"line":4428,"column":155}},"68":{"start":{"line":4431,"column":18},"end":{"line":4457,"column":2}},"69":{"start":{"line":4432,"column":4},"end":{"line":4432,"column":25}},"70":{"start":{"line":4434,"column":13},"end":{"line":4434,"column":52}},"71":{"start":{"line":4435,"column":13},"end":{"line":4435,"column":243}},"72":{"start":{"line":4437,"column":4},"end":{"line":4437,"column":26}},"73":{"start":{"line":4438,"column":4},"end":{"line":4455,"column":9}},"74":{"start":{"line":4439,"column":12},"end":{"line":4439,"column":36}},"75":{"start":{"line":4440,"column":12},"end":{"line":4440,"column":34}},"76":{"start":{"line":4441,"column":12},"end":{"line":4441,"column":64}},"77":{"start":{"line":4443,"column":12},"end":{"line":4443,"column":36}},"78":{"start":{"line":4444,"column":12},"end":{"line":4444,"column":34}},"79":{"start":{"line":4445,"column":12},"end":{"line":4454,"column":13}},"80":{"start":{"line":4446,"column":16},"end":{"line":4446,"column":38}},"81":{"start":{"line":4447,"column":16},"end":{"line":4453,"column":17}},"82":{"start":{"line":4448,"column":24},"end":{"line":4448,"column":48}},"83":{"start":{"line":4449,"column":24},"end":{"line":4449,"column":46}},"84":{"start":{"line":4450,"column":24},"end":{"line":4450,"column":259}},"85":{"start":{"line":4452,"column":20},"end":{"line":4452,"column":44}},"86":{"start":{"line":4455,"column":9},"end":{"line":4455,"column":31}},"87":{"start":{"line":4456,"column":4},"end":{"line":4456,"column":158}},"88":{"start":{"line":4458,"column":17},"end":{"line":4499,"column":2}},"89":{"start":{"line":4459,"column":4},"end":{"line":4459,"column":25}},"90":{"start":{"line":4460,"column":4},"end":{"line":4460,"column":26}},"91":{"start":{"line":4462,"column":4},"end":{"line":4498,"column":7}},"92":{"start":{"line":4463,"column":8},"end":{"line":4463,"column":29}},"93":{"start":{"line":4466,"column":12},"end":{"line":4466,"column":33}},"94":{"start":{"line":4467,"column":12},"end":{"line":4467,"column":34}},"95":{"start":{"line":4468,"column":12},"end":{"line":4474,"column":13}},"96":{"start":{"line":4469,"column":16},"end":{"line":4469,"column":38}},"97":{"start":{"line":4470,"column":16},"end":{"line":4470,"column":44}},"98":{"start":{"line":4472,"column":16},"end":{"line":4472,"column":38}},"99":{"start":{"line":4473,"column":16},"end":{"line":4473,"column":26}},"100":{"start":{"line":4477,"column":12},"end":{"line":4477,"column":33}},"101":{"start":{"line":4478,"column":12},"end":{"line":4478,"column":34}},"102":{"start":{"line":4479,"column":12},"end":{"line":4485,"column":13}},"103":{"start":{"line":4480,"column":16},"end":{"line":4480,"column":38}},"104":{"start":{"line":4481,"column":16},"end":{"line":4481,"column":48}},"105":{"start":{"line":4483,"column":16},"end":{"line":4483,"column":38}},"106":{"start":{"line":4484,"column":16},"end":{"line":4484,"column":26}},"107":{"start":{"line":4488,"column":12},"end":{"line":4488,"column":34}},"108":{"start":{"line":4489,"column":12},"end":{"line":4489,"column":34}},"109":{"start":{"line":4490,"column":12},"end":{"line":4494,"column":42}},"110":{"start":{"line":4491,"column":16},"end":{"line":4491,"column":38}},"111":{"start":{"line":4492,"column":16},"end":{"line":4492,"column":38}},"112":{"start":{"line":4493,"column":16},"end":{"line":4493,"column":38}},"113":{"start":{"line":4496,"column":8},"end":{"line":4496,"column":30}},"114":{"start":{"line":4497,"column":8},"end":{"line":4497,"column":134}},"115":{"start":{"line":4500,"column":19},"end":{"line":4662,"column":2}},"116":{"start":{"line":4501,"column":4},"end":{"line":4501,"column":26}},"117":{"start":{"line":4503,"column":13},"end":{"line":4514,"column":30}},"118":{"start":{"line":4504,"column":12},"end":{"line":4504,"column":34}},"119":{"start":{"line":4505,"column":12},"end":{"line":4505,"column":34}},"120":{"start":{"line":4506,"column":12},"end":{"line":4512,"column":13}},"121":{"start":{"line":4507,"column":20},"end":{"line":4507,"column":45}},"122":{"start":{"line":4508,"column":20},"end":{"line":4508,"column":42}},"123":{"start":{"line":4509,"column":20},"end":{"line":4509,"column":31}},"124":{"start":{"line":4511,"column":16},"end":{"line":4511,"column":41}},"125":{"start":{"line":4512,"column":13},"end":{"line":4512,"column":35}},"126":{"start":{"line":4513,"column":12},"end":{"line":4513,"column":24}},"127":{"start":{"line":4519,"column":4},"end":{"line":4519,"column":26}},"128":{"start":{"line":4520,"column":4},"end":{"line":4524,"column":10}},"129":{"start":{"line":4521,"column":8},"end":{"line":4521,"column":30}},"130":{"start":{"line":4522,"column":8},"end":{"line":4522,"column":30}},"131":{"start":{"line":4523,"column":8},"end":{"line":4523,"column":20}},"132":{"start":{"line":4526,"column":8},"end":{"line":4526,"column":30}},"133":{"start":{"line":4527,"column":8},"end":{"line":4527,"column":30}},"134":{"start":{"line":4528,"column":8},"end":{"line":4532,"column":10}},"135":{"start":{"line":4529,"column":12},"end":{"line":4529,"column":34}},"136":{"start":{"line":4530,"column":12},"end":{"line":4530,"column":34}},"137":{"start":{"line":4531,"column":12},"end":{"line":4531,"column":32}},"138":{"start":{"line":4535,"column":8},"end":{"line":4535,"column":30}},"139":{"start":{"line":4536,"column":8},"end":{"line":4536,"column":30}},"140":{"start":{"line":4538,"column":8},"end":{"line":4544,"column":9}},"141":{"start":{"line":4539,"column":16},"end":{"line":4539,"column":41}},"142":{"start":{"line":4540,"column":16},"end":{"line":4540,"column":38}},"143":{"start":{"line":4541,"column":16},"end":{"line":4541,"column":71}},"144":{"start":{"line":4543,"column":12},"end":{"line":4543,"column":37}},"145":{"start":{"line":4544,"column":9},"end":{"line":4544,"column":31}},"146":{"start":{"line":4545,"column":8},"end":{"line":4652,"column":9}},"147":{"start":{"line":4546,"column":12},"end":{"line":4546,"column":34}},"148":{"start":{"line":4547,"column":12},"end":{"line":4651,"column":13}},"149":{"start":{"line":4548,"column":16},"end":{"line":4548,"column":38}},"150":{"start":{"line":4550,"column":16},"end":{"line":4556,"column":17}},"151":{"start":{"line":4551,"column":24},"end":{"line":4551,"column":49}},"152":{"start":{"line":4552,"column":24},"end":{"line":4552,"column":46}},"153":{"start":{"line":4553,"column":24},"end":{"line":4553,"column":33}},"154":{"start":{"line":4555,"column":20},"end":{"line":4555,"column":45}},"155":{"start":{"line":4556,"column":17},"end":{"line":4556,"column":39}},"156":{"start":{"line":4557,"column":16},"end":{"line":4563,"column":17}},"157":{"start":{"line":4558,"column":24},"end":{"line":4558,"column":49}},"158":{"start":{"line":4559,"column":24},"end":{"line":4559,"column":46}},"159":{"start":{"line":4560,"column":24},"end":{"line":4560,"column":42}},"160":{"start":{"line":4562,"column":20},"end":{"line":4562,"column":45}},"161":{"start":{"line":4563,"column":17},"end":{"line":4563,"column":39}},"162":{"start":{"line":4564,"column":16},"end":{"line":4641,"column":17}},"163":{"start":{"line":4566,"column":24},"end":{"line":4566,"column":49}},"164":{"start":{"line":4568,"column":24},"end":{"line":4568,"column":49}},"165":{"start":{"line":4569,"column":24},"end":{"line":4569,"column":46}},"166":{"start":{"line":4570,"column":24},"end":{"line":4570,"column":31}},"167":{"start":{"line":4570,"column":31},"end":{"line":4570,"column":53}},"168":{"start":{"line":4571,"column":24},"end":{"line":4571,"column":30}},"169":{"start":{"line":4573,"column":24},"end":{"line":4573,"column":49}},"170":{"start":{"line":4574,"column":24},"end":{"line":4574,"column":46}},"171":{"start":{"line":4575,"column":24},"end":{"line":4575,"column":34}},"172":{"start":{"line":4575,"column":34},"end":{"line":4575,"column":56}},"173":{"start":{"line":4576,"column":24},"end":{"line":4576,"column":61}},"174":{"start":{"line":4578,"column":24},"end":{"line":4578,"column":49}},"175":{"start":{"line":4579,"column":24},"end":{"line":4579,"column":46}},"176":{"start":{"line":4580,"column":24},"end":{"line":4580,"column":34}},"177":{"start":{"line":4580,"column":34},"end":{"line":4580,"column":56}},"178":{"start":{"line":4581,"column":24},"end":{"line":4581,"column":34}},"179":{"start":{"line":4581,"column":34},"end":{"line":4581,"column":56}},"180":{"start":{"line":4582,"column":24},"end":{"line":4582,"column":33}},"181":{"start":{"line":4582,"column":33},"end":{"line":4582,"column":55}},"182":{"start":{"line":4583,"column":24},"end":{"line":4583,"column":33}},"183":{"start":{"line":4585,"column":24},"end":{"line":4585,"column":49}},"184":{"start":{"line":4586,"column":24},"end":{"line":4586,"column":46}},"185":{"start":{"line":4587,"column":24},"end":{"line":4587,"column":41}},"186":{"start":{"line":4587,"column":41},"end":{"line":4587,"column":63}},"187":{"start":{"line":4588,"column":24},"end":{"line":4588,"column":37}},"188":{"start":{"line":4588,"column":37},"end":{"line":4588,"column":59}},"189":{"start":{"line":4589,"column":24},"end":{"line":4589,"column":33}},"190":{"start":{"line":4591,"column":24},"end":{"line":4591,"column":49}},"191":{"start":{"line":4592,"column":24},"end":{"line":4592,"column":46}},"192":{"start":{"line":4594,"column":24},"end":{"line":4601,"column":25}},"193":{"start":{"line":4595,"column":28},"end":{"line":4595,"column":53}},"194":{"start":{"line":4596,"column":28},"end":{"line":4596,"column":50}},"195":{"start":{"line":4597,"column":28},"end":{"line":4597,"column":34}},"196":{"start":{"line":4597,"column":34},"end":{"line":4597,"column":56}},"197":{"start":{"line":4598,"column":28},"end":{"line":4598,"column":37}},"198":{"start":{"line":4600,"column":28},"end":{"line":4600,"column":53}},"199":{"start":{"line":4602,"column":24},"end":{"line":4602,"column":46}},"200":{"start":{"line":4603,"column":24},"end":{"line":4610,"column":25}},"201":{"start":{"line":4604,"column":28},"end":{"line":4604,"column":53}},"202":{"start":{"line":4605,"column":28},"end":{"line":4605,"column":50}},"203":{"start":{"line":4606,"column":28},"end":{"line":4606,"column":44}},"204":{"start":{"line":4606,"column":44},"end":{"line":4606,"column":66}},"205":{"start":{"line":4607,"column":28},"end":{"line":4607,"column":34}},"206":{"start":{"line":4609,"column":28},"end":{"line":4609,"column":53}},"207":{"start":{"line":4611,"column":24},"end":{"line":4611,"column":46}},"208":{"start":{"line":4612,"column":24},"end":{"line":4620,"column":25}},"209":{"start":{"line":4613,"column":28},"end":{"line":4613,"column":53}},"210":{"start":{"line":4614,"column":28},"end":{"line":4614,"column":50}},"211":{"start":{"line":4615,"column":28},"end":{"line":4615,"column":43}},"212":{"start":{"line":4615,"column":43},"end":{"line":4615,"column":65}},"213":{"start":{"line":4616,"column":28},"end":{"line":4616,"column":35}},"214":{"start":{"line":4616,"column":35},"end":{"line":4616,"column":57}},"215":{"start":{"line":4617,"column":28},"end":{"line":4617,"column":34}},"216":{"start":{"line":4619,"column":28},"end":{"line":4619,"column":53}},"217":{"start":{"line":4621,"column":24},"end":{"line":4621,"column":46}},"218":{"start":{"line":4622,"column":24},"end":{"line":4630,"column":25}},"219":{"start":{"line":4623,"column":28},"end":{"line":4623,"column":53}},"220":{"start":{"line":4624,"column":28},"end":{"line":4624,"column":50}},"221":{"start":{"line":4625,"column":28},"end":{"line":4625,"column":43}},"222":{"start":{"line":4625,"column":43},"end":{"line":4625,"column":65}},"223":{"start":{"line":4626,"column":28},"end":{"line":4626,"column":43}},"224":{"start":{"line":4626,"column":43},"end":{"line":4626,"column":65}},"225":{"start":{"line":4627,"column":28},"end":{"line":4627,"column":34}},"226":{"start":{"line":4629,"column":28},"end":{"line":4629,"column":53}},"227":{"start":{"line":4631,"column":24},"end":{"line":4631,"column":46}},"228":{"start":{"line":4632,"column":24},"end":{"line":4638,"column":25}},"229":{"start":{"line":4633,"column":32},"end":{"line":4633,"column":57}},"230":{"start":{"line":4634,"column":32},"end":{"line":4634,"column":54}},"231":{"start":{"line":4635,"column":32},"end":{"line":4635,"column":44}},"232":{"start":{"line":4637,"column":28},"end":{"line":4637,"column":53}},"233":{"start":{"line":4638,"column":25},"end":{"line":4638,"column":47}},"234":{"start":{"line":4639,"column":24},"end":{"line":4639,"column":37}},"235":{"start":{"line":4639,"column":37},"end":{"line":4639,"column":59}},"236":{"start":{"line":4640,"column":24},"end":{"line":4640,"column":33}},"237":{"start":{"line":4642,"column":16},"end":{"line":4642,"column":38}},"238":{"start":{"line":4643,"column":16},"end":{"line":4643,"column":43}},"239":{"start":{"line":4645,"column":16},"end":{"line":4645,"column":38}},"240":{"start":{"line":4646,"column":16},"end":{"line":4646,"column":28}},"241":{"start":{"line":4646,"column":28},"end":{"line":4646,"column":50}},"242":{"start":{"line":4647,"column":16},"end":{"line":4647,"column":22}},"243":{"start":{"line":4649,"column":16},"end":{"line":4649,"column":38}},"244":{"start":{"line":4650,"column":16},"end":{"line":4650,"column":26}},"245":{"start":{"line":4652,"column":9},"end":{"line":4652,"column":31}},"246":{"start":{"line":4653,"column":8},"end":{"line":4659,"column":9}},"247":{"start":{"line":4654,"column":16},"end":{"line":4654,"column":41}},"248":{"start":{"line":4655,"column":16},"end":{"line":4655,"column":38}},"249":{"start":{"line":4656,"column":16},"end":{"line":4656,"column":28}},"250":{"start":{"line":4658,"column":12},"end":{"line":4658,"column":37}},"251":{"start":{"line":4659,"column":9},"end":{"line":4659,"column":31}},"252":{"start":{"line":4660,"column":8},"end":{"line":4660,"column":117}},"253":{"start":{"line":4664,"column":29},"end":{"line":4883,"column":28}},"254":{"start":{"line":4665,"column":4},"end":{"line":4665,"column":26}},"255":{"start":{"line":4666,"column":4},"end":{"line":4666,"column":26}},"256":{"start":{"line":4668,"column":4},"end":{"line":4668,"column":31}},"257":{"start":{"line":4670,"column":8},"end":{"line":4670,"column":30}},"258":{"start":{"line":4672,"column":21},"end":{"line":4672,"column":184}},"259":{"start":{"line":4673,"column":8},"end":{"line":4673,"column":30}},"260":{"start":{"line":4674,"column":8},"end":{"line":4674,"column":27}},"261":{"start":{"line":4675,"column":8},"end":{"line":4675,"column":30}},"262":{"start":{"line":4676,"column":8},"end":{"line":4676,"column":33}},"263":{"start":{"line":4677,"column":8},"end":{"line":4677,"column":30}},"264":{"start":{"line":4678,"column":8},"end":{"line":4678,"column":42}},"265":{"start":{"line":4679,"column":8},"end":{"line":4679,"column":30}},"266":{"start":{"line":4680,"column":8},"end":{"line":4680,"column":21}},"267":{"start":{"line":4682,"column":4},"end":{"line":4682,"column":26}},"268":{"start":{"line":4683,"column":4},"end":{"line":4688,"column":6}},"269":{"start":{"line":4684,"column":8},"end":{"line":4684,"column":30}},"270":{"start":{"line":4685,"column":8},"end":{"line":4685,"column":30}},"271":{"start":{"line":4687,"column":8},"end":{"line":4687,"column":39}},"272":{"start":{"line":4689,"column":4},"end":{"line":4689,"column":26}},"273":{"start":{"line":4690,"column":4},"end":{"line":4695,"column":6}},"274":{"start":{"line":4691,"column":8},"end":{"line":4691,"column":30}},"275":{"start":{"line":4692,"column":8},"end":{"line":4692,"column":30}},"276":{"start":{"line":4694,"column":8},"end":{"line":4694,"column":39}},"277":{"start":{"line":4696,"column":4},"end":{"line":4696,"column":26}},"278":{"start":{"line":4697,"column":4},"end":{"line":4711,"column":7}},"279":{"start":{"line":4699,"column":12},"end":{"line":4699,"column":34}},"280":{"start":{"line":4700,"column":12},"end":{"line":4700,"column":34}},"281":{"start":{"line":4702,"column":12},"end":{"line":4707,"column":15}},"282":{"start":{"line":4703,"column":16},"end":{"line":4703,"column":38}},"283":{"start":{"line":4704,"column":16},"end":{"line":4704,"column":38}},"284":{"start":{"line":4706,"column":16},"end":{"line":4706,"column":114}},"285":{"start":{"line":4712,"column":4},"end":{"line":4712,"column":26}},"286":{"start":{"line":4713,"column":4},"end":{"line":4728,"column":7}},"287":{"start":{"line":4715,"column":12},"end":{"line":4715,"column":34}},"288":{"start":{"line":4717,"column":25},"end":{"line":4717,"column":76}},"289":{"start":{"line":4718,"column":31},"end":{"line":4718,"column":151}},"290":{"start":{"line":4719,"column":25},"end":{"line":4719,"column":159}},"291":{"start":{"line":4720,"column":12},"end":{"line":4720,"column":35}},"292":{"start":{"line":4721,"column":12},"end":{"line":4724,"column":14}},"293":{"start":{"line":4729,"column":4},"end":{"line":4729,"column":27}},"294":{"start":{"line":4730,"column":4},"end":{"line":4743,"column":7}},"295":{"start":{"line":4732,"column":12},"end":{"line":4732,"column":34}},"296":{"start":{"line":4733,"column":12},"end":{"line":4733,"column":35}},"297":{"start":{"line":4735,"column":12},"end":{"line":4739,"column":15}},"298":{"start":{"line":4736,"column":16},"end":{"line":4736,"column":38}},"299":{"start":{"line":4737,"column":16},"end":{"line":4737,"column":39}},"300":{"start":{"line":4738,"column":16},"end":{"line":4738,"column":25}},"301":{"start":{"line":4744,"column":4},"end":{"line":4744,"column":27}},"302":{"start":{"line":4745,"column":4},"end":{"line":4754,"column":7}},"303":{"start":{"line":4747,"column":12},"end":{"line":4747,"column":34}},"304":{"start":{"line":4748,"column":12},"end":{"line":4748,"column":35}},"305":{"start":{"line":4750,"column":12},"end":{"line":4750,"column":105}},"306":{"start":{"line":4755,"column":4},"end":{"line":4755,"column":27}},"307":{"start":{"line":4756,"column":4},"end":{"line":4827,"column":6}},"308":{"start":{"line":4757,"column":8},"end":{"line":4757,"column":30}},"309":{"start":{"line":4758,"column":8},"end":{"line":4758,"column":31}},"310":{"start":{"line":4760,"column":8},"end":{"line":4826,"column":11}},"311":{"start":{"line":4761,"column":12},"end":{"line":4761,"column":34}},"312":{"start":{"line":4764,"column":12},"end":{"line":4764,"column":35}},"313":{"start":{"line":4765,"column":12},"end":{"line":4825,"column":15}},"314":{"start":{"line":4766,"column":16},"end":{"line":4766,"column":38}},"315":{"start":{"line":4767,"column":16},"end":{"line":4767,"column":39}},"316":{"start":{"line":4769,"column":16},"end":{"line":4824,"column":17}},"317":{"start":{"line":4771,"column":24},"end":{"line":4771,"column":49}},"318":{"start":{"line":4772,"column":24},"end":{"line":4772,"column":47}},"319":{"start":{"line":4774,"column":24},"end":{"line":4781,"column":25}},"320":{"start":{"line":4775,"column":28},"end":{"line":4775,"column":53}},"321":{"start":{"line":4776,"column":28},"end":{"line":4776,"column":51}},"322":{"start":{"line":4778,"column":28},"end":{"line":4778,"column":50}},"323":{"start":{"line":4780,"column":28},"end":{"line":4780,"column":53}},"324":{"start":{"line":4782,"column":24},"end":{"line":4782,"column":47}},"325":{"start":{"line":4783,"column":24},"end":{"line":4783,"column":47}},"326":{"start":{"line":4784,"column":24},"end":{"line":4784,"column":47}},"327":{"start":{"line":4785,"column":24},"end":{"line":4785,"column":42}},"328":{"start":{"line":4786,"column":24},"end":{"line":4786,"column":47}},"329":{"start":{"line":4787,"column":24},"end":{"line":4787,"column":37}},"330":{"start":{"line":4789,"column":24},"end":{"line":4789,"column":49}},"331":{"start":{"line":4790,"column":24},"end":{"line":4790,"column":47}},"332":{"start":{"line":4792,"column":24},"end":{"line":4792,"column":51}},"333":{"start":{"line":4793,"column":24},"end":{"line":4793,"column":47}},"334":{"start":{"line":4794,"column":24},"end":{"line":4794,"column":89}},"335":{"start":{"line":4796,"column":24},"end":{"line":4796,"column":49}},"336":{"start":{"line":4797,"column":24},"end":{"line":4797,"column":47}},"337":{"start":{"line":4799,"column":24},"end":{"line":4799,"column":34}},"338":{"start":{"line":4800,"column":24},"end":{"line":4800,"column":47}},"339":{"start":{"line":4801,"column":24},"end":{"line":4801,"column":61}},"340":{"start":{"line":4802,"column":24},"end":{"line":4802,"column":47}},"341":{"start":{"line":4803,"column":24},"end":{"line":4803,"column":48}},"342":{"start":{"line":4805,"column":24},"end":{"line":4805,"column":49}},"343":{"start":{"line":4806,"column":24},"end":{"line":4806,"column":47}},"344":{"start":{"line":4808,"column":24},"end":{"line":4808,"column":42}},"345":{"start":{"line":4809,"column":24},"end":{"line":4809,"column":47}},"346":{"start":{"line":4810,"column":24},"end":{"line":4810,"column":75}},"347":{"start":{"line":4811,"column":24},"end":{"line":4811,"column":47}},"348":{"start":{"line":4812,"column":24},"end":{"line":4812,"column":48}},"349":{"start":{"line":4814,"column":24},"end":{"line":4814,"column":49}},"350":{"start":{"line":4815,"column":24},"end":{"line":4815,"column":47}},"351":{"start":{"line":4817,"column":24},"end":{"line":4817,"column":48}},"352":{"start":{"line":4818,"column":24},"end":{"line":4818,"column":47}},"353":{"start":{"line":4819,"column":24},"end":{"line":4819,"column":50}},"354":{"start":{"line":4821,"column":24},"end":{"line":4821,"column":49}},"355":{"start":{"line":4822,"column":24},"end":{"line":4822,"column":47}},"356":{"start":{"line":4823,"column":24},"end":{"line":4823,"column":46}},"357":{"start":{"line":4828,"column":4},"end":{"line":4828,"column":27}},"358":{"start":{"line":4829,"column":4},"end":{"line":4854,"column":6}},"359":{"start":{"line":4830,"column":8},"end":{"line":4830,"column":30}},"360":{"start":{"line":4832,"column":18},"end":{"line":4832,"column":46}},"361":{"start":{"line":4833,"column":20},"end":{"line":4833,"column":51}},"362":{"start":{"line":4834,"column":33},"end":{"line":4834,"column":77}},"363":{"start":{"line":4835,"column":33},"end":{"line":4835,"column":77}},"364":{"start":{"line":4836,"column":8},"end":{"line":4836,"column":31}},"365":{"start":{"line":4837,"column":8},"end":{"line":4844,"column":9}},"366":{"start":{"line":4838,"column":12},"end":{"line":4838,"column":37}},"367":{"start":{"line":4839,"column":12},"end":{"line":4839,"column":35}},"368":{"start":{"line":4841,"column":12},"end":{"line":4841,"column":49}},"369":{"start":{"line":4843,"column":12},"end":{"line":4843,"column":37}},"370":{"start":{"line":4845,"column":8},"end":{"line":4845,"column":31}},"371":{"start":{"line":4846,"column":8},"end":{"line":4853,"column":9}},"372":{"start":{"line":4847,"column":12},"end":{"line":4847,"column":37}},"373":{"start":{"line":4848,"column":12},"end":{"line":4848,"column":35}},"374":{"start":{"line":4850,"column":12},"end":{"line":4850,"column":54}},"375":{"start":{"line":4852,"column":12},"end":{"line":4852,"column":37}},"376":{"start":{"line":4855,"column":4},"end":{"line":4855,"column":27}},"377":{"start":{"line":4856,"column":4},"end":{"line":4861,"column":6}},"378":{"start":{"line":4857,"column":8},"end":{"line":4857,"column":30}},"379":{"start":{"line":4858,"column":8},"end":{"line":4858,"column":31}},"380":{"start":{"line":4860,"column":8},"end":{"line":4860,"column":37}},"381":{"start":{"line":4862,"column":4},"end":{"line":4862,"column":27}},"382":{"start":{"line":4863,"column":4},"end":{"line":4863,"column":87}},"383":{"start":{"line":4864,"column":4},"end":{"line":4864,"column":27}},"384":{"start":{"line":4865,"column":4},"end":{"line":4865,"column":87}},"385":{"start":{"line":4866,"column":4},"end":{"line":4866,"column":27}},"386":{"start":{"line":4867,"column":4},"end":{"line":4867,"column":84}},"387":{"start":{"line":4868,"column":4},"end":{"line":4868,"column":27}},"388":{"start":{"line":4869,"column":4},"end":{"line":4869,"column":84}},"389":{"start":{"line":4870,"column":4},"end":{"line":4870,"column":27}},"390":{"start":{"line":4871,"column":4},"end":{"line":4871,"column":120}},"391":{"start":{"line":4872,"column":4},"end":{"line":4872,"column":27}},"392":{"start":{"line":4873,"column":4},"end":{"line":4873,"column":130}},"393":{"start":{"line":4874,"column":4},"end":{"line":4874,"column":27}},"394":{"start":{"line":4875,"column":4},"end":{"line":4880,"column":18}},"395":{"start":{"line":4881,"column":4},"end":{"line":4881,"column":27}},"396":{"start":{"line":4882,"column":4},"end":{"line":4882,"column":19}},"397":{"start":{"line":4884,"column":0},"end":{"line":4884,"column":26}},"398":{"start":{"line":4887,"column":0},"end":{"line":4887,"column":70}},"399":{"start":{"line":4887,"column":31},"end":{"line":4887,"column":70}},"400":{"start":{"line":4888,"column":24},"end":{"line":4888,"column":100}},"401":{"start":{"line":4889,"column":0},"end":{"line":4891,"column":12}},"402":{"start":{"line":4889,"column":54},"end":{"line":4889,"column":58}},"403":{"start":{"line":4889,"column":66},"end":{"line":4889,"column":84}},"404":{"start":{"line":4889,"column":92},"end":{"line":4889,"column":108}},"405":{"start":{"line":4889,"column":109},"end":{"line":4889,"column":3767}},"406":{"start":{"line":4889,"column":216},"end":{"line":4889,"column":240}},"407":{"start":{"line":4889,"column":240},"end":{"line":4889,"column":258}},"408":{"start":{"line":4889,"column":982},"end":{"line":4889,"column":1137}},"409":{"start":{"line":4889,"column":1044},"end":{"line":4889,"column":1061}},"410":{"start":{"line":4889,"column":1090},"end":{"line":4889,"column":1124}},"411":{"start":{"line":4889,"column":1125},"end":{"line":4889,"column":1135}},"412":{"start":{"line":4889,"column":1139},"end":{"line":4889,"column":1236}},"413":{"start":{"line":4889,"column":1284},"end":{"line":4889,"column":1415}},"414":{"start":{"line":4889,"column":1865},"end":{"line":4889,"column":1903}},"415":{"start":{"line":4889,"column":1894},"end":{"line":4889,"column":1901}},"416":{"start":{"line":4889,"column":1903},"end":{"line":4889,"column":1957}},"417":{"start":{"line":4889,"column":2557},"end":{"line":4889,"column":2712}},"418":{"start":{"line":4889,"column":2619},"end":{"line":4889,"column":2636}},"419":{"start":{"line":4889,"column":2665},"end":{"line":4889,"column":2699}},"420":{"start":{"line":4889,"column":2700},"end":{"line":4889,"column":2710}},"421":{"start":{"line":4889,"column":2714},"end":{"line":4889,"column":2798}},"422":{"start":{"line":4889,"column":3388},"end":{"line":4889,"column":3426}},"423":{"start":{"line":4889,"column":3417},"end":{"line":4889,"column":3424}},"424":{"start":{"line":4889,"column":3426},"end":{"line":4889,"column":3482}},"425":{"start":{"line":4889,"column":3508},"end":{"line":4889,"column":3526}},"426":{"start":{"line":4892,"column":0},"end":{"line":4892,"column":37}}},"fnMap":{"0":{"name":"(anonymous_0)","decl":{"start":{"line":1,"column":2},"end":{"line":1,"column":3}},"loc":{"start":{"line":1,"column":12},"end":{"line":4886,"column":1}},"line":1},"1":{"name":"(anonymous_1)","decl":{"start":{"line":44,"column":20},"end":{"line":44,"column":21}},"loc":{"start":{"line":44,"column":32},"end":{"line":4369,"column":1}},"line":44},"2":{"name":"_interopRequireDefault","decl":{"start":{"line":4393,"column":9},"end":{"line":4393,"column":31}},"loc":{"start":{"line":4393,"column":37},"end":{"line":4393,"column":95}},"line":4393},"3":{"name":"(anonymous_3)","decl":{"start":{"line":4395,"column":155},"end":{"line":4395,"column":156}},"loc":{"start":{"line":4395,"column":167},"end":{"line":4430,"column":1}},"line":4395},"4":{"name":"(anonymous_4)","decl":{"start":{"line":4398,"column":193},"end":{"line":4398,"column":194}},"loc":{"start":{"line":4398,"column":209},"end":{"line":4402,"column":5}},"line":4398},"5":{"name":"(anonymous_5)","decl":{"start":{"line":4402,"column":36},"end":{"line":4402,"column":37}},"loc":{"start":{"line":4402,"column":52},"end":{"line":4415,"column":5}},"line":4402},"6":{"name":"(anonymous_6)","decl":{"start":{"line":4417,"column":11},"end":{"line":4417,"column":12}},"loc":{"start":{"line":4417,"column":27},"end":{"line":4429,"column":5}},"line":4417},"7":{"name":"__","decl":{"start":{"line":4422,"column":17},"end":{"line":4422,"column":19}},"loc":{"start":{"line":4422,"column":22},"end":{"line":4426,"column":9}},"line":4422},"8":{"name":"(anonymous_8)","decl":{"start":{"line":4431,"column":158},"end":{"line":4431,"column":159}},"loc":{"start":{"line":4431,"column":199},"end":{"line":4457,"column":1}},"line":4431},"9":{"name":"(anonymous_9)","decl":{"start":{"line":4458,"column":159},"end":{"line":4458,"column":160}},"loc":{"start":{"line":4458,"column":204},"end":{"line":4499,"column":1}},"line":4458},"10":{"name":"(anonymous_10)","decl":{"start":{"line":4462,"column":100},"end":{"line":4462,"column":101}},"loc":{"start":{"line":4462,"column":127},"end":{"line":4498,"column":5}},"line":4462},"11":{"name":"fulfilled","decl":{"start":{"line":4465,"column":17},"end":{"line":4465,"column":26}},"loc":{"start":{"line":4465,"column":34},"end":{"line":4475,"column":9}},"line":4465},"12":{"name":"rejected","decl":{"start":{"line":4476,"column":17},"end":{"line":4476,"column":25}},"loc":{"start":{"line":4476,"column":33},"end":{"line":4486,"column":9}},"line":4476},"13":{"name":"step","decl":{"start":{"line":4487,"column":17},"end":{"line":4487,"column":21}},"loc":{"start":{"line":4487,"column":30},"end":{"line":4495,"column":9}},"line":4487},"14":{"name":"(anonymous_14)","decl":{"start":{"line":4490,"column":111},"end":{"line":4490,"column":112}},"loc":{"start":{"line":4490,"column":130},"end":{"line":4494,"column":13}},"line":4490},"15":{"name":"(anonymous_15)","decl":{"start":{"line":4500,"column":163},"end":{"line":4500,"column":164}},"loc":{"start":{"line":4500,"column":188},"end":{"line":4662,"column":1}},"line":4500},"16":{"name":"sent","decl":{"start":{"line":4503,"column":63},"end":{"line":4503,"column":67}},"loc":{"start":{"line":4503,"column":70},"end":{"line":4514,"column":9}},"line":4503},"17":{"name":"(anonymous_17)","decl":{"start":{"line":4520,"column":192},"end":{"line":4520,"column":193}},"loc":{"start":{"line":4520,"column":204},"end":{"line":4524,"column":5}},"line":4520},"18":{"name":"verb","decl":{"start":{"line":4525,"column":13},"end":{"line":4525,"column":17}},"loc":{"start":{"line":4525,"column":21},"end":{"line":4533,"column":5}},"line":4525},"19":{"name":"(anonymous_19)","decl":{"start":{"line":4528,"column":15},"end":{"line":4528,"column":16}},"loc":{"start":{"line":4528,"column":28},"end":{"line":4532,"column":9}},"line":4528},"20":{"name":"step","decl":{"start":{"line":4534,"column":13},"end":{"line":4534,"column":17}},"loc":{"start":{"line":4534,"column":22},"end":{"line":4661,"column":5}},"line":4534},"21":{"name":"(anonymous_21)","decl":{"start":{"line":4664,"column":52},"end":{"line":4664,"column":53}},"loc":{"start":{"line":4664,"column":70},"end":{"line":4883,"column":1}},"line":4664},"22":{"name":"TheForm","decl":{"start":{"line":4669,"column":13},"end":{"line":4669,"column":20}},"loc":{"start":{"line":4669,"column":23},"end":{"line":4681,"column":5}},"line":4669},"23":{"name":"(anonymous_23)","decl":{"start":{"line":4683,"column":45},"end":{"line":4683,"column":46}},"loc":{"start":{"line":4683,"column":60},"end":{"line":4688,"column":5}},"line":4683},"24":{"name":"(anonymous_24)","decl":{"start":{"line":4690,"column":50},"end":{"line":4690,"column":51}},"loc":{"start":{"line":4690,"column":65},"end":{"line":4695,"column":5}},"line":4690},"25":{"name":"get","decl":{"start":{"line":4698,"column":22},"end":{"line":4698,"column":25}},"loc":{"start":{"line":4698,"column":28},"end":{"line":4708,"column":9}},"line":4698},"26":{"name":"(anonymous_26)","decl":{"start":{"line":4702,"column":44},"end":{"line":4702,"column":45}},"loc":{"start":{"line":4702,"column":60},"end":{"line":4707,"column":13}},"line":4702},"27":{"name":"get","decl":{"start":{"line":4714,"column":22},"end":{"line":4714,"column":25}},"loc":{"start":{"line":4714,"column":28},"end":{"line":4725,"column":9}},"line":4714},"28":{"name":"get","decl":{"start":{"line":4731,"column":22},"end":{"line":4731,"column":25}},"loc":{"start":{"line":4731,"column":28},"end":{"line":4740,"column":9}},"line":4731},"29":{"name":"(anonymous_29)","decl":{"start":{"line":4735,"column":65},"end":{"line":4735,"column":66}},"loc":{"start":{"line":4735,"column":78},"end":{"line":4739,"column":13}},"line":4735},"30":{"name":"get","decl":{"start":{"line":4746,"column":22},"end":{"line":4746,"column":25}},"loc":{"start":{"line":4746,"column":28},"end":{"line":4751,"column":9}},"line":4746},"31":{"name":"(anonymous_31)","decl":{"start":{"line":4756,"column":31},"end":{"line":4756,"column":32}},"loc":{"start":{"line":4756,"column":43},"end":{"line":4827,"column":5}},"line":4756},"32":{"name":"(anonymous_32)","decl":{"start":{"line":4760,"column":47},"end":{"line":4760,"column":48}},"loc":{"start":{"line":4760,"column":59},"end":{"line":4826,"column":9}},"line":4760},"33":{"name":"(anonymous_33)","decl":{"start":{"line":4765,"column":37},"end":{"line":4765,"column":38}},"loc":{"start":{"line":4765,"column":51},"end":{"line":4825,"column":13}},"line":4765},"34":{"name":"(anonymous_34)","decl":{"start":{"line":4829,"column":46},"end":{"line":4829,"column":47}},"loc":{"start":{"line":4829,"column":58},"end":{"line":4854,"column":5}},"line":4829},"35":{"name":"(anonymous_35)","decl":{"start":{"line":4856,"column":32},"end":{"line":4856,"column":33}},"loc":{"start":{"line":4856,"column":44},"end":{"line":4861,"column":5}},"line":4856},"36":{"name":"render","decl":{"start":{"line":4889,"column":35},"end":{"line":4889,"column":41}},"loc":{"start":{"line":4889,"column":45},"end":{"line":4891,"column":12}},"line":4889},"37":{"name":"(anonymous_37)","decl":{"start":{"line":4889,"column":199},"end":{"line":4889,"column":200}},"loc":{"start":{"line":4889,"column":215},"end":{"line":4889,"column":259}},"line":4889},"38":{"name":"(anonymous_38)","decl":{"start":{"line":4889,"column":945},"end":{"line":4889,"column":946}},"loc":{"start":{"line":4889,"column":961},"end":{"line":4889,"column":1237}},"line":4889},"39":{"name":"(anonymous_39)","decl":{"start":{"line":4889,"column":1032},"end":{"line":4889,"column":1033}},"loc":{"start":{"line":4889,"column":1043},"end":{"line":4889,"column":1062}},"line":4889},"40":{"name":"(anonymous_40)","decl":{"start":{"line":4889,"column":1068},"end":{"line":4889,"column":1069}},"loc":{"start":{"line":4889,"column":1079},"end":{"line":4889,"column":1136}},"line":4889},"41":{"name":"(anonymous_41)","decl":{"start":{"line":4889,"column":1263},"end":{"line":4889,"column":1264}},"loc":{"start":{"line":4889,"column":1283},"end":{"line":4889,"column":1416}},"line":4889},"42":{"name":"(anonymous_42)","decl":{"start":{"line":4889,"column":1848},"end":{"line":4889,"column":1849}},"loc":{"start":{"line":4889,"column":1864},"end":{"line":4889,"column":1958}},"line":4889},"43":{"name":"(anonymous_43)","decl":{"start":{"line":4889,"column":2520},"end":{"line":4889,"column":2521}},"loc":{"start":{"line":4889,"column":2536},"end":{"line":4889,"column":2799}},"line":4889},"44":{"name":"(anonymous_44)","decl":{"start":{"line":4889,"column":2607},"end":{"line":4889,"column":2608}},"loc":{"start":{"line":4889,"column":2618},"end":{"line":4889,"column":2637}},"line":4889},"45":{"name":"(anonymous_45)","decl":{"start":{"line":4889,"column":2643},"end":{"line":4889,"column":2644}},"loc":{"start":{"line":4889,"column":2654},"end":{"line":4889,"column":2711}},"line":4889},"46":{"name":"(anonymous_46)","decl":{"start":{"line":4889,"column":3371},"end":{"line":4889,"column":3372}},"loc":{"start":{"line":4889,"column":3387},"end":{"line":4889,"column":3483}},"line":4889},"47":{"name":"(anonymous_47)","decl":{"start":{"line":4889,"column":3491},"end":{"line":4889,"column":3492}},"loc":{"start":{"line":4889,"column":3507},"end":{"line":4889,"column":3527}},"line":4889}},"branchMap":{"0":{"loc":{"start":{"line":4361,"column":19},"end":{"line":4361,"column":52}},"type":"binary-expr","locations":[{"start":{"line":4361,"column":19},"end":{"line":4361,"column":30}},{"start":{"line":4361,"column":35},"end":{"line":4361,"column":51}}],"line":4361},"1":{"loc":{"start":{"line":4363,"column":4},"end":{"line":4365,"column":5}},"type":"if","locations":[{"start":{"line":4363,"column":4},"end":{"line":4365,"column":5}},{"start":{"line":4363,"column":4},"end":{"line":4365,"column":5}}],"line":4363},"2":{"loc":{"start":{"line":4363,"column":8},"end":{"line":4363,"column":54}},"type":"binary-expr","locations":[{"start":{"line":4363,"column":8},"end":{"line":4363,"column":22}},{"start":{"line":4363,"column":26},"end":{"line":4363,"column":54}}],"line":4363},"3":{"loc":{"start":{"line":4393,"column":46},"end":{"line":4393,"column":92}},"type":"cond-expr","locations":[{"start":{"line":4393,"column":70},"end":{"line":4393,"column":73}},{"start":{"line":4393,"column":76},"end":{"line":4393,"column":92}}],"line":4393},"4":{"loc":{"start":{"line":4393,"column":46},"end":{"line":4393,"column":67}},"type":"binary-expr","locations":[{"start":{"line":4393,"column":46},"end":{"line":4393,"column":49}},{"start":{"line":4393,"column":53},"end":{"line":4393,"column":67}}],"line":4393},"5":{"loc":{"start":{"line":4395,"column":39},"end":{"line":4430,"column":4}},"type":"binary-expr","locations":[{"start":{"line":4395,"column":40},"end":{"line":43
[...]
ne":48},"3":{"loc":{"start":{"line":48,"column":225},"end":{"line":48,"column":300}},"type":"if","locations":[{"start":{"line":48,"column":225},"end":{"line":48,"column":300}},{"start":{"line":48,"column":225},"end":{"line":48,"column":300}}],"line":48},"4":{"loc":{"start":{"line":48,"column":384},"end":{"line":48,"column":430}},"type":"cond-expr","locations":[{"start":{"line":48,"column":408},"end":{"line":48,"column":411}},{"start":{"line":48,"column":414},"end":{"line":48,"column":430}}],"line":48},"5":{"loc":{"start":{"line":48,"column":384},"end":{"line":48,"column":405}},"type":"binary-expr","locations":[{"start":{"line":48,"column":384},"end":{"line":48,"column":387}},{"start":{"line":48,"column":391},"end":{"line":48,"column":405}}],"line":48},"6":{"loc":{"start":{"line":48,"column":447},"end":{"line":48,"column":672}},"type":"binary-expr","locations":[{"start":{"line":48,"column":447},"end":{"line":48,"column":456}},{"start":{"line":48,"column":460},"end":{"line":48,"column":478}},{"start":{"line":48,"column":482},"end":{"line":48,"column":495}},{"start":{"line":48,"column":499},"end":{"line":48,"column":672}}],"line":48},"7":{"loc":{"start":{"line":48,"column":601},"end":{"line":48,"column":661}},"type":"if","locations":[{"start":{"line":48,"column":601},"end":{"line":48,"column":661}},{"start":{"line":48,"column":601},"end":{"line":48,"column":661}}],"line":48},"8":{"loc":{"start":{"line":48,"column":689},"end":{"line":48,"column":1217}},"type":"binary-expr","locations":[{"start":{"line":48,"column":689},"end":{"line":48,"column":698}},{"start":{"line":48,"column":702},"end":{"line":48,"column":721}},{"start":{"line":48,"column":725},"end":{"line":48,"column":1217}}],"line":48},"9":{"loc":{"start":{"line":48,"column":783},"end":{"line":48,"column":801}},"type":"binary-expr","locations":[{"start":{"line":48,"column":783},"end":{"line":48,"column":784}},{"start":{"line":48,"column":789},"end":{"line":48,"column":800}}],"line":48},"10":{"loc":{"start":{"line":48,"column":1027},"end":{"line":48,"column":1141}},"type":"cond-expr","locations":[{"start":{"line":48,"column":1041},"end":{"line":48,"column":1062}},{"start":{"line":48,"column":1065},"end":{"line":48,"column":1141}}],"line":48},"11":{"loc":{"start":{"line":48,"column":1186},"end":{"line":48,"column":1202}},"type":"binary-expr","locations":[{"start":{"line":48,"column":1186},"end":{"line":48,"column":1196}},{"start":{"line":48,"column":1200},"end":{"line":48,"column":1202}}],"line":48},"12":{"loc":{"start":{"line":48,"column":1236},"end":{"line":48,"column":2581}},"type":"binary-expr","locations":[{"start":{"line":48,"column":1236},"end":{"line":48,"column":1245}},{"start":{"line":48,"column":1249},"end":{"line":48,"column":1270}},{"start":{"line":48,"column":1274},"end":{"line":48,"column":2581}}],"line":48},"13":{"loc":{"start":{"line":48,"column":1339},"end":{"line":48,"column":1364}},"type":"if","locations":[{"start":{"line":48,"column":1339},"end":{"line":48,"column":1364}},{"start":{"line":48,"column":1339},"end":{"line":48,"column":1364}}],"line":48},"14":{"loc":{"start":{"line":48,"column":1474},"end":{"line":48,"column":1555}},"type":"binary-expr","locations":[{"start":{"line":48,"column":1474},"end":{"line":48,"column":1502}},{"start":{"line":48,"column":1507},"end":{"line":48,"column":1554}}],"line":48},"15":{"loc":{"start":{"line":48,"column":1640},"end":{"line":48,"column":1702}},"type":"if","locations":[{"start":{"line":48,"column":1640},"end":{"line":48,"column":1702}},{"start":{"line":48,"column":1640},"end":{"line":48,"column":1702}}],"line":48},"16":{"loc":{"start":{"line":48,"column":1717},"end":{"line":48,"column":1832}},"type":"if","locations":[{"start":{"line":48,"column":1717},"end":{"line":48,"column":1832}},{"start":{"line":48,"column":1717},"end":{"line":48,"column":1832}}],"line":48},"17":{"loc":{"start":{"line":48,"column":1728},"end":{"line":48,"column":1821}},"type":"binary-expr","locations":[{"start":{"line":48,"column":1728},"end":{"line":48,"column":1729}},{"start":{"line":48,"column":1734},"end":{"line":48,"column":1788}},{"start":{"line":48,"column":1793},"end":{"line":48,"column":1821}}],"line":48},"18":{"loc":{"start":{"line":48,"column":1740},"end":{"line":48,"column":1787}},"type":"cond-expr","locations":[{"start":{"line":48,"column":1752},"end":{"line":48,"column":1760}},{"start":{"line":48,"column":1763},"end":{"line":48,"column":1787}}],"line":48},"19":{"loc":{"start":{"line":48,"column":1763},"end":{"line":48,"column":1787}},"type":"cond-expr","locations":[{"start":{"line":48,"column":1771},"end":{"line":48,"column":1778}},{"start":{"line":48,"column":1781},"end":{"line":48,"column":1787}}],"line":48},"20":{"loc":{"start":{"line":48,"column":1832},"end":{"line":48,"column":1864}},"type":"if","locations":[{"start":{"line":48,"column":1832},"end":{"line":48,"column":1864}},{"start":{"line":48,"column":1832},"end":{"line":48,"column":1864}}],"line":48},"21":{"loc":{"start":{"line":48,"column":1864},"end":{"line":48,"column":2419}},"type":"switch","locations":[{"start":{"line":48,"column":1880},"end":{"line":48,"column":1887}},{"start":{"line":48,"column":1887},"end":{"line":48,"column":1907}},{"start":{"line":48,"column":1907},"end":{"line":48,"column":1961}},{"start":{"line":48,"column":1961},"end":{"line":48,"column":2006}},{"start":{"line":48,"column":2006},"end":{"line":48,"column":2052}},{"start":{"line":48,"column":2052},"end":{"line":48,"column":2418}}],"line":48},"22":{"loc":{"start":{"line":48,"column":2060},"end":{"line":48,"column":2165}},"type":"if","locations":[{"start":{"line":48,"column":2060},"end":{"line":48,"column":2165}},{"start":{"line":48,"column":2060},"end":{"line":48,"column":2165}}],"line":48},"23":{"loc":{"start":{"line":48,"column":2064},"end":{"line":48,"column":2146}},"type":"binary-expr","locations":[{"start":{"line":48,"column":2064},"end":{"line":48,"column":2114}},{"start":{"line":48,"column":2119},"end":{"line":48,"column":2130}},{"start":{"line":48,"column":2134},"end":{"line":48,"column":2145}}],"line":48},"24":{"loc":{"start":{"line":48,"column":2082},"end":{"line":48,"column":2113}},"type":"binary-expr","locations":[{"start":{"line":48,"column":2082},"end":{"line":48,"column":2094}},{"start":{"line":48,"column":2098},"end":{"line":48,"column":2113}}],"line":48},"25":{"loc":{"start":{"line":48,"column":2165},"end":{"line":48,"column":2246}},"type":"if","locations":[{"start":{"line":48,"column":2165},"end":{"line":48,"column":2246}},{"start":{"line":48,"column":2165},"end":{"line":48,"column":2246}}],"line":48},"26":{"loc":{"start":{"line":48,"column":2169},"end":{"line":48,"column":2220}},"type":"binary-expr","locations":[{"start":{"line":48,"column":2169},"end":{"line":48,"column":2180}},{"start":{"line":48,"column":2185},"end":{"line":48,"column":2187}},{"start":{"line":48,"column":2191},"end":{"line":48,"column":2203}},{"start":{"line":48,"column":2207},"end":{"line":48,"column":2219}}],"line":48},"27":{"loc":{"start":{"line":48,"column":2246},"end":{"line":48,"column":2311}},"type":"if","locations":[{"start":{"line":48,"column":2246},"end":{"line":48,"column":2311}},{"start":{"line":48,"column":2246},"end":{"line":48,"column":2311}}],"line":48},"28":{"loc":{"start":{"line":48,"column":2250},"end":{"line":48,"column":2279}},"type":"binary-expr","locations":[{"start":{"line":48,"column":2250},"end":{"line":48,"column":2261}},{"start":{"line":48,"column":2265},"end":{"line":48,"column":2279}}],"line":48},"29":{"loc":{"start":{"line":48,"column":2311},"end":{"line":48,"column":2374}},"type":"if","locations":[{"start":{"line":48,"column":2311},"end":{"line":48,"column":2374}},{"start":{"line":48,"column":2311},"end":{"line":48,"column":2374}}],"line":48},"30":{"loc":{"start":{"line":48,"column":2315},"end":{"line":48,"column":2334}},"type":"binary-expr","locations":[{"start":{"line":48,"column":2315},"end":{"line":48,"column":2316}},{"start":{"line":48,"column":2320},"end":{"line":48,"column":2334}}],"line":48},"31":{"loc":{"start":{"line":48,"column":2374},"end":{"line":48,"column":2396}},"type":"if","locations":[{"start":{"line":48,"column":2374},"end":{"line":48,"column":2396}},{"start":{"line":48,"column":2374},"end":{"line":48,"column":2396}}],"line":48},"32":{"loc":{"start":{"line":48,"column":2499},"end":{"line":48,"column":2526}},"type":"if","locations":[{"start":{"line":48,"column":2499},"end":{"line":48,"column":2526}},{"start":{"line":48,"column":2499},"end":{"line":48,"column":2526}}],"line":48},"33":{"loc":{"start":{"line":48,"column":2542},"end":{"line":48,"column":2564}},"type":"cond-expr","locations":[{"start":{"line":48,"column":2550},"end":{"line":48,"column":2555}},{"start":{"line":48,"column":2558},"end":{"line":48,"column":2564}}],"line":48},"34":{"loc":{"start":{"line":52,"column":12},"end":{"line":58,"column":43}},"type":"switch","locations":[{"start":{"line":53,"column":16},"end":{"line":55,"column":92}},{"start":{"line":56,"column":16},"end":{"line":58,"column":42}}],"line":52},"35":{"loc":{"start":{"line":75,"column":12},"end":{"line":80,"column":43}},"type":"switch","locations":[{"start":{"line":76,"column":16},"end":{"line":76,"column":69}},{"start":{"line":77,"column":16},"end":{"line":80,"column":42}}],"line":75},"36":{"loc":{"start":{"line":90,"column":12},"end":{"line":95,"column":43}},"type":"switch","locations":[{"start":{"line":91,"column":16},"end":{"line":91,"column":79}},{"start":{"line":92,"column":16},"end":{"line":95,"column":42}}],"line":90}},"s":{"0":0,"1":0,"2":0,"3":0,"4":0,"5":0,"6":0,"7":0,"8":0,"9":0,"10":0,"11":0,"12":0,"13":0,"14":0,"15":0,"16":0,"17":0,"18":0,"19":0,"20":0,"21":0,"22":0,"23":0,"24":0,"25":0,"26":0,"27":0,"28":0,"29":0,"30":0,"31":0,"32":0,"33":0,"34":0,"35":0,"36":0,"37":0,"38":0,"39":0,"40":0,"41":0,"42":0,"43":0,"44":0,"45":0,"46":0,"47":0,"48":0,"49":0,"50":0,"51":0,"52":0,"53":0,"54":0,"55":0,"56":0,"57":0,"58":0,"59":0,"60":0,"61":0,"62":0,"63":0,"64":0,"65":0,"66":0,"67":0,"68":0,"69":0,"70":0,"71":0,"72":0,"73":0,"74":0,"75":0,"76":0,"77":0,"78":0,"79":0,"80":0,"81":0,"82":0,"83":0,"84":0,"85":0,"86":0,"87":0,"88":0,"89":0,"90":0,"91":0,"92":0,"93":0,"94":0,"95":0,"96":0,"97":0,"98":0,"99":0,"100":0,"101":0,"102":0,"103":0,"104":0,"105":0,"106":0,"107":0,"108":0,"109":0,"110":0,"111":0,"112":0,"113":0,"114":0,"115":0,"116":0,"117":0,"118":0,"119":0,"120":0,"121":0,"122":0,"123":0,"124":0,"125":0,"126":0,"127":0,"128":0,"129":0,"130":0,"131":0,"132":0,"133":0,"134":0},"f":{"0":0,"1":0,"2":0,"3":0,"4":0,"5":0,"6":0,"7":0,"8":0,"9":0,"10":0,"11":0,"12":0,"13":0,"14":0,"15":0,"16":0,"17":0,"18":0,"19":0,"20":0,"21":0,"22":0,"23":0,"24":0,"25":0,"26":0,"27":0},"b":{"0":[0,0],"1":[0,0],"2":[0,0],"3":[0,0],"4":[0,0],"5":[0,0],"6":[0,0,0,0],"7":[0,0],"8":[0,0,0],"9":[0,0],"10":[0,0],"11":[0,0],"12":[0,0,0],"13":[0,0],"14":[0,0],"15":[0,0],"16":[0,0],"17":[0,0,0],"18":[0,0],"19":[0,0],"20":[0,0],"21":[0,0,0,0,0,0],"22":[0,0],"23":[0,0,0],"24":[0,0],"25":[0,0],"26":[0,0,0,0],"27":[0,0],"28":[0,0],"29":[0,0],"30":[0,0],"31":[0,0],"32":[0,0],"33":[0,0],"34":[0,0],"35":[0,0],"36":[0,0]}}
,"/Users/cjensen/personal/bitcoin/src/store/getters.ts": {"path":"/Users/cjensen/personal/bitcoin/src/store/getters.ts","statementMap":{"0":{"start":{"line":3,"column":24},"end":{"line":3,"column":65}},"1":{"start":{"line":3,"column":27},"end":{"line":3,"column":35}},"2":{"start":{"line":3,"column":49},"end":{"line":3,"column":65}},"3":{"start":{"line":4,"column":25},"end":{"line":4,"column":60}},"4":{"start":{"line":4,"column":28},"end":{"line":4,"column":37}},"5":{"start":{"line":4,"column":51},"end":{"line":4,"column":60}},"6":{"start":{"line":5,"column":35},"end":{"line":5,"column":90}},"7":{"start":{"line":5,"column":38},"end":{"line":5,"column":57}},"8":{"start":{"line":5,"column":71},"end":{"line":5,"column":90}},"9":{"start":{"line":6,"column":33},"end":{"line":6,"column":84}},"10":{"start":{"line":6,"column":36},"end":{"line":6,"column":53}},"11":{"start":{"line":6,"column":67},"end":{"line":6,"column":84}},"12":{"start":{"line":7,"column":33},"end":{"line":7,"column":84}},"13":{"start":{"line":7,"column":36},"end":{"line":7,"column":53}},"14":{"start":{"line":7,"column":67},"end":{"line":7,"column":84}}},"fnMap":{"0":{"name":"(anonymous_0)","decl":{"start":{"line":3,"column":24},"end":{"line":3,"column":24}},"loc":{"start":{"line":3,"column":44},"end":{"line":3,"column":65}}},"1":{"name":"(anonymous_1)","decl":{"start":{"line":4,"column":25},"end":{"line":4,"column":25}},"loc":{"start":{"line":4,"column":46},"end":{"line":4,"column":60}}},"2":{"name":"(anonymous_2)","decl":{"start":{"line":5,"column":35},"end":{"line":5,"column":35}},"loc":{"start":{"line":5,"column":66},"end":{"line":5,"column":90}}},"3":{"name":"(anonymous_3)","decl":{"start":{"line":6,"column":33},"end":{"line":6,"column":33}},"loc":{"start":{"line":6,"column":62},"end":{"line":6,"column":84}}},"4":{"name":"(anonymous_4)","decl":{"start":{"line":7,"column":33},"end":{"line":7,"column":33}},"loc":{"start":{"line":7,"column":62},"end":{"line":7,"column":84}}}},"branchMap":{"0":{"loc":{"start":{"line":3,"column":49},"end":{"line":3,"column":57}},"type":"binary-expr","locations":[{"start":{"line":3,"column":49},"end":{"line":3,"column":57}},{"start":{"line":3,"column":61},"end":{"line":3,"column":65}}]}},"s":{"0":1,"1":1,"2":1,"3":1,"4":2,"5":2,"6":1,"7":0,"8":0,"9":1,"10":0,"11":0,"12":1,"13":0,"14":0},"f":{"0":1,"1":2,"2":0,"3":0,"4":0},"b":{"0":[1,0]}}
,"/Users/cjensen/personal/bitcoin/src/store/index.ts": {"path":"/Users/cjensen/personal/bitcoin/src/store/index.ts","statementMap":{"0":{"start":{"line":1,"column":13},"end":{"line":1,"column":1867}},"1":{"start":{"line":1,"column":1867},"end":{"line":1,"column":1880}},"2":{"start":{"line":1,"column":1880},"end":{"line":1,"column":1942}},"3":{"start":{"line":1,"column":1953},"end":{"line":1,"column":1967}},"4":{"start":{"line":1,"column":1980},"end":{"line":1,"column":2008}},"5":{"start":{"line":2,"column":12},"end":{"line":2,"column":27}},"6":{"start":{"line":2,"column":41},"end":{"line":2,"column":70}},"7":{"start":{"line":3,"column":15},"end":{"line":3,"column":35}},"8":{"start":{"line":3,"column":50},"end":{"line":3,"column":83}},"9":{"start":{"line":4,"column":15},"end":{"line":4,"column":35}},"10":{"start":{"line":4,"column":50},"end":{"line":4,"column":83}},"11":{"start":{"line":5,"column":17},"end":{"line":5,"column":39}},"12":{"start":{"line":5,"column":58},"end":{"line":5,"column":92}},"13":{"start":{"line":6,"column":13},"end":{"line":6,"column":31}},"14":{"start":{"line":6,"column":46},"end":{"line":6,"column":76}},"15":{"start":{"line":6,"column":116},"end":{"line":6,"column":332}},"16":{"start":{"line":6,"column":144},"end":{"line":6,"column":155}},"17":{"start":{"line":6,"column":176},"end":{"line":6,"column":178}},"18":{"start":{"line":6,"column":179},"end":{"line":6,"column":296}},"19":{"start":{"line":6,"column":197},"end":{"line":6,"column":295}},"20":{"start":{"line":6,"column":219},"end":{"line":6,"column":294}},"21":{"start":{"line":6,"column":271},"end":{"line":6,"column":294}},"22":{"start":{"line":6,"column":296},"end":{"line":6,"column":317}},"23":{"start":{"line":6,"column":317},"end":{"line":6,"column":331}},"24":{"start":{"line":6,"column":371},"end":{"line":6,"column":425}},"25":{"start":{"line":7,"column":0},"end":{"line":7,"column":34}},"26":{"start":{"line":8,"column":12},"end":{"line":8,"column":49}},"27":{"start":{"line":8,"column":50},"end":{"line":14,"column":21}}},"fnMap":{"0":{"name":"_interopRequireWildcard","decl":{"start":{"line":6,"column":86},"end":{"line":6,"column":109}},"loc":{"start":{"line":6,"column":115},"end":{"line":6,"column":333}},"line":6},"1":{"name":"_interopRequireDefault","decl":{"start":{"line":6,"column":342},"end":{"line":6,"column":364}},"loc":{"start":{"line":6,"column":370},"end":{"line":6,"column":426}},"line":6}},"branchMap":{"0":{"loc":{"start":{"line":6,"column":116},"end":{"line":6,"column":332}},"type":"if","locations":[{"start":{"line":6,"column":116},"end":{"line":6,"column":332}},{"start":{"line":6,"column":116},"end":{"line":6,"column":332}}],"line":6},"1":{"loc":{"start":{"line":6,"column":120},"end":{"line":6,"column":141}},"type":"binary-expr","locations":[{"start":{"line":6,"column":120},"end":{"line":6,"column":123}},{"start":{"line":6,"column":127},"end":{"line":6,"column":141}}],"line":6},"2":{"loc":{"start":{"line":6,"column":179},"end":{"line":6,"column":296}},"type":"if","locations":[{"start":{"line":6,"column":179},"end":{"line":6,"column":296}},{"start":{"line":6,"column":179},"end":{"line":6,"column":296}}],"line":6},"3":{"loc":{"start":{"line":6,"column":219},"end":{"line":6,"column":294}},"type":"if","locations":[{"start":{"line":6,"column":219},"end":{"line":6,"column":294}},{"start":{"line":6,"column":219},"end":{"line":6,"column":294}}],"line":6},"4":{"loc":{"start":{"line":6,"column":378},"end":{"line":6,"column":424}},"type":"cond-expr","locations":[{"start":{"line":6,"column":402},"end":{"line":6,"column":405}},{"start":{"line":6,"column":408},"end":{"line":6,"column":424}}],"line":6},"5":{"loc":{"start":{"line":6,"column":378},"end":{"line":6,"column":399}},"type":"binary-expr","locations":[{"start":{"line":6,"column":378},"end":{"line":6,"column":381}},{"start":{"line":6,"column":385},"end":{"line":6,"column":399}}],"line":6}},"s":{"0":0,"1":0,"2":0,"3":0,"4":0,"5":0,"6":0,"7":0,"8":0,"9":0,"10":0,"11":0,"12":0,"13":0,"14":0,"15":0,"16":0,"17":0,"18":0,"19":0,"20":0,"21":0,"22":0,"23":0,"24":0,"25":0,"26":0,"27":0},"f":{"0":0,"1":0},"b":{"0":[0,0],"1":[0,0],"2":[0,0],"3":[0,0],"4":[0,0],"5":[0,0]}}
,"/Users/cjensen/personal/bitcoin/src/store/mutations.ts": {"path":"/Users/cjensen/personal/bitcoin/src/store/mutations.ts","statementMap":{"0":{"start":{"line":10,"column":4},"end":{"line":10,"column":26}},"1":{"start":{"line":13,"column":4},"end":{"line":13,"column":26}},"2":{"start":{"line":17,"column":4},"end":{"line":17,"column":27}},"3":{"start":{"line":21,"column":4},"end":{"line":21,"column":38}},"4":{"start":{"line":25,"column":4},"end":{"line":25,"column":41}},"5":{"start":{"line":29,"column":4},"end":{"line":29,"column":41}}},"fnMap":{"0":{"name":"(anonymous_0)","decl":{"start":{"line":9,"column":25},"end":{"line":9,"column":25}},"loc":{"start":{"line":9,"column":46},"end":{"line":11,"column":3}}},"1":{"name":"(anonymous_1)","decl":{"start":{"line":12,"column":2},"end":{"line":12,"column":24}},"loc":{"start":{"line":12,"column":30},"end":{"line":14,"column":3}}},"2":{"name":"(anonymous_2)","decl":{"start":{"line":16,"column":2},"end":{"line":16,"column":26}},"loc":{"start":{"line":16,"column":32},"end":{"line":18,"column":3}}},"3":{"name":"(anonymous_3)","decl":{"start":{"line":20,"column":2},"end":{"line":20,"column":36}},"loc":{"start":{"line":20,"column":54},"end":{"line":22,"column":3}}},"4":{"name":"(anonymous_4)","decl":{"start":{"line":24,"column":2},"end":{"line":24,"column":34}},"loc":{"start":{"line":24,"column":61},"end":{"line":26,"column":3}}},"5":{"name":"(anonymous_5)","decl":{"start":{"line":28,"column":2},"end":{"line":28,"column":34}},"loc":{"start":{"line":28,"column":61},"end":{"line":30,"column":3}}}},"branchMap":{},"s":{"0":2,"1":1,"2":1,"3":0,"4":0,"5":0},"f":{"0":2,"1":1,"2":1,"3":0,"4":0,"5":0},"b":{}}
,"/Users/cjensen/personal/bitcoin/src/store/types.ts": {"path":"/Users/cjensen/personal/bitcoin/src/store/types.ts","statementMap":{"0":{"start":{"line":1,"column":27},"end":{"line":1,"column":40}},"1":{"start":{"line":2,"column":29},"end":{"line":2,"column":44}},"2":{"start":{"line":3,"column":29},"end":{"line":3,"column":44}},"3":{"start":{"line":4,"column":31},"end":{"line":4,"column":48}},"4":{"start":{"line":5,"column":41},"end":{"line":5,"column":68}},"5":{"start":{"line":6,"column":39},"end":{"line":6,"column":64}},"6":{"start":{"line":7,"column":39},"end":{"line":7,"column":64}}},"fnMap":{},"branchMap":{},"s":{"0":1,"1":1,"2":1,"3":1,"4":1,"5":1,"6":1},"f":{},"b":{}}
}
