TN:
SF:/Users/cjensen/personal/bitcoin/module.ts
FN:13,(anonymous_6)
FNF:1
FNH:1
FNDA:5,(anonymous_6)
DA:13,1
DA:15,1
DA:16,1
LF:3
LH:3
BRF:0
BRH:0
end_of_record
TN:
SF:/Users/cjensen/personal/bitcoin/src/App.vue
FN:1,(anonymous_0)
FN:28,(anonymous_1)
FN:1126,_interopRequireDefault
FN:1128,(anonymous_3)
FN:1131,(anonymous_4)
FN:1135,(anonymous_5)
FN:1150,(anonymous_6)
FN:1155,__
FN:1164,(anonymous_8)
FN:1192,(anonymous_9)
FN:1197,App
FN:1222,render
FNF:12
FNH:0
FNDA:0,(anonymous_0)
FNDA:0,(anonymous_1)
FNDA:0,_interopRequireDefault
FNDA:0,(anonymous_3)
FNDA:0,(anonymous_4)
FNDA:0,(anonymous_5)
FNDA:0,(anonymous_6)
FNDA:0,__
FNDA:0,(anonymous_8)
FNDA:0,(anonymous_9)
FNDA:0,App
FNDA:0,render
DA:1,0
DA:4,0
DA:8,0
DA:10,0
DA:12,0
DA:14,0
DA:16,0
DA:18,0
DA:20,0
DA:22,0
DA:24,0
DA:26,0
DA:28,0
DA:29,0
DA:30,0
DA:31,0
DA:32,0
DA:33,0
DA:1096,0
DA:1098,0
DA:1099,0
DA:1102,0
DA:1103,0
DA:1106,0
DA:1108,0
DA:1110,0
DA:1112,0
DA:1114,0
DA:1116,0
DA:1118,0
DA:1120,0
DA:1122,0
DA:1124,0
DA:1126,0
DA:1128,0
DA:1129,0
DA:1131,0
DA:1132,0
DA:1133,0
DA:1134,0
DA:1136,0
DA:1137,0
DA:1138,0
DA:1139,0
DA:1140,0
DA:1141,0
DA:1142,0
DA:1143,0
DA:1145,0
DA:1149,0
DA:1150,0
DA:1151,0
DA:1152,0
DA:1154,0
DA:1156,0
DA:1157,0
DA:1158,0
DA:1160,0
DA:1161,0
DA:1164,0
DA:1165,0
DA:1167,0
DA:1168,0
DA:1170,0
DA:1171,0
DA:1172,0
DA:1173,0
DA:1174,0
DA:1176,0
DA:1177,0
DA:1178,0
DA:1179,0
DA:1180,0
DA:1181,0
DA:1182,0
DA:1183,0
DA:1185,0
DA:1188,0
DA:1189,0
DA:1192,0
DA:1193,0
DA:1194,0
DA:1196,0
DA:1198,0
DA:1199,0
DA:1201,0
DA:1203,0
DA:1204,0
DA:1205,0
DA:1206,0
DA:1214,0
DA:1215,0
DA:1217,0
DA:1220,0
DA:1221,0
DA:1222,0
DA:1223,0
LF:97
LH:0
BRDA:1096,0,0,0
BRDA:1096,0,1,0
BRDA:1098,1,0,0
BRDA:1098,1,1,0
BRDA:1098,2,0,0
BRDA:1098,2,1,0
BRDA:1126,3,0,0
BRDA:1126,3,1,0
BRDA:1126,4,0,0
BRDA:1126,4,1,0
BRDA:1128,5,0,0
BRDA:1128,5,1,0
BRDA:1128,5,2,0
BRDA:1131,6,0,0
BRDA:1131,6,1,0
BRDA:1131,6,2,0
BRDA:1131,6,3,0
BRDA:1140,7,0,0
BRDA:1140,7,1,0
BRDA:1161,8,0,0
BRDA:1161,8,1,0
BRDA:1164,9,0,0
BRDA:1164,9,1,0
BRDA:1164,9,2,0
BRDA:1168,10,0,0
BRDA:1168,10,1,0
BRDA:1168,11,0,0
BRDA:1168,11,1,0
BRDA:1171,12,0,0
BRDA:1171,12,1,0
BRDA:1171,13,0,0
BRDA:1171,13,1,0
BRDA:1171,14,0,0
BRDA:1171,14,1,0
BRDA:1180,15,0,0
BRDA:1180,15,1,0
BRDA:1183,16,0,0
BRDA:1183,16,1,0
BRDA:1183,17,0,0
BRDA:1183,17,1,0
BRDA:1183,18,0,0
BRDA:1183,18,1,0
BRDA:1189,19,0,0
BRDA:1189,19,1,0
BRDA:1189,19,2,0
BRDA:1201,20,0,0
BRDA:1201,20,1,0
BRDA:1201,20,2,0
BRDA:1220,21,0,0
BRDA:1220,21,1,0
BRDA:1221,22,0,0
BRDA:1221,22,1,0
BRDA:1222,23,0,0
BRDA:1222,23,1,0
BRDA:1222,24,0,0
BRDA:1222,24,1,0
BRF:56
BRH:0
end_of_record
TN:
SF:/Users/cjensen/personal/bitcoin/src/config.ts
FNF:0
FNH:0
DA:1,0
LF:1
LH:0
BRF:0
BRH:0
end_of_record
TN:
SF:/Users/cjensen/personal/bitcoin/src/main.ts
FN:3,_interopRequireDefault
FNF:1
FNH:0
FNDA:0,_interopRequireDefault
DA:1,0
DA:2,0
DA:3,0
DA:4,0
DA:6,0
LF:5
LH:0
BRDA:3,0,0,0
BRDA:3,0,1,0
BRDA:3,1,0,0
BRDA:3,1,1,0
BRF:4
BRH:0
end_of_record
TN:
SF:/Users/cjensen/personal/bitcoin/src/components/AppButton.vue
FN:13,(anonymous_9)
FNF:1
FNH:1
FNDA:5,(anonymous_9)
DA:10,1
DA:13,3
DA:15,1
DA:16,1
LF:4
LH:4
BRF:0
BRH:0
end_of_record
TN:
SF:/Users/cjensen/personal/bitcoin/src/components/AppLoading.vue
FN:1,(anonymous_0)
FN:28,(anonymous_1)
FN:1097,_interopRequireDefault
FN:1099,(anonymous_3)
FN:1102,(anonymous_4)
FN:1106,(anonymous_5)
FN:1121,(anonymous_6)
FN:1126,__
FN:1135,(anonymous_8)
FN:1163,(anonymous_9)
FN:1168,AppLoading
FN:1184,render
FNF:12
FNH:0
FNDA:0,(anonymous_0)
FNDA:0,(anonymous_1)
FNDA:0,_interopRequireDefault
FNDA:0,(anonymous_3)
FNDA:0,(anonymous_4)
FNDA:0,(anonymous_5)
FNDA:0,(anonymous_6)
FNDA:0,__
FNDA:0,(anonymous_8)
FNDA:0,(anonymous_9)
FNDA:0,AppLoading
FNDA:0,render
DA:1,0
DA:4,0
DA:8,0
DA:10,0
DA:12,0
DA:14,0
DA:16,0
DA:18,0
DA:20,0
DA:22,0
DA:24,0
DA:26,0
DA:28,0
DA:29,0
DA:30,0
DA:31,0
DA:32,0
DA:33,0
DA:1085,0
DA:1087,0
DA:1088,0
DA:1091,0
DA:1092,0
DA:1095,0
DA:1097,0
DA:1099,0
DA:1100,0
DA:1102,0
DA:1103,0
DA:1104,0
DA:1105,0
DA:1107,0
DA:1108,0
DA:1109,0
DA:1110,0
DA:1111,0
DA:1112,0
DA:1113,0
DA:1114,0
DA:1116,0
DA:1120,0
DA:1121,0
DA:1122,0
DA:1123,0
DA:1125,0
DA:1127,0
DA:1128,0
DA:1129,0
DA:1131,0
DA:1132,0
DA:1135,0
DA:1136,0
DA:1138,0
DA:1139,0
DA:1141,0
DA:1142,0
DA:1143,0
DA:1144,0
DA:1145,0
DA:1147,0
DA:1148,0
DA:1149,0
DA:1150,0
DA:1151,0
DA:1152,0
DA:1153,0
DA:1154,0
DA:1156,0
DA:1159,0
DA:1160,0
DA:1163,0
DA:1164,0
DA:1165,0
DA:1167,0
DA:1169,0
DA:1170,0
DA:1172,0
DA:1174,0
DA:1175,0
DA:1176,0
DA:1177,0
DA:1179,0
DA:1182,0
DA:1183,0
DA:1184,0
DA:1185,0
LF:86
LH:0
BRDA:1085,0,0,0
BRDA:1085,0,1,0
BRDA:1087,1,0,0
BRDA:1087,1,1,0
BRDA:1087,2,0,0
BRDA:1087,2,1,0
BRDA:1097,3,0,0
BRDA:1097,3,1,0
BRDA:1097,4,0,0
BRDA:1097,4,1,0
BRDA:1099,5,0,0
BRDA:1099,5,1,0
BRDA:1099,5,2,0
BRDA:1102,6,0,0
BRDA:1102,6,1,0
BRDA:1102,6,2,0
BRDA:1102,6,3,0
BRDA:1111,7,0,0
BRDA:1111,7,1,0
BRDA:1132,8,0,0
BRDA:1132,8,1,0
BRDA:1135,9,0,0
BRDA:1135,9,1,0
BRDA:1135,9,2,0
BRDA:1139,10,0,0
BRDA:1139,10,1,0
BRDA:1139,11,0,0
BRDA:1139,11,1,0
BRDA:1142,12,0,0
BRDA:1142,12,1,0
BRDA:1142,13,0,0
BRDA:1142,13,1,0
BRDA:1142,14,0,0
BRDA:1142,14,1,0
BRDA:1151,15,0,0
BRDA:1151,15,1,0
BRDA:1154,16,0,0
BRDA:1154,16,1,0
BRDA:1154,17,0,0
BRDA:1154,17,1,0
BRDA:1154,18,0,0
BRDA:1154,18,1,0
BRDA:1160,19,0,0
BRDA:1160,19,1,0
BRDA:1160,19,2,0
BRDA:1172,20,0,0
BRDA:1172,20,1,0
BRDA:1172,20,2,0
BRDA:1182,21,0,0
BRDA:1182,21,1,0
BRDA:1183,22,0,0
BRDA:1183,22,1,0
BRDA:1184,23,0,0
BRDA:1184,23,1,0
BRF:54
BRH:0
end_of_record
TN:
SF:/Users/cjensen/personal/bitcoin/src/components/TheForm.vue
FN:1,(anonymous_0)
FN:44,(anonymous_1)
FN:4393,_interopRequireDefault
FN:4395,(anonymous_3)
FN:4398,(anonymous_4)
FN:4402,(anonymous_5)
FN:4417,(anonymous_6)
FN:4422,__
FN:4431,(anonymous_8)
FN:4458,(anonymous_9)
FN:4462,(anonymous_10)
FN:4465,fulfilled
FN:4476,rejected
FN:4487,step
FN:4490,(anonymous_14)
FN:4500,(anonymous_15)
FN:4503,sent
FN:4520,(anonymous_17)
FN:4525,verb
FN:4528,(anonymous_19)
FN:4534,step
FN:4664,(anonymous_21)
FN:4669,TheForm
FN:4683,(anonymous_23)
FN:4690,(anonymous_24)
FN:4698,get
FN:4702,(anonymous_26)
FN:4714,get
FN:4731,get
FN:4735,(anonymous_29)
FN:4746,get
FN:4756,(anonymous_31)
FN:4760,(anonymous_32)
FN:4765,(anonymous_33)
FN:4829,(anonymous_34)
FN:4856,(anonymous_35)
FN:4889,render
FN:4889,(anonymous_37)
FN:4889,(anonymous_38)
FN:4889,(anonymous_39)
FN:4889,(anonymous_40)
FN:4889,(anonymous_41)
FN:4889,(anonymous_42)
FN:4889,(anonymous_43)
FN:4889,(anonymous_44)
FN:4889,(anonymous_45)
FN:4889,(anonymous_46)
FN:4889,(anonymous_47)
FNF:48
FNH:0
FNDA:0,(anonymous_0)
FNDA:0,(anonymous_1)
FNDA:0,_interopRequireDefault
FNDA:0,(anonymous_3)
FNDA:0,(anonymous_4)
FNDA:0,(anonymous_5)
FNDA:0,(anonymous_6)
FNDA:0,__
FNDA:0,(anonymous_8)
FNDA:0,(anonymous_9)
FNDA:0,(anonymous_10)
FNDA:0,fulfilled
FNDA:0,rejected
FNDA:0,step
FNDA:0,(anonymous_14)
FNDA:0,(anonymous_15)
FNDA:0,sent
FNDA:0,(anonymous_17)
FNDA:0,verb
FNDA:0,(anonymous_19)
FNDA:0,step
FNDA:0,(anonymous_21)
FNDA:0,TheForm
FNDA:0,(anonymous_23)
FNDA:0,(anonymous_24)
FNDA:0,get
FNDA:0,(anonymous_26)
FNDA:0,get
FNDA:0,get
FNDA:0,(anonymous_29)
FNDA:0,get
FNDA:0,(anonymous_31)
FNDA:0,(anonymous_32)
FNDA:0,(anonymous_33)
FNDA:0,(anonymous_34)
FNDA:0,(anonymous_35)
FNDA:0,render
FNDA:0,(anonymous_37)
FNDA:0,(anonymous_38)
FNDA:0,(anonymous_39)
FNDA:0,(anonymous_40)
FNDA:0,(anonymous_41)
FNDA:0,(anonymous_42)
FNDA:0,(anonymous_43)
FNDA:0,(anonymous_44)
FNDA:0,(anonymous_45)
FNDA:0,(anonymous_46)
FNDA:0,(anonymous_47)
DA:1,0
DA:4,0
DA:8,0
DA:10,0
DA:12,0
DA:14,0
DA:16,0
DA:18,0
DA:20,0
DA:22,0
DA:24,0
DA:26,0
DA:28,0
DA:30,0
DA:32,0
DA:34,0
DA:36,0
DA:38,0
DA:40,0
DA:42,0
DA:44,0
DA:45,0
DA:46,0
DA:47,0
DA:48,0
DA:49,0
DA:4361,0
DA:4363,0
DA:4364,0
DA:4367,0
DA:4368,0
DA:4371,0
DA:4373,0
DA:4375,0
DA:4377,0
DA:4379,0
DA:4381,0
DA:4383,0
DA:4385,0
DA:4387,0
DA:4389,0
DA:4391,0
DA:4393,0
DA:4395,0
DA:4396,0
DA:4398,0
DA:4399,0
DA:4400,0
DA:4401,0
DA:4403,0
DA:4404,0
DA:4405,0
DA:4406,0
DA:4407,0
DA:4408,0
DA:4409,0
DA:4410,0
DA:4412,0
DA:4416,0
DA:4417,0
DA:4418,0
DA:4419,0
DA:4421,0
DA:4423,0
DA:4424,0
DA:4425,0
DA:4427,0
DA:4428,0
DA:4431,0
DA:4432,0
DA:4434,0
DA:4435,0
DA:4437,0
DA:4438,0
DA:4439,0
DA:4440,0
DA:4441,0
DA:4443,0
DA:4444,0
DA:4445,0
DA:4446,0
DA:4447,0
DA:4448,0
DA:4449,0
DA:4450,0
DA:4452,0
DA:4455,0
DA:4456,0
DA:4458,0
DA:4459,0
DA:4460,0
DA:4462,0
DA:4463,0
DA:4466,0
DA:4467,0
DA:4468,0
DA:4469,0
DA:4470,0
DA:4472,0
DA:4473,0
DA:4477,0
DA:4478,0
DA:4479,0
DA:4480,0
DA:4481,0
DA:4483,0
DA:4484,0
DA:4488,0
DA:4489,0
DA:4490,0
DA:4491,0
DA:4492,0
DA:4493,0
DA:4496,0
DA:4497,0
DA:4500,0
DA:4501,0
DA:4503,0
DA:4504,0
DA:4505,0
DA:4506,0
DA:4507,0
DA:4508,0
DA:4509,0
DA:4511,0
DA:4512,0
DA:4513,0
DA:4519,0
DA:4520,0
DA:4521,0
DA:4522,0
DA:4523,0
DA:4526,0
DA:4527,0
DA:4528,0
DA:4529,0
DA:4530,0
DA:4531,0
DA:4535,0
DA:4536,0
DA:4538,0
DA:4539,0
DA:4540,0
DA:4541,0
DA:4543,0
DA:4544,0
DA:4545,0
DA:4546,0
DA:4547,0
DA:4548,0
DA:4550,0
DA:4551,0
DA:4552,0
DA:4553,0
DA:4555,0
DA:4556,0
DA:4557,0
DA:4558,0
DA:4559,0
DA:4560,0
DA:4562,0
DA:4563,0
DA:4564,0
DA:4566,0
DA:4568,0
DA:4569,0
DA:4570,0
DA:4571,0
DA:4573,0
DA:4574,0
DA:4575,0
DA:4576,0
DA:4578,0
DA:4579,0
DA:4580,0
DA:4581,0
DA:4582,0
DA:4583,0
DA:4585,0
DA:4586,0
DA:4587,0
DA:4588,0
DA:4589,0
DA:4591,0
DA:4592,0
DA:4594,0
DA:4595,0
DA:4596,0
DA:4597,0
DA:4598,0
DA:4600,0
DA:4602,0
DA:4603,0
DA:4604,0
DA:4605,0
DA:4606,0
DA:4607,0
DA:4609,0
DA:4611,0
DA:4612,0
DA:4613,0
DA:4614,0
DA:4615,0
DA:4616,0
DA:4617,0
DA:4619,0
DA:4621,0
DA:4622,0
DA:4623,0
DA:4624,0
DA:4625,0
DA:4626,0
DA:4627,0
DA:4629,0
DA:4631,0
DA:4632,0
DA:4633,0
DA:4634,0
DA:4635,0
DA:4637,0
DA:4638,0
DA:4639,0
DA:4640,0
DA:4642,0
DA:4643,0
DA:4645,0
DA:4646,0
DA:4647,0
DA:4649,0
DA:4650,0
DA:4652,0
DA:4653,0
DA:4654,0
DA:4655,0
DA:4656,0
DA:4658,0
DA:4659,0
DA:4660,0
DA:4664,0
DA:4665,0
DA:4666,0
DA:4668,0
DA:4670,0
DA:4672,0
DA:4673,0
DA:4674,0
DA:4675,0
DA:4676,0
DA:4677,0
DA:4678,0
DA:4679,0
DA:4680,0
DA:4682,0
DA:4683,0
DA:4684,0
DA:4685,0
DA:4687,0
DA:4689,0
DA:4690,0
DA:4691,0
DA:4692,0
DA:4694,0
DA:4696,0
DA:4697,0
DA:4699,0
DA:4700,0
DA:4702,0
DA:4703,0
DA:4704,0
DA:4706,0
DA:4712,0
DA:4713,0
DA:4715,0
DA:4717,0
DA:4718,0
DA:4719,0
DA:4720,0
DA:4721,0
DA:4729,0
DA:4730,0
DA:4732,0
DA:4733,0
DA:4735,0
DA:4736,0
DA:4737,0
DA:4738,0
DA:4744,0
DA:4745,0
DA:4747,0
DA:4748,0
DA:4750,0
DA:4755,0
DA:4756,0
DA:4757,0
DA:4758,0
DA:4760,0
DA:4761,0
DA:4764,0
DA:4765,0
DA:4766,0
DA:4767,0
DA:4769,0
DA:4771,0
DA:4772,0
DA:4774,0
DA:4775,0
DA:4776,0
DA:4778,0
DA:4780,0
DA:4782,0
DA:4783,0
DA:4784,0
DA:4785,0
DA:4786,0
DA:4787,0
DA:4789,0
DA:4790,0
DA:4792,0
DA:4793,0
DA:4794,0
DA:4796,0
DA:4797,0
DA:4799,0
DA:4800,0
DA:4801,0
DA:4802,0
DA:4803,0
DA:4805,0
DA:4806,0
DA:4808,0
DA:4809,0
DA:4810,0
DA:4811,0
DA:4812,0
DA:4814,0
DA:4815,0
DA:4817,0
DA:4818,0
DA:4819,0
DA:4821,0
DA:4822,0
DA:4823,0
DA:4828,0
DA:4829,0
DA:4830,0
DA:4832,0
DA:4833,0
DA:4834,0
DA:4835,0
DA:4836,0
DA:4837,0
DA:4838,0
DA:4839,0
DA:4841,0
DA:4843,0
DA:4845,0
DA:4846,0
DA:4847,0
DA:4848,0
DA:4850,0
DA:4852,0
DA:4855,0
DA:4856,0
DA:4857,0
DA:4858,0
DA:4860,0
DA:4862,0
DA:4863,0
DA:4864,0
DA:4865,0
DA:4866,0
DA:4867,0
DA:4868,0
DA:4869,0
DA:4870,0
DA:4871,0
DA:4872,0
DA:4873,0
DA:4874,0
DA:4875,0
DA:4881,0
DA:4882,0
DA:4884,0
DA:4887,0
DA:4888,0
DA:4889,0
DA:4892,0
LF:387
LH:0
BRDA:4361,0,0,0
BRDA:4361,0,1,0
BRDA:4363,1,0,0
BRDA:4363,1,1,0
BRDA:4363,2,0,0
BRDA:4363,2,1,0
BRDA:4393,3,0,0
BRDA:4393,3,1,0
BRDA:4393,4,0,0
BRDA:4393,4,1,0
BRDA:4395,5,0,0
BRDA:4395,5,1,0
BRDA:4395,5,2,0
BRDA:4398,6,0,0
BRDA:4398,6,1,0
BRDA:4398,6,2,0
BRDA:4398,6,3,0
BRDA:4407,7,0,0
BRDA:4407,7,1,0
BRDA:4428,8,0,0
BRDA:4428,8,1,0
BRDA:4431,9,0,0
BRDA:4431,9,1,0
BRDA:4431,9,2,0
BRDA:4435,10,0,0
BRDA:4435,10,1,0
BRDA:4435,11,0,0
BRDA:4435,11,1,0
BRDA:4438,12,0,0
BRDA:4438,12,1,0
BRDA:4438,13,0,0
BRDA:4438,13,1,0
BRDA:4438,14,0,0
BRDA:4438,14,1,0
BRDA:4447,15,0,0
BRDA:4447,15,1,0
BRDA:4450,16,0,0
BRDA:4450,16,1,0
BRDA:4450,17,0,0
BRDA:4450,17,1,0
BRDA:4450,18,0,0
BRDA:4450,18,1,0
BRDA:4456,19,0,0
BRDA:4456,19,1,0
BRDA:4456,19,2,0
BRDA:4458,20,0,0
BRDA:4458,20,1,0
BRDA:4458,20,2,0
BRDA:4462,21,0,0
BRDA:4462,21,1,0
BRDA:4490,22,0,0
BRDA:4490,22,1,0
BRDA:4497,23,0,0
BRDA:4497,23,1,0
BRDA:4500,24,0,0
BRDA:4500,24,1,0
BRDA:4500,24,2,0
BRDA:4506,25,0,0
BRDA:4506,25,1,0
BRDA:4520,26,0,0
BRDA:4520,26,1,0
BRDA:4538,27,0,0
BRDA:4538,27,1,0
BRDA:4550,28,0,0
BRDA:4550,28,1,0
BRDA:4550,29,0,0
BRDA:4550,29,1,0
BRDA:4550,29,2,0
BRDA:4550,30,0,0
BRDA:4550,30,1,0
BRDA:4550,31,0,0
BRDA:4550,31,1,0
BRDA:4557,32,0,0
BRDA:4557,32,1,0
BRDA:4564,33,0,0
BRDA:4564,33,1,0
BRDA:4564,33,2,0
BRDA:4564,33,3,0
BRDA:4564,33,4,0
BRDA:4564,33,5,0
BRDA:4594,34,0,0
BRDA:4594,34,1,0
BRDA:4594,35,0,0
BRDA:4594,35,1,0
BRDA:4594,35,2,0
BRDA:4594,36,0,0
BRDA:4594,36,1,0
BRDA:4603,37,0,0
BRDA:4603,37,1,0
BRDA:4603,38,0,0
BRDA:4603,38,1,0
BRDA:4603,38,2,0
BRDA:4603,38,3,0
BRDA:4612,39,0,0
BRDA:4612,39,1,0
BRDA:4612,40,0,0
BRDA:4612,40,1,0
BRDA:4622,41,0,0
BRDA:4622,41,1,0
BRDA:4622,42,0,0
BRDA:4622,42,1,0
BRDA:4632,43,0,0
BRDA:4632,43,1,0
BRDA:4653,44,0,0
BRDA:4653,44,1,0
BRDA:4660,45,0,0
BRDA:4660,45,1,0
BRDA:4672,46,0,0
BRDA:4672,46,1,0
BRDA:4672,46,2,0
BRDA:4706,47,0,0
BRDA:4706,47,1,0
BRDA:4718,48,0,0
BRDA:4718,48,1,0
BRDA:4719,49,0,0
BRDA:4719,49,1,0
BRDA:4769,50,0,0
BRDA:4769,50,1,0
BRDA:4769,50,2,0
BRDA:4769,50,3,0
BRDA:4769,50,4,0
BRDA:4769,50,5,0
BRDA:4774,51,0,0
BRDA:4774,51,1,0
BRDA:4774,52,0,0
BRDA:4774,52,1,0
BRDA:4837,53,0,0
BRDA:4837,53,1,0
BRDA:4846,54,0,0
BRDA:4846,54,1,0
BRDA:4887,55,0,0
BRDA:4887,55,1,0
BRDA:4888,56,0,0
BRDA:4888,56,1,0
BRDA:4889,57,0,0
BRDA:4889,57,1,0
BRDA:4889,58,0,0
BRDA:4889,58,1,0
BRDA:4889,59,0,0
BRDA:4889,59,1,0
BRDA:4889,60,0,0
BRDA:4889,60,1,0
BRDA:4889,61,0,0
BRDA:4889,61,1,0
BRDA:4889,62,0,0
BRDA:4889,62,1,0
BRDA:4889,63,0,0
BRDA:4889,63,1,0
BRDA:4889,64,0,0
BRDA:4889,64,1,0
BRDA:4889,65,0,0
BRDA:4889,65,1,0
BRF:152
BRH:0
end_of_record
TN:
SF:/Users/cjensen/personal/bitcoin/src/components/TheHeader.vue
FN:1,(anonymous_0)
FN:28,(anonymous_1)
FN:1097,_interopRequireDefault
FN:1099,(anonymous_3)
FN:1102,(anonymous_4)
FN:1106,(anonymous_5)
FN:1121,(anonymous_6)
FN:1126,__
FN:1135,(anonymous_8)
FN:1163,(anonymous_9)
FN:1168,TheHeader
FN:1184,render
FNF:12
FNH:0
FNDA:0,(anonymous_0)
FNDA:0,(anonymous_1)
FNDA:0,_interopRequireDefault
FNDA:0,(anonymous_3)
FNDA:0,(anonymous_4)
FNDA:0,(anonymous_5)
FNDA:0,(anonymous_6)
FNDA:0,__
FNDA:0,(anonymous_8)
FNDA:0,(anonymous_9)
FNDA:0,TheHeader
FNDA:0,render
DA:1,0
DA:4,0
DA:8,0
DA:10,0
DA:12,0
DA:14,0
DA:16,0
DA:18,0
DA:20,0
DA:22,0
DA:24,0
DA:26,0
DA:28,0
DA:29,0
DA:30,0
DA:31,0
DA:32,0
DA:33,0
DA:1085,0
DA:1087,0
DA:1088,0
DA:1091,0
DA:1092,0
DA:1095,0
DA:1097,0
DA:1099,0
DA:1100,0
DA:1102,0
DA:1103,0
DA:1104,0
DA:1105,0
DA:1107,0
DA:1108,0
DA:1109,0
DA:1110,0
DA:1111,0
DA:1112,0
DA:1113,0
DA:1114,0
DA:1116,0
DA:1120,0
DA:1121,0
DA:1122,0
DA:1123,0
DA:1125,0
DA:1127,0
DA:1128,0
DA:1129,0
DA:1131,0
DA:1132,0
DA:1135,0
DA:1136,0
DA:1138,0
DA:1139,0
DA:1141,0
DA:1142,0
DA:1143,0
DA:1144,0
DA:1145,0
DA:1147,0
DA:1148,0
DA:1149,0
DA:1150,0
DA:1151,0
DA:1152,0
DA:1153,0
DA:1154,0
DA:1156,0
DA:1159,0
DA:1160,0
DA:1163,0
DA:1164,0
DA:1165,0
DA:1167,0
DA:1169,0
DA:1170,0
DA:1172,0
DA:1174,0
DA:1175,0
DA:1176,0
DA:1177,0
DA:1179,0
DA:1182,0
DA:1183,0
DA:1184,0
DA:1185,0
LF:86
LH:0
BRDA:1085,0,0,0
BRDA:1085,0,1,0
BRDA:1087,1,0,0
BRDA:1087,1,1,0
BRDA:1087,2,0,0
BRDA:1087,2,1,0
BRDA:1097,3,0,0
BRDA:1097,3,1,0
BRDA:1097,4,0,0
BRDA:1097,4,1,0
BRDA:1099,5,0,0
BRDA:1099,5,1,0
BRDA:1099,5,2,0
BRDA:1102,6,0,0
BRDA:1102,6,1,0
BRDA:1102,6,2,0
BRDA:1102,6,3,0
BRDA:1111,7,0,0
BRDA:1111,7,1,0
BRDA:1132,8,0,0
BRDA:1132,8,1,0
BRDA:1135,9,0,0
BRDA:1135,9,1,0
BRDA:1135,9,2,0
BRDA:1139,10,0,0
BRDA:1139,10,1,0
BRDA:1139,11,0,0
BRDA:1139,11,1,0
BRDA:1142,12,0,0
BRDA:1142,12,1,0
BRDA:1142,13,0,0
BRDA:1142,13,1,0
BRDA:1142,14,0,0
BRDA:1142,14,1,0
BRDA:1151,15,0,0
BRDA:1151,15,1,0
BRDA:1154,16,0,0
BRDA:1154,16,1,0
BRDA:1154,17,0,0
BRDA:1154,17,1,0
BRDA:1154,18,0,0
BRDA:1154,18,1,0
BRDA:1160,19,0,0
BRDA:1160,19,1,0
BRDA:1160,19,2,0
BRDA:1172,20,0,0
BRDA:1172,20,1,0
BRDA:1172,20,2,0
BRDA:1182,21,0,0
BRDA:1182,21,1,0
BRDA:1183,22,0,0
BRDA:1183,22,1,0
BRDA:1184,23,0,0
BRDA:1184,23,1,0
BRF:54
BRH:0
end_of_record
TN:
SF:/Users/cjensen/personal/bitcoin/src/components/ThePrice.vue
FN:1,(anonymous_0)
FN:28,(anonymous_1)
FN:1442,_interopRequireDefault
FN:1444,(anonymous_3)
FN:1447,(anonymous_4)
FN:1451,(anonymous_5)
FN:1466,(anonymous_6)
FN:1471,__
FN:1480,(anonymous_8)
FN:1509,(anonymous_9)
FN:1514,ThePrice
FN:1521,(anonymous_11)
FN:1531,get
FN:1535,(anonymous_13)
FN:1553,get
FN:1563,(anonymous_15)
FN:1586,render
FNF:17
FNH:0
FNDA:0,(anonymous_0)
FNDA:0,(anonymous_1)
FNDA:0,_interopRequireDefault
FNDA:0,(anonymous_3)
FNDA:0,(anonymous_4)
FNDA:0,(anonymous_5)
FNDA:0,(anonymous_6)
FNDA:0,__
FNDA:0,(anonymous_8)
FNDA:0,(anonymous_9)
FNDA:0,ThePrice
FNDA:0,(anonymous_11)
FNDA:0,get
FNDA:0,(anonymous_13)
FNDA:0,get
FNDA:0,(anonymous_15)
FNDA:0,render
DA:1,0
DA:4,0
DA:8,0
DA:10,0
DA:12,0
DA:14,0
DA:16,0
DA:18,0
DA:20,0
DA:22,0
DA:24,0
DA:26,0
DA:28,0
DA:29,0
DA:30,0
DA:31,0
DA:32,0
DA:33,0
DA:1420,0
DA:1422,0
DA:1423,0
DA:1426,0
DA:1427,0
DA:1430,0
DA:1432,0
DA:1434,0
DA:1436,0
DA:1438,0
DA:1440,0
DA:1442,0
DA:1444,0
DA:1445,0
DA:1447,0
DA:1448,0
DA:1449,0
DA:1450,0
DA:1452,0
DA:1453,0
DA:1454,0
DA:1455,0
DA:1456,0
DA:1457,0
DA:1458,0
DA:1459,0
DA:1461,0
DA:1465,0
DA:1466,0
DA:1467,0
DA:1468,0
DA:1470,0
DA:1472,0
DA:1473,0
DA:1474,0
DA:1476,0
DA:1477,0
DA:1480,0
DA:1481,0
DA:1483,0
DA:1484,0
DA:1486,0
DA:1487,0
DA:1488,0
DA:1489,0
DA:1490,0
DA:1492,0
DA:1493,0
DA:1494,0
DA:1495,0
DA:1496,0
DA:1497,0
DA:1498,0
DA:1499,0
DA:1501,0
DA:1504,0
DA:1505,0
DA:1508,0
DA:1509,0
DA:1510,0
DA:1511,0
DA:1513,0
DA:1515,0
DA:1516,0
DA:1518,0
DA:1520,0
DA:1521,0
DA:1522,0
DA:1523,0
DA:1525,0
DA:1526,0
DA:1527,0
DA:1529,0
DA:1530,0
DA:1532,0
DA:1534,0
DA:1535,0
DA:1536,0
DA:1537,0
DA:1538,0
DA:1540,0
DA:1541,0
DA:1542,0
DA:1543,0
DA:1551,0
DA:1552,0
DA:1554,0
DA:1555,0
DA:1557,0
DA:1562,0
DA:1563,0
DA:1564,0
DA:1565,0
DA:1567,0
DA:1569,0
DA:1570,0
DA:1571,0
DA:1572,0
DA:1578,0
DA:1579,0
DA:1581,0
DA:1584,0
DA:1585,0
DA:1586,0
DA:1587,0
LF:123
LH:0
BRDA:1420,0,0,0
BRDA:1420,0,1,0
BRDA:1422,1,0,0
BRDA:1422,1,1,0
BRDA:1422,2,0,0
BRDA:1422,2,1,0
BRDA:1442,3,0,0
BRDA:1442,3,1,0
BRDA:1442,4,0,0
BRDA:1442,4,1,0
BRDA:1444,5,0,0
BRDA:1444,5,1,0
BRDA:1444,5,2,0
BRDA:1447,6,0,0
BRDA:1447,6,1,0
BRDA:1447,6,2,0
BRDA:1447,6,3,0
BRDA:1456,7,0,0
BRDA:1456,7,1,0
BRDA:1477,8,0,0
BRDA:1477,8,1,0
BRDA:1480,9,0,0
BRDA:1480,9,1,0
BRDA:1480,9,2,0
BRDA:1484,10,0,0
BRDA:1484,10,1,0
BRDA:1484,11,0,0
BRDA:1484,11,1,0
BRDA:1487,12,0,0
BRDA:1487,12,1,0
BRDA:1487,13,0,0
BRDA:1487,13,1,0
BRDA:1487,14,0,0
BRDA:1487,14,1,0
BRDA:1496,15,0,0
BRDA:1496,15,1,0
BRDA:1499,16,0,0
BRDA:1499,16,1,0
BRDA:1499,17,0,0
BRDA:1499,17,1,0
BRDA:1499,18,0,0
BRDA:1499,18,1,0
BRDA:1505,19,0,0
BRDA:1505,19,1,0
BRDA:1505,19,2,0
BRDA:1518,20,0,0
BRDA:1518,20,1,0
BRDA:1518,20,2,0
BRDA:1544,21,0,0
BRDA:1544,21,1,0
BRDA:1584,22,0,0
BRDA:1584,22,1,0
BRDA:1585,23,0,0
BRDA:1585,23,1,0
BRDA:1586,24,0,0
BRDA:1586,24,1,0
BRDA:1586,25,0,0
BRDA:1586,25,1,0
BRDA:1586,26,0,0
BRDA:1586,26,1,0
BRF:60
BRH:0
end_of_record
TN:
SF:/Users/cjensen/personal/bitcoin/src/components/ThePriceChart.vue
FN:1,(anonymous_0)
FN:44,(anonymous_1)
FN:3485,_interopRequireDefault
FN:3487,(anonymous_3)
FN:3490,(anonymous_4)
FN:3494,(anonymous_5)
FN:3509,(anonymous_6)
FN:3514,__
FN:3523,(anonymous_8)
FN:3550,(anonymous_9)
FN:3554,(anonymous_10)
FN:3557,fulfilled
FN:3568,rejected
FN:3579,step
FN:3582,(anonymous_14)
FN:3592,(anonymous_15)
FN:3595,sent
FN:3612,(anonymous_17)
FN:3617,verb
FN:3620,(anonymous_19)
FN:3626,step
FN:3773,(anonymous_21)
FN:3778,ThePriceExtends
FN:3788,(anonymous_23)
FN:3792,(anonymous_24)
FN:3796,(anonymous_25)
FN:3827,get
FN:3837,(anonymous_27)
FN:3859,render
FNF:29
FNH:0
FNDA:0,(anonymous_0)
FNDA:0,(anonymous_1)
FNDA:0,_interopRequireDefault
FNDA:0,(anonymous_3)
FNDA:0,(anonymous_4)
FNDA:0,(anonymous_5)
FNDA:0,(anonymous_6)
FNDA:0,__
FNDA:0,(anonymous_8)
FNDA:0,(anonymous_9)
FNDA:0,(anonymous_10)
FNDA:0,fulfilled
FNDA:0,rejected
FNDA:0,step
FNDA:0,(anonymous_14)
FNDA:0,(anonymous_15)
FNDA:0,sent
FNDA:0,(anonymous_17)
FNDA:0,verb
FNDA:0,(anonymous_19)
FNDA:0,step
FNDA:0,(anonymous_21)
FNDA:0,ThePriceExtends
FNDA:0,(anonymous_23)
FNDA:0,(anonymous_24)
FNDA:0,(anonymous_25)
FNDA:0,get
FNDA:0,(anonymous_27)
FNDA:0,render
DA:1,0
DA:4,0
DA:8,0
DA:10,0
DA:12,0
DA:14,0
DA:16,0
DA:18,0
DA:20,0
DA:22,0
DA:24,0
DA:26,0
DA:28,0
DA:30,0
DA:32,0
DA:34,0
DA:36,0
DA:38,0
DA:40,0
DA:42,0
DA:44,0
DA:45,0
DA:46,0
DA:47,0
DA:48,0
DA:49,0
DA:3467,0
DA:3469,0
DA:3470,0
DA:3473,0
DA:3474,0
DA:3477,0
DA:3479,0
DA:3481,0
DA:3483,0
DA:3485,0
DA:3487,0
DA:3488,0
DA:3490,0
DA:3491,0
DA:3492,0
DA:3493,0
DA:3495,0
DA:3496,0
DA:3497,0
DA:3498,0
DA:3499,0
DA:3500,0
DA:3501,0
DA:3502,0
DA:3504,0
DA:3508,0
DA:3509,0
DA:3510,0
DA:3511,0
DA:3513,0
DA:3515,0
DA:3516,0
DA:3517,0
DA:3519,0
DA:3520,0
DA:3523,0
DA:3524,0
DA:3526,0
DA:3527,0
DA:3529,0
DA:3530,0
DA:3531,0
DA:3532,0
DA:3533,0
DA:3535,0
DA:3536,0
DA:3537,0
DA:3538,0
DA:3539,0
DA:3540,0
DA:3541,0
DA:3542,0
DA:3544,0
DA:3547,0
DA:3548,0
DA:3550,0
DA:3551,0
DA:3552,0
DA:3554,0
DA:3555,0
DA:3558,0
DA:3559,0
DA:3560,0
DA:3561,0
DA:3562,0
DA:3564,0
DA:3565,0
DA:3569,0
DA:3570,0
DA:3571,0
DA:3572,0
DA:3573,0
DA:3575,0
DA:3576,0
DA:3580,0
DA:3581,0
DA:3582,0
DA:3583,0
DA:3584,0
DA:3585,0
DA:3588,0
DA:3589,0
DA:3592,0
DA:3593,0
DA:3595,0
DA:3596,0
DA:3597,0
DA:3598,0
DA:3599,0
DA:3600,0
DA:3601,0
DA:3603,0
DA:3604,0
DA:3605,0
DA:3611,0
DA:3612,0
DA:3613,0
DA:3614,0
DA:3615,0
DA:3618,0
DA:3619,0
DA:3620,0
DA:3621,0
DA:3622,0
DA:3623,0
DA:3627,0
DA:3628,0
DA:3630,0
DA:3631,0
DA:3632,0
DA:3633,0
DA:3635,0
DA:3636,0
DA:3637,0
DA:3638,0
DA:3639,0
DA:3640,0
DA:3642,0
DA:3643,0
DA:3644,0
DA:3645,0
DA:3647,0
DA:3648,0
DA:3649,0
DA:3650,0
DA:3651,0
DA:3652,0
DA:3654,0
DA:3655,0
DA:3656,0
DA:3658,0
DA:3660,0
DA:3661,0
DA:3662,0
DA:3663,0
DA:3665,0
DA:3666,0
DA:3667,0
DA:3668,0
DA:3670,0
DA:3671,0
DA:3672,0
DA:3673,0
DA:3674,0
DA:3675,0
DA:3677,0
DA:3678,0
DA:3679,0
DA:3680,0
DA:3681,0
DA:3683,0
DA:3684,0
DA:3686,0
DA:3687,0
DA:3688,0
DA:3689,0
DA:3690,0
DA:3692,0
DA:3694,0
DA:3695,0
DA:3696,0
DA:3697,0
DA:3698,0
DA:3699,0
DA:3701,0
DA:3703,0
DA:3704,0
DA:3705,0
DA:3706,0
DA:3707,0
DA:3708,0
DA:3709,0
DA:3711,0
DA:3713,0
DA:3714,0
DA:3715,0
DA:3716,0
DA:3717,0
DA:3718,0
DA:3719,0
DA:3721,0
DA:3723,0
DA:3724,0
DA:3725,0
DA:3726,0
DA:3727,0
DA:3729,0
DA:3730,0
DA:3731,0
DA:3732,0
DA:3734,0
DA:3735,0
DA:3737,0
DA:3738,0
DA:3739,0
DA:3741,0
DA:3742,0
DA:3744,0
DA:3745,0
DA:3746,0
DA:3747,0
DA:3748,0
DA:3750,0
DA:3751,0
DA:3752,0
DA:3756,0
DA:3773,0
DA:3774,0
DA:3775,0
DA:3777,0
DA:3779,0
DA:3781,0
DA:3782,0
DA:3783,0
DA:3784,0
DA:3785,0
DA:3787,0
DA:3788,0
DA:3789,0
DA:3790,0
DA:3792,0
DA:3793,0
DA:3794,0
DA:3796,0
DA:3797,0
DA:3798,0
DA:3800,0
DA:3802,0
DA:3803,0
DA:3804,0
DA:3806,0
DA:3807,0
DA:3809,0
DA:3810,0
DA:3811,0
DA:3813,0
DA:3814,0
DA:3816,0
DA:3817,0
DA:3818,0
DA:3819,0
DA:3820,0
DA:3825,0
DA:3826,0
DA:3828,0
DA:3829,0
DA:3831,0
DA:3836,0
DA:3837,0
DA:3838,0
DA:3839,0
DA:3841,0
DA:3845,0
DA:3846,0
DA:3847,0
DA:3848,0
DA:3849,0
DA:3850,0
DA:3851,0
DA:3852,0
DA:3854,0
DA:3857,0
DA:3858,0
DA:3859,0
DA:3860,0
LF:291
LH:0
BRDA:3467,0,0,0
BRDA:3467,0,1,0
BRDA:3469,1,0,0
BRDA:3469,1,1,0
BRDA:3469,2,0,0
BRDA:3469,2,1,0
BRDA:3485,3,0,0
BRDA:3485,3,1,0
BRDA:3485,4,0,0
BRDA:3485,4,1,0
BRDA:3487,5,0,0
BRDA:3487,5,1,0
BRDA:3487,5,2,0
BRDA:3490,6,0,0
BRDA:3490,6,1,0
BRDA:3490,6,2,0
BRDA:3490,6,3,0
BRDA:3499,7,0,0
BRDA:3499,7,1,0
BRDA:3520,8,0,0
BRDA:3520,8,1,0
BRDA:3523,9,0,0
BRDA:3523,9,1,0
BRDA:3523,9,2,0
BRDA:3527,10,0,0
BRDA:3527,10,1,0
BRDA:3527,11,0,0
BRDA:3527,11,1,0
BRDA:3530,12,0,0
BRDA:3530,12,1,0
BRDA:3530,13,0,0
BRDA:3530,13,1,0
BRDA:3530,14,0,0
BRDA:3530,14,1,0
BRDA:3539,15,0,0
BRDA:3539,15,1,0
BRDA:3542,16,0,0
BRDA:3542,16,1,0
BRDA:3542,17,0,0
BRDA:3542,17,1,0
BRDA:3542,18,0,0
BRDA:3542,18,1,0
BRDA:3548,19,0,0
BRDA:3548,19,1,0
BRDA:3548,19,2,0
BRDA:3550,20,0,0
BRDA:3550,20,1,0
BRDA:3550,20,2,0
BRDA:3554,21,0,0
BRDA:3554,21,1,0
BRDA:3582,22,0,0
BRDA:3582,22,1,0
BRDA:3589,23,0,0
BRDA:3589,23,1,0
BRDA:3592,24,0,0
BRDA:3592,24,1,0
BRDA:3592,24,2,0
BRDA:3598,25,0,0
BRDA:3598,25,1,0
BRDA:3612,26,0,0
BRDA:3612,26,1,0
BRDA:3630,27,0,0
BRDA:3630,27,1,0
BRDA:3642,28,0,0
BRDA:3642,28,1,0
BRDA:3642,29,0,0
BRDA:3642,29,1,0
BRDA:3642,29,2,0
BRDA:3642,30,0,0
BRDA:3642,30,1,0
BRDA:3642,31,0,0
BRDA:3642,31,1,0
BRDA:3649,32,0,0
BRDA:3649,32,1,0
BRDA:3656,33,0,0
BRDA:3656,33,1,0
BRDA:3656,33,2,0
BRDA:3656,33,3,0
BRDA:3656,33,4,0
BRDA:3656,33,5,0
BRDA:3686,34,0,0
BRDA:3686,34,1,0
BRDA:3686,35,0,0
BRDA:3686,35,1,0
BRDA:3686,35,2,0
BRDA:3686,36,0,0
BRDA:3686,36,1,0
BRDA:3695,37,0,0
BRDA:3695,37,1,0
BRDA:3695,38,0,0
BRDA:3695,38,1,0
BRDA:3695,38,2,0
BRDA:3695,38,3,0
BRDA:3704,39,0,0
BRDA:3704,39,1,0
BRDA:3704,40,0,0
BRDA:3704,40,1,0
BRDA:3714,41,0,0
BRDA:3714,41,1,0
BRDA:3714,42,0,0
BRDA:3714,42,1,0
BRDA:3724,43,0,0
BRDA:3724,43,1,0
BRDA:3745,44,0,0
BRDA:3745,44,1,0
BRDA:3752,45,0,0
BRDA:3752,45,1,0
BRDA:3781,46,0,0
BRDA:3781,46,1,0
BRDA:3781,46,2,0
BRDA:3800,47,0,0
BRDA:3800,47,1,0
BRDA:3800,47,2,0
BRDA:3857,48,0,0
BRDA:3857,48,1,0
BRDA:3858,49,0,0
BRDA:3858,49,1,0
BRDA:3859,50,0,0
BRDA:3859,50,1,0
BRF:119
BRH:0
end_of_record
TN:
SF:/Users/cjensen/personal/bitcoin/src/components/TheSubmitted.vue
FN:1,(anonymous_0)
FN:28,(anonymous_1)
FN:1157,_interopRequireDefault
FN:1159,(anonymous_3)
FN:1162,(anonymous_4)
FN:1166,(anonymous_5)
FN:1181,(anonymous_6)
FN:1186,__
FN:1195,(anonymous_8)
FN:1223,(anonymous_9)
FN:1228,TheSubmitted
FN:1235,(anonymous_11)
FN:1253,render
FN:1253,(anonymous_13)
FNF:14
FNH:0
FNDA:0,(anonymous_0)
FNDA:0,(anonymous_1)
FNDA:0,_interopRequireDefault
FNDA:0,(anonymous_3)
FNDA:0,(anonymous_4)
FNDA:0,(anonymous_5)
FNDA:0,(anonymous_6)
FNDA:0,__
FNDA:0,(anonymous_8)
FNDA:0,(anonymous_9)
FNDA:0,TheSubmitted
FNDA:0,(anonymous_11)
FNDA:0,render
FNDA:0,(anonymous_13)
DA:1,0
DA:4,0
DA:8,0
DA:10,0
DA:12,0
DA:14,0
DA:16,0
DA:18,0
DA:20,0
DA:22,0
DA:24,0
DA:26,0
DA:28,0
DA:29,0
DA:30,0
DA:31,0
DA:32,0
DA:33,0
DA:1143,0
DA:1145,0
DA:1146,0
DA:1149,0
DA:1150,0
DA:1153,0
DA:1155,0
DA:1157,0
DA:1159,0
DA:1160,0
DA:1162,0
DA:1163,0
DA:1164,0
DA:1165,0
DA:1167,0
DA:1168,0
DA:1169,0
DA:1170,0
DA:1171,0
DA:1172,0
DA:1173,0
DA:1174,0
DA:1176,0
DA:1180,0
DA:1181,0
DA:1182,0
DA:1183,0
DA:1185,0
DA:1187,0
DA:1188,0
DA:1189,0
DA:1191,0
DA:1192,0
DA:1195,0
DA:1196,0
DA:1198,0
DA:1199,0
DA:1201,0
DA:1202,0
DA:1203,0
DA:1204,0
DA:1205,0
DA:1207,0
DA:1208,0
DA:1209,0
DA:1210,0
DA:1211,0
DA:1212,0
DA:1213,0
DA:1214,0
DA:1216,0
DA:1219,0
DA:1220,0
DA:1223,0
DA:1224,0
DA:1225,0
DA:1227,0
DA:1229,0
DA:1230,0
DA:1232,0
DA:1234,0
DA:1235,0
DA:1236,0
DA:1237,0
DA:1239,0
DA:1241,0
DA:1242,0
DA:1243,0
DA:1244,0
DA:1245,0
DA:1246,0
DA:1248,0
DA:1251,0
DA:1252,0
DA:1253,0
DA:1254,0
LF:94
LH:0
BRDA:1143,0,0,0
BRDA:1143,0,1,0
BRDA:1145,1,0,0
BRDA:1145,1,1,0
BRDA:1145,2,0,0
BRDA:1145,2,1,0
BRDA:1157,3,0,0
BRDA:1157,3,1,0
BRDA:1157,4,0,0
BRDA:1157,4,1,0
BRDA:1159,5,0,0
BRDA:1159,5,1,0
BRDA:1159,5,2,0
BRDA:1162,6,0,0
BRDA:1162,6,1,0
BRDA:1162,6,2,0
BRDA:1162,6,3,0
BRDA:1171,7,0,0
BRDA:1171,7,1,0
BRDA:1192,8,0,0
BRDA:1192,8,1,0
BRDA:1195,9,0,0
BRDA:1195,9,1,0
BRDA:1195,9,2,0
BRDA:1199,10,0,0
BRDA:1199,10,1,0
BRDA:1199,11,0,0
BRDA:1199,11,1,0
BRDA:1202,12,0,0
BRDA:1202,12,1,0
BRDA:1202,13,0,0
BRDA:1202,13,1,0
BRDA:1202,14,0,0
BRDA:1202,14,1,0
BRDA:1211,15,0,0
BRDA:1211,15,1,0
BRDA:1214,16,0,0
BRDA:1214,16,1,0
BRDA:1214,17,0,0
BRDA:1214,17,1,0
BRDA:1214,18,0,0
BRDA:1214,18,1,0
BRDA:1220,19,0,0
BRDA:1220,19,1,0
BRDA:1220,19,2,0
BRDA:1232,20,0,0
BRDA:1232,20,1,0
BRDA:1232,20,2,0
BRDA:1251,21,0,0
BRDA:1251,21,1,0
BRDA:1252,22,0,0
BRDA:1252,22,1,0
BRDA:1253,23,0,0
BRDA:1253,23,1,0
BRF:54
BRH:0
end_of_record
TN:
SF:/Users/cjensen/personal/bitcoin/src/models/User.ts
FN:1,(anonymous_0)
FN:2,User
FNF:2
FNH:0
FNDA:0,(anonymous_0)
FNDA:0,User
DA:1,0
DA:3,0
DA:4,0
DA:5,0
DA:6,0
DA:7,0
DA:8,0
DA:10,0
DA:11,0
LF:9
LH:0
BRF:0
BRH:0
end_of_record
TN:
SF:/Users/cjensen/personal/bitcoin/src/services/firestore.ts
FN:3,_interopRequireDefault
FN:3,_interopRequireWildcard
FNF:2
FNH:0
FNDA:0,_interopRequireDefault
FNDA:0,_interopRequireWildcard
DA:1,0
DA:2,0
DA:3,0
DA:4,0
DA:5,0
LF:5
LH:0
BRDA:3,0,0,0
BRDA:3,0,1,0
BRDA:3,1,0,0
BRDA:3,1,1,0
BRDA:3,2,0,0
BRDA:3,2,1,0
BRDA:3,3,0,0
BRDA:3,3,1,0
BRDA:3,4,0,0
BRDA:3,4,1,0
BRDA:3,5,0,0
BRDA:3,5,1,0
BRF:12
BRH:0
end_of_record
TN:
SF:/Users/cjensen/personal/bitcoin/src/services/price.ts
FN:1,(anonymous_0)
FN:2,(anonymous_1)
FN:3,fulfilled
FN:4,rejected
FN:5,step
FN:5,(anonymous_5)
FN:9,(anonymous_6)
FN:10,(anonymous_7)
FN:11,(anonymous_8)
FN:12,verb
FN:12,(anonymous_10)
FN:13,step
FN:39,(anonymous_12)
FN:39,(anonymous_13)
FN:41,(anonymous_14)
FN:58,(anonymous_15)
FN:58,(anonymous_16)
FN:60,(anonymous_17)
FN:81,(anonymous_18)
FN:90,(anonymous_19)
FNF:20
FNH:0
FNDA:0,(anonymous_0)
FNDA:0,(anonymous_1)
FNDA:0,fulfilled
FNDA:0,rejected
FNDA:0,step
FNDA:0,(anonymous_5)
FNDA:0,(anonymous_6)
FNDA:0,(anonymous_7)
FNDA:0,(anonymous_8)
FNDA:0,verb
FNDA:0,(anonymous_10)
FNDA:0,step
FNDA:0,(anonymous_12)
FNDA:0,(anonymous_13)
FNDA:0,(anonymous_14)
FNDA:0,(anonymous_15)
FNDA:0,(anonymous_16)
FNDA:0,(anonymous_17)
FNDA:0,(anonymous_18)
FNDA:0,(anonymous_19)
DA:1,0
DA:2,0
DA:3,0
DA:4,0
DA:5,0
DA:6,0
DA:9,0
DA:10,0
DA:11,0
DA:12,0
DA:14,0
DA:15,0
DA:16,0
DA:17,0
DA:18,0
DA:19,0
DA:20,0
DA:21,0
DA:22,0
DA:24,0
DA:25,0
DA:26,0
DA:27,0
DA:28,0
DA:29,0
DA:31,0
DA:32,0
DA:33,0
DA:36,0
DA:37,0
DA:38,0
DA:39,0
DA:41,0
DA:42,0
DA:43,0
DA:50,0
DA:51,0
DA:53,0
DA:54,0
DA:58,0
DA:60,0
DA:61,0
DA:63,0
DA:64,0
DA:65,0
DA:66,0
DA:73,0
DA:74,0
DA:76,0
DA:77,0
DA:81,0
DA:82,0
DA:83,0
DA:84,0
DA:85,0
DA:90,0
DA:91,0
LF:57
LH:0
BRDA:1,0,0,0
BRDA:1,0,1,0
BRDA:1,0,2,0
BRDA:2,1,0,0
BRDA:2,1,1,0
BRDA:5,2,0,0
BRDA:5,2,1,0
BRDA:6,3,0,0
BRDA:6,3,1,0
BRDA:9,4,0,0
BRDA:9,4,1,0
BRDA:9,4,2,0
BRDA:10,5,0,0
BRDA:10,5,1,0
BRDA:11,6,0,0
BRDA:11,6,1,0
BRDA:14,7,0,0
BRDA:14,7,1,0
BRDA:16,8,0,0
BRDA:16,8,1,0
BRDA:16,9,0,0
BRDA:16,9,1,0
BRDA:16,9,2,0
BRDA:16,10,0,0
BRDA:16,10,1,0
BRDA:16,11,0,0
BRDA:16,11,1,0
BRDA:17,12,0,0
BRDA:17,12,1,0
BRDA:18,13,0,0
BRDA:18,13,1,0
BRDA:18,13,2,0
BRDA:18,13,3,0
BRDA:18,13,4,0
BRDA:18,13,5,0
BRDA:24,14,0,0
BRDA:24,14,1,0
BRDA:24,15,0,0
BRDA:24,15,1,0
BRDA:24,15,2,0
BRDA:24,16,0,0
BRDA:24,16,1,0
BRDA:25,17,0,0
BRDA:25,17,1,0
BRDA:25,18,0,0
BRDA:25,18,1,0
BRDA:25,18,2,0
BRDA:25,18,3,0
BRDA:26,19,0,0
BRDA:26,19,1,0
BRDA:26,20,0,0
BRDA:26,20,1,0
BRDA:27,21,0,0
BRDA:27,21,1,0
BRDA:27,22,0,0
BRDA:27,22,1,0
BRDA:28,23,0,0
BRDA:28,23,1,0
BRDA:33,24,0,0
BRDA:33,24,1,0
BRDA:33,25,0,0
BRDA:33,25,1,0
BRDA:42,26,0,0
BRDA:42,26,1,0
BRDA:42,26,2,0
BRDA:61,27,0,0
BRDA:61,27,1,0
BRDA:61,27,2,0
BRDA:82,28,0,0
BRDA:82,28,1,0
BRF:70
BRH:0
end_of_record
TN:
SF:/Users/cjensen/personal/bitcoin/src/store/State.ts
FN:1,_interopRequireDefault
FN:3,(anonymous_1)
FN:4,State
FNF:3
FNH:0
FNDA:0,_interopRequireDefault
FNDA:0,(anonymous_1)
FNDA:0,State
DA:1,0
DA:2,0
DA:3,0
DA:5,0
DA:6,0
DA:7,0
DA:8,0
DA:9,0
DA:10,0
DA:11,0
DA:13,0
DA:14,0
LF:12
LH:0
BRDA:1,0,0,0
BRDA:1,0,1,0
BRDA:1,1,0,0
BRDA:1,1,1,0
BRDA:10,2,0,0
BRDA:10,2,1,0
BRDA:11,3,0,0
BRDA:11,3,1,0
BRF:8
BRH:0
end_of_record
TN:
SF:/Users/cjensen/personal/bitcoin/src/store/actions.ts
FN:48,_interopRequireWildcard
FN:48,_interopRequireDefault
FN:48,(anonymous_2)
FN:48,(anonymous_3)
FN:48,(anonymous_4)
FN:48,fulfilled
FN:48,rejected
FN:48,step
FN:48,(anonymous_8)
FN:48,(anonymous_9)
FN:48,(anonymous_10)
FN:48,(anonymous_11)
FN:48,verb
FN:48,(anonymous_13)
FN:48,step
FN:49,(anonymous_15)
FN:49,(anonymous_16)
FN:51,(anonymous_17)
FN:62,(anonymous_18)
FN:66,(anonymous_19)
FN:70,(anonymous_20)
FN:72,(anonymous_21)
FN:74,(anonymous_22)
FN:85,(anonymous_23)
FN:87,(anonymous_24)
FN:89,(anonymous_25)
FN:100,(anonymous_26)
FN:105,(anonymous_27)
FNF:28
FNH:0
FNDA:0,_interopRequireWildcard
FNDA:0,_interopRequireDefault
FNDA:0,(anonymous_2)
FNDA:0,(anonymous_3)
FNDA:0,(anonymous_4)
FNDA:0,fulfilled
FNDA:0,rejected
FNDA:0,step
FNDA:0,(anonymous_8)
FNDA:0,(anonymous_9)
FNDA:0,(anonymous_10)
FNDA:0,(anonymous_11)
FNDA:0,verb
FNDA:0,(anonymous_13)
FNDA:0,step
FNDA:0,(anonymous_15)
FNDA:0,(anonymous_16)
FNDA:0,(anonymous_17)
FNDA:0,(anonymous_18)
FNDA:0,(anonymous_19)
FNDA:0,(anonymous_20)
FNDA:0,(anonymous_21)
FNDA:0,(anonymous_22)
FNDA:0,(anonymous_23)
FNDA:0,(anonymous_24)
FNDA:0,(anonymous_25)
FNDA:0,(anonymous_26)
FNDA:0,(anonymous_27)
DA:1,0
DA:45,0
DA:46,0
DA:47,0
DA:48,0
DA:49,0
DA:51,0
DA:52,0
DA:54,0
DA:55,0
DA:57,0
DA:58,0
DA:62,0
DA:63,0
DA:64,0
DA:66,0
DA:67,0
DA:68,0
DA:70,0
DA:71,0
DA:72,0
DA:74,0
DA:75,0
DA:76,0
DA:78,0
DA:79,0
DA:80,0
DA:85,0
DA:86,0
DA:87,0
DA:89,0
DA:90,0
DA:91,0
DA:93,0
DA:94,0
DA:95,0
DA:100,0
DA:101,0
DA:102,0
DA:103,0
DA:105,0
DA:106,0
DA:107,0
DA:108,0
LF:44
LH:0
BRDA:48,0,0,0
BRDA:48,0,1,0
BRDA:48,1,0,0
BRDA:48,1,1,0
BRDA:48,2,0,0
BRDA:48,2,1,0
BRDA:48,3,0,0
BRDA:48,3,1,0
BRDA:48,4,0,0
BRDA:48,4,1,0
BRDA:48,5,0,0
BRDA:48,5,1,0
BRDA:48,6,0,0
BRDA:48,6,1,0
BRDA:48,6,2,0
BRDA:48,6,3,0
BRDA:48,7,0,0
BRDA:48,7,1,0
BRDA:48,8,0,0
BRDA:48,8,1,0
BRDA:48,8,2,0
BRDA:48,9,0,0
BRDA:48,9,1,0
BRDA:48,10,0,0
BRDA:48,10,1,0
BRDA:48,11,0,0
BRDA:48,11,1,0
BRDA:48,12,0,0
BRDA:48,12,1,0
BRDA:48,12,2,0
BRDA:48,13,0,0
BRDA:48,13,1,0
BRDA:48,14,0,0
BRDA:48,14,1,0
BRDA:48,15,0,0
BRDA:48,15,1,0
BRDA:48,16,0,0
BRDA:48,16,1,0
BRDA:48,17,0,0
BRDA:48,17,1,0
BRDA:48,17,2,0
BRDA:48,18,0,0
BRDA:48,18,1,0
BRDA:48,19,0,0
BRDA:48,19,1,0
BRDA:48,20,0,0
BRDA:48,20,1,0
BRDA:48,21,0,0
BRDA:48,21,1,0
BRDA:48,21,2,0
BRDA:48,21,3,0
BRDA:48,21,4,0
BRDA:48,21,5,0
BRDA:48,22,0,0
BRDA:48,22,1,0
BRDA:48,23,0,0
BRDA:48,23,1,0
BRDA:48,23,2,0
BRDA:48,24,0,0
BRDA:48,24,1,0
BRDA:48,25,0,0
BRDA:48,25,1,0
BRDA:48,26,0,0
BRDA:48,26,1,0
BRDA:48,26,2,0
BRDA:48,26,3,0
BRDA:48,27,0,0
BRDA:48,27,1,0
BRDA:48,28,0,0
BRDA:48,28,1,0
BRDA:48,29,0,0
BRDA:48,29,1,0
BRDA:48,30,0,0
BRDA:48,30,1,0
BRDA:48,31,0,0
BRDA:48,31,1,0
BRDA:48,32,0,0
BRDA:48,32,1,0
BRDA:48,33,0,0
BRDA:48,33,1,0
BRDA:52,34,0,0
BRDA:52,34,1,0
BRDA:75,35,0,0
BRDA:75,35,1,0
BRDA:90,36,0,0
BRDA:90,36,1,0
BRF:86
BRH:0
end_of_record
TN:
SF:/Users/cjensen/personal/bitcoin/src/store/getters.ts
FN:3,(anonymous_0)
FN:4,(anonymous_1)
FN:5,(anonymous_2)
FN:6,(anonymous_3)
FN:7,(anonymous_4)
FNF:5
FNH:2
FNDA:1,(anonymous_0)
FNDA:2,(anonymous_1)
FNDA:0,(anonymous_2)
FNDA:0,(anonymous_3)
FNDA:0,(anonymous_4)
DA:3,1
DA:4,2
DA:5,1
DA:6,1
DA:7,1
LF:5
LH:5
BRDA:3,0,0,1
BRDA:3,0,1,0
BRF:2
BRH:1
end_of_record
TN:
SF:/Users/cjensen/personal/bitcoin/src/store/index.ts
FN:6,_interopRequireWildcard
FN:6,_interopRequireDefault
FNF:2
FNH:0
FNDA:0,_interopRequireWildcard
FNDA:0,_interopRequireDefault
DA:1,0
DA:2,0
DA:3,0
DA:4,0
DA:5,0
DA:6,0
DA:7,0
DA:8,0
LF:8
LH:0
BRDA:6,0,0,0
BRDA:6,0,1,0
BRDA:6,1,0,0
BRDA:6,1,1,0
BRDA:6,2,0,0
BRDA:6,2,1,0
BRDA:6,3,0,0
BRDA:6,3,1,0
BRDA:6,4,0,0
BRDA:6,4,1,0
BRDA:6,5,0,0
BRDA:6,5,1,0
BRF:12
BRH:0
end_of_record
TN:
SF:/Users/cjensen/personal/bitcoin/src/store/mutations.ts
FN:9,(anonymous_0)
FN:12,(anonymous_1)
FN:16,(anonymous_2)
FN:20,(anonymous_3)
FN:24,(anonymous_4)
FN:28,(anonymous_5)
FNF:6
FNH:3
FNDA:2,(anonymous_0)
FNDA:1,(anonymous_1)
FNDA:1,(anonymous_2)
FNDA:0,(anonymous_3)
FNDA:0,(anonymous_4)
FNDA:0,(anonymous_5)
DA:10,2
DA:13,1
DA:17,1
DA:21,0
DA:25,0
DA:29,0
LF:6
LH:3
BRF:0
BRH:0
end_of_record
TN:
SF:/Users/cjensen/personal/bitcoin/src/store/types.ts
FNF:0
FNH:0
DA:1,1
DA:2,1
DA:3,1
DA:4,1
DA:5,1
DA:6,1
DA:7,1
LF:7
LH:7
BRF:0
BRH:0
end_of_record
