<?xml version="1.0" encoding="UTF-8"?>
<coverage generated="1517802821475" clover="3.2.0">
  <project timestamp="1517802821475" name="All files">
    <metrics statements="631" coveredstatements="19" conditionals="687" coveredconditionals="1" methods="207" coveredmethods="6" elements="1525" coveredelements="26" complexity="0" loc="631" ncloc="631" packages="5" files="19" classes="19">
      <package name="src">
        <metrics statements="51" coveredstatements="0" conditionals="52" coveredconditionals="0" methods="12" coveredmethods="0"/>
        <file name="App.vue" path="/Users/cjensen/personal/bitcoin/src/App.vue">
          <metrics statements="45" coveredstatements="0" conditionals="48" coveredconditionals="0" methods="11" coveredmethods="0"/>
          <line num="1" count="0" type="stmt"/>
          <line num="4" count="0" type="stmt"/>
          <line num="8" count="0" type="stmt"/>
          <line num="10" count="0" type="stmt"/>
          <line num="12" count="0" type="stmt"/>
          <line num="14" count="0" type="stmt"/>
          <line num="16" count="0" type="stmt"/>
          <line num="18" count="0" type="stmt"/>
          <line num="20" count="0" type="stmt"/>
          <line num="22" count="0" type="stmt"/>
          <line num="24" count="0" type="stmt"/>
          <line num="26" count="0" type="stmt"/>
          <line num="28" count="0" type="stmt"/>
          <line num="30" count="0" type="stmt"/>
          <line num="32" count="0" type="stmt"/>
          <line num="34" count="0" type="stmt"/>
          <line num="36" count="0" type="stmt"/>
          <line num="38" count="0" type="stmt"/>
          <line num="40" count="0" type="stmt"/>
          <line num="42" count="0" type="stmt"/>
          <line num="44" count="0" type="cond" truecount="0" falsecount="4"/>
          <line num="46" count="0" type="cond" truecount="0" falsecount="3"/>
          <line num="47" count="0" type="cond" truecount="0" falsecount="4"/>
          <line num="48" count="0" type="stmt"/>
          <line num="50" count="0" type="cond" truecount="0" falsecount="2"/>
          <line num="52" count="0" type="stmt"/>
          <line num="53" count="0" type="stmt"/>
          <line num="55" count="0" type="stmt"/>
          <line num="57" count="0" type="cond" truecount="0" falsecount="2"/>
          <line num="60" count="0" type="cond" truecount="0" falsecount="3"/>
          <line num="61" count="0" type="stmt"/>
          <line num="62" count="0" type="cond" truecount="0" falsecount="4"/>
          <line num="64" count="0" type="cond" truecount="0" falsecount="12"/>
          <line num="65" count="0" type="cond" truecount="0" falsecount="3"/>
          <line num="68" count="0" type="stmt"/>
          <line num="69" count="0" type="stmt"/>
          <line num="71" count="0" type="cond" truecount="0" falsecount="3"/>
          <line num="73" count="0" type="stmt"/>
          <line num="74" count="0" type="stmt"/>
          <line num="82" count="0" type="stmt"/>
          <line num="84" count="0" type="stmt"/>
          <line num="87" count="0" type="cond" truecount="0" falsecount="2"/>
          <line num="88" count="0" type="cond" truecount="0" falsecount="2"/>
          <line num="89" count="0" type="cond" truecount="0" falsecount="4"/>
          <line num="90" count="0" type="stmt"/>
        </file>
        <file name="config.ts" path="/Users/cjensen/personal/bitcoin/src/config.ts">
          <metrics statements="1" coveredstatements="0" conditionals="0" coveredconditionals="0" methods="0" coveredmethods="0"/>
          <line num="1" count="0" type="stmt"/>
        </file>
        <file name="main.ts" path="/Users/cjensen/personal/bitcoin/src/main.ts">
          <metrics statements="5" coveredstatements="0" conditionals="4" coveredconditionals="0" methods="1" coveredmethods="0"/>
          <line num="1" count="0" type="stmt"/>
          <line num="2" count="0" type="stmt"/>
          <line num="3" count="0" type="cond" truecount="0" falsecount="4"/>
          <line num="4" count="0" type="stmt"/>
          <line num="6" count="0" type="stmt"/>
        </file>
      </package>
      <package name="src.components">
        <metrics statements="427" coveredstatements="4" conditionals="445" coveredconditionals="0" methods="127" coveredmethods="1"/>
        <file name="AppButton.vue" path="/Users/cjensen/personal/bitcoin/src/components/AppButton.vue">
          <metrics statements="4" coveredstatements="4" conditionals="0" coveredconditionals="0" methods="1" coveredmethods="1"/>
          <line num="10" count="1" type="stmt"/>
          <line num="13" count="3" type="stmt"/>
          <line num="15" count="1" type="stmt"/>
          <line num="16" count="1" type="stmt"/>
        </file>
        <file name="AppLoading.vue" path="/Users/cjensen/personal/bitcoin/src/components/AppLoading.vue">
          <metrics statements="35" coveredstatements="0" conditionals="46" coveredconditionals="0" methods="11" coveredmethods="0"/>
          <line num="1" count="0" type="stmt"/>
          <line num="4" count="0" type="stmt"/>
          <line num="8" count="0" type="stmt"/>
          <line num="10" count="0" type="stmt"/>
          <line num="12" count="0" type="stmt"/>
          <line num="14" count="0" type="stmt"/>
          <line num="16" count="0" type="stmt"/>
          <line num="18" count="0" type="stmt"/>
          <line num="20" count="0" type="stmt"/>
          <line num="22" count="0" type="stmt"/>
          <line num="24" count="0" type="stmt"/>
          <line num="26" count="0" type="cond" truecount="0" falsecount="4"/>
          <line num="28" count="0" type="cond" truecount="0" falsecount="3"/>
          <line num="29" count="0" type="cond" truecount="0" falsecount="4"/>
          <line num="30" count="0" type="stmt"/>
          <line num="32" count="0" type="cond" truecount="0" falsecount="2"/>
          <line num="34" count="0" type="stmt"/>
          <line num="35" count="0" type="stmt"/>
          <line num="37" count="0" type="stmt"/>
          <line num="39" count="0" type="cond" truecount="0" falsecount="2"/>
          <line num="42" count="0" type="cond" truecount="0" falsecount="3"/>
          <line num="43" count="0" type="stmt"/>
          <line num="44" count="0" type="cond" truecount="0" falsecount="4"/>
          <line num="46" count="0" type="cond" truecount="0" falsecount="12"/>
          <line num="47" count="0" type="cond" truecount="0" falsecount="3"/>
          <line num="50" count="0" type="stmt"/>
          <line num="51" count="0" type="stmt"/>
          <line num="53" count="0" type="cond" truecount="0" falsecount="3"/>
          <line num="55" count="0" type="stmt"/>
          <line num="56" count="0" type="stmt"/>
          <line num="58" count="0" type="stmt"/>
          <line num="61" count="0" type="cond" truecount="0" falsecount="2"/>
          <line num="62" count="0" type="cond" truecount="0" falsecount="2"/>
          <line num="63" count="0" type="cond" truecount="0" falsecount="2"/>
          <line num="64" count="0" type="stmt"/>
        </file>
        <file name="TheForm.vue" path="/Users/cjensen/personal/bitcoin/src/components/TheForm.vue">
          <metrics statements="152" coveredstatements="0" conditionals="144" coveredconditionals="0" methods="47" coveredmethods="0"/>
          <line num="1" count="0" type="stmt"/>
          <line num="4" count="0" type="stmt"/>
          <line num="8" count="0" type="stmt"/>
          <line num="10" count="0" type="stmt"/>
          <line num="12" count="0" type="stmt"/>
          <line num="14" count="0" type="stmt"/>
          <line num="16" count="0" type="stmt"/>
          <line num="18" count="0" type="stmt"/>
          <line num="20" count="0" type="stmt"/>
          <line num="22" count="0" type="stmt"/>
          <line num="24" count="0" type="stmt"/>
          <line num="26" count="0" type="stmt"/>
          <line num="28" count="0" type="stmt"/>
          <line num="30" count="0" type="stmt"/>
          <line num="32" count="0" type="stmt"/>
          <line num="34" count="0" type="stmt"/>
          <line num="36" count="0" type="stmt"/>
          <line num="38" count="0" type="stmt"/>
          <line num="40" count="0" type="stmt"/>
          <line num="42" count="0" type="stmt"/>
          <line num="44" count="0" type="stmt"/>
          <line num="46" count="0" type="stmt"/>
          <line num="48" count="0" type="stmt"/>
          <line num="50" count="0" type="stmt"/>
          <line num="52" count="0" type="stmt"/>
          <line num="54" count="0" type="stmt"/>
          <line num="56" count="0" type="stmt"/>
          <line num="58" count="0" type="stmt"/>
          <line num="60" count="0" type="stmt"/>
          <line num="62" count="0" type="cond" truecount="0" falsecount="4"/>
          <line num="64" count="0" type="cond" truecount="0" falsecount="3"/>
          <line num="65" count="0" type="cond" truecount="0" falsecount="4"/>
          <line num="66" count="0" type="stmt"/>
          <line num="68" count="0" type="cond" truecount="0" falsecount="2"/>
          <line num="70" count="0" type="stmt"/>
          <line num="71" count="0" type="stmt"/>
          <line num="73" count="0" type="stmt"/>
          <line num="75" count="0" type="cond" truecount="0" falsecount="2"/>
          <line num="78" count="0" type="cond" truecount="0" falsecount="3"/>
          <line num="79" count="0" type="stmt"/>
          <line num="80" count="0" type="cond" truecount="0" falsecount="4"/>
          <line num="82" count="0" type="cond" truecount="0" falsecount="12"/>
          <line num="83" count="0" type="cond" truecount="0" falsecount="3"/>
          <line num="85" count="0" type="cond" truecount="0" falsecount="3"/>
          <line num="86" count="0" type="cond" truecount="0" falsecount="2"/>
          <line num="88" count="0" type="stmt"/>
          <line num="89" count="0" type="stmt"/>
          <line num="91" count="0" type="stmt"/>
          <line num="95" count="0" type="stmt"/>
          <line num="96" count="0" type="stmt"/>
          <line num="98" count="0" type="stmt"/>
          <line num="102" count="0" type="cond" truecount="0" falsecount="2"/>
          <line num="103" count="0" type="stmt"/>
          <line num="106" count="0" type="cond" truecount="0" falsecount="2"/>
          <line num="109" count="0" type="cond" truecount="0" falsecount="3"/>
          <line num="110" count="0" type="stmt"/>
          <line num="111" count="0" type="cond" truecount="0" falsecount="2"/>
          <line num="117" count="0" type="cond" truecount="0" falsecount="2"/>
          <line num="118" count="0" type="stmt"/>
          <line num="121" count="0" type="stmt"/>
          <line num="122" count="0" type="stmt"/>
          <line num="126" count="0" type="cond" truecount="0" falsecount="2"/>
          <line num="127" count="0" type="stmt"/>
          <line num="128" count="0" type="cond" truecount="0" falsecount="9"/>
          <line num="129" count="0" type="cond" truecount="0" falsecount="2"/>
          <line num="130" count="0" type="cond" truecount="0" falsecount="6"/>
          <line num="132" count="0" type="stmt"/>
          <line num="134" count="0" type="stmt"/>
          <line num="136" count="0" type="stmt"/>
          <line num="138" count="0" type="stmt"/>
          <line num="140" count="0" type="cond" truecount="0" falsecount="7"/>
          <line num="141" count="0" type="stmt"/>
          <line num="143" count="0" type="cond" truecount="0" falsecount="6"/>
          <line num="144" count="0" type="stmt"/>
          <line num="146" count="0" type="cond" truecount="0" falsecount="4"/>
          <line num="147" count="0" type="stmt"/>
          <line num="149" count="0" type="cond" truecount="0" falsecount="4"/>
          <line num="150" count="0" type="stmt"/>
          <line num="152" count="0" type="cond" truecount="0" falsecount="2"/>
          <line num="153" count="0" type="stmt"/>
          <line num="155" count="0" type="stmt"/>
          <line num="157" count="0" type="stmt"/>
          <line num="159" count="0" type="stmt"/>
          <line num="161" count="0" type="cond" truecount="0" falsecount="4"/>
          <line num="165" count="0" type="stmt"/>
          <line num="166" count="0" type="stmt"/>
          <line num="168" count="0" type="cond" truecount="0" falsecount="3"/>
          <line num="169" count="0" type="stmt"/>
          <line num="170" count="0" type="stmt"/>
          <line num="171" count="0" type="stmt"/>
          <line num="172" count="0" type="stmt"/>
          <line num="174" count="0" type="stmt"/>
          <line num="175" count="0" type="stmt"/>
          <line num="177" count="0" type="stmt"/>
          <line num="178" count="0" type="stmt"/>
          <line num="180" count="0" type="stmt"/>
          <line num="182" count="0" type="stmt"/>
          <line num="183" count="0" type="cond" truecount="0" falsecount="2"/>
          <line num="189" count="0" type="stmt"/>
          <line num="191" count="0" type="stmt"/>
          <line num="192" count="0" type="cond" truecount="0" falsecount="2"/>
          <line num="193" count="0" type="cond" truecount="0" falsecount="2"/>
          <line num="194" count="0" type="stmt"/>
          <line num="202" count="0" type="stmt"/>
          <line num="204" count="0" type="stmt"/>
          <line num="205" count="0" type="stmt"/>
          <line num="211" count="0" type="stmt"/>
          <line num="213" count="0" type="stmt"/>
          <line num="218" count="0" type="stmt"/>
          <line num="219" count="0" type="stmt"/>
          <line num="221" count="0" type="stmt"/>
          <line num="222" count="0" type="cond" truecount="0" falsecount="6"/>
          <line num="224" count="0" type="cond" truecount="0" falsecount="4"/>
          <line num="225" count="0" type="stmt"/>
          <line num="227" count="0" type="stmt"/>
          <line num="228" count="0" type="stmt"/>
          <line num="229" count="0" type="stmt"/>
          <line num="231" count="0" type="stmt"/>
          <line num="232" count="0" type="stmt"/>
          <line num="234" count="0" type="stmt"/>
          <line num="235" count="0" type="stmt"/>
          <line num="236" count="0" type="stmt"/>
          <line num="238" count="0" type="stmt"/>
          <line num="239" count="0" type="stmt"/>
          <line num="240" count="0" type="stmt"/>
          <line num="242" count="0" type="stmt"/>
          <line num="243" count="0" type="stmt"/>
          <line num="245" count="0" type="stmt"/>
          <line num="250" count="0" type="stmt"/>
          <line num="251" count="0" type="stmt"/>
          <line num="252" count="0" type="stmt"/>
          <line num="253" count="0" type="stmt"/>
          <line num="254" count="0" type="stmt"/>
          <line num="255" count="0" type="cond" truecount="0" falsecount="2"/>
          <line num="256" count="0" type="stmt"/>
          <line num="258" count="0" type="cond" truecount="0" falsecount="2"/>
          <line num="259" count="0" type="stmt"/>
          <line num="262" count="0" type="stmt"/>
          <line num="263" count="0" type="stmt"/>
          <line num="265" count="0" type="stmt"/>
          <line num="266" count="0" type="stmt"/>
          <line num="267" count="0" type="stmt"/>
          <line num="268" count="0" type="stmt"/>
          <line num="269" count="0" type="stmt"/>
          <line num="270" count="0" type="stmt"/>
          <line num="271" count="0" type="stmt"/>
          <line num="277" count="0" type="stmt"/>
          <line num="279" count="0" type="stmt"/>
          <line num="282" count="0" type="cond" truecount="0" falsecount="2"/>
          <line num="283" count="0" type="cond" truecount="0" falsecount="2"/>
          <line num="284" count="0" type="cond" truecount="0" falsecount="18"/>
          <line num="287" count="0" type="stmt"/>
        </file>
        <file name="TheHeader.vue" path="/Users/cjensen/personal/bitcoin/src/components/TheHeader.vue">
          <metrics statements="35" coveredstatements="0" conditionals="46" coveredconditionals="0" methods="11" coveredmethods="0"/>
          <line num="1" count="0" type="stmt"/>
          <line num="4" count="0" type="stmt"/>
          <line num="8" count="0" type="stmt"/>
          <line num="10" count="0" type="stmt"/>
          <line num="12" count="0" type="stmt"/>
          <line num="14" count="0" type="stmt"/>
          <line num="16" count="0" type="stmt"/>
          <line num="18" count="0" type="stmt"/>
          <line num="20" count="0" type="stmt"/>
          <line num="22" count="0" type="stmt"/>
          <line num="24" count="0" type="stmt"/>
          <line num="26" count="0" type="cond" truecount="0" falsecount="4"/>
          <line num="28" count="0" type="cond" truecount="0" falsecount="3"/>
          <line num="29" count="0" type="cond" truecount="0" falsecount="4"/>
          <line num="30" count="0" type="stmt"/>
          <line num="32" count="0" type="cond" truecount="0" falsecount="2"/>
          <line num="34" count="0" type="stmt"/>
          <line num="35" count="0" type="stmt"/>
          <line num="37" count="0" type="stmt"/>
          <line num="39" count="0" type="cond" truecount="0" falsecount="2"/>
          <line num="42" count="0" type="cond" truecount="0" falsecount="3"/>
          <line num="43" count="0" type="stmt"/>
          <line num="44" count="0" type="cond" truecount="0" falsecount="4"/>
          <line num="46" count="0" type="cond" truecount="0" falsecount="12"/>
          <line num="47" count="0" type="cond" truecount="0" falsecount="3"/>
          <line num="50" count="0" type="stmt"/>
          <line num="51" count="0" type="stmt"/>
          <line num="53" count="0" type="cond" truecount="0" falsecount="3"/>
          <line num="55" count="0" type="stmt"/>
          <line num="56" count="0" type="stmt"/>
          <line num="58" count="0" type="stmt"/>
          <line num="61" count="0" type="cond" truecount="0" falsecount="2"/>
          <line num="62" count="0" type="cond" truecount="0" falsecount="2"/>
          <line num="63" count="0" type="cond" truecount="0" falsecount="2"/>
          <line num="64" count="0" type="stmt"/>
        </file>
        <file name="ThePrice.vue" path="/Users/cjensen/personal/bitcoin/src/components/ThePrice.vue">
          <metrics statements="56" coveredstatements="0" conditionals="52" coveredconditionals="0" methods="16" coveredmethods="0"/>
          <line num="1" count="0" type="stmt"/>
          <line num="4" count="0" type="stmt"/>
          <line num="8" count="0" type="stmt"/>
          <line num="10" count="0" type="stmt"/>
          <line num="12" count="0" type="stmt"/>
          <line num="14" count="0" type="stmt"/>
          <line num="16" count="0" type="stmt"/>
          <line num="18" count="0" type="stmt"/>
          <line num="20" count="0" type="stmt"/>
          <line num="22" count="0" type="stmt"/>
          <line num="24" count="0" type="stmt"/>
          <line num="26" count="0" type="stmt"/>
          <line num="28" count="0" type="stmt"/>
          <line num="30" count="0" type="stmt"/>
          <line num="32" count="0" type="stmt"/>
          <line num="34" count="0" type="stmt"/>
          <line num="36" count="0" type="cond" truecount="0" falsecount="4"/>
          <line num="38" count="0" type="cond" truecount="0" falsecount="3"/>
          <line num="39" count="0" type="cond" truecount="0" falsecount="4"/>
          <line num="40" count="0" type="stmt"/>
          <line num="42" count="0" type="cond" truecount="0" falsecount="2"/>
          <line num="44" count="0" type="stmt"/>
          <line num="45" count="0" type="stmt"/>
          <line num="47" count="0" type="stmt"/>
          <line num="49" count="0" type="cond" truecount="0" falsecount="2"/>
          <line num="52" count="0" type="cond" truecount="0" falsecount="3"/>
          <line num="53" count="0" type="stmt"/>
          <line num="54" count="0" type="cond" truecount="0" falsecount="4"/>
          <line num="56" count="0" type="cond" truecount="0" falsecount="12"/>
          <line num="57" count="0" type="cond" truecount="0" falsecount="3"/>
          <line num="60" count="0" type="stmt"/>
          <line num="61" count="0" type="stmt"/>
          <line num="62" count="0" type="stmt"/>
          <line num="64" count="0" type="cond" truecount="0" falsecount="3"/>
          <line num="66" count="0" type="stmt"/>
          <line num="67" count="0" type="stmt"/>
          <line num="68" count="0" type="stmt"/>
          <line num="70" count="0" type="stmt"/>
          <line num="72" count="0" type="stmt"/>
          <line num="73" count="0" type="stmt"/>
          <line num="74" count="0" type="stmt"/>
          <line num="76" count="0" type="stmt"/>
          <line num="77" count="0" type="stmt"/>
          <line num="78" count="0" type="stmt"/>
          <line num="86" count="0" type="stmt"/>
          <line num="88" count="0" type="stmt"/>
          <line num="93" count="0" type="stmt"/>
          <line num="94" count="0" type="stmt"/>
          <line num="96" count="0" type="stmt"/>
          <line num="97" count="0" type="stmt"/>
          <line num="103" count="0" type="stmt"/>
          <line num="105" count="0" type="stmt"/>
          <line num="108" count="0" type="cond" truecount="0" falsecount="2"/>
          <line num="109" count="0" type="cond" truecount="0" falsecount="2"/>
          <line num="110" count="0" type="cond" truecount="0" falsecount="6"/>
          <line num="111" count="0" type="stmt"/>
        </file>
        <file name="ThePriceChart.vue" path="/Users/cjensen/personal/bitcoin/src/components/ThePriceChart.vue">
          <metrics statements="106" coveredstatements="0" conditionals="111" coveredconditionals="0" methods="28" coveredmethods="0"/>
          <line num="1" count="0" type="stmt"/>
          <line num="4" count="0" type="stmt"/>
          <line num="8" count="0" type="stmt"/>
          <line num="10" count="0" type="stmt"/>
          <line num="12" count="0" type="stmt"/>
          <line num="14" count="0" type="stmt"/>
          <line num="16" count="0" type="stmt"/>
          <line num="18" count="0" type="stmt"/>
          <line num="20" count="0" type="stmt"/>
          <line num="22" count="0" type="stmt"/>
          <line num="24" count="0" type="stmt"/>
          <line num="26" count="0" type="stmt"/>
          <line num="28" count="0" type="stmt"/>
          <line num="30" count="0" type="stmt"/>
          <line num="32" count="0" type="stmt"/>
          <line num="34" count="0" type="stmt"/>
          <line num="36" count="0" type="stmt"/>
          <line num="38" count="0" type="stmt"/>
          <line num="40" count="0" type="stmt"/>
          <line num="42" count="0" type="stmt"/>
          <line num="44" count="0" type="stmt"/>
          <line num="46" count="0" type="stmt"/>
          <line num="48" count="0" type="cond" truecount="0" falsecount="4"/>
          <line num="50" count="0" type="cond" truecount="0" falsecount="3"/>
          <line num="51" count="0" type="cond" truecount="0" falsecount="4"/>
          <line num="52" count="0" type="stmt"/>
          <line num="54" count="0" type="cond" truecount="0" falsecount="2"/>
          <line num="56" count="0" type="stmt"/>
          <line num="57" count="0" type="stmt"/>
          <line num="59" count="0" type="stmt"/>
          <line num="61" count="0" type="cond" truecount="0" falsecount="2"/>
          <line num="64" count="0" type="cond" truecount="0" falsecount="3"/>
          <line num="65" count="0" type="stmt"/>
          <line num="66" count="0" type="cond" truecount="0" falsecount="4"/>
          <line num="68" count="0" type="cond" truecount="0" falsecount="12"/>
          <line num="69" count="0" type="cond" truecount="0" falsecount="3"/>
          <line num="71" count="0" type="cond" truecount="0" falsecount="3"/>
          <line num="72" count="0" type="cond" truecount="0" falsecount="2"/>
          <line num="74" count="0" type="stmt"/>
          <line num="75" count="0" type="stmt"/>
          <line num="77" count="0" type="stmt"/>
          <line num="81" count="0" type="stmt"/>
          <line num="82" count="0" type="stmt"/>
          <line num="84" count="0" type="stmt"/>
          <line num="88" count="0" type="cond" truecount="0" falsecount="2"/>
          <line num="89" count="0" type="stmt"/>
          <line num="92" count="0" type="cond" truecount="0" falsecount="2"/>
          <line num="95" count="0" type="cond" truecount="0" falsecount="3"/>
          <line num="96" count="0" type="stmt"/>
          <line num="97" count="0" type="cond" truecount="0" falsecount="2"/>
          <line num="103" count="0" type="cond" truecount="0" falsecount="2"/>
          <line num="104" count="0" type="stmt"/>
          <line num="107" count="0" type="stmt"/>
          <line num="108" count="0" type="stmt"/>
          <line num="112" count="0" type="cond" truecount="0" falsecount="2"/>
          <line num="113" count="0" type="stmt"/>
          <line num="114" count="0" type="cond" truecount="0" falsecount="9"/>
          <line num="115" count="0" type="cond" truecount="0" falsecount="2"/>
          <line num="116" count="0" type="cond" truecount="0" falsecount="6"/>
          <line num="118" count="0" type="stmt"/>
          <line num="120" count="0" type="stmt"/>
          <line num="122" count="0" type="stmt"/>
          <line num="124" count="0" type="stmt"/>
          <line num="126" count="0" type="cond" truecount="0" falsecount="7"/>
          <line num="127" count="0" type="stmt"/>
          <line num="129" count="0" type="cond" truecount="0" falsecount="6"/>
          <line num="130" count="0" type="stmt"/>
          <line num="132" count="0" type="cond" truecount="0" falsecount="4"/>
          <line num="133" count="0" type="stmt"/>
          <line num="135" count="0" type="cond" truecount="0" falsecount="4"/>
          <line num="136" count="0" type="stmt"/>
          <line num="138" count="0" type="cond" truecount="0" falsecount="2"/>
          <line num="139" count="0" type="stmt"/>
          <line num="141" count="0" type="stmt"/>
          <line num="143" count="0" type="stmt"/>
          <line num="145" count="0" type="stmt"/>
          <line num="147" count="0" type="cond" truecount="0" falsecount="4"/>
          <line num="151" count="0" type="stmt"/>
          <line num="168" count="0" type="stmt"/>
          <line num="169" count="0" type="stmt"/>
          <line num="171" count="0" type="cond" truecount="0" falsecount="3"/>
          <line num="172" count="0" type="stmt"/>
          <line num="173" count="0" type="stmt"/>
          <line num="175" count="0" type="stmt"/>
          <line num="176" count="0" type="stmt"/>
          <line num="177" count="0" type="stmt"/>
          <line num="178" count="0" type="cond" truecount="0" falsecount="3"/>
          <line num="180" count="0" type="stmt"/>
          <line num="182" count="0" type="stmt"/>
          <line num="183" count="0" type="stmt"/>
          <line num="185" count="0" type="stmt"/>
          <line num="186" count="0" type="stmt"/>
          <line num="187" count="0" type="stmt"/>
          <line num="192" count="0" type="stmt"/>
          <line num="194" count="0" type="stmt"/>
          <line num="199" count="0" type="stmt"/>
          <line num="200" count="0" type="stmt"/>
          <line num="204" count="0" type="stmt"/>
          <line num="205" count="0" type="stmt"/>
          <line num="206" count="0" type="stmt"/>
          <line num="207" count="0" type="stmt"/>
          <line num="209" count="0" type="stmt"/>
          <line num="212" count="0" type="cond" truecount="0" falsecount="2"/>
          <line num="213" count="0" type="cond" truecount="0" falsecount="2"/>
          <line num="214" count="0" type="cond" truecount="0" falsecount="2"/>
          <line num="215" count="0" type="stmt"/>
        </file>
        <file name="TheSubmitted.vue" path="/Users/cjensen/personal/bitcoin/src/components/TheSubmitted.vue">
          <metrics statements="39" coveredstatements="0" conditionals="46" coveredconditionals="0" methods="13" coveredmethods="0"/>
          <line num="1" count="0" type="stmt"/>
          <line num="4" count="0" type="stmt"/>
          <line num="8" count="0" type="stmt"/>
          <line num="10" count="0" type="stmt"/>
          <line num="12" count="0" type="stmt"/>
          <line num="14" count="0" type="stmt"/>
          <line num="16" count="0" type="stmt"/>
          <line num="18" count="0" type="stmt"/>
          <line num="20" count="0" type="stmt"/>
          <line num="22" count="0" type="stmt"/>
          <line num="24" count="0" type="stmt"/>
          <line num="26" count="0" type="stmt"/>
          <line num="28" count="0" type="cond" truecount="0" falsecount="4"/>
          <line num="30" count="0" type="cond" truecount="0" falsecount="3"/>
          <line num="31" count="0" type="cond" truecount="0" falsecount="4"/>
          <line num="32" count="0" type="stmt"/>
          <line num="34" count="0" type="cond" truecount="0" falsecount="2"/>
          <line num="36" count="0" type="stmt"/>
          <line num="37" count="0" type="stmt"/>
          <line num="39" count="0" type="stmt"/>
          <line num="41" count="0" type="cond" truecount="0" falsecount="2"/>
          <line num="44" count="0" type="cond" truecount="0" falsecount="3"/>
          <line num="45" count="0" type="stmt"/>
          <line num="46" count="0" type="cond" truecount="0" falsecount="4"/>
          <line num="48" count="0" type="cond" truecount="0" falsecount="12"/>
          <line num="49" count="0" type="cond" truecount="0" falsecount="3"/>
          <line num="52" count="0" type="stmt"/>
          <line num="53" count="0" type="stmt"/>
          <line num="55" count="0" type="cond" truecount="0" falsecount="3"/>
          <line num="57" count="0" type="stmt"/>
          <line num="58" count="0" type="stmt"/>
          <line num="60" count="0" type="stmt"/>
          <line num="61" count="0" type="stmt"/>
          <line num="62" count="0" type="stmt"/>
          <line num="64" count="0" type="stmt"/>
          <line num="67" count="0" type="cond" truecount="0" falsecount="2"/>
          <line num="68" count="0" type="cond" truecount="0" falsecount="2"/>
          <line num="69" count="0" type="cond" truecount="0" falsecount="2"/>
          <line num="70" count="0" type="stmt"/>
        </file>
      </package>
      <package name="src.models">
        <metrics statements="9" coveredstatements="0" conditionals="0" coveredconditionals="0" methods="2" coveredmethods="0"/>
        <file name="User.ts" path="/Users/cjensen/personal/bitcoin/src/models/User.ts">
          <metrics statements="9" coveredstatements="0" conditionals="0" coveredconditionals="0" methods="2" coveredmethods="0"/>
          <line num="1" count="0" type="stmt"/>
          <line num="3" count="0" type="stmt"/>
          <line num="4" count="0" type="stmt"/>
          <line num="5" count="0" type="stmt"/>
          <line num="6" count="0" type="stmt"/>
          <line num="7" count="0" type="stmt"/>
          <line num="8" count="0" type="stmt"/>
          <line num="10" count="0" type="stmt"/>
          <line num="11" count="0" type="stmt"/>
        </file>
      </package>
      <package name="src.services">
        <metrics statements="62" coveredstatements="0" conditionals="82" coveredconditionals="0" methods="22" coveredmethods="0"/>
        <file name="firestore.ts" path="/Users/cjensen/personal/bitcoin/src/services/firestore.ts">
          <metrics statements="5" coveredstatements="0" conditionals="12" coveredconditionals="0" methods="2" coveredmethods="0"/>
          <line num="1" count="0" type="stmt"/>
          <line num="2" count="0" type="stmt"/>
          <line num="3" count="0" type="cond" truecount="0" falsecount="12"/>
          <line num="4" count="0" type="stmt"/>
          <line num="5" count="0" type="stmt"/>
        </file>
        <file name="price.ts" path="/Users/cjensen/personal/bitcoin/src/services/price.ts">
          <metrics statements="57" coveredstatements="0" conditionals="70" coveredconditionals="0" methods="20" coveredmethods="0"/>
          <line num="1" count="0" type="cond" truecount="0" falsecount="3"/>
          <line num="2" count="0" type="cond" truecount="0" falsecount="2"/>
          <line num="3" count="0" type="stmt"/>
          <line num="4" count="0" type="stmt"/>
          <line num="5" count="0" type="cond" truecount="0" falsecount="2"/>
          <line num="6" count="0" type="cond" truecount="0" falsecount="2"/>
          <line num="9" count="0" type="cond" truecount="0" falsecount="3"/>
          <line num="10" count="0" type="cond" truecount="0" falsecount="2"/>
          <line num="11" count="0" type="cond" truecount="0" falsecount="2"/>
          <line num="12" count="0" type="stmt"/>
          <line num="14" count="0" type="cond" truecount="0" falsecount="2"/>
          <line num="15" count="0" type="stmt"/>
          <line num="16" count="0" type="cond" truecount="0" falsecount="9"/>
          <line num="17" count="0" type="cond" truecount="0" falsecount="2"/>
          <line num="18" count="0" type="cond" truecount="0" falsecount="6"/>
          <line num="19" count="0" type="stmt"/>
          <line num="20" count="0" type="stmt"/>
          <line num="21" count="0" type="stmt"/>
          <line num="22" count="0" type="stmt"/>
          <line num="24" count="0" type="cond" truecount="0" falsecount="7"/>
          <line num="25" count="0" type="cond" truecount="0" falsecount="6"/>
          <line num="26" count="0" type="cond" truecount="0" falsecount="4"/>
          <line num="27" count="0" type="cond" truecount="0" falsecount="4"/>
          <line num="28" count="0" type="cond" truecount="0" falsecount="2"/>
          <line num="29" count="0" type="stmt"/>
          <line num="31" count="0" type="stmt"/>
          <line num="32" count="0" type="stmt"/>
          <line num="33" count="0" type="cond" truecount="0" falsecount="4"/>
          <line num="36" count="0" type="stmt"/>
          <line num="37" count="0" type="stmt"/>
          <line num="38" count="0" type="stmt"/>
          <line num="39" count="0" type="stmt"/>
          <line num="41" count="0" type="stmt"/>
          <line num="42" count="0" type="cond" truecount="0" falsecount="3"/>
          <line num="43" count="0" type="stmt"/>
          <line num="50" count="0" type="stmt"/>
          <line num="51" count="0" type="stmt"/>
          <line num="53" count="0" type="stmt"/>
          <line num="54" count="0" type="stmt"/>
          <line num="58" count="0" type="stmt"/>
          <line num="60" count="0" type="stmt"/>
          <line num="61" count="0" type="cond" truecount="0" falsecount="3"/>
          <line num="63" count="0" type="stmt"/>
          <line num="64" count="0" type="stmt"/>
          <line num="65" count="0" type="stmt"/>
          <line num="66" count="0" type="stmt"/>
          <line num="73" count="0" type="stmt"/>
          <line num="74" count="0" type="stmt"/>
          <line num="76" count="0" type="stmt"/>
          <line num="77" count="0" type="stmt"/>
          <line num="81" count="0" type="stmt"/>
          <line num="82" count="0" type="cond" truecount="0" falsecount="2"/>
          <line num="83" count="0" type="stmt"/>
          <line num="84" count="0" type="stmt"/>
          <line num="85" count="0" type="stmt"/>
          <line num="90" count="0" type="stmt"/>
          <line num="91" count="0" type="stmt"/>
        </file>
      </package>
      <package name="src.store">
        <metrics statements="82" coveredstatements="15" conditionals="108" coveredconditionals="1" methods="44" coveredmethods="5"/>
        <file name="State.ts" path="/Users/cjensen/personal/bitcoin/src/store/State.ts">
          <metrics statements="12" coveredstatements="0" conditionals="8" coveredconditionals="0" methods="3" coveredmethods="0"/>
          <line num="1" count="0" type="cond" truecount="0" falsecount="4"/>
          <line num="2" count="0" type="stmt"/>
          <line num="3" count="0" type="stmt"/>
          <line num="5" count="0" type="stmt"/>
          <line num="6" count="0" type="stmt"/>
          <line num="7" count="0" type="stmt"/>
          <line num="8" count="0" type="stmt"/>
          <line num="9" count="0" type="stmt"/>
          <line num="10" count="0" type="cond" truecount="0" falsecount="2"/>
          <line num="11" count="0" type="cond" truecount="0" falsecount="2"/>
          <line num="13" count="0" type="stmt"/>
          <line num="14" count="0" type="stmt"/>
        </file>
        <file name="actions.ts" path="/Users/cjensen/personal/bitcoin/src/store/actions.ts">
          <metrics statements="44" coveredstatements="0" conditionals="86" coveredconditionals="0" methods="28" coveredmethods="0"/>
          <line num="1" count="0" type="stmt"/>
          <line num="45" count="0" type="stmt"/>
          <line num="46" count="0" type="stmt"/>
          <line num="47" count="0" type="stmt"/>
          <line num="48" count="0" type="cond" truecount="0" falsecount="80"/>
          <line num="49" count="0" type="stmt"/>
          <line num="51" count="0" type="stmt"/>
          <line num="52" count="0" type="cond" truecount="0" falsecount="2"/>
          <line num="54" count="0" type="stmt"/>
          <line num="55" count="0" type="stmt"/>
          <line num="57" count="0" type="stmt"/>
          <line num="58" count="0" type="stmt"/>
          <line num="62" count="0" type="stmt"/>
          <line num="63" count="0" type="stmt"/>
          <line num="64" count="0" type="stmt"/>
          <line num="66" count="0" type="stmt"/>
          <line num="67" count="0" type="stmt"/>
          <line num="68" count="0" type="stmt"/>
          <line num="70" count="0" type="stmt"/>
          <line num="71" count="0" type="stmt"/>
          <line num="72" count="0" type="stmt"/>
          <line num="74" count="0" type="stmt"/>
          <line num="75" count="0" type="cond" truecount="0" falsecount="2"/>
          <line num="76" count="0" type="stmt"/>
          <line num="78" count="0" type="stmt"/>
          <line num="79" count="0" type="stmt"/>
          <line num="80" count="0" type="stmt"/>
          <line num="85" count="0" type="stmt"/>
          <line num="86" count="0" type="stmt"/>
          <line num="87" count="0" type="stmt"/>
          <line num="89" count="0" type="stmt"/>
          <line num="90" count="0" type="cond" truecount="0" falsecount="2"/>
          <line num="91" count="0" type="stmt"/>
          <line num="93" count="0" type="stmt"/>
          <line num="94" count="0" type="stmt"/>
          <line num="95" count="0" type="stmt"/>
          <line num="100" count="0" type="stmt"/>
          <line num="101" count="0" type="stmt"/>
          <line num="102" count="0" type="stmt"/>
          <line num="103" count="0" type="stmt"/>
          <line num="105" count="0" type="stmt"/>
          <line num="106" count="0" type="stmt"/>
          <line num="107" count="0" type="stmt"/>
          <line num="108" count="0" type="stmt"/>
        </file>
        <file name="getters.ts" path="/Users/cjensen/personal/bitcoin/src/store/getters.ts">
          <metrics statements="5" coveredstatements="5" conditionals="2" coveredconditionals="1" methods="5" coveredmethods="2"/>
          <line num="3" count="1" type="cond" truecount="1" falsecount="1"/>
          <line num="4" count="2" type="stmt"/>
          <line num="5" count="1" type="stmt"/>
          <line num="6" count="1" type="stmt"/>
          <line num="7" count="1" type="stmt"/>
        </file>
        <file name="index.ts" path="/Users/cjensen/personal/bitcoin/src/store/index.ts">
          <metrics statements="8" coveredstatements="0" conditionals="12" coveredconditionals="0" methods="2" coveredmethods="0"/>
          <line num="1" count="0" type="stmt"/>
          <line num="2" count="0" type="stmt"/>
          <line num="3" count="0" type="stmt"/>
          <line num="4" count="0" type="stmt"/>
          <line num="5" count="0" type="stmt"/>
          <line num="6" count="0" type="cond" truecount="0" falsecount="12"/>
          <line num="7" count="0" type="stmt"/>
          <line num="8" count="0" type="stmt"/>
        </file>
        <file name="mutations.ts" path="/Users/cjensen/personal/bitcoin/src/store/mutations.ts">
          <metrics statements="6" coveredstatements="3" conditionals="0" coveredconditionals="0" methods="6" coveredmethods="3"/>
          <line num="10" count="2" type="stmt"/>
          <line num="13" count="1" type="stmt"/>
          <line num="17" count="1" type="stmt"/>
          <line num="21" count="0" type="stmt"/>
          <line num="25" count="0" type="stmt"/>
          <line num="29" count="0" type="stmt"/>
        </file>
        <file name="types.ts" path="/Users/cjensen/personal/bitcoin/src/store/types.ts">
          <metrics statements="7" coveredstatements="7" conditionals="0" coveredconditionals="0" methods="0" coveredmethods="0"/>
          <line num="1" count="1" type="stmt"/>
          <line num="2" count="1" type="stmt"/>
          <line num="3" count="1" type="stmt"/>
          <line num="4" count="1" type="stmt"/>
          <line num="5" count="1" type="stmt"/>
          <line num="6" count="1" type="stmt"/>
          <line num="7" count="1" type="stmt"/>
        </file>
      </package>
    </metrics>
  </project>
</coverage>
