{"/Users/cjensen/personal/bitcoin/src/App.vue": {"path":"/Users/cjensen/personal/bitcoin/src/App.vue","statementMap":{"0":{"start":{"line":1,"column":1},"end":{"line":86,"column":4}},"1":{"start":{"line":4,"column":0},"end":{"line":6,"column":3}},"2":{"start":{"line":8,"column":22},"end":{"line":8,"column":122}},"3":{"start":{"line":10,"column":23},"end":{"line":10,"column":62}},"4":{"start":{"line":12,"column":32},"end":{"line":12,"column":144}},"5":{"start":{"line":14,"column":33},"end":{"line":14,"column":82}},"6":{"start":{"line":16,"column":14},"end":{"line":16,"column":105}},"7":{"start":{"line":18,"column":15},"end":{"line":18,"column":46}},"8":{"start":{"line":20,"column":22},"end":{"line":20,"column":123}},"9":{"start":{"line":22,"column":23},"end":{"line":22,"column":62}},"10":{"start":{"line":24,"column":28},"end":{"line":24,"column":61}},"11":{"start":{"line":26,"column":17},"end":{"line":26,"column":38}},"12":{"start":{"line":28,"column":15},"end":{"line":28,"column":50}},"13":{"start":{"line":30,"column":16},"end":{"line":30,"column":48}},"14":{"start":{"line":32,"column":17},"end":{"line":32,"column":54}},"15":{"start":{"line":34,"column":18},"end":{"line":34,"column":52}},"16":{"start":{"line":36,"column":16},"end":{"line":36,"column":52}},"17":{"start":{"line":38,"column":17},"end":{"line":38,"column":50}},"18":{"start":{"line":40,"column":20},"end":{"line":40,"column":60}},"19":{"start":{"line":42,"column":21},"end":{"line":42,"column":58}},"20":{"start":{"line":44,"column":39},"end":{"line":44,"column":93}},"21":{"start":{"line":46,"column":16},"end":{"line":59,"column":3}},"22":{"start":{"line":47,"column":24},"end":{"line":51,"column":5}},"23":{"start":{"line":48,"column":8},"end":{"line":48,"column":24}},"24":{"start":{"line":50,"column":8},"end":{"line":50,"column":62}},"25":{"start":{"line":50,"column":25},"end":{"line":50,"column":62}},"26":{"start":{"line":50,"column":50},"end":{"line":50,"column":62}},"27":{"start":{"line":52,"column":4},"end":{"line":58,"column":6}},"28":{"start":{"line":53,"column":8},"end":{"line":53,"column":28}},"29":{"start":{"line":55,"column":12},"end":{"line":55,"column":33}},"30":{"start":{"line":57,"column":8},"end":{"line":57,"column":101}},"31":{"start":{"line":60,"column":17},"end":{"line":66,"column":1}},"32":{"start":{"line":61,"column":12},"end":{"line":61,"column":28}},"33":{"start":{"line":62,"column":12},"end":{"line":62,"column":111}},"34":{"start":{"line":64,"column":4},"end":{"line":64,"column":277}},"35":{"start":{"line":64,"column":79},"end":{"line":64,"column":131}},"36":{"start":{"line":64,"column":136},"end":{"line":64,"column":277}},"37":{"start":{"line":64,"column":185},"end":{"line":64,"column":277}},"38":{"start":{"line":64,"column":208},"end":{"line":64,"column":277}},"39":{"start":{"line":65,"column":4},"end":{"line":65,"column":74}},"40":{"start":{"line":68,"column":23},"end":{"line":83,"column":28}},"41":{"start":{"line":69,"column":4},"end":{"line":69,"column":27}},"42":{"start":{"line":71,"column":8},"end":{"line":71,"column":72}},"43":{"start":{"line":73,"column":4},"end":{"line":73,"column":72}},"44":{"start":{"line":74,"column":4},"end":{"line":81,"column":14}},"45":{"start":{"line":82,"column":4},"end":{"line":82,"column":15}},"46":{"start":{"line":84,"column":0},"end":{"line":84,"column":22}},"47":{"start":{"line":87,"column":0},"end":{"line":87,"column":70}},"48":{"start":{"line":87,"column":31},"end":{"line":87,"column":70}},"49":{"start":{"line":88,"column":24},"end":{"line":88,"column":100}},"50":{"start":{"line":89,"column":0},"end":{"line":89,"column":277}},"51":{"start":{"line":89,"column":54},"end":{"line":89,"column":58}},"52":{"start":{"line":89,"column":66},"end":{"line":89,"column":84}},"53":{"start":{"line":89,"column":92},"end":{"line":89,"column":108}},"54":{"start":{"line":89,"column":109},"end":{"line":89,"column":276}},"55":{"start":{"line":90,"column":0},"end":{"line":90,"column":37}}},"fnMap":{"0":{"name":"(anonymous_0)","decl":{"start":{"line":1,"column":2},"end":{"line":1,"column":3}},"loc":{"start":{"line":1,"column":12},"end":{"line":86,"column":1}},"line":1},"1":{"name":"_interopRequireDefault","decl":{"start":{"line":44,"column":9},"end":{"line":44,"column":31}},"loc":{"start":{"line":44,"column":37},"end":{"line":44,"column":95}},"line":44},"2":{"name":"(anonymous_2)","decl":{"start":{"line":46,"column":52},"end":{"line":46,"column":53}},"loc":{"start":{"line":46,"column":64},"end":{"line":59,"column":1}},"line":46},"3":{"name":"(anonymous_3)","decl":{"start":{"line":47,"column":90},"end":{"line":47,"column":91}},"loc":{"start":{"line":47,"column":106},"end":{"line":49,"column":5}},"line":47},"4":{"name":"(anonymous_4)","decl":{"start":{"line":49,"column":9},"end":{"line":49,"column":10}},"loc":{"start":{"line":49,"column":25},"end":{"line":51,"column":5}},"line":49},"5":{"name":"(anonymous_5)","decl":{"start":{"line":52,"column":11},"end":{"line":52,"column":12}},"loc":{"start":{"line":52,"column":27},"end":{"line":58,"column":5}},"line":52},"6":{"name":"__","decl":{"start":{"line":54,"column":17},"end":{"line":54,"column":19}},"loc":{"start":{"line":54,"column":22},"end":{"line":56,"column":9}},"line":54},"7":{"name":"(anonymous_7)","decl":{"start":{"line":60,"column":54},"end":{"line":60,"column":55}},"loc":{"start":{"line":60,"column":95},"end":{"line":66,"column":1}},"line":60},"8":{"name":"(anonymous_8)","decl":{"start":{"line":68,"column":23},"end":{"line":68,"column":24}},"loc":{"start":{"line":68,"column":41},"end":{"line":83,"column":1}},"line":68},"9":{"name":"App","decl":{"start":{"line":70,"column":13},"end":{"line":70,"column":16}},"loc":{"start":{"line":70,"column":19},"end":{"line":72,"column":5}},"line":70},"10":{"name":"render","decl":{"start":{"line":89,"column":35},"end":{"line":89,"column":41}},"loc":{"start":{"line":89,"column":45},"end":{"line":89,"column":277}},"line":89}},"branchMap":{"0":{"loc":{"start":{"line":44,"column":46},"end":{"line":44,"column":92}},"type":"cond-expr","locations":[{"start":{"line":44,"column":70},"end":{"line":44,"column":73}},{"start":{"line":44,"column":76},"end":{"line":44,"column":92}}],"line":44},"1":{"loc":{"start":{"line":44,"column":46},"end":{"line":44,"column":67}},"type":"binary-expr","locations":[{"start":{"line":44,"column":46},"end":{"line":44,"column":49}},{"start":{"line":44,"column":53},"end":{"line":44,"column":67}}],"line":44},"2":{"loc":{"start":{"line":46,"column":16},"end":{"line":59,"column":3}},"type":"binary-expr","locations":[{"start":{"line":46,"column":16},"end":{"line":46,"column":25}},{"start":{"line":46,"column":29},"end":{"line":46,"column":48}},{"start":{"line":46,"column":52},"end":{"line":59,"column":3}}],"line":46},"3":{"loc":{"start":{"line":47,"column":24},"end":{"line":51,"column":5}},"type":"binary-expr","locations":[{"start":{"line":47,"column":24},"end":{"line":47,"column":48}},{"start":{"line":47,"column":52},"end":{"line":47,"column":86}},{"start":{"line":47,"column":90},"end":{"line":49,"column":5}},{"start":{"line":49,"column":9},"end":{"line":51,"column":5}}],"line":47},"4":{"loc":{"start":{"line":50,"column":25},"end":{"line":50,"column":62}},"type":"if","locations":[{"start":{"line":50,"column":25},"end":{"line":50,"column":62}},{"start":{"line":50,"column":25},"end":{"line":50,"column":62}}],"line":50},"5":{"loc":{"start":{"line":57,"column":22},"end":{"line":57,"column":100}},"type":"cond-expr","locations":[{"start":{"line":57,"column":35},"end":{"line":57,"column":59}},{"start":{"line":57,"column":63},"end":{"line":57,"column":99}}],"line":57},"6":{"loc":{"start":{"line":60,"column":17},"end":{"line":66,"column":1}},"type":"binary-expr","locations":[{"start":{"line":60,"column":17},"end":{"line":60,"column":26}},{"start":{"line":60,"column":30},"end":{"line":60,"column":50}},{"start":{"line":60,"column":54},"end":{"line":66,"column":1}}],"line":60},"7":{"loc":{"start":{"line":62,"column":12},"end":{"line":62,"column":111}},"type":"cond-expr","locations":[{"start":{"line":62,"column":20},"end":{"line":62,"column":26}},{"start":{"line":62,"column":29},"end":{"line":62,"column":111}}],"line":62},"8":{"loc":{"start":{"line":62,"column":29},"end":{"line":62,"column":111}},"type":"cond-expr","locations":[{"start":{"line":62,"column":45},"end":{"line":62,"column":104}},{"start":{"line":62,"column":107},"end":{"line":62,"column":111}}],"line":62},"9":{"loc":{"start":{"line":64,"column":4},"end":{"line":64,"column":277}},"type":"if","locations":[{"start":{"line":64,"column":4},"end":{"line":64,"column":277}},{"start":{"line":64,"column":4},"end":{"line":64,"column":277}}],"line":64},"10":{"loc":{"start":{"line":64,"column":8},"end":{"line":64,"column":77}},"type":"binary-expr","locations":[{"start":{"line":64,"column":8},"end":{"line":64,"column":35}},{"start":{"line":64,"column":39},"end":{"line":64,"column":77}}],"line":64},"11":{"loc":{"start":{"line":64,"column":185},"end":{"line":64,"column":277}},"type":"if","locations":[{"start":{"line":64,"column":185},"end":{"line":64,"column":277}},{"start":{"line":64,"column":185},"end":{"line":64,"column":277}}],"line":64},"12":{"loc":{"start":{"line":64,"column":212},"end":{"line":64,"column":276}},"type":"binary-expr","locations":[{"start":{"line":64,"column":213},"end":{"line":64,"column":270}},{"start":{"line":64,"column":275},"end":{"line":64,"column":276}}],"line":64},"13":{"loc":{"start":{"line":64,"column":213},"end":{"line":64,"column":270}},"type":"cond-expr","locations":[{"start":{"line":64,"column":221},"end":{"line":64,"column":225}},{"start":{"line":64,"column":228},"end":{"line":64,"column":270}}],"line":64},"14":{"loc":{"start":{"line":64,"column":228},"end":{"line":64,"column":270}},"type":"cond-expr","locations":[{"start":{"line":64,"column":236},"end":{"line":64,"column":253}},{"start":{"line":64,"column":256},"end":{"line":64,"column":270}}],"line":64},"15":{"loc":{"start":{"line":65,"column":11},"end":{"line":65,"column":70}},"type":"binary-expr","locations":[{"start":{"line":65,"column":11},"end":{"line":65,"column":16}},{"start":{"line":65,"column":20},"end":{"line":65,"column":21}},{"start":{"line":65,"column":25},"end":{"line":65,"column":70}}],"line":65},"16":{"loc":{"start":{"line":71,"column":15},"end":{"line":71,"column":71}},"type":"binary-expr","locations":[{"start":{"line":71,"column":15},"end":{"line":71,"column":30}},{"start":{"line":71,"column":34},"end":{"line":71,"column":63}},{"start":{"line":71,"column":67},"end":{"line":71,"column":71}}],"line":71},"17":{"loc":{"start":{"line":87,"column":0},"end":{"line":87,"column":70}},"type":"if","locations":[{"start":{"line":87,"column":0},"end":{"line":87,"column":70}},{"start":{"line":87,"column":0},"end":{"line":87,"column":70}}],"line":87},"18":{"loc":{"start":{"line":88,"column":24},"end":{"line":88,"column":100}},"type":"cond-expr","locations":[{"start":{"line":88,"column":62},"end":{"line":88,"column":84}},{"start":{"line":88,"column":86},"end":{"line":88,"column":100}}],"line":88},"19":{"loc":{"start":{"line":89,"column":92},"end":{"line":89,"column":108}},"type":"binary-expr","locations":[{"start":{"line":89,"column":92},"end":{"line":89,"column":104}},{"start":{"line":89,"column":106},"end":{"line":89,"column":108}}],"line":89},"20":{"loc":{"start":{"line":89,"column":224},"end":{"line":89,"column":272}},"type":"cond-expr","locations":[{"start":{"line":89,"column":240},"end":{"line":89,"column":258}},{"start":{"line":89,"column":259},"end":{"line":89,"column":272}}],"line":89}},"s":{"0":0,"1":0,"2":0,"3":0,"4":0,"5":0,"6":0,"7":0,"8":0,"9":0,"10":0,"11":0,"12":0,"13":0,"14":0,"15":0,"16":0,"17":0,"18":0,"19":0,"20":0,"21":0,"22":0,"23":0,"24":0,"25":0,"26":0,"27":0,"28":0,"29":0,"30":0,"31":0,"32":0,"33":0,"34":0,"35":0,"36":0,"37":0,"38":0,"39":0,"40":0,"41":0,"42":0,"43":0,"44":0,"45":0,"46":0,"47":0,"48":0,"49":0,"50":0,"51":0,"52":0,"53":0,"54":0,"55":0},"f":{"0":0,"1":0,"2":0,"3":0,"4":0,"5":0,"6":0,"7":0,"8":0,"9":0,"10":0},"b":{"0":[0,0],"1":[0,0],"2":[0,0,0],"3":[0,0,0,0],"4":[0,0],"5":[0,0],"6":[0,0,0],"7":[0,0],"8":[0,0],"9":[0,0],"10":[0,0],"11":[0,0],"12":[0,0],"13":[0,0],"14":[0,0],"15":[0,0,0],"16":[0,0,0],"17":[0,0],"18":[0,0],"19":[0,0],"20":[0,0]}}
,"/Users/cjensen/personal/bitcoin/src/config.ts": {"path":"/Users/cjensen/personal/bitcoin/src/config.ts","statementMap":{"0":{"start":{"line":1,"column":13},"end":{"line":1,"column":1617}},"1":{"start":{"line":1,"column":1617},"end":{"line":1,"column":1630}},"2":{"start":{"line":1,"column":1630},"end":{"line":1,"column":1692}},"3":{"start":{"line":1,"column":1692},"end":{"line":11,"column":49}}},"fnMap":{},"branchMap":{},"s":{"0":0,"1":0,"2":0,"3":0},"f":{},"b":{}}
,"/Users/cjensen/personal/bitcoin/src/main.ts": {"path":"/Users/cjensen/personal/bitcoin/src/main.ts","statementMap":{"0":{"start":{"line":1,"column":13},"end":{"line":1,"column":1232}},"1":{"start":{"line":1,"column":1232},"end":{"line":1,"column":1245}},"2":{"start":{"line":1,"column":1256},"end":{"line":1,"column":1270}},"3":{"start":{"line":1,"column":1283},"end":{"line":1,"column":1311}},"4":{"start":{"line":2,"column":11},"end":{"line":2,"column":31}},"5":{"start":{"line":2,"column":44},"end":{"line":2,"column":72}},"6":{"start":{"line":3,"column":13},"end":{"line":3,"column":31}},"7":{"start":{"line":3,"column":46},"end":{"line":3,"column":76}},"8":{"start":{"line":3,"column":115},"end":{"line":3,"column":169}},"9":{"start":{"line":4,"column":0},"end":{"line":4,"column":43}},"10":{"start":{"line":6,"column":0},"end":{"line":10,"column":26}}},"fnMap":{"0":{"name":"_interopRequireDefault","decl":{"start":{"line":3,"column":86},"end":{"line":3,"column":108}},"loc":{"start":{"line":3,"column":114},"end":{"line":3,"column":170}},"line":3}},"branchMap":{"0":{"loc":{"start":{"line":3,"column":122},"end":{"line":3,"column":168}},"type":"cond-expr","locations":[{"start":{"line":3,"column":146},"end":{"line":3,"column":149}},{"start":{"line":3,"column":152},"end":{"line":3,"column":168}}],"line":3},"1":{"loc":{"start":{"line":3,"column":122},"end":{"line":3,"column":143}},"type":"binary-expr","locations":[{"start":{"line":3,"column":122},"end":{"line":3,"column":125}},{"start":{"line":3,"column":129},"end":{"line":3,"column":143}}],"line":3}},"s":{"0":0,"1":0,"2":0,"3":0,"4":0,"5":0,"6":0,"7":0,"8":0,"9":0,"10":0},"f":{"0":0},"b":{"0":[0,0],"1":[0,0]}}
,"/Users/cjensen/personal/bitcoin/src/components/AppButton.vue": {"path":"/Users/cjensen/personal/bitcoin/src/components/AppButton.vue","statementMap":{"0":{"start":{"line":10,"column":0},"end":{"line":null,"column":-1}},"1":{"start":{"line":13,"column":0},"end":{"line":null,"column":-1}},"2":{"start":{"line":15,"column":0},"end":{"line":null,"column":-1}},"3":{"start":{"line":16,"column":0},"end":{"line":null,"column":-1}}},"fnMap":{"0":{"name":"(anonymous_8)","decl":{"start":{"line":13,"column":0},"end":{"line":null,"column":-1}},"loc":{"start":{"line":13,"column":0},"end":{"line":null,"column":-1}}}},"branchMap":{},"s":{"0":1,"1":3,"2":1,"3":1},"f":{"0":3},"b":{}}
,"/Users/cjensen/personal/bitcoin/src/components/AppLoading.vue": {"path":"/Users/cjensen/personal/bitcoin/src/components/AppLoading.vue","statementMap":{"0":{"start":{"line":1,"column":1},"end":{"line":60,"column":4}},"1":{"start":{"line":4,"column":0},"end":{"line":6,"column":3}},"2":{"start":{"line":8,"column":22},"end":{"line":8,"column":122}},"3":{"start":{"line":10,"column":23},"end":{"line":10,"column":62}},"4":{"start":{"line":12,"column":32},"end":{"line":12,"column":144}},"5":{"start":{"line":14,"column":33},"end":{"line":14,"column":82}},"6":{"start":{"line":16,"column":14},"end":{"line":16,"column":105}},"7":{"start":{"line":18,"column":15},"end":{"line":18,"column":46}},"8":{"start":{"line":20,"column":22},"end":{"line":20,"column":123}},"9":{"start":{"line":22,"column":23},"end":{"line":22,"column":62}},"10":{"start":{"line":24,"column":28},"end":{"line":24,"column":61}},"11":{"start":{"line":26,"column":39},"end":{"line":26,"column":93}},"12":{"start":{"line":28,"column":16},"end":{"line":41,"column":3}},"13":{"start":{"line":29,"column":24},"end":{"line":33,"column":5}},"14":{"start":{"line":30,"column":8},"end":{"line":30,"column":24}},"15":{"start":{"line":32,"column":8},"end":{"line":32,"column":62}},"16":{"start":{"line":32,"column":25},"end":{"line":32,"column":62}},"17":{"start":{"line":32,"column":50},"end":{"line":32,"column":62}},"18":{"start":{"line":34,"column":4},"end":{"line":40,"column":6}},"19":{"start":{"line":35,"column":8},"end":{"line":35,"column":28}},"20":{"start":{"line":37,"column":12},"end":{"line":37,"column":33}},"21":{"start":{"line":39,"column":8},"end":{"line":39,"column":101}},"22":{"start":{"line":42,"column":17},"end":{"line":48,"column":1}},"23":{"start":{"line":43,"column":12},"end":{"line":43,"column":28}},"24":{"start":{"line":44,"column":12},"end":{"line":44,"column":111}},"25":{"start":{"line":46,"column":4},"end":{"line":46,"column":277}},"26":{"start":{"line":46,"column":79},"end":{"line":46,"column":131}},"27":{"start":{"line":46,"column":136},"end":{"line":46,"column":277}},"28":{"start":{"line":46,"column":185},"end":{"line":46,"column":277}},"29":{"start":{"line":46,"column":208},"end":{"line":46,"column":277}},"30":{"start":{"line":47,"column":4},"end":{"line":47,"column":74}},"31":{"start":{"line":50,"column":30},"end":{"line":57,"column":28}},"32":{"start":{"line":51,"column":4},"end":{"line":51,"column":34}},"33":{"start":{"line":53,"column":8},"end":{"line":53,"column":72}},"34":{"start":{"line":55,"column":4},"end":{"line":55,"column":75}},"35":{"start":{"line":56,"column":4},"end":{"line":56,"column":22}},"36":{"start":{"line":58,"column":0},"end":{"line":58,"column":29}},"37":{"start":{"line":61,"column":0},"end":{"line":61,"column":70}},"38":{"start":{"line":61,"column":31},"end":{"line":61,"column":70}},"39":{"start":{"line":62,"column":24},"end":{"line":62,"column":100}},"40":{"start":{"line":63,"column":0},"end":{"line":63,"column":828}},"41":{"start":{"line":63,"column":54},"end":{"line":63,"column":58}},"42":{"start":{"line":63,"column":66},"end":{"line":63,"column":84}},"43":{"start":{"line":63,"column":92},"end":{"line":63,"column":108}},"44":{"start":{"line":63,"column":109},"end":{"line":63,"column":827}},"45":{"start":{"line":64,"column":0},"end":{"line":64,"column":37}}},"fnMap":{"0":{"name":"(anonymous_0)","decl":{"start":{"line":1,"column":2},"end":{"line":1,"column":3}},"loc":{"start":{"line":1,"column":12},"end":{"line":60,"column":1}},"line":1},"1":{"name":"_interopRequireDefault","decl":{"start":{"line":26,"column":9},"end":{"line":26,"column":31}},"loc":{"start":{"line":26,"column":37},"end":{"line":26,"column":95}},"line":26},"2":{"name":"(anonymous_2)","decl":{"start":{"line":28,"column":52},"end":{"line":28,"column":53}},"loc":{"start":{"line":28,"column":64},"end":{"line":41,"column":1}},"line":28},"3":{"name":"(anonymous_3)","decl":{"start":{"line":29,"column":90},"end":{"line":29,"column":91}},"loc":{"start":{"line":29,"column":106},"end":{"line":31,"column":5}},"line":29},"4":{"name":"(anonymous_4)","decl":{"start":{"line":31,"column":9},"end":{"line":31,"column":10}},"loc":{"start":{"line":31,"column":25},"end":{"line":33,"column":5}},"line":31},"5":{"name":"(anonymous_5)","decl":{"start":{"line":34,"column":11},"end":{"line":34,"column":12}},"loc":{"start":{"line":34,"column":27},"end":{"line":40,"column":5}},"line":34},"6":{"name":"__","decl":{"start":{"line":36,"column":17},"end":{"line":36,"column":19}},"loc":{"start":{"line":36,"column":22},"end":{"line":38,"column":9}},"line":36},"7":{"name":"(anonymous_7)","decl":{"start":{"line":42,"column":54},"end":{"line":42,"column":55}},"loc":{"start":{"line":42,"column":95},"end":{"line":48,"column":1}},"line":42},"8":{"name":"(anonymous_8)","decl":{"start":{"line":50,"column":30},"end":{"line":50,"column":31}},"loc":{"start":{"line":50,"column":48},"end":{"line":57,"column":1}},"line":50},"9":{"name":"AppLoading","decl":{"start":{"line":52,"column":13},"end":{"line":52,"column":23}},"loc":{"start":{"line":52,"column":26},"end":{"line":54,"column":5}},"line":52},"10":{"name":"render","decl":{"start":{"line":63,"column":35},"end":{"line":63,"column":41}},"loc":{"start":{"line":63,"column":45},"end":{"line":63,"column":828}},"line":63}},"branchMap":{"0":{"loc":{"start":{"line":26,"column":46},"end":{"line":26,"column":92}},"type":"cond-expr","locations":[{"start":{"line":26,"column":70},"end":{"line":26,"column":73}},{"start":{"line":26,"column":76},"end":{"line":26,"column":92}}],"line":26},"1":{"loc":{"start":{"line":26,"column":46},"end":{"line":26,"column":67}},"type":"binary-expr","locations":[{"start":{"line":26,"column":46},"end":{"line":26,"column":49}},{"start":{"line":26,"column":53},"end":{"line":26,"column":67}}],"line":26},"2":{"loc":{"start":{"line":28,"column":16},"end":{"line":41,"column":3}},"type":"binary-expr","locations":[{"start":{"line":28,"column":16},"end":{"line":28,"column":25}},{"start":{"line":28,"column":29},"end":{"line":28,"column":48}},{"start":{"line":28,"column":52},"end":{"line":41,"column":3}}],"line":28},"3":{"loc":{"start":{"line":29,"column":24},"end":{"line":33,"column":5}},"type":"binary-expr","locations":[{"start":{"line":29,"column":24},"end":{"line":29,"column":48}},{"start":{"line":29,"column":52},"end":{"line":29,"column":86}},{"start":{"line":29,"column":90},"end":{"line":31,"column":5}},{"start":{"line":31,"column":9},"end":{"line":33,"column":5}}],"line":29},"4":{"loc":{"start":{"line":32,"column":25},"end":{"line":32,"column":62}},"type":"if","locations":[{"start":{"line":32,"column":25},"end":{"line":32,"column":62}},{"start":{"line":32,"column":25},"end":{"line":32,"column":62}}],"line":32},"5":{"loc":{"start":{"line":39,"column":22},"end":{"line":39,"column":100}},"type":"cond-expr","locations":[{"start":{"line":39,"column":35},"end":{"line":39,"column":59}},{"start":{"line":39,"column":63},"end":{"line":39,"column":99}}],"line":39},"6":{"loc":{"start":{"line":42,"column":17},"end":{"line":48,"column":1}},"type":"binary-expr","locations":[{"start":{"line":42,"column":17},"end":{"line":42,"column":26}},{"start":{"line":42,"column":30},"end":{"line":42,"column":50}},{"start":{"line":42,"column":54},"end":{"line":48,"column":1}}],"line":42},"7":{"loc":{"start":{"line":44,"column":12},"end":{"line":44,"column":111}},"type":"cond-expr","locations":[{"start":{"line":44,"column":20},"end":{"line":44,"column":26}},{"start":{"line":44,"column":29},"end":{"line":44,"column":111}}],"line":44},"8":{"loc":{"start":{"line":44,"column":29},"end":{"line":44,"column":111}},"type":"cond-expr","locations":[{"start":{"line":44,"column":45},"end":{"line":44,"column":104}},{"start":{"line":44,"column":107},"end":{"line":44,"column":111}}],"line":44},"9":{"loc":{"start":{"line":46,"column":4},"end":{"line":46,"column":277}},"type":"if","locations":[{"start":{"line":46,"column":4},"end":{"line":46,"column":277}},{"start":{"line":46,"column":4},"end":{"line":46,"column":277}}],"line":46},"10":{"loc":{"start":{"line":46,"column":8},"end":{"line":46,"column":77}},"type":"binary-expr","locations":[{"start":{"line":46,"column":8},"end":{"line":46,"column":35}},{"start":{"line":46,"column":39},"end":{"line":46,"column":77}}],"line":46},"11":{"loc":{"start":{"line":46,"column":185},"end":{"line":46,"column":277}},"type":"if","locations":[{"start":{"line":46,"column":185},"end":{"line":46,"column":277}},{"start":{"line":46,"column":185},"end":{"line":46,"column":277}}],"line":46},"12":{"loc":{"start":{"line":46,"column":212},"end":{"line":46,"column":276}},"type":"binary-expr","locations":[{"start":{"line":46,"column":213},"end":{"line":46,"column":270}},{"start":{"line":46,"column":275},"end":{"line":46,"column":276}}],"line":46},"13":{"loc":{"start":{"line":46,"column":213},"end":{"line":46,"column":270}},"type":"cond-expr","locations":[{"start":{"line":46,"column":221},"end":{"line":46,"column":225}},{"start":{"line":46,"column":228},"end":{"line":46,"column":270}}],"line":46},"14":{"loc":{"start":{"line":46,"column":228},"end":{"line":46,"column":270}},"type":"cond-expr","locations":[{"start":{"line":46,"column":236},"end":{"line":46,"column":253}},{"start":{"line":46,"column":256},"end":{"line":46,"column":270}}],"line":46},"15":{"loc":{"start":{"line":47,"column":11},"end":{"line":47,"column":70}},"type":"binary-expr","locations":[{"start":{"line":47,"column":11},"end":{"line":47,"column":16}},{"start":{"line":47,"column":20},"end":{"line":47,"column":21}},{"start":{"line":47,"column":25},"end":{"line":47,"column":70}}],"line":47},"16":{"loc":{"start":{"line":53,"column":15},"end":{"line":53,"column":71}},"type":"binary-expr","locations":[{"start":{"line":53,"column":15},"end":{"line":53,"column":30}},{"start":{"line":53,"column":34},"end":{"line":53,"column":63}},{"start":{"line":53,"column":67},"end":{"line":53,"column":71}}],"line":53},"17":{"loc":{"start":{"line":61,"column":0},"end":{"line":61,"column":70}},"type":"if","locations":[{"start":{"line":61,"column":0},"end":{"line":61,"column":70}},{"start":{"line":61,"column":0},"end":{"line":61,"column":70}}],"line":61},"18":{"loc":{"start":{"line":62,"column":24},"end":{"line":62,"column":100}},"type":"cond-expr","locations":[{"start":{"line":62,"column":62},"end":{"line":62,"column":84}},{"start":{"line":62,"column":86},"end":{"line":62,"column":100}}],"line":62},"19":{"loc":{"start":{"line":63,"column":92},"end":{"line":63,"column":108}},"type":"binary-expr","locations":[{"start":{"line":63,"column":92},"end":{"line":63,"column":104}},{"start":{"line":63,"column":106},"end":{"line":63,"column":108}}],"line":63}},"s":{"0":0,"1":0,"2":0,"3":0,"4":0,"5":0,"6":0,"7":0,"8":0,"9":0,"10":0,"11":0,"12":0,"13":0,"14":0,"15":0,"16":0,"17":0,"18":0,"19":0,"20":0,"21":0,"22":0,"23":0,"24":0,"25":0,"26":0,"27":0,"28":0,"29":0,"30":0,"31":0,"32":0,"33":0,"34":0,"35":0,"36":0,"37":0,"38":0,"39":0,"40":0,"41":0,"42":0,"43":0,"44":0,"45":0},"f":{"0":0,"1":0,"2":0,"3":0,"4":0,"5":0,"6":0,"7":0,"8":0,"9":0,"10":0},"b":{"0":[0,0],"1":[0,0],"2":[0,0,0],"3":[0,0,0,0],"4":[0,0],"5":[0,0],"6":[0,0,0],"7":[0,0],"8":[0,0],"9":[0,0],"10":[0,0],"11":[0,0],"12":[0,0],"13":[0,0],"14":[0,0],"15":[0,0,0],"16":[0,0,0],"17":[0,0],"18":[0,0],"19":[0,0]}}
,"/Users/cjensen/personal/bitcoin/src/components/TheForm.vue": {"path":"/Users/cjensen/personal/bitcoin/src/components/TheForm.vue","statementMap":{"0":{"start":{"line":1,"column":1},"end":{"line":281,"column":4}},"1":{"start":{"line":4,"column":0},"end":{"line":6,"column":3}},"2":{"start":{"line":8,"column":14},"end":{"line":8,"column":105}},"3":{"start":{"line":10,"column":15},"end":{"line":10,"column":46}},"4":{"start":{"line":12,"column":16},"end":{"line":12,"column":109}},"5":{"start":{"line":14,"column":17},"end":{"line":14,"column":50}},"6":{"start":{"line":16,"column":14},"end":{"line":16,"column":98}},"7":{"start":{"line":18,"column":15},"end":{"line":18,"column":46}},"8":{"start":{"line":20,"column":15},"end":{"line":20,"column":100}},"9":{"start":{"line":22,"column":16},"end":{"line":22,"column":48}},"10":{"start":{"line":24,"column":22},"end":{"line":24,"column":122}},"11":{"start":{"line":26,"column":23},"end":{"line":26,"column":62}},"12":{"start":{"line":28,"column":32},"end":{"line":28,"column":144}},"13":{"start":{"line":30,"column":33},"end":{"line":30,"column":82}},"14":{"start":{"line":32,"column":14},"end":{"line":32,"column":105}},"15":{"start":{"line":34,"column":15},"end":{"line":34,"column":46}},"16":{"start":{"line":36,"column":22},"end":{"line":36,"column":123}},"17":{"start":{"line":38,"column":23},"end":{"line":38,"column":62}},"18":{"start":{"line":40,"column":24},"end":{"line":40,"column":52}},"19":{"start":{"line":42,"column":28},"end":{"line":42,"column":61}},"20":{"start":{"line":44,"column":17},"end":{"line":44,"column":38}},"21":{"start":{"line":46,"column":17},"end":{"line":46,"column":45}},"22":{"start":{"line":48,"column":18},"end":{"line":48,"column":52}},"23":{"start":{"line":50,"column":12},"end":{"line":50,"column":37}},"24":{"start":{"line":52,"column":13},"end":{"line":52,"column":42}},"25":{"start":{"line":54,"column":17},"end":{"line":54,"column":43}},"26":{"start":{"line":56,"column":18},"end":{"line":56,"column":52}},"27":{"start":{"line":58,"column":18},"end":{"line":58,"column":45}},"28":{"start":{"line":60,"column":19},"end":{"line":60,"column":54}},"29":{"start":{"line":62,"column":39},"end":{"line":62,"column":93}},"30":{"start":{"line":64,"column":16},"end":{"line":77,"column":3}},"31":{"start":{"line":65,"column":24},"end":{"line":69,"column":5}},"32":{"start":{"line":66,"column":8},"end":{"line":66,"column":24}},"33":{"start":{"line":68,"column":8},"end":{"line":68,"column":62}},"34":{"start":{"line":68,"column":25},"end":{"line":68,"column":62}},"35":{"start":{"line":68,"column":50},"end":{"line":68,"column":62}},"36":{"start":{"line":70,"column":4},"end":{"line":76,"column":6}},"37":{"start":{"line":71,"column":8},"end":{"line":71,"column":28}},"38":{"start":{"line":73,"column":12},"end":{"line":73,"column":33}},"39":{"start":{"line":75,"column":8},"end":{"line":75,"column":101}},"40":{"start":{"line":78,"column":17},"end":{"line":84,"column":1}},"41":{"start":{"line":79,"column":12},"end":{"line":79,"column":28}},"42":{"start":{"line":80,"column":12},"end":{"line":80,"column":111}},"43":{"start":{"line":82,"column":4},"end":{"line":82,"column":277}},"44":{"start":{"line":82,"column":79},"end":{"line":82,"column":131}},"45":{"start":{"line":82,"column":136},"end":{"line":82,"column":277}},"46":{"start":{"line":82,"column":185},"end":{"line":82,"column":277}},"47":{"start":{"line":82,"column":208},"end":{"line":82,"column":277}},"48":{"start":{"line":83,"column":4},"end":{"line":83,"column":74}},"49":{"start":{"line":85,"column":16},"end":{"line":108,"column":1}},"50":{"start":{"line":86,"column":4},"end":{"line":107,"column":7}},"51":{"start":{"line":88,"column":12},"end":{"line":92,"column":13}},"52":{"start":{"line":89,"column":16},"end":{"line":89,"column":44}},"53":{"start":{"line":91,"column":16},"end":{"line":91,"column":26}},"54":{"start":{"line":95,"column":12},"end":{"line":99,"column":13}},"55":{"start":{"line":96,"column":16},"end":{"line":96,"column":48}},"56":{"start":{"line":98,"column":16},"end":{"line":98,"column":26}},"57":{"start":{"line":102,"column":12},"end":{"line":104,"column":41}},"58":{"start":{"line":103,"column":16},"end":{"line":103,"column":38}},"59":{"start":{"line":106,"column":8},"end":{"line":106,"column":78}},"60":{"start":{"line":109,"column":18},"end":{"line":163,"column":1}},"61":{"start":{"line":110,"column":12},"end":{"line":112,"column":30}},"62":{"start":{"line":111,"column":12},"end":{"line":111,"column":37}},"63":{"start":{"line":111,"column":26},"end":{"line":111,"column":37}},"64":{"start":{"line":111,"column":37},"end":{"line":111,"column":49}},"65":{"start":{"line":117,"column":4},"end":{"line":119,"column":10}},"66":{"start":{"line":118,"column":8},"end":{"line":118,"column":20}},"67":{"start":{"line":121,"column":8},"end":{"line":123,"column":10}},"68":{"start":{"line":122,"column":12},"end":{"line":122,"column":32}},"69":{"start":{"line":126,"column":8},"end":{"line":126,"column":70}},"70":{"start":{"line":126,"column":15},"end":{"line":126,"column":70}},"71":{"start":{"line":127,"column":8},"end":{"line":160,"column":9}},"72":{"start":{"line":127,"column":18},"end":{"line":160,"column":9}},"73":{"start":{"line":128,"column":12},"end":{"line":128,"column":127}},"74":{"start":{"line":128,"column":118},"end":{"line":128,"column":127}},"75":{"start":{"line":129,"column":12},"end":{"line":129,"column":44}},"76":{"start":{"line":129,"column":26},"end":{"line":129,"column":44}},"77":{"start":{"line":130,"column":12},"end":{"line":154,"column":13}},"78":{"start":{"line":132,"column":20},"end":{"line":132,"column":27}},"79":{"start":{"line":132,"column":27},"end":{"line":132,"column":33}},"80":{"start":{"line":134,"column":20},"end":{"line":134,"column":30}},"81":{"start":{"line":134,"column":30},"end":{"line":134,"column":67}},"82":{"start":{"line":136,"column":20},"end":{"line":136,"column":30}},"83":{"start":{"line":136,"column":30},"end":{"line":136,"column":40}},"84":{"start":{"line":136,"column":40},"end":{"line":136,"column":49}},"85":{"start":{"line":136,"column":49},"end":{"line":136,"column":58}},"86":{"start":{"line":138,"column":20},"end":{"line":138,"column":37}},"87":{"start":{"line":138,"column":37},"end":{"line":138,"column":50}},"88":{"start":{"line":138,"column":50},"end":{"line":138,"column":59}},"89":{"start":{"line":140,"column":20},"end":{"line":142,"column":21}},"90":{"start":{"line":141,"column":24},"end":{"line":141,"column":30}},"91":{"start":{"line":141,"column":30},"end":{"line":141,"column":39}},"92":{"start":{"line":143,"column":20},"end":{"line":145,"column":21}},"93":{"start":{"line":144,"column":24},"end":{"line":144,"column":40}},"94":{"start":{"line":144,"column":40},"end":{"line":144,"column":46}},"95":{"start":{"line":146,"column":20},"end":{"line":148,"column":21}},"96":{"start":{"line":147,"column":24},"end":{"line":147,"column":39}},"97":{"start":{"line":147,"column":39},"end":{"line":147,"column":46}},"98":{"start":{"line":147,"column":46},"end":{"line":147,"column":52}},"99":{"start":{"line":149,"column":20},"end":{"line":151,"column":21}},"100":{"start":{"line":150,"column":24},"end":{"line":150,"column":39}},"101":{"start":{"line":150,"column":39},"end":{"line":150,"column":54}},"102":{"start":{"line":150,"column":54},"end":{"line":150,"column":60}},"103":{"start":{"line":152,"column":20},"end":{"line":152,"column":42}},"104":{"start":{"line":152,"column":30},"end":{"line":152,"column":42}},"105":{"start":{"line":153,"column":20},"end":{"line":153,"column":33}},"106":{"start":{"line":153,"column":33},"end":{"line":153,"column":42}},"107":{"start":{"line":155,"column":12},"end":{"line":155,"column":39}},"108":{"start":{"line":157,"column":12},"end":{"line":157,"column":24}},"109":{"start":{"line":157,"column":24},"end":{"line":157,"column":30}},"110":{"start":{"line":159,"column":12},"end":{"line":159,"column":22}},"111":{"start":{"line":161,"column":8},"end":{"line":161,"column":35}},"112":{"start":{"line":161,"column":23},"end":{"line":161,"column":35}},"113":{"start":{"line":161,"column":35},"end":{"line":161,"column":88}},"114":{"start":{"line":165,"column":27},"end":{"line":278,"column":28}},"115":{"start":{"line":166,"column":4},"end":{"line":166,"column":31}},"116":{"start":{"line":168,"column":20},"end":{"line":168,"column":76}},"117":{"start":{"line":169,"column":8},"end":{"line":169,"column":27}},"118":{"start":{"line":170,"column":8},"end":{"line":170,"column":33}},"119":{"start":{"line":171,"column":8},"end":{"line":171,"column":42}},"120":{"start":{"line":172,"column":8},"end":{"line":172,"column":21}},"121":{"start":{"line":174,"column":4},"end":{"line":176,"column":6}},"122":{"start":{"line":175,"column":8},"end":{"line":175,"column":39}},"123":{"start":{"line":177,"column":4},"end":{"line":179,"column":6}},"124":{"start":{"line":178,"column":8},"end":{"line":178,"column":39}},"125":{"start":{"line":180,"column":4},"end":{"line":188,"column":7}},"126":{"start":{"line":182,"column":12},"end":{"line":184,"column":15}},"127":{"start":{"line":183,"column":16},"end":{"line":183,"column":58}},"128":{"start":{"line":189,"column":4},"end":{"line":201,"column":7}},"129":{"start":{"line":191,"column":24},"end":{"line":191,"column":52}},"130":{"start":{"line":192,"column":30},"end":{"line":192,"column":70}},"131":{"start":{"line":193,"column":24},"end":{"line":193,"column":78}},"132":{"start":{"line":194,"column":12},"end":{"line":197,"column":14}},"133":{"start":{"line":202,"column":4},"end":{"line":210,"column":7}},"134":{"start":{"line":204,"column":12},"end":{"line":206,"column":15}},"135":{"start":{"line":205,"column":16},"end":{"line":205,"column":25}},"136":{"start":{"line":211,"column":4},"end":{"line":217,"column":7}},"137":{"start":{"line":213,"column":12},"end":{"line":213,"column":105}},"138":{"start":{"line":218,"column":4},"end":{"line":249,"column":6}},"139":{"start":{"line":219,"column":8},"end":{"line":248,"column":11}},"140":{"start":{"line":221,"column":12},"end":{"line":247,"column":15}},"141":{"start":{"line":222,"column":16},"end":{"line":246,"column":17}},"142":{"start":{"line":224,"column":24},"end":{"line":226,"column":25}},"143":{"start":{"line":225,"column":28},"end":{"line":225,"column":50}},"144":{"start":{"line":227,"column":24},"end":{"line":227,"column":47}},"145":{"start":{"line":228,"column":24},"end":{"line":228,"column":42}},"146":{"start":{"line":229,"column":24},"end":{"line":229,"column":37}},"147":{"start":{"line":231,"column":24},"end":{"line":231,"column":51}},"148":{"start":{"line":232,"column":24},"end":{"line":232,"column":89}},"149":{"start":{"line":234,"column":24},"end":{"line":234,"column":34}},"150":{"start":{"line":235,"column":24},"end":{"line":235,"column":61}},"151":{"start":{"line":236,"column":24},"end":{"line":236,"column":48}},"152":{"start":{"line":238,"column":24},"end":{"line":238,"column":42}},"153":{"start":{"line":239,"column":24},"end":{"line":239,"column":75}},"154":{"start":{"line":240,"column":24},"end":{"line":240,"column":48}},"155":{"start":{"line":242,"column":24},"end":{"line":242,"column":48}},"156":{"start":{"line":243,"column":24},"end":{"line":243,"column":50}},"157":{"start":{"line":245,"column":24},"end":{"line":245,"column":46}},"158":{"start":{"line":250,"column":4},"end":{"line":261,"column":6}},"159":{"start":{"line":251,"column":17},"end":{"line":251,"column":21}},"160":{"start":{"line":252,"column":19},"end":{"line":252,"column":26}},"161":{"start":{"line":253,"column":32},"end":{"line":253,"column":52}},"162":{"start":{"line":254,"column":32},"end":{"line":254,"column":52}},"163":{"start":{"line":255,"column":8},"end":{"line":257,"column":9}},"164":{"start":{"line":256,"column":12},"end":{"line":256,"column":49}},"165":{"start":{"line":258,"column":8},"end":{"line":260,"column":9}},"166":{"start":{"line":259,"column":12},"end":{"line":259,"column":54}},"167":{"start":{"line":262,"column":4},"end":{"line":264,"column":6}},"168":{"start":{"line":263,"column":8},"end":{"line":263,"column":37}},"169":{"start":{"line":265,"column":4},"end":{"line":265,"column":87}},"170":{"start":{"line":266,"column":4},"end":{"line":266,"column":87}},"171":{"start":{"line":267,"column":4},"end":{"line":267,"column":84}},"172":{"start":{"line":268,"column":4},"end":{"line":268,"column":84}},"173":{"start":{"line":269,"column":4},"end":{"line":269,"column":120}},"174":{"start":{"line":270,"column":4},"end":{"line":270,"column":130}},"175":{"start":{"line":271,"column":4},"end":{"line":276,"column":18}},"176":{"start":{"line":277,"column":4},"end":{"line":277,"column":19}},"177":{"start":{"line":279,"column":0},"end":{"line":279,"column":26}},"178":{"start":{"line":282,"column":0},"end":{"line":282,"column":70}},"179":{"start":{"line":282,"column":31},"end":{"line":282,"column":70}},"180":{"start":{"line":283,"column":24},"end":{"line":283,"column":100}},"181":{"start":{"line":284,"column":0},"end":{"line":286,"column":12}},"182":{"start":{"line":284,"column":54},"end":{"line":284,"column":58}},"183":{"start":{"line":284,"column":66},"end":{"line":284,"column":84}},"184":{"start":{"line":284,"column":92},"end":{"line":284,"column":108}},"185":{"start":{"line":284,"column":109},"end":{"line":284,"column":3767}},"186":{"start":{"line":284,"column":216},"end":{"line":284,"column":240}},"187":{"start":{"line":284,"column":240},"end":{"line":284,"column":258}},"188":{"start":{"line":284,"column":982},"end":{"line":284,"column":1137}},"189":{"start":{"line":284,"column":1044},"end":{"line":284,"column":1061}},"190":{"start":{"line":284,"column":1090},"end":{"line":284,"column":1124}},"191":{"start":{"line":284,"column":1125},"end":{"line":284,"column":1135}},"192":{"start":{"line":284,"column":1139},"end":{"line":284,"column":1236}},"193":{"start":{"line":284,"column":1284},"end":{"line":284,"column":1415}},"194":{"start":{"line":284,"column":1865},"end":{"line":284,"column":1903}},"195":{"start":{"line":284,"column":1894},"end":{"line":284,"column":1901}},"196":{"start":{"line":284,"column":1903},"end":{"line":284,"column":1957}},"197":{"start":{"line":284,"column":2557},"end":{"line":284,"column":2712}},"198":{"start":{"line":284,"column":2619},"end":{"line":284,"column":2636}},"199":{"start":{"line":284,"column":2665},"end":{"line":284,"column":2699}},"200":{"start":{"line":284,"column":2700},"end":{"line":284,"column":2710}},"201":{"start":{"line":284,"column":2714},"end":{"line":284,"column":2798}},"202":{"start":{"line":284,"column":3388},"end":{"line":284,"column":3426}},"203":{"start":{"line":284,"column":3417},"end":{"line":284,"column":3424}},"204":{"start":{"line":284,"column":3426},"end":{"line":284,"column":3482}},"205":{"start":{"line":284,"column":3508},"end":{"line":284,"column":3526}},"206":{"start":{"line":287,"column":0},"end":{"line":287,"column":37}}},"fnMap":{"0":{"name":"(anonymous_0)","decl":{"start":{"line":1,"column":2},"end":{"line":1,"column":3}},"loc":{"start":{"line":1,"column":12},"end":{"line":281,"column":1}},"line":1},"1":{"name":"_interopRequireDefault","decl":{"start":{"line":62,"column":9},"end":{"line":62,"column":31}},"loc":{"start":{"line":62,"column":37},"end":{"line":62,"column":95}},"line":62},"2":{"name":"(anonymous_2)","decl":{"start":{"line":64,"column":52},"end":{"line":64,"column":53}},"loc":{"start":{"line":64,"column":64},"end":{"line":77,"column":1}},"line":64},"3":{"name":"(anonymous_3)","decl":{"start":{"line":65,"column":90},"end":{"line":65,"column":91}},"loc":{"start":{"line":65,"column":106},"end":{"line":67,"column":5}},"line":65},"4":{"name":"(anonymous_4)","decl":{"start":{"line":67,"column":9},"end":{"line":67,"column":10}},"loc":{"start":{"line":67,"column":25},"end":{"line":69,"column":5}},"line":67},"5":{"name":"(anonymous_5)","decl":{"start":{"line":70,"column":11},"end":{"line":70,"column":12}},"loc":{"start":{"line":70,"column":27},"end":{"line":76,"column":5}},"line":70},"6":{"name":"__","decl":{"start":{"line":72,"column":17},"end":{"line":72,"column":19}},"loc":{"start":{"line":72,"column":22},"end":{"line":74,"column":9}},"line":72},"7":{"name":"(anonymous_7)","decl":{"start":{"line":78,"column":54},"end":{"line":78,"column":55}},"loc":{"start":{"line":78,"column":95},"end":{"line":84,"column":1}},"line":78},"8":{"name":"(anonymous_8)","decl":{"start":{"line":85,"column":52},"end":{"line":85,"column":53}},"loc":{"start":{"line":85,"column":97},"end":{"line":108,"column":1}},"line":85},"9":{"name":"(anonymous_9)","decl":{"start":{"line":86,"column":46},"end":{"line":86,"column":47}},"loc":{"start":{"line":86,"column":73},"end":{"line":107,"column":5}},"line":86},"10":{"name":"fulfilled","decl":{"start":{"line":87,"column":17},"end":{"line":87,"column":26}},"loc":{"start":{"line":87,"column":34},"end":{"line":93,"column":9}},"line":87},"11":{"name":"rejected","decl":{"start":{"line":94,"column":17},"end":{"line":94,"column":25}},"loc":{"start":{"line":94,"column":33},"end":{"line":100,"column":9}},"line":94},"12":{"name":"step","decl":{"start":{"line":101,"column":17},"end":{"line":101,"column":21}},"loc":{"start":{"line":101,"column":30},"end":{"line":105,"column":9}},"line":101},"13":{"name":"(anonymous_13)","decl":{"start":{"line":102,"column":56},"end":{"line":102,"column":57}},"loc":{"start":{"line":102,"column":75},"end":{"line":104,"column":13}},"line":102},"14":{"name":"(anonymous_14)","decl":{"start":{"line":109,"column":56},"end":{"line":109,"column":57}},"loc":{"start":{"line":109,"column":81},"end":{"line":163,"column":1}},"line":109},"15":{"name":"(anonymous_15)","decl":{"start":{"line":110,"column":30},"end":{"line":110,"column":31}},"loc":{"start":{"line":110,"column":42},"end":{"line":112,"column":9}},"line":110},"16":{"name":"(anonymous_16)","decl":{"start":{"line":117,"column":138},"end":{"line":117,"column":139}},"loc":{"start":{"line":117,"column":150},"end":{"line":119,"column":5}},"line":117},"17":{"name":"verb","decl":{"start":{"line":120,"column":13},"end":{"line":120,"column":17}},"loc":{"start":{"line":120,"column":21},"end":{"line":124,"column":5}},"line":120},"18":{"name":"(anonymous_18)","decl":{"start":{"line":121,"column":15},"end":{"line":121,"column":16}},"loc":{"start":{"line":121,"column":28},"end":{"line":123,"column":9}},"line":121},"19":{"name":"step","decl":{"start":{"line":125,"column":13},"end":{"line":125,"column":17}},"loc":{"start":{"line":125,"column":22},"end":{"line":162,"column":5}},"line":125},"20":{"name":"(anonymous_20)","decl":{"start":{"line":165,"column":27},"end":{"line":165,"column":28}},"loc":{"start":{"line":165,"column":45},"end":{"line":278,"column":1}},"line":165},"21":{"name":"TheForm","decl":{"start":{"line":167,"column":13},"end":{"line":167,"column":20}},"loc":{"start":{"line":167,"column":23},"end":{"line":173,"column":5}},"line":167},"22":{"name":"(anonymous_22)","decl":{"start":{"line":174,"column":45},"end":{"line":174,"column":46}},"loc":{"start":{"line":174,"column":60},"end":{"line":176,"column":5}},"line":174},"23":{"name":"(anonymous_23)","decl":{"start":{"line":177,"column":50},"end":{"line":177,"column":51}},"loc":{"start":{"line":177,"column":65},"end":{"line":179,"column":5}},"line":177},"24":{"name":"(anonymous_24)","decl":{"start":{"line":181,"column":13},"end":{"line":181,"column":14}},"loc":{"start":{"line":181,"column":25},"end":{"line":185,"column":9}},"line":181},"25":{"name":"(anonymous_25)","decl":{"start":{"line":182,"column":44},"end":{"line":182,"column":45}},"loc":{"start":{"line":182,"column":60},"end":{"line":184,"column":13}},"line":182},"26":{"name":"(anonymous_26)","decl":{"start":{"line":190,"column":13},"end":{"line":190,"column":14}},"loc":{"start":{"line":190,"column":25},"end":{"line":198,"column":9}},"line":190},"27":{"name":"(anonymous_27)","decl":{"start":{"line":203,"column":13},"end":{"line":203,"column":14}},"loc":{"start":{"line":203,"column":25},"end":{"line":207,"column":9}},"line":203},"28":{"name":"(anonymous_28)","decl":{"start":{"line":204,"column":65},"end":{"line":204,"column":66}},"loc":{"start":{"line":204,"column":78},"end":{"line":206,"column":13}},"line":204},"29":{"name":"(anonymous_29)","decl":{"start":{"line":212,"column":13},"end":{"line":212,"column":14}},"loc":{"start":{"line":212,"column":25},"end":{"line":214,"column":9}},"line":212},"30":{"name":"(anonymous_30)","decl":{"start":{"line":218,"column":31},"end":{"line":218,"column":32}},"loc":{"start":{"line":218,"column":43},"end":{"line":249,"column":5}},"line":218},"31":{"name":"(anonymous_31)","decl":{"start":{"line":219,"column":47},"end":{"line":219,"column":48}},"loc":{"start":{"line":219,"column":59},"end":{"line":248,"column":9}},"line":219},"32":{"name":"(anonymous_32)","decl":{"start":{"line":221,"column":37},"end":{"line":221,"column":38}},"loc":{"start":{"line":221,"column":51},"end":{"line":247,"column":13}},"line":221},"33":{"name":"(anonymous_33)","decl":{"start":{"line":250,"column":46},"end":{"line":250,"column":47}},"loc":{"start":{"line":250,"column":58},"end":{"line":261,"column":5}},"line":250},"34":{"name":"(anonymous_34)","decl":{"start":{"line":262,"column":32},"end":{"line":262,"column":33}},"loc":{"start":{"line":262,"column":44},"end":{"line":264,"column":5}},"line":262},"35":{"name":"render","decl":{"start":{"line":284,"column":35},"end":{"line":284,"column":41}},"loc":{"start":{"line":284,"column":45},"end":{"line":286,"column":12}},"line":284},"36":{"name":"(anonymous_36)","decl":{"start":{"line":284,"column":199},"end":{"line":284,"column":200}},"loc":{"start":{"line":284,"column":215},"end":{"line":284,"column":259}},"line":284},"37":{"name":"(anonymous_37)","decl":{"start":{"line":284,"column":945},"end":{"line":284,"column":946}},"loc":{"start":{"line":284,"column":961},"end":{"line":284,"column":1237}},"line":284},"38":{"name":"(anonymous_38)","decl":{"start":{"line":284,"column":1032},"end":{"line":284,"column":1033}},"loc":{"start":{"line":284,"column":1043},"end":{"line":284,"column":1062}},"line":284},"39":{"name":"(anonymous_39)","decl":{"start":{"line":284,"column":1068},"end":{"line":284,"column":1069}},"loc":{"start":{"line":284,"column":1079},"end":{"line":284,"column":1136}},"line":284},"40":{"name":"(anonymous_40)","decl":{"start":{"line":284,"column":1263},"end":{"line":284,"column":1264}},"loc":{"start":{"line":284,"column":1283},"end":{"line":284,"column":1416}},"line":284},"41":{"name":"(anonymous_41)","decl":{"start":{"line":284,"column":1848},"end":{"line":284,"column":1849}},"loc":{"start":{"line":284,"column":1864},"end":{"line":284,"column":1958}},"line":284},"42":{"name":"(anonymous_42)","decl":{"start":{"line":284,"column":2520},"end":{"line":284,"column":2521}},"loc":{"start":{"line":284,"column":2536},"end":{"line":284,"column":2799}},"line":284},"43":{"name":"(anonymous_43)","decl":{"start":{"line":284,"column":2607},"end":{"line":284,"column":2608}},"loc":{"start":{"line":284,"column":2618},"end":{"line":284,"column":2637}},"line":284},"44":{"name":"(anonymous_44)","decl":{"start":{"line":284,"column":2643},"end":{"line":284,"column":2644}},"loc":{"start":{"line":284,"column":2654},"end":{"line":284,"column":2711}},"line":284},"45":{"name":"(anonymous_45)","decl":{"start":{"line":284,"column":3371},"end":{"line":284,"column":3372}},"loc":{"start":{"line":284,"column":3387},"end":{"line":284,"column":3483}},"line":284},"46":{"name":"(anonymous_46)","decl":{"start":{"line":284,"column":3491},"end":{"line":284,"column":3492}},"loc":{"start":{"line":284,"column":3507},"end":{"line":284,"column":3527}},"line":284}},"branchMap":{"0":{"loc":{"start":{"line":62,"column":46},"end":{"line":62,"column":92}},"type":"cond-expr","locations":[{"start":{"line":62,"column":70},"end":{"line":62,"column":73}},{"start":{"line":62,"column":76},"end":{"line":62,"column":92}}],"line":62},"1":{"loc":{"start":{"line":62,"column":46},"end":{"line":62,"column":67}},"type":"binary-expr","locations":[{"start":{"line":62,"column":46},"end":{"line":62,"column":49}},{"start":{"line":62,"column":53},"end":{"line":62,"column":67}}],"line":62},"2":{"loc":{"start":{"line":64,"column":16},"end":{"line":77,"column":3}},"type":"binary-expr","locations":[{"start":{"line":64,"column":16},"end":{"line":64,"column":25}},{"start":{"line":64,"column":29},"end":{"line":64,"column":48}},{"start":{"line":64,"column":52},"end":{"line":77,"column":3}}],"line":64},"3":{"loc":{"start":{"line":65,"column":24},"end":{"line":69,"column":5}},"type":"binary-expr","locations":[{"start":{"line":65,"column":24},"end":{"line":65,"column":48}},{"start":{"line":65,"column":52},"end":{"line":65,"column":86}},{"start":{"line":65,"column":90},"end":{"line":67,"column":5}},{"start":{"line":67,"column":9},"end":{"line":69,"column":5}}],"line":65},"4":{"loc":{"start":{"line":68,"column":25},"end":{"line":68,"column":62}},"type":"if","locations":[{"start":{"line":68,"column":25},"end":{"line":68,"column":62}},{"start":{"line":68,"column":25},"end":{"line":68,"column":62}}],"line":68},"5":{"loc":{"start":{"line":75,"column":22},"end":{"line":75,"column":100}},"type":"cond-expr","locations":[{"start":{"line":75,"column":35},"end":{"line":75,"column":59}},{"start":{"line":75,"column":63},"end":{"line":75,"column":99}}],"line":75},"6":{"loc":{"start":{"line":78,"column":17},"end":{"line":84,"column":1}},"type":"binary-expr","locations":[{"start":{"line":78,"column":17},"end":{"line":78,"column":26}},{"start":{"line":78,"column":30},"end":{"line":78,"column":50}},{"start":{"line":78,"column":54},"end":{"line":84,"column":1}}],"line":78},"7":{"loc":{"start":{"line":80,"column":12},"end":{"line":80,"column":111}},"type":"cond-expr","locations":[{"start":{"line":80,"column":20},"end":{"line":80,"column":26}},{"start":{"line":80,"column":29},"end":{"line":80,"column":111}}],"line":80},"8":{"loc":{"start":{"line":80,"column":29},"end":{"line":80,"column":111}},"type":"cond-expr","locations":[{"start":{"line":80,"column":45},"end":{"line":80,"column":104}},{"start":{"line":80,"column":107},"end":{"line":80,"column":111}}],"line":80},"9":{"loc":{"start":{"line":82,"column":4},"end":{"line":82,"column":277}},"type":"if","locations":[{"start":{"line":82,"column":4},"end":{"line":82,"column":277}},{"start":{"line":82,"column":4},"end":{"line":82,"column":277}}],"line":82},"10":{"loc":{"start":{"line":82,"column":8},"end":{"line":82,"column":77}},"type":"binary-expr","locations":[{"start":{"line":82,"column":8},"end":{"line":82,"column":35}},{"start":{"line":82,"column":39},"end":{"line":82,"column":77}}],"line":82},"11":{"loc":{"start":{"line":82,"column":185},"end":{"line":82,"column":277}},"type":"if","locations":[{"start":{"line":82,"column":185},"end":{"line":82,"column":277}},{"start":{"line":82,"column":185},"end":{"line":82,"column":277}}],"line":82},"12":{"loc":{"start":{"line":82,"column":212},"end":{"line":82,"column":276}},"type":"binary-expr","locations":[{"start":{"line":82,"column":213},"end":{"line":82,"column":270}},{"start":{"line":82,"column":275},"end":{"line":82,"column":276}}],"line":82},"13":{"loc":{"start":{"line":82,"column":213},"end":{"line":82,"column":270}},"type":"cond-expr","locations":[{"start":{"line":82,"column":221},"end":{"line":82,"column":225}},{"start":{"line":82,"column":228},"end":{"line":82,"column":270}}],"line":82},"14":{"loc":{"start":{"line":82,"column":228},"end":{"line":82,"column":270}},"type":"cond-expr","locations":[{"start":{"line":82,"column":236},"end":{"line":82,"column":253}},{"start":{"line":82,"column":256},"end":{"line":82,"column":270}}],"line":82},"15":{"loc":{"start":{"line":83,"column":11},"end":{"line":83,"column":70}},"type":"binary-expr","locations":[{"start":{"line":83,"column":11},"end":{"line":83,"column":16}},{"start":{"line":83,"column":20},"end":{"line":83,"column":21}},{"start":{"line":83,"column":25},"end":{"line":83,"column":70}}],"line":83},"16":{"loc":{"start":{"line":85,"column":16},"end":{"line":108,"column":1}},"type":"binary-expr","locations":[{"start":{"line":85,"column":16},"end":{"line":85,"column":25}},{"start":{"line":85,"column":29},"end":{"line":85,"column":48}},{"start":{"line":85,"column":52},"end":{"line":108,"column":1}}],"line":85},"17":{"loc":{"start":{"line":86,"column":16},"end":{"line":86,"column":44}},"type":"binary-expr","locations":[{"start":{"line":86,"column":16},"end":{"line":86,"column":17}},{"start":{"line":86,"column":22},"end":{"line":86,"column":43}}],"line":86},"18":{"loc":{"start":{"line":102,"column":12},"end":{"line":104,"column":40}},"type":"cond-expr","locations":[{"start":{"line":102,"column":26},"end":{"line":102,"column":47}},{"start":{"line":102,"column":50},"end":{"line":104,"column":40}}],"line":102},"19":{"loc":{"start":{"line":106,"column":51},"end":{"line":106,"column":67}},"type":"binary-expr","locations":[{"start":{"line":106,"column":51},"end":{"line":106,"column":61}},{"start":{"line":106,"column":65},"end":{"line":106,"column":67}}],"line":106},"20":{"loc":{"start":{"line":109,"column":18},"end":{"line":163,"column":1}},"type":"binary-expr","locations":[{"start":{"line":109,"column":18},"end":{"line":109,"column":27}},{"start":{"line":109,"column":31},"end":{"line":109,"column":52}},{"start":{"line":109,"column":56},"end":{"line":163,"column":1}}],"line":109},"21":{"loc":{"start":{"line":111,"column":12},"end":{"line":111,"column":37}},"type":"if","locations":[{"start":{"line":111,"column":12},"end":{"line":111,"column":37}},{"start":{"line":111,"column":12},"end":{"line":111,"column":37}}],"line":111},"22":{"loc":{"start":{"line":117,"column":71},"end":{"line":119,"column":6}},"type":"binary-expr","locations":[{"start":{"line":117,"column":71},"end":{"line":117,"column":109}},{"start":{"line":117,"column":114},"end":{"line":119,"column":5}}],"line":117},"23":{"loc":{"start":{"line":126,"column":8},"end":{"line":126,"column":70}},"type":"if","locations":[{"start":{"line":126,"column":8},"end":{"line":126,"column":70}},{"start":{"line":126,"column":8},"end":{"line":126,"column":70}}],"line":126},"24":{"loc":{"start":{"line":128,"column":12},"end":{"line":128,"column":127}},"type":"if","locations":[{"start":{"line":128,"column":12},"end":{"line":128,"column":127}},{"start":{"line":128,"column":12},"end":{"line":128,"column":127}}],"line":128},"25":{"loc":{"start":{"line":128,"column":23},"end":{"line":128,"column":116}},"type":"binary-expr","locations":[{"start":{"line":128,"column":23},"end":{"line":128,"column":24}},{"start":{"line":128,"column":29},"end":{"line":128,"column":83}},{"start":{"line":128,"column":88},"end":{"line":128,"column":116}}],"line":128},"26":{"loc":{"start":{"line":128,"column":35},"end":{"line":128,"column":82}},"type":"cond-expr","locations":[{"start":{"line":128,"column":47},"end":{"line":128,"column":55}},{"start":{"line":128,"column":58},"end":{"line":128,"column":82}}],"line":128},"27":{"loc":{"start":{"line":128,"column":58},"end":{"line":128,"column":82}},"type":"cond-expr","locations":[{"start":{"line":128,"column":66},"end":{"line":128,"column":73}},{"start":{"line":128,"column":76},"end":{"line":128,"column":82}}],"line":128},"28":{"loc":{"start":{"line":129,"column":12},"end":{"line":129,"column":44}},"type":"if","locations":[{"start":{"line":129,"column":12},"end":{"line":129,"column":44}},{"start":{"line":129,"column":12},"end":{"line":129,"column":44}}],"line":129},"29":{"loc":{"start":{"line":130,"column":12},"end":{"line":154,"column":13}},"type":"switch","locations":[{"start":{"line":131,"column":16},"end":{"line":131,"column":23}},{"start":{"line":131,"column":23},"end":{"line":132,"column":33}},{"start":{"line":133,"column":16},"end":{"line":134,"column":67}},{"start":{"line":135,"column":16},"end":{"line":136,"column":58}},{"start":{"line":137,"column":16},"end":{"line":138,"column":59}},{"start":{"line":139,"column":16},"end":{"line":153,"column":42}}],"line":130},"30":{"loc":{"start":{"line":140,"column":20},"end":{"line":142,"column":21}},"type":"if","locations":[{"start":{"line":140,"column":20},"end":{"line":142,"column":21}},{"start":{"line":140,"column":20},"end":{"line":142,"column":21}}],"line":140},"31":{"loc":{"start":{"line":140,"column":24},"end":{"line":140,"column":106}},"type":"binary-expr","locations":[{"start":{"line":140,"column":24},"end":{"line":140,"column":74}},{"start":{"line":140,"column":79},"end":{"line":140,"column":90}},{"start":{"line":140,"column":94},"end":{"line":140,"column":105}}],"line":140},"32":{"loc":{"start":{"line":140,"column":42},"end":{"line":140,"column":73}},"type":"binary-expr","locations":[{"start":{"line":140,"column":42},"end":{"line":140,"column":54}},{"start":{"line":140,"column":58},"end":{"line":140,"column":73}}],"line":140},"33":{"loc":{"start":{"line":143,"column":20},"end":{"line":145,"column":21}},"type":"if","locations":[{"start":{"line":143,"column":20},"end":{"line":145,"column":21}},{"start":{"line":143,"column":20},"end":{"line":145,"column":21}}],"line":143},"34":{"loc":{"start":{"line":143,"column":24},"end":{"line":143,"column":75}},"type":"binary-expr","locations":[{"start":{"line":143,"column":24},"end":{"line":143,"column":35}},{"start":{"line":143,"column":40},"end":{"line":143,"column":42}},{"start":{"line":143,"column":46},"end":{"line":143,"column":58}},{"start":{"line":143,"column":62},"end":{"line":143,"column":74}}],"line":143},"35":{"loc":{"start":{"line":146,"column":20},"end":{"line":148,"column":21}},"type":"if","locations":[{"start":{"line":146,"column":20},"end":{"line":148,"column":21}},{"start":{"line":146,"column":20},"end":{"line":148,"column":21}}],"line":146},"36":{"loc":{"start":{"line":146,"column":24},"end":{"line":146,"column":53}},"type":"binary-expr","locations":[{"start":{"line":146,"column":24},"end":{"line":146,"column":35}},{"start":{"line":146,"column":39},"end":{"line":146,"column":53}}],"line":146},"37":{"loc":{"start":{"line":149,"column":20},"end":{"line":151,"column":21}},"type":"if","locations":[{"start":{"line":149,"column":20},"end":{"line":151,"column":21}},{"start":{"line":149,"column":20},"end":{"line":151,"column":21}}],"line":149},"38":{"loc":{"start":{"line":149,"column":24},"end":{"line":149,"column":43}},"type":"binary-expr","locations":[{"start":{"line":149,"column":24},"end":{"line":149,"column":25}},{"start":{"line":149,"column":29},"end":{"line":149,"column":43}}],"line":149},"39":{"loc":{"start":{"line":152,"column":20},"end":{"line":152,"column":42}},"type":"if","locations":[{"start":{"line":152,"column":20},"end":{"line":152,"column":42}},{"start":{"line":152,"column":20},"end":{"line":152,"column":42}}],"line":152},"40":{"loc":{"start":{"line":161,"column":8},"end":{"line":161,"column":35}},"type":"if","locations":[{"start":{"line":161,"column":8},"end":{"line":161,"column":35}},{"start":{"line":161,"column":8},"end":{"line":161,"column":35}}],"line":161},"41":{"loc":{"start":{"line":161,"column":51},"end":{"line":161,"column":73}},"type":"cond-expr","locations":[{"start":{"line":161,"column":59},"end":{"line":161,"column":64}},{"start":{"line":161,"column":67},"end":{"line":161,"column":73}}],"line":161},"42":{"loc":{"start":{"line":168,"column":20},"end":{"line":168,"column":76}},"type":"binary-expr","locations":[{"start":{"line":168,"column":20},"end":{"line":168,"column":35}},{"start":{"line":168,"column":39},"end":{"line":168,"column":68}},{"start":{"line":168,"column":72},"end":{"line":168,"column":76}}],"line":168},"43":{"loc":{"start":{"line":183,"column":23},"end":{"line":183,"column":57}},"type":"cond-expr","locations":[{"start":{"line":183,"column":51},"end":{"line":183,"column":53}},{"start":{"line":183,"column":56},"end":{"line":183,"column":57}}],"line":183},"44":{"loc":{"start":{"line":192,"column":30},"end":{"line":192,"column":70}},"type":"binary-expr","locations":[{"start":{"line":192,"column":30},"end":{"line":192,"column":35}},{"start":{"line":192,"column":39},"end":{"line":192,"column":70}}],"line":192},"45":{"loc":{"start":{"line":193,"column":24},"end":{"line":193,"column":78}},"type":"binary-expr","locations":[{"start":{"line":193,"column":24},"end":{"line":193,"column":47}},{"start":{"line":193,"column":51},"end":{"line":193,"column":78}}],"line":193},"46":{"loc":{"start":{"line":222,"column":16},"end":{"line":246,"column":17}},"type":"switch","locations":[{"start":{"line":223,"column":20},"end":{"line":229,"column":37}},{"start":{"line":230,"column":20},"end":{"line":232,"column":89}},{"start":{"line":233,"column":20},"end":{"line":236,"column":48}},{"start":{"line":237,"column":20},"end":{"line":240,"column":48}},{"start":{"line":241,"column":20},"end":{"line":243,"column":50}},{"start":{"line":244,"column":20},"end":{"line":245,"column":46}}],"line":222},"47":{"loc":{"start":{"line":224,"column":24},"end":{"line":226,"column":25}},"type":"if","locations":[{"start":{"line":224,"column":24},"end":{"line":226,"column":25}},{"start":{"line":224,"column":24},"end":{"line":226,"column":25}}],"line":224},"48":{"loc":{"start":{"line":224,"column":28},"end":{"line":224,"column":60}},"type":"binary-expr","locations":[{"start":{"line":224,"column":28},"end":{"line":224,"column":43}},{"start":{"line":224,"column":47},"end":{"line":224,"column":60}}],"line":224},"49":{"loc":{"start":{"line":255,"column":8},"end":{"line":257,"column":9}},"type":"if","locations":[{"start":{"line":255,"column":8},"end":{"line":257,"column":9}},{"start":{"line":255,"column":8},"end":{"line":257,"column":9}}],"line":255},"50":{"loc":{"start":{"line":258,"column":8},"end":{"line":260,"column":9}},"type":"if","locations":[{"start":{"line":258,"column":8},"end":{"line":260,"column":9}},{"start":{"line":258,"column":8},"end":{"line":260,"column":9}}],"line":258},"51":{"loc":{"start":{"line":282,"column":0},"end":{"line":282,"column":70}},"type":"if","locations":[{"start":{"line":282,"column":0},"end":{"line":282,"column":70}},{"start":{"line":282,"column":0},"end":{"line":282,"column":70}}],"line":282},"52":{"loc":{"start":{"line":283,"column":24},"end":{"line":283,"column":100}},"type":"cond-expr","locations":[{"start":{"line":283,"column":62},"end":{"line":283,"column":84}},{"start":{"line":283,"column":86},"end":{"line":283,"column":100}}],"line":283},"53":{"loc":{"start":{"line":284,"column":92},"end":{"line":284,"column":108}},"type":"binary-expr","locations":[{"start":{"line":284,"column":92},"end":{"line":284,"column":104}},{"start":{"line":284,"column":106},"end":{"line":284,"column":108}}],"line":284},"54":{"loc":{"start":{"line":284,"column":116},"end":{"line":284,"column":3767}},"type":"cond-expr","locations":[{"start":{"line":284,"column":133},"end":{"line":284,"column":149}},{"start":{"line":284,"column":150},"end":{"line":284,"column":3767}}],"line":284},"55":{"loc":{"start":{"line":284,"column":263},"end":{"line":284,"column":355}},"type":"cond-expr","locations":[{"start":{"line":284,"column":275},"end":{"line":284,"column":346}},{"start":{"line":284,"column":347},"end":{"line":284,"column":355}}],"line":284},"56":{"loc":{"start":{"line":284,"column":1090},"end":{"line":284,"column":1124}},"type":"cond-expr","locations":[{"start":{"line":284,"column":1106},"end":{"line":284,"column":1114}},{"start":{"line":284,"column":1117},"end":{"line":284,"column":1124}}],"line":284},"57":{"loc":{"start":{"line":284,"column":1178},"end":{"line":284,"column":1235}},"type":"cond-expr","locations":[{"start":{"line":284,"column":1203},"end":{"line":284,"column":1216}},{"start":{"line":284,"column":1219},"end":{"line":284,"column":1235}}],"line":284},"58":{"loc":{"start":{"line":284,"column":1865},"end":{"line":284,"column":1903}},"type":"if","locations":[{"start":{"line":284,"column":1865},"end":{"line":284,"column":1903}},{"start":{"line":284,"column":1865},"end":{"line":284,"column":1903}}],"line":284},"59":{"loc":{"start":{"line":284,"column":2665},"end":{"line":284,"column":2699}},"type":"cond-expr","locations":[{"start":{"line":284,"column":2681},"end":{"line":284,"column":2689}},{"start":{"line":284,"column":2692},"end":{"line":284,"column":2699}}],"line":284},"60":{"loc":{"start":{"line":284,"column":2740},"end":{"line":284,"column":2797}},"type":"cond-expr","locations":[{"start":{"line":284,"column":2765},"end":{"line":284,"column":2778}},{"start":{"line":284,"column":2781},"end":{"line":284,"column":2797}}],"line":284},"61":{"loc":{"start":{"line":284,"column":3388},"end":{"line":284,"column":3426}},"type":"if","locations":[{"start":{"line":284,"column":3388},"end":{"line":284,"column":3426}},{"start":{"line":284,"column":3388},"end":{"line":284,"column":3426}}],"line":284}},"s":{"0":0,"1":0,"2":0,"3":0,"4":0,"5":0,"6":0,"7":0,"8":0,"9":0,"10":0,"11":0,"12":0,"13":0,"14":0,"15":0,"16":0,"17":0,"18":0,"19":0,"20":0,"21":0,"22":0,"23":0,"24":0,"25":0,"26":0,"27":0,"28":0,"29":0,"30":0,"31":0,"32":0,"33":0,"34":0,"35":0,"36":0,"37":0,"38":0,"39":0,"40":0,"41":0,"42":0,"43":0,"44":0,"45":0,"46":0,"47":0,"48":0,"49":0,"50":0,"51":0,"52":0,"53":0,"54":0,"55":0,"56":0,"57":0,"58":0,"59":0,"60":0,"61":0,"62":0,"63":0,"64":0,"65":0,"66":0,"67":0,"68":0,"69":0,"70":0,"71":0,"72":0,"73":0,"74":0,"75":0,"76":0,"77":0,"78":0,"79":0,"80":0,"81":0,"82":0,"83":0,"84":0,"85":0,"86":0,"87":0,"88":0,"89":0,"90":0,"91":0,"92":0,"93":0,"94":0,"95":0,"96":0,"97":0,"98":0,"99":0,"100":0,"101":0,"102":0,"103":0,"104":0,"105":0,"106":0,"107":0,"108":0,"109":0,"110":0,"111":0,"112":0,"113":0,"114":0,"115":0,"116":0,"117":0,"118":0,"119":0,"120":0,"121":0,"122":0,"123":0,"124":0,"125":0,"126":0,"127":0,"128":0,"129":0,"130":0,"131":0,"132":0,"133":0,"134":0,"135":0,"136":0,"137":0,"138":0,"139":0,"140":0,"141":0,"142":0,"143":0,"144":0,"145":0,"146":0,"147":0,"148":0,"149":0,"150":0,"151":0,"152":0,"153":0,"154":0,"155":0,"156":0,"157":0,"158":0,"159":0,"160":0,"161":0,"162":0,"163":0,"164":0,"165":0,"166":0,"167":0,"168":0,"169":0,"170":0,"171":0,"172":0,"173":0,"174":0,"175":0,"176":0,"177":0,"178":0,"179":0,"180":0,"181":0,"182":0,"183":0,"184":0,"185":0,"186":0,"187":0,"188":0,"189":0,"190":0,"191":0,"192":0,"193":0,"194":0,"195":0,"196":0,"197":0,"198":0,"199":0,"200":0,"201":0,"202":0,"203":0,"204":0,"205":0,"206":0},"f":{"0":0,"1":0,"2":0,"3":0,"4":0,"5":0,"6":0,"7":0,"8":0,"9":0,"10":0,"11":0,"12":0,"13":0,"14":0,"15":0,"16":0,"17":0,"18":0,"19":0,"20":0,"21":0,"22":0,"23":0,"24":0,"25":0,"26":0,"27":0,"28":0,"29":0,"30":0,"31":0,"32":0,"33":0,"34":0,"35":0,"36":0,"37":0,"38":0,"39":0,"40":0,"41":0,"42":0,"43":0,"44":0,"45":0,"46":0},"b":{"0":[0,0],"1":[0,0],"2":[0,0,0],"3":[0,0,0,0],"4":[0,0],"5":[0,0],"6":[0,0,0],"7":[0,0],"8":[0,0],"9":[0,0],"10":[0,0],"11":[0,0],"12":[0,0],"13":[0,0],"14":[0,0],"15":[0,0,0],"16":[0,0,0],"17":[0,0],"18":[0,0],"19":[0,0],"20":[0,0,0],"21":[0,0],"22":[0,0],"23":[0,0],"24":[0,0],"25":[0,0,0],"26":[0,0],"27":[0,0],"28":[0,0],"29":[0,0,0,0,0,0],"30":[0,0],"31":[0,0,0],"32":[0,0],"33":[0,0],"34":[0,0,0,0],"35":[0,0],"36":[0,0],"37":[0,0],"38":[0,0],"39":[0,0],"40":[0,0],"41":[0,0],"42":[0,0,0],"43":[0,0],"44":[0,0],"45":[0,0],"46":[0,0,0,0,0,0],"47":[0,0],"48":[0,0],"49":[0,0],"50":[0,0],"51":[0,0],"52":[0,0],"53":[0,0],"54":[0,0],"55":[0,0],"56":[0,0],"57":[0,0],"58":[0,0],"59":[0,0],"60":[0,0],"61":[0,0]}}
,"/Users/cjensen/personal/bitcoin/src/components/TheHeader.vue": {"path":"/Users/cjensen/personal/bitcoin/src/components/TheHeader.vue","statementMap":{"0":{"start":{"line":1,"column":1},"end":{"line":60,"column":4}},"1":{"start":{"line":4,"column":0},"end":{"line":6,"column":3}},"2":{"start":{"line":8,"column":22},"end":{"line":8,"column":122}},"3":{"start":{"line":10,"column":23},"end":{"line":10,"column":62}},"4":{"start":{"line":12,"column":32},"end":{"line":12,"column":144}},"5":{"start":{"line":14,"column":33},"end":{"line":14,"column":82}},"6":{"start":{"line":16,"column":14},"end":{"line":16,"column":105}},"7":{"start":{"line":18,"column":15},"end":{"line":18,"column":46}},"8":{"start":{"line":20,"column":22},"end":{"line":20,"column":123}},"9":{"start":{"line":22,"column":23},"end":{"line":22,"column":62}},"10":{"start":{"line":24,"column":28},"end":{"line":24,"column":61}},"11":{"start":{"line":26,"column":39},"end":{"line":26,"column":93}},"12":{"start":{"line":28,"column":16},"end":{"line":41,"column":3}},"13":{"start":{"line":29,"column":24},"end":{"line":33,"column":5}},"14":{"start":{"line":30,"column":8},"end":{"line":30,"column":24}},"15":{"start":{"line":32,"column":8},"end":{"line":32,"column":62}},"16":{"start":{"line":32,"column":25},"end":{"line":32,"column":62}},"17":{"start":{"line":32,"column":50},"end":{"line":32,"column":62}},"18":{"start":{"line":34,"column":4},"end":{"line":40,"column":6}},"19":{"start":{"line":35,"column":8},"end":{"line":35,"column":28}},"20":{"start":{"line":37,"column":12},"end":{"line":37,"column":33}},"21":{"start":{"line":39,"column":8},"end":{"line":39,"column":101}},"22":{"start":{"line":42,"column":17},"end":{"line":48,"column":1}},"23":{"start":{"line":43,"column":12},"end":{"line":43,"column":28}},"24":{"start":{"line":44,"column":12},"end":{"line":44,"column":111}},"25":{"start":{"line":46,"column":4},"end":{"line":46,"column":277}},"26":{"start":{"line":46,"column":79},"end":{"line":46,"column":131}},"27":{"start":{"line":46,"column":136},"end":{"line":46,"column":277}},"28":{"start":{"line":46,"column":185},"end":{"line":46,"column":277}},"29":{"start":{"line":46,"column":208},"end":{"line":46,"column":277}},"30":{"start":{"line":47,"column":4},"end":{"line":47,"column":74}},"31":{"start":{"line":50,"column":29},"end":{"line":57,"column":28}},"32":{"start":{"line":51,"column":4},"end":{"line":51,"column":33}},"33":{"start":{"line":53,"column":8},"end":{"line":53,"column":72}},"34":{"start":{"line":55,"column":4},"end":{"line":55,"column":73}},"35":{"start":{"line":56,"column":4},"end":{"line":56,"column":21}},"36":{"start":{"line":58,"column":0},"end":{"line":58,"column":28}},"37":{"start":{"line":61,"column":0},"end":{"line":61,"column":70}},"38":{"start":{"line":61,"column":31},"end":{"line":61,"column":70}},"39":{"start":{"line":62,"column":24},"end":{"line":62,"column":100}},"40":{"start":{"line":63,"column":0},"end":{"line":63,"column":1420}},"41":{"start":{"line":63,"column":54},"end":{"line":63,"column":58}},"42":{"start":{"line":63,"column":66},"end":{"line":63,"column":84}},"43":{"start":{"line":63,"column":92},"end":{"line":63,"column":108}},"44":{"start":{"line":63,"column":109},"end":{"line":63,"column":1419}},"45":{"start":{"line":64,"column":0},"end":{"line":64,"column":37}}},"fnMap":{"0":{"name":"(anonymous_0)","decl":{"start":{"line":1,"column":2},"end":{"line":1,"column":3}},"loc":{"start":{"line":1,"column":12},"end":{"line":60,"column":1}},"line":1},"1":{"name":"_interopRequireDefault","decl":{"start":{"line":26,"column":9},"end":{"line":26,"column":31}},"loc":{"start":{"line":26,"column":37},"end":{"line":26,"column":95}},"line":26},"2":{"name":"(anonymous_2)","decl":{"start":{"line":28,"column":52},"end":{"line":28,"column":53}},"loc":{"start":{"line":28,"column":64},"end":{"line":41,"column":1}},"line":28},"3":{"name":"(anonymous_3)","decl":{"start":{"line":29,"column":90},"end":{"line":29,"column":91}},"loc":{"start":{"line":29,"column":106},"end":{"line":31,"column":5}},"line":29},"4":{"name":"(anonymous_4)","decl":{"start":{"line":31,"column":9},"end":{"line":31,"column":10}},"loc":{"start":{"line":31,"column":25},"end":{"line":33,"column":5}},"line":31},"5":{"name":"(anonymous_5)","decl":{"start":{"line":34,"column":11},"end":{"line":34,"column":12}},"loc":{"start":{"line":34,"column":27},"end":{"line":40,"column":5}},"line":34},"6":{"name":"__","decl":{"start":{"line":36,"column":17},"end":{"line":36,"column":19}},"loc":{"start":{"line":36,"column":22},"end":{"line":38,"column":9}},"line":36},"7":{"name":"(anonymous_7)","decl":{"start":{"line":42,"column":54},"end":{"line":42,"column":55}},"loc":{"start":{"line":42,"column":95},"end":{"line":48,"column":1}},"line":42},"8":{"name":"(anonymous_8)","decl":{"start":{"line":50,"column":29},"end":{"line":50,"column":30}},"loc":{"start":{"line":50,"column":47},"end":{"line":57,"column":1}},"line":50},"9":{"name":"TheHeader","decl":{"start":{"line":52,"column":13},"end":{"line":52,"column":22}},"loc":{"start":{"line":52,"column":25},"end":{"line":54,"column":5}},"line":52},"10":{"name":"render","decl":{"start":{"line":63,"column":35},"end":{"line":63,"column":41}},"loc":{"start":{"line":63,"column":45},"end":{"line":63,"column":1420}},"line":63}},"branchMap":{"0":{"loc":{"start":{"line":26,"column":46},"end":{"line":26,"column":92}},"type":"cond-expr","locations":[{"start":{"line":26,"column":70},"end":{"line":26,"column":73}},{"start":{"line":26,"column":76},"end":{"line":26,"column":92}}],"line":26},"1":{"loc":{"start":{"line":26,"column":46},"end":{"line":26,"column":67}},"type":"binary-expr","locations":[{"start":{"line":26,"column":46},"end":{"line":26,"column":49}},{"start":{"line":26,"column":53},"end":{"line":26,"column":67}}],"line":26},"2":{"loc":{"start":{"line":28,"column":16},"end":{"line":41,"column":3}},"type":"binary-expr","locations":[{"start":{"line":28,"column":16},"end":{"line":28,"column":25}},{"start":{"line":28,"column":29},"end":{"line":28,"column":48}},{"start":{"line":28,"column":52},"end":{"line":41,"column":3}}],"line":28},"3":{"loc":{"start":{"line":29,"column":24},"end":{"line":33,"column":5}},"type":"binary-expr","locations":[{"start":{"line":29,"column":24},"end":{"line":29,"column":48}},{"start":{"line":29,"column":52},"end":{"line":29,"column":86}},{"start":{"line":29,"column":90},"end":{"line":31,"column":5}},{"start":{"line":31,"column":9},"end":{"line":33,"column":5}}],"line":29},"4":{"loc":{"start":{"line":32,"column":25},"end":{"line":32,"column":62}},"type":"if","locations":[{"start":{"line":32,"column":25},"end":{"line":32,"column":62}},{"start":{"line":32,"column":25},"end":{"line":32,"column":62}}],"line":32},"5":{"loc":{"start":{"line":39,"column":22},"end":{"line":39,"column":100}},"type":"cond-expr","locations":[{"start":{"line":39,"column":35},"end":{"line":39,"column":59}},{"start":{"line":39,"column":63},"end":{"line":39,"column":99}}],"line":39},"6":{"loc":{"start":{"line":42,"column":17},"end":{"line":48,"column":1}},"type":"binary-expr","locations":[{"start":{"line":42,"column":17},"end":{"line":42,"column":26}},{"start":{"line":42,"column":30},"end":{"line":42,"column":50}},{"start":{"line":42,"column":54},"end":{"line":48,"column":1}}],"line":42},"7":{"loc":{"start":{"line":44,"column":12},"end":{"line":44,"column":111}},"type":"cond-expr","locations":[{"start":{"line":44,"column":20},"end":{"line":44,"column":26}},{"start":{"line":44,"column":29},"end":{"line":44,"column":111}}],"line":44},"8":{"loc":{"start":{"line":44,"column":29},"end":{"line":44,"column":111}},"type":"cond-expr","locations":[{"start":{"line":44,"column":45},"end":{"line":44,"column":104}},{"start":{"line":44,"column":107},"end":{"line":44,"column":111}}],"line":44},"9":{"loc":{"start":{"line":46,"column":4},"end":{"line":46,"column":277}},"type":"if","locations":[{"start":{"line":46,"column":4},"end":{"line":46,"column":277}},{"start":{"line":46,"column":4},"end":{"line":46,"column":277}}],"line":46},"10":{"loc":{"start":{"line":46,"column":8},"end":{"line":46,"column":77}},"type":"binary-expr","locations":[{"start":{"line":46,"column":8},"end":{"line":46,"column":35}},{"start":{"line":46,"column":39},"end":{"line":46,"column":77}}],"line":46},"11":{"loc":{"start":{"line":46,"column":185},"end":{"line":46,"column":277}},"type":"if","locations":[{"start":{"line":46,"column":185},"end":{"line":46,"column":277}},{"start":{"line":46,"column":185},"end":{"line":46,"column":277}}],"line":46},"12":{"loc":{"start":{"line":46,"column":212},"end":{"line":46,"column":276}},"type":"binary-expr","locations":[{"start":{"line":46,"column":213},"end":{"line":46,"column":270}},{"start":{"line":46,"column":275},"end":{"line":46,"column":276}}],"line":46},"13":{"loc":{"start":{"line":46,"column":213},"end":{"line":46,"column":270}},"type":"cond-expr","locations":[{"start":{"line":46,"column":221},"end":{"line":46,"column":225}},{"start":{"line":46,"column":228},"end":{"line":46,"column":270}}],"line":46},"14":{"loc":{"start":{"line":46,"column":228},"end":{"line":46,"column":270}},"type":"cond-expr","locations":[{"start":{"line":46,"column":236},"end":{"line":46,"column":253}},{"start":{"line":46,"column":256},"end":{"line":46,"column":270}}],"line":46},"15":{"loc":{"start":{"line":47,"column":11},"end":{"line":47,"column":70}},"type":"binary-expr","locations":[{"start":{"line":47,"column":11},"end":{"line":47,"column":16}},{"start":{"line":47,"column":20},"end":{"line":47,"column":21}},{"start":{"line":47,"column":25},"end":{"line":47,"column":70}}],"line":47},"16":{"loc":{"start":{"line":53,"column":15},"end":{"line":53,"column":71}},"type":"binary-expr","locations":[{"start":{"line":53,"column":15},"end":{"line":53,"column":30}},{"start":{"line":53,"column":34},"end":{"line":53,"column":63}},{"start":{"line":53,"column":67},"end":{"line":53,"column":71}}],"line":53},"17":{"loc":{"start":{"line":61,"column":0},"end":{"line":61,"column":70}},"type":"if","locations":[{"start":{"line":61,"column":0},"end":{"line":61,"column":70}},{"start":{"line":61,"column":0},"end":{"line":61,"column":70}}],"line":61},"18":{"loc":{"start":{"line":62,"column":24},"end":{"line":62,"column":100}},"type":"cond-expr","locations":[{"start":{"line":62,"column":62},"end":{"line":62,"column":84}},{"start":{"line":62,"column":86},"end":{"line":62,"column":100}}],"line":62},"19":{"loc":{"start":{"line":63,"column":92},"end":{"line":63,"column":108}},"type":"binary-expr","locations":[{"start":{"line":63,"co
[...]
ne":48},"3":{"loc":{"start":{"line":48,"column":225},"end":{"line":48,"column":300}},"type":"if","locations":[{"start":{"line":48,"column":225},"end":{"line":48,"column":300}},{"start":{"line":48,"column":225},"end":{"line":48,"column":300}}],"line":48},"4":{"loc":{"start":{"line":48,"column":384},"end":{"line":48,"column":430}},"type":"cond-expr","locations":[{"start":{"line":48,"column":408},"end":{"line":48,"column":411}},{"start":{"line":48,"column":414},"end":{"line":48,"column":430}}],"line":48},"5":{"loc":{"start":{"line":48,"column":384},"end":{"line":48,"column":405}},"type":"binary-expr","locations":[{"start":{"line":48,"column":384},"end":{"line":48,"column":387}},{"start":{"line":48,"column":391},"end":{"line":48,"column":405}}],"line":48},"6":{"loc":{"start":{"line":48,"column":447},"end":{"line":48,"column":672}},"type":"binary-expr","locations":[{"start":{"line":48,"column":447},"end":{"line":48,"column":456}},{"start":{"line":48,"column":460},"end":{"line":48,"column":478}},{"start":{"line":48,"column":482},"end":{"line":48,"column":495}},{"start":{"line":48,"column":499},"end":{"line":48,"column":672}}],"line":48},"7":{"loc":{"start":{"line":48,"column":601},"end":{"line":48,"column":661}},"type":"if","locations":[{"start":{"line":48,"column":601},"end":{"line":48,"column":661}},{"start":{"line":48,"column":601},"end":{"line":48,"column":661}}],"line":48},"8":{"loc":{"start":{"line":48,"column":689},"end":{"line":48,"column":1217}},"type":"binary-expr","locations":[{"start":{"line":48,"column":689},"end":{"line":48,"column":698}},{"start":{"line":48,"column":702},"end":{"line":48,"column":721}},{"start":{"line":48,"column":725},"end":{"line":48,"column":1217}}],"line":48},"9":{"loc":{"start":{"line":48,"column":783},"end":{"line":48,"column":801}},"type":"binary-expr","locations":[{"start":{"line":48,"column":783},"end":{"line":48,"column":784}},{"start":{"line":48,"column":789},"end":{"line":48,"column":800}}],"line":48},"10":{"loc":{"start":{"line":48,"column":1027},"end":{"line":48,"column":1141}},"type":"cond-expr","locations":[{"start":{"line":48,"column":1041},"end":{"line":48,"column":1062}},{"start":{"line":48,"column":1065},"end":{"line":48,"column":1141}}],"line":48},"11":{"loc":{"start":{"line":48,"column":1186},"end":{"line":48,"column":1202}},"type":"binary-expr","locations":[{"start":{"line":48,"column":1186},"end":{"line":48,"column":1196}},{"start":{"line":48,"column":1200},"end":{"line":48,"column":1202}}],"line":48},"12":{"loc":{"start":{"line":48,"column":1236},"end":{"line":48,"column":2581}},"type":"binary-expr","locations":[{"start":{"line":48,"column":1236},"end":{"line":48,"column":1245}},{"start":{"line":48,"column":1249},"end":{"line":48,"column":1270}},{"start":{"line":48,"column":1274},"end":{"line":48,"column":2581}}],"line":48},"13":{"loc":{"start":{"line":48,"column":1339},"end":{"line":48,"column":1364}},"type":"if","locations":[{"start":{"line":48,"column":1339},"end":{"line":48,"column":1364}},{"start":{"line":48,"column":1339},"end":{"line":48,"column":1364}}],"line":48},"14":{"loc":{"start":{"line":48,"column":1474},"end":{"line":48,"column":1555}},"type":"binary-expr","locations":[{"start":{"line":48,"column":1474},"end":{"line":48,"column":1502}},{"start":{"line":48,"column":1507},"end":{"line":48,"column":1554}}],"line":48},"15":{"loc":{"start":{"line":48,"column":1640},"end":{"line":48,"column":1702}},"type":"if","locations":[{"start":{"line":48,"column":1640},"end":{"line":48,"column":1702}},{"start":{"line":48,"column":1640},"end":{"line":48,"column":1702}}],"line":48},"16":{"loc":{"start":{"line":48,"column":1717},"end":{"line":48,"column":1832}},"type":"if","locations":[{"start":{"line":48,"column":1717},"end":{"line":48,"column":1832}},{"start":{"line":48,"column":1717},"end":{"line":48,"column":1832}}],"line":48},"17":{"loc":{"start":{"line":48,"column":1728},"end":{"line":48,"column":1821}},"type":"binary-expr","locations":[{"start":{"line":48,"column":1728},"end":{"line":48,"column":1729}},{"start":{"line":48,"column":1734},"end":{"line":48,"column":1788}},{"start":{"line":48,"column":1793},"end":{"line":48,"column":1821}}],"line":48},"18":{"loc":{"start":{"line":48,"column":1740},"end":{"line":48,"column":1787}},"type":"cond-expr","locations":[{"start":{"line":48,"column":1752},"end":{"line":48,"column":1760}},{"start":{"line":48,"column":1763},"end":{"line":48,"column":1787}}],"line":48},"19":{"loc":{"start":{"line":48,"column":1763},"end":{"line":48,"column":1787}},"type":"cond-expr","locations":[{"start":{"line":48,"column":1771},"end":{"line":48,"column":1778}},{"start":{"line":48,"column":1781},"end":{"line":48,"column":1787}}],"line":48},"20":{"loc":{"start":{"line":48,"column":1832},"end":{"line":48,"column":1864}},"type":"if","locations":[{"start":{"line":48,"column":1832},"end":{"line":48,"column":1864}},{"start":{"line":48,"column":1832},"end":{"line":48,"column":1864}}],"line":48},"21":{"loc":{"start":{"line":48,"column":1864},"end":{"line":48,"column":2419}},"type":"switch","locations":[{"start":{"line":48,"column":1880},"end":{"line":48,"column":1887}},{"start":{"line":48,"column":1887},"end":{"line":48,"column":1907}},{"start":{"line":48,"column":1907},"end":{"line":48,"column":1961}},{"start":{"line":48,"column":1961},"end":{"line":48,"column":2006}},{"start":{"line":48,"column":2006},"end":{"line":48,"column":2052}},{"start":{"line":48,"column":2052},"end":{"line":48,"column":2418}}],"line":48},"22":{"loc":{"start":{"line":48,"column":2060},"end":{"line":48,"column":2165}},"type":"if","locations":[{"start":{"line":48,"column":2060},"end":{"line":48,"column":2165}},{"start":{"line":48,"column":2060},"end":{"line":48,"column":2165}}],"line":48},"23":{"loc":{"start":{"line":48,"column":2064},"end":{"line":48,"column":2146}},"type":"binary-expr","locations":[{"start":{"line":48,"column":2064},"end":{"line":48,"column":2114}},{"start":{"line":48,"column":2119},"end":{"line":48,"column":2130}},{"start":{"line":48,"column":2134},"end":{"line":48,"column":2145}}],"line":48},"24":{"loc":{"start":{"line":48,"column":2082},"end":{"line":48,"column":2113}},"type":"binary-expr","locations":[{"start":{"line":48,"column":2082},"end":{"line":48,"column":2094}},{"start":{"line":48,"column":2098},"end":{"line":48,"column":2113}}],"line":48},"25":{"loc":{"start":{"line":48,"column":2165},"end":{"line":48,"column":2246}},"type":"if","locations":[{"start":{"line":48,"column":2165},"end":{"line":48,"column":2246}},{"start":{"line":48,"column":2165},"end":{"line":48,"column":2246}}],"line":48},"26":{"loc":{"start":{"line":48,"column":2169},"end":{"line":48,"column":2220}},"type":"binary-expr","locations":[{"start":{"line":48,"column":2169},"end":{"line":48,"column":2180}},{"start":{"line":48,"column":2185},"end":{"line":48,"column":2187}},{"start":{"line":48,"column":2191},"end":{"line":48,"column":2203}},{"start":{"line":48,"column":2207},"end":{"line":48,"column":2219}}],"line":48},"27":{"loc":{"start":{"line":48,"column":2246},"end":{"line":48,"column":2311}},"type":"if","locations":[{"start":{"line":48,"column":2246},"end":{"line":48,"column":2311}},{"start":{"line":48,"column":2246},"end":{"line":48,"column":2311}}],"line":48},"28":{"loc":{"start":{"line":48,"column":2250},"end":{"line":48,"column":2279}},"type":"binary-expr","locations":[{"start":{"line":48,"column":2250},"end":{"line":48,"column":2261}},{"start":{"line":48,"column":2265},"end":{"line":48,"column":2279}}],"line":48},"29":{"loc":{"start":{"line":48,"column":2311},"end":{"line":48,"column":2374}},"type":"if","locations":[{"start":{"line":48,"column":2311},"end":{"line":48,"column":2374}},{"start":{"line":48,"column":2311},"end":{"line":48,"column":2374}}],"line":48},"30":{"loc":{"start":{"line":48,"column":2315},"end":{"line":48,"column":2334}},"type":"binary-expr","locations":[{"start":{"line":48,"column":2315},"end":{"line":48,"column":2316}},{"start":{"line":48,"column":2320},"end":{"line":48,"column":2334}}],"line":48},"31":{"loc":{"start":{"line":48,"column":2374},"end":{"line":48,"column":2396}},"type":"if","locations":[{"start":{"line":48,"column":2374},"end":{"line":48,"column":2396}},{"start":{"line":48,"column":2374},"end":{"line":48,"column":2396}}],"line":48},"32":{"loc":{"start":{"line":48,"column":2499},"end":{"line":48,"column":2526}},"type":"if","locations":[{"start":{"line":48,"column":2499},"end":{"line":48,"column":2526}},{"start":{"line":48,"column":2499},"end":{"line":48,"column":2526}}],"line":48},"33":{"loc":{"start":{"line":48,"column":2542},"end":{"line":48,"column":2564}},"type":"cond-expr","locations":[{"start":{"line":48,"column":2550},"end":{"line":48,"column":2555}},{"start":{"line":48,"column":2558},"end":{"line":48,"column":2564}}],"line":48},"34":{"loc":{"start":{"line":52,"column":12},"end":{"line":58,"column":43}},"type":"switch","locations":[{"start":{"line":53,"column":16},"end":{"line":55,"column":92}},{"start":{"line":56,"column":16},"end":{"line":58,"column":42}}],"line":52},"35":{"loc":{"start":{"line":75,"column":12},"end":{"line":80,"column":43}},"type":"switch","locations":[{"start":{"line":76,"column":16},"end":{"line":76,"column":69}},{"start":{"line":77,"column":16},"end":{"line":80,"column":42}}],"line":75},"36":{"loc":{"start":{"line":90,"column":12},"end":{"line":95,"column":43}},"type":"switch","locations":[{"start":{"line":91,"column":16},"end":{"line":91,"column":79}},{"start":{"line":92,"column":16},"end":{"line":95,"column":42}}],"line":90}},"s":{"0":0,"1":0,"2":0,"3":0,"4":0,"5":0,"6":0,"7":0,"8":0,"9":0,"10":0,"11":0,"12":0,"13":0,"14":0,"15":0,"16":0,"17":0,"18":0,"19":0,"20":0,"21":0,"22":0,"23":0,"24":0,"25":0,"26":0,"27":0,"28":0,"29":0,"30":0,"31":0,"32":0,"33":0,"34":0,"35":0,"36":0,"37":0,"38":0,"39":0,"40":0,"41":0,"42":0,"43":0,"44":0,"45":0,"46":0,"47":0,"48":0,"49":0,"50":0,"51":0,"52":0,"53":0,"54":0,"55":0,"56":0,"57":0,"58":0,"59":0,"60":0,"61":0,"62":0,"63":0,"64":0,"65":0,"66":0,"67":0,"68":0,"69":0,"70":0,"71":0,"72":0,"73":0,"74":0,"75":0,"76":0,"77":0,"78":0,"79":0,"80":0,"81":0,"82":0,"83":0,"84":0,"85":0,"86":0,"87":0,"88":0,"89":0,"90":0,"91":0,"92":0,"93":0,"94":0,"95":0,"96":0,"97":0,"98":0,"99":0,"100":0,"101":0,"102":0,"103":0,"104":0,"105":0,"106":0,"107":0,"108":0,"109":0,"110":0,"111":0,"112":0,"113":0,"114":0,"115":0,"116":0,"117":0,"118":0,"119":0,"120":0,"121":0,"122":0,"123":0,"124":0,"125":0,"126":0,"127":0,"128":0,"129":0,"130":0,"131":0,"132":0,"133":0,"134":0},"f":{"0":0,"1":0,"2":0,"3":0,"4":0,"5":0,"6":0,"7":0,"8":0,"9":0,"10":0,"11":0,"12":0,"13":0,"14":0,"15":0,"16":0,"17":0,"18":0,"19":0,"20":0,"21":0,"22":0,"23":0,"24":0,"25":0,"26":0,"27":0},"b":{"0":[0,0],"1":[0,0],"2":[0,0],"3":[0,0],"4":[0,0],"5":[0,0],"6":[0,0,0,0],"7":[0,0],"8":[0,0,0],"9":[0,0],"10":[0,0],"11":[0,0],"12":[0,0,0],"13":[0,0],"14":[0,0],"15":[0,0],"16":[0,0],"17":[0,0,0],"18":[0,0],"19":[0,0],"20":[0,0],"21":[0,0,0,0,0,0],"22":[0,0],"23":[0,0,0],"24":[0,0],"25":[0,0],"26":[0,0,0,0],"27":[0,0],"28":[0,0],"29":[0,0],"30":[0,0],"31":[0,0],"32":[0,0],"33":[0,0],"34":[0,0],"35":[0,0],"36":[0,0]}}
,"/Users/cjensen/personal/bitcoin/src/store/getters.ts": {"path":"/Users/cjensen/personal/bitcoin/src/store/getters.ts","statementMap":{"0":{"start":{"line":3,"column":24},"end":{"line":3,"column":65}},"1":{"start":{"line":3,"column":27},"end":{"line":3,"column":35}},"2":{"start":{"line":3,"column":49},"end":{"line":3,"column":65}},"3":{"start":{"line":4,"column":25},"end":{"line":4,"column":60}},"4":{"start":{"line":4,"column":28},"end":{"line":4,"column":37}},"5":{"start":{"line":4,"column":51},"end":{"line":4,"column":60}},"6":{"start":{"line":5,"column":35},"end":{"line":5,"column":90}},"7":{"start":{"line":5,"column":38},"end":{"line":5,"column":57}},"8":{"start":{"line":5,"column":71},"end":{"line":5,"column":90}},"9":{"start":{"line":6,"column":33},"end":{"line":6,"column":84}},"10":{"start":{"line":6,"column":36},"end":{"line":6,"column":53}},"11":{"start":{"line":6,"column":67},"end":{"line":6,"column":84}},"12":{"start":{"line":7,"column":33},"end":{"line":7,"column":84}},"13":{"start":{"line":7,"column":36},"end":{"line":7,"column":53}},"14":{"start":{"line":7,"column":67},"end":{"line":7,"column":84}}},"fnMap":{"0":{"name":"(anonymous_0)","decl":{"start":{"line":3,"column":24},"end":{"line":3,"column":24}},"loc":{"start":{"line":3,"column":44},"end":{"line":3,"column":65}}},"1":{"name":"(anonymous_1)","decl":{"start":{"line":4,"column":25},"end":{"line":4,"column":25}},"loc":{"start":{"line":4,"column":46},"end":{"line":4,"column":60}}},"2":{"name":"(anonymous_2)","decl":{"start":{"line":5,"column":35},"end":{"line":5,"column":35}},"loc":{"start":{"line":5,"column":66},"end":{"line":5,"column":90}}},"3":{"name":"(anonymous_3)","decl":{"start":{"line":6,"column":33},"end":{"line":6,"column":33}},"loc":{"start":{"line":6,"column":62},"end":{"line":6,"column":84}}},"4":{"name":"(anonymous_4)","decl":{"start":{"line":7,"column":33},"end":{"line":7,"column":33}},"loc":{"start":{"line":7,"column":62},"end":{"line":7,"column":84}}}},"branchMap":{"0":{"loc":{"start":{"line":3,"column":49},"end":{"line":3,"column":57}},"type":"binary-expr","locations":[{"start":{"line":3,"column":49},"end":{"line":3,"column":57}},{"start":{"line":3,"column":61},"end":{"line":3,"column":65}}]}},"s":{"0":1,"1":1,"2":1,"3":1,"4":2,"5":2,"6":1,"7":0,"8":0,"9":1,"10":0,"11":0,"12":1,"13":0,"14":0},"f":{"0":1,"1":2,"2":0,"3":0,"4":0},"b":{"0":[1,0]}}
,"/Users/cjensen/personal/bitcoin/src/store/index.ts": {"path":"/Users/cjensen/personal/bitcoin/src/store/index.ts","statementMap":{"0":{"start":{"line":1,"column":13},"end":{"line":1,"column":1867}},"1":{"start":{"line":1,"column":1867},"end":{"line":1,"column":1880}},"2":{"start":{"line":1,"column":1880},"end":{"line":1,"column":1942}},"3":{"start":{"line":1,"column":1953},"end":{"line":1,"column":1967}},"4":{"start":{"line":1,"column":1980},"end":{"line":1,"column":2008}},"5":{"start":{"line":2,"column":12},"end":{"line":2,"column":27}},"6":{"start":{"line":2,"column":41},"end":{"line":2,"column":70}},"7":{"start":{"line":3,"column":15},"end":{"line":3,"column":35}},"8":{"start":{"line":3,"column":50},"end":{"line":3,"column":83}},"9":{"start":{"line":4,"column":15},"end":{"line":4,"column":35}},"10":{"start":{"line":4,"column":50},"end":{"line":4,"column":83}},"11":{"start":{"line":5,"column":17},"end":{"line":5,"column":39}},"12":{"start":{"line":5,"column":58},"end":{"line":5,"column":92}},"13":{"start":{"line":6,"column":13},"end":{"line":6,"column":31}},"14":{"start":{"line":6,"column":46},"end":{"line":6,"column":76}},"15":{"start":{"line":6,"column":116},"end":{"line":6,"column":332}},"16":{"start":{"line":6,"column":144},"end":{"line":6,"column":155}},"17":{"start":{"line":6,"column":176},"end":{"line":6,"column":178}},"18":{"start":{"line":6,"column":179},"end":{"line":6,"column":296}},"19":{"start":{"line":6,"column":197},"end":{"line":6,"column":295}},"20":{"start":{"line":6,"column":219},"end":{"line":6,"column":294}},"21":{"start":{"line":6,"column":271},"end":{"line":6,"column":294}},"22":{"start":{"line":6,"column":296},"end":{"line":6,"column":317}},"23":{"start":{"line":6,"column":317},"end":{"line":6,"column":331}},"24":{"start":{"line":6,"column":371},"end":{"line":6,"column":425}},"25":{"start":{"line":7,"column":0},"end":{"line":7,"column":34}},"26":{"start":{"line":8,"column":12},"end":{"line":8,"column":49}},"27":{"start":{"line":8,"column":50},"end":{"line":14,"column":21}}},"fnMap":{"0":{"name":"_interopRequireWildcard","decl":{"start":{"line":6,"column":86},"end":{"line":6,"column":109}},"loc":{"start":{"line":6,"column":115},"end":{"line":6,"column":333}},"line":6},"1":{"name":"_interopRequireDefault","decl":{"start":{"line":6,"column":342},"end":{"line":6,"column":364}},"loc":{"start":{"line":6,"column":370},"end":{"line":6,"column":426}},"line":6}},"branchMap":{"0":{"loc":{"start":{"line":6,"column":116},"end":{"line":6,"column":332}},"type":"if","locations":[{"start":{"line":6,"column":116},"end":{"line":6,"column":332}},{"start":{"line":6,"column":116},"end":{"line":6,"column":332}}],"line":6},"1":{"loc":{"start":{"line":6,"column":120},"end":{"line":6,"column":141}},"type":"binary-expr","locations":[{"start":{"line":6,"column":120},"end":{"line":6,"column":123}},{"start":{"line":6,"column":127},"end":{"line":6,"column":141}}],"line":6},"2":{"loc":{"start":{"line":6,"column":179},"end":{"line":6,"column":296}},"type":"if","locations":[{"start":{"line":6,"column":179},"end":{"line":6,"column":296}},{"start":{"line":6,"column":179},"end":{"line":6,"column":296}}],"line":6},"3":{"loc":{"start":{"line":6,"column":219},"end":{"line":6,"column":294}},"type":"if","locations":[{"start":{"line":6,"column":219},"end":{"line":6,"column":294}},{"start":{"line":6,"column":219},"end":{"line":6,"column":294}}],"line":6},"4":{"loc":{"start":{"line":6,"column":378},"end":{"line":6,"column":424}},"type":"cond-expr","locations":[{"start":{"line":6,"column":402},"end":{"line":6,"column":405}},{"start":{"line":6,"column":408},"end":{"line":6,"column":424}}],"line":6},"5":{"loc":{"start":{"line":6,"column":378},"end":{"line":6,"column":399}},"type":"binary-expr","locations":[{"start":{"line":6,"column":378},"end":{"line":6,"column":381}},{"start":{"line":6,"column":385},"end":{"line":6,"column":399}}],"line":6}},"s":{"0":0,"1":0,"2":0,"3":0,"4":0,"5":0,"6":0,"7":0,"8":0,"9":0,"10":0,"11":0,"12":0,"13":0,"14":0,"15":0,"16":0,"17":0,"18":0,"19":0,"20":0,"21":0,"22":0,"23":0,"24":0,"25":0,"26":0,"27":0},"f":{"0":0,"1":0},"b":{"0":[0,0],"1":[0,0],"2":[0,0],"3":[0,0],"4":[0,0],"5":[0,0]}}
,"/Users/cjensen/personal/bitcoin/src/store/mutations.ts": {"path":"/Users/cjensen/personal/bitcoin/src/store/mutations.ts","statementMap":{"0":{"start":{"line":10,"column":4},"end":{"line":10,"column":26}},"1":{"start":{"line":13,"column":4},"end":{"line":13,"column":26}},"2":{"start":{"line":17,"column":4},"end":{"line":17,"column":27}},"3":{"start":{"line":21,"column":4},"end":{"line":21,"column":38}},"4":{"start":{"line":25,"column":4},"end":{"line":25,"column":41}},"5":{"start":{"line":29,"column":4},"end":{"line":29,"column":41}}},"fnMap":{"0":{"name":"(anonymous_0)","decl":{"start":{"line":9,"column":25},"end":{"line":9,"column":25}},"loc":{"start":{"line":9,"column":46},"end":{"line":11,"column":3}}},"1":{"name":"(anonymous_1)","decl":{"start":{"line":12,"column":2},"end":{"line":12,"column":24}},"loc":{"start":{"line":12,"column":30},"end":{"line":14,"column":3}}},"2":{"name":"(anonymous_2)","decl":{"start":{"line":16,"column":2},"end":{"line":16,"column":26}},"loc":{"start":{"line":16,"column":32},"end":{"line":18,"column":3}}},"3":{"name":"(anonymous_3)","decl":{"start":{"line":20,"column":2},"end":{"line":20,"column":36}},"loc":{"start":{"line":20,"column":54},"end":{"line":22,"column":3}}},"4":{"name":"(anonymous_4)","decl":{"start":{"line":24,"column":2},"end":{"line":24,"column":34}},"loc":{"start":{"line":24,"column":61},"end":{"line":26,"column":3}}},"5":{"name":"(anonymous_5)","decl":{"start":{"line":28,"column":2},"end":{"line":28,"column":34}},"loc":{"start":{"line":28,"column":61},"end":{"line":30,"column":3}}}},"branchMap":{},"s":{"0":2,"1":1,"2":1,"3":0,"4":0,"5":0},"f":{"0":2,"1":1,"2":1,"3":0,"4":0,"5":0},"b":{}}
,"/Users/cjensen/personal/bitcoin/src/store/types.ts": {"path":"/Users/cjensen/personal/bitcoin/src/store/types.ts","statementMap":{"0":{"start":{"line":1,"column":27},"end":{"line":1,"column":40}},"1":{"start":{"line":2,"column":29},"end":{"line":2,"column":44}},"2":{"start":{"line":3,"column":29},"end":{"line":3,"column":44}},"3":{"start":{"line":4,"column":31},"end":{"line":4,"column":48}},"4":{"start":{"line":5,"column":41},"end":{"line":5,"column":68}},"5":{"start":{"line":6,"column":39},"end":{"line":6,"column":64}},"6":{"start":{"line":7,"column":39},"end":{"line":7,"column":64}}},"fnMap":{},"branchMap":{},"s":{"0":1,"1":1,"2":1,"3":1,"4":1,"5":1,"6":1},"f":{},"b":{}}
}
