TN:
SF:/Users/cjensen/personal/bitcoin/src/App.vue
FN:1,(anonymous_0)
FN:44,_interopRequireDefault
FN:46,(anonymous_2)
FN:47,(anonymous_3)
FN:49,(anonymous_4)
FN:52,(anonymous_5)
FN:54,__
FN:60,(anonymous_7)
FN:68,(anonymous_8)
FN:70,App
FN:89,render
FNF:11
FNH:0
FNDA:0,(anonymous_0)
FNDA:0,_interopRequireDefault
FNDA:0,(anonymous_2)
FNDA:0,(anonymous_3)
FNDA:0,(anonymous_4)
FNDA:0,(anonymous_5)
FNDA:0,__
FNDA:0,(anonymous_7)
FNDA:0,(anonymous_8)
FNDA:0,App
FNDA:0,render
DA:1,0
DA:4,0
DA:8,0
DA:10,0
DA:12,0
DA:14,0
DA:16,0
DA:18,0
DA:20,0
DA:22,0
DA:24,0
DA:26,0
DA:28,0
DA:30,0
DA:32,0
DA:34,0
DA:36,0
DA:38,0
DA:40,0
DA:42,0
DA:44,0
DA:46,0
DA:47,0
DA:48,0
DA:50,0
DA:52,0
DA:53,0
DA:55,0
DA:57,0
DA:60,0
DA:61,0
DA:62,0
DA:64,0
DA:65,0
DA:68,0
DA:69,0
DA:71,0
DA:73,0
DA:74,0
DA:82,0
DA:84,0
DA:87,0
DA:88,0
DA:89,0
DA:90,0
LF:45
LH:0
BRDA:44,0,0,0
BRDA:44,0,1,0
BRDA:44,1,0,0
BRDA:44,1,1,0
BRDA:46,2,0,0
BRDA:46,2,1,0
BRDA:46,2,2,0
BRDA:47,3,0,0
BRDA:47,3,1,0
BRDA:47,3,2,0
BRDA:47,3,3,0
BRDA:50,4,0,0
BRDA:50,4,1,0
BRDA:57,5,0,0
BRDA:57,5,1,0
BRDA:60,6,0,0
BRDA:60,6,1,0
BRDA:60,6,2,0
BRDA:62,7,0,0
BRDA:62,7,1,0
BRDA:62,8,0,0
BRDA:62,8,1,0
BRDA:64,9,0,0
BRDA:64,9,1,0
BRDA:64,10,0,0
BRDA:64,10,1,0
BRDA:64,11,0,0
BRDA:64,11,1,0
BRDA:64,12,0,0
BRDA:64,12,1,0
BRDA:64,13,0,0
BRDA:64,13,1,0
BRDA:64,14,0,0
BRDA:64,14,1,0
BRDA:65,15,0,0
BRDA:65,15,1,0
BRDA:65,15,2,0
BRDA:71,16,0,0
BRDA:71,16,1,0
BRDA:71,16,2,0
BRDA:87,17,0,0
BRDA:87,17,1,0
BRDA:88,18,0,0
BRDA:88,18,1,0
BRDA:89,19,0,0
BRDA:89,19,1,0
BRDA:89,20,0,0
BRDA:89,20,1,0
BRF:48
BRH:0
end_of_record
TN:
SF:/Users/cjensen/personal/bitcoin/src/config.ts
FNF:0
FNH:0
DA:1,0
LF:1
LH:0
BRF:0
BRH:0
end_of_record
TN:
SF:/Users/cjensen/personal/bitcoin/src/main.ts
FN:3,_interopRequireDefault
FNF:1
FNH:0
FNDA:0,_interopRequireDefault
DA:1,0
DA:2,0
DA:3,0
DA:4,0
DA:6,0
LF:5
LH:0
BRDA:3,0,0,0
BRDA:3,0,1,0
BRDA:3,1,0,0
BRDA:3,1,1,0
BRF:4
BRH:0
end_of_record
TN:
SF:/Users/cjensen/personal/bitcoin/src/components/AppButton.vue
FN:13,(anonymous_8)
FNF:1
FNH:1
FNDA:3,(anonymous_8)
DA:10,1
DA:13,3
DA:15,1
DA:16,1
LF:4
LH:4
BRF:0
BRH:0
end_of_record
TN:
SF:/Users/cjensen/personal/bitcoin/src/components/AppLoading.vue
FN:1,(anonymous_0)
FN:26,_interopRequireDefault
FN:28,(anonymous_2)
FN:29,(anonymous_3)
FN:31,(anonymous_4)
FN:34,(anonymous_5)
FN:36,__
FN:42,(anonymous_7)
FN:50,(anonymous_8)
FN:52,AppLoading
FN:63,render
FNF:11
FNH:0
FNDA:0,(anonymous_0)
FNDA:0,_interopRequireDefault
FNDA:0,(anonymous_2)
FNDA:0,(anonymous_3)
FNDA:0,(anonymous_4)
FNDA:0,(anonymous_5)
FNDA:0,__
FNDA:0,(anonymous_7)
FNDA:0,(anonymous_8)
FNDA:0,AppLoading
FNDA:0,render
DA:1,0
DA:4,0
DA:8,0
DA:10,0
DA:12,0
DA:14,0
DA:16,0
DA:18,0
DA:20,0
DA:22,0
DA:24,0
DA:26,0
DA:28,0
DA:29,0
DA:30,0
DA:32,0
DA:34,0
DA:35,0
DA:37,0
DA:39,0
DA:42,0
DA:43,0
DA:44,0
DA:46,0
DA:47,0
DA:50,0
DA:51,0
DA:53,0
DA:55,0
DA:56,0
DA:58,0
DA:61,0
DA:62,0
DA:63,0
DA:64,0
LF:35
LH:0
BRDA:26,0,0,0
BRDA:26,0,1,0
BRDA:26,1,0,0
BRDA:26,1,1,0
BRDA:28,2,0,0
BRDA:28,2,1,0
BRDA:28,2,2,0
BRDA:29,3,0,0
BRDA:29,3,1,0
BRDA:29,3,2,0
BRDA:29,3,3,0
BRDA:32,4,0,0
BRDA:32,4,1,0
BRDA:39,5,0,0
BRDA:39,5,1,0
BRDA:42,6,0,0
BRDA:42,6,1,0
BRDA:42,6,2,0
BRDA:44,7,0,0
BRDA:44,7,1,0
BRDA:44,8,0,0
BRDA:44,8,1,0
BRDA:46,9,0,0
BRDA:46,9,1,0
BRDA:46,10,0,0
BRDA:46,10,1,0
BRDA:46,11,0,0
BRDA:46,11,1,0
BRDA:46,12,0,0
BRDA:46,12,1,0
BRDA:46,13,0,0
BRDA:46,13,1,0
BRDA:46,14,0,0
BRDA:46,14,1,0
BRDA:47,15,0,0
BRDA:47,15,1,0
BRDA:47,15,2,0
BRDA:53,16,0,0
BRDA:53,16,1,0
BRDA:53,16,2,0
BRDA:61,17,0,0
BRDA:61,17,1,0
BRDA:62,18,0,0
BRDA:62,18,1,0
BRDA:63,19,0,0
BRDA:63,19,1,0
BRF:46
BRH:0
end_of_record
TN:
SF:/Users/cjensen/personal/bitcoin/src/components/TheForm.vue
FN:1,(anonymous_0)
FN:62,_interopRequireDefault
FN:64,(anonymous_2)
FN:65,(anonymous_3)
FN:67,(anonymous_4)
FN:70,(anonymous_5)
FN:72,__
FN:78,(anonymous_7)
FN:85,(anonymous_8)
FN:86,(anonymous_9)
FN:87,fulfilled
FN:94,rejected
FN:101,step
FN:102,(anonymous_13)
FN:109,(anonymous_14)
FN:110,(anonymous_15)
FN:117,(anonymous_16)
FN:120,verb
FN:121,(anonymous_18)
FN:125,step
FN:165,(anonymous_20)
FN:167,TheForm
FN:174,(anonymous_22)
FN:177,(anonymous_23)
FN:181,(anonymous_24)
FN:182,(anonymous_25)
FN:190,(anonymous_26)
FN:203,(anonymous_27)
FN:204,(anonymous_28)
FN:212,(anonymous_29)
FN:218,(anonymous_30)
FN:219,(anonymous_31)
FN:221,(anonymous_32)
FN:250,(anonymous_33)
FN:262,(anonymous_34)
FN:284,render
FN:284,(anonymous_36)
FN:284,(anonymous_37)
FN:284,(anonymous_38)
FN:284,(anonymous_39)
FN:284,(anonymous_40)
FN:284,(anonymous_41)
FN:284,(anonymous_42)
FN:284,(anonymous_43)
FN:284,(anonymous_44)
FN:284,(anonymous_45)
FN:284,(anonymous_46)
FNF:47
FNH:0
FNDA:0,(anonymous_0)
FNDA:0,_interopRequireDefault
FNDA:0,(anonymous_2)
FNDA:0,(anonymous_3)
FNDA:0,(anonymous_4)
FNDA:0,(anonymous_5)
FNDA:0,__
FNDA:0,(anonymous_7)
FNDA:0,(anonymous_8)
FNDA:0,(anonymous_9)
FNDA:0,fulfilled
FNDA:0,rejected
FNDA:0,step
FNDA:0,(anonymous_13)
FNDA:0,(anonymous_14)
FNDA:0,(anonymous_15)
FNDA:0,(anonymous_16)
FNDA:0,verb
FNDA:0,(anonymous_18)
FNDA:0,step
FNDA:0,(anonymous_20)
FNDA:0,TheForm
FNDA:0,(anonymous_22)
FNDA:0,(anonymous_23)
FNDA:0,(anonymous_24)
FNDA:0,(anonymous_25)
FNDA:0,(anonymous_26)
FNDA:0,(anonymous_27)
FNDA:0,(anonymous_28)
FNDA:0,(anonymous_29)
FNDA:0,(anonymous_30)
FNDA:0,(anonymous_31)
FNDA:0,(anonymous_32)
FNDA:0,(anonymous_33)
FNDA:0,(anonymous_34)
FNDA:0,render
FNDA:0,(anonymous_36)
FNDA:0,(anonymous_37)
FNDA:0,(anonymous_38)
FNDA:0,(anonymous_39)
FNDA:0,(anonymous_40)
FNDA:0,(anonymous_41)
FNDA:0,(anonymous_42)
FNDA:0,(anonymous_43)
FNDA:0,(anonymous_44)
FNDA:0,(anonymous_45)
FNDA:0,(anonymous_46)
DA:1,0
DA:4,0
DA:8,0
DA:10,0
DA:12,0
DA:14,0
DA:16,0
DA:18,0
DA:20,0
DA:22,0
DA:24,0
DA:26,0
DA:28,0
DA:30,0
DA:32,0
DA:34,0
DA:36,0
DA:38,0
DA:40,0
DA:42,0
DA:44,0
DA:46,0
DA:48,0
DA:50,0
DA:52,0
DA:54,0
DA:56,0
DA:58,0
DA:60,0
DA:62,0
DA:64,0
DA:65,0
DA:66,0
DA:68,0
DA:70,0
DA:71,0
DA:73,0
DA:75,0
DA:78,0
DA:79,0
DA:80,0
DA:82,0
DA:83,0
DA:85,0
DA:86,0
DA:88,0
DA:89,0
DA:91,0
DA:95,0
DA:96,0
DA:98,0
DA:102,0
DA:103,0
DA:106,0
DA:109,0
DA:110,0
DA:111,0
DA:117,0
DA:118,0
DA:121,0
DA:122,0
DA:126,0
DA:127,0
DA:128,0
DA:129,0
DA:130,0
DA:132,0
DA:134,0
DA:136,0
DA:138,0
DA:140,0
DA:141,0
DA:143,0
DA:144,0
DA:146,0
DA:147,0
DA:149,0
DA:150,0
DA:152,0
DA:153,0
DA:155,0
DA:157,0
DA:159,0
DA:161,0
DA:165,0
DA:166,0
DA:168,0
DA:169,0
DA:170,0
DA:171,0
DA:172,0
DA:174,0
DA:175,0
DA:177,0
DA:178,0
DA:180,0
DA:182,0
DA:183,0
DA:189,0
DA:191,0
DA:192,0
DA:193,0
DA:194,0
DA:202,0
DA:204,0
DA:205,0
DA:211,0
DA:213,0
DA:218,0
DA:219,0
DA:221,0
DA:222,0
DA:224,0
DA:225,0
DA:227,0
DA:228,0
DA:229,0
DA:231,0
DA:232,0
DA:234,0
DA:235,0
DA:236,0
DA:238,0
DA:239,0
DA:240,0
DA:242,0
DA:243,0
DA:245,0
DA:250,0
DA:251,0
DA:252,0
DA:253,0
DA:254,0
DA:255,0
DA:256,0
DA:258,0
DA:259,0
DA:262,0
DA:263,0
DA:265,0
DA:266,0
DA:267,0
DA:268,0
DA:269,0
DA:270,0
DA:271,0
DA:277,0
DA:279,0
DA:282,0
DA:283,0
DA:284,0
DA:287,0
LF:152
LH:0
BRDA:62,0,0,0
BRDA:62,0,1,0
BRDA:62,1,0,0
BRDA:62,1,1,0
BRDA:64,2,0,0
BRDA:64,2,1,0
BRDA:64,2,2,0
BRDA:65,3,0,0
BRDA:65,3,1,0
BRDA:65,3,2,0
BRDA:65,3,3,0
BRDA:68,4,0,0
BRDA:68,4,1,0
BRDA:75,5,0,0
BRDA:75,5,1,0
BRDA:78,6,0,0
BRDA:78,6,1,0
BRDA:78,6,2,0
BRDA:80,7,0,0
BRDA:80,7,1,0
BRDA:80,8,0,0
BRDA:80,8,1,0
BRDA:82,9,0,0
BRDA:82,9,1,0
BRDA:82,10,0,0
BRDA:82,10,1,0
BRDA:82,11,0,0
BRDA:82,11,1,0
BRDA:82,12,0,0
BRDA:82,12,1,0
BRDA:82,13,0,0
BRDA:82,13,1,0
BRDA:82,14,0,0
BRDA:82,14,1,0
BRDA:83,15,0,0
BRDA:83,15,1,0
BRDA:83,15,2,0
BRDA:85,16,0,0
BRDA:85,16,1,0
BRDA:85,16,2,0
BRDA:86,17,0,0
BRDA:86,17,1,0
BRDA:102,18,0,0
BRDA:102,18,1,0
BRDA:106,19,0,0
BRDA:106,19,1,0
BRDA:109,20,0,0
BRDA:109,20,1,0
BRDA:109,20,2,0
BRDA:111,21,0,0
BRDA:111,21,1,0
BRDA:117,22,0,0
BRDA:117,22,1,0
BRDA:126,23,0,0
BRDA:126,23,1,0
BRDA:128,24,0,0
BRDA:128,24,1,0
BRDA:128,25,0,0
BRDA:128,25,1,0
BRDA:128,25,2,0
BRDA:128,26,0,0
BRDA:128,26,1,0
BRDA:128,27,0,0
BRDA:128,27,1,0
BRDA:129,28,0,0
BRDA:129,28,1,0
BRDA:130,29,0,0
BRDA:130,29,1,0
BRDA:130,29,2,0
BRDA:130,29,3,0
BRDA:130,29,4,0
BRDA:130,29,5,0
BRDA:140,30,0,0
BRDA:140,30,1,0
BRDA:140,31,0,0
BRDA:140,31,1,0
BRDA:140,31,2,0
BRDA:140,32,0,0
BRDA:140,32,1,0
BRDA:143,33,0,0
BRDA:143,33,1,0
BRDA:143,34,0,0
BRDA:143,34,1,0
BRDA:143,34,2,0
BRDA:143,34,3,0
BRDA:146,35,0,0
BRDA:146,35,1,0
BRDA:146,36,0,0
BRDA:146,36,1,0
BRDA:149,37,0,0
BRDA:149,37,1,0
BRDA:149,38,0,0
BRDA:149,38,1,0
BRDA:152,39,0,0
BRDA:152,39,1,0
BRDA:161,40,0,0
BRDA:161,40,1,0
BRDA:161,41,0,0
BRDA:161,41,1,0
BRDA:168,42,0,0
BRDA:168,42,1,0
BRDA:168,42,2,0
BRDA:183,43,0,0
BRDA:183,43,1,0
BRDA:192,44,0,0
BRDA:192,44,1,0
BRDA:193,45,0,0
BRDA:193,45,1,0
BRDA:222,46,0,0
BRDA:222,46,1,0
BRDA:222,46,2,0
BRDA:222,46,3,0
BRDA:222,46,4,0
BRDA:222,46,5,0
BRDA:224,47,0,0
BRDA:224,47,1,0
BRDA:224,48,0,0
BRDA:224,48,1,0
BRDA:255,49,0,0
BRDA:255,49,1,0
BRDA:258,50,0,0
BRDA:258,50,1,0
BRDA:282,51,0,0
BRDA:282,51,1,0
BRDA:283,52,0,0
BRDA:283,52,1,0
BRDA:284,53,0,0
BRDA:284,53,1,0
BRDA:284,54,0,0
BRDA:284,54,1,0
BRDA:284,55,0,0
BRDA:284,55,1,0
BRDA:284,56,0,0
BRDA:284,56,1,0
BRDA:284,57,0,0
BRDA:284,57,1,0
BRDA:284,58,0,0
BRDA:284,58,1,0
BRDA:284,59,0,0
BRDA:284,59,1,0
BRDA:284,60,0,0
BRDA:284,60,1,0
BRDA:284,61,0,0
BRDA:284,61,1,0
BRF:144
BRH:0
end_of_record
TN:
SF:/Users/cjensen/personal/bitcoin/src/components/TheHeader.vue
FN:1,(anonymous_0)
FN:26,_interopRequireDefault
FN:28,(anonymous_2)
FN:29,(anonymous_3)
FN:31,(anonymous_4)
FN:34,(anonymous_5)
FN:36,__
FN:42,(anonymous_7)
FN:50,(anonymous_8)
FN:52,TheHeader
FN:63,render
FNF:11
FNH:0
FNDA:0,(anonymous_0)
FNDA:0,_interopRequireDefault
FNDA:0,(anonymous_2)
FNDA:0,(anonymous_3)
FNDA:0,(anonymous_4)
FNDA:0,(anonymous_5)
FNDA:0,__
FNDA:0,(anonymous_7)
FNDA:0,(anonymous_8)
FNDA:0,TheHeader
FNDA:0,render
DA:1,0
DA:4,0
DA:8,0
DA:10,0
DA:12,0
DA:14,0
DA:16,0
DA:18,0
DA:20,0
DA:22,0
DA:24,0
DA:26,0
DA:28,0
DA:29,0
DA:30,0
DA:32,0
DA:34,0
DA:35,0
DA:37,0
DA:39,0
DA:42,0
DA:43,0
DA:44,0
DA:46,0
DA:47,0
DA:50,0
DA:51,0
DA:53,0
DA:55,0
DA:56,0
DA:58,0
DA:61,0
DA:62,0
DA:63,0
DA:64,0
LF:35
LH:0
BRDA:26,0,0,0
BRDA:26,0,1,0
BRDA:26,1,0,0
BRDA:26,1,1,0
BRDA:28,2,0,0
BRDA:28,2,1,0
BRDA:28,2,2,0
BRDA:29,3,0,0
BRDA:29,3,1,0
BRDA:29,3,2,0
BRDA:29,3,3,0
BRDA:32,4,0,0
BRDA:32,4,1,0
BRDA:39,5,0,0
BRDA:39,5,1,0
BRDA:42,6,0,0
BRDA:42,6,1,0
BRDA:42,6,2,0
BRDA:44,7,0,0
BRDA:44,7,1,0
BRDA:44,8,0,0
BRDA:44,8,1,0
BRDA:46,9,0,0
BRDA:46,9,1,0
BRDA:46,10,0,0
BRDA:46,10,1,0
BRDA:46,11,0,0
BRDA:46,11,1,0
BRDA:46,12,0,0
BRDA:46,12,1,0
BRDA:46,13,0,0
BRDA:46,13,1,0
BRDA:46,14,0,0
BRDA:46,14,1,0
BRDA:47,15,0,0
BRDA:47,15,1,0
BRDA:47,15,2,0
BRDA:53,16,0,0
BRDA:53,16,1,0
BRDA:53,16,2,0
BRDA:61,17,0,0
BRDA:61,17,1,0
BRDA:62,18,0,0
BRDA:62,18,1,0
BRDA:63,19,0,0
BRDA:63,19,1,0
BRF:46
BRH:0
end_of_record
TN:
SF:/Users/cjensen/personal/bitcoin/src/components/ThePrice.vue
FN:1,(anonymous_0)
FN:36,_interopRequireDefault
FN:38,(anonymous_2)
FN:39,(anonymous_3)
FN:41,(anonymous_4)
FN:44,(anonymous_5)
FN:46,__
FN:52,(anonymous_7)
FN:61,(anonymous_8)
FN:63,ThePrice
FN:66,(anonymous_10)
FN:71,(anonymous_11)
FN:73,(anonymous_12)
FN:87,(anonymous_13)
FN:93,(anonymous_14)
FN:110,render
FNF:16
FNH:0
FNDA:0,(anonymous_0)
FNDA:0,_interopRequireDefault
FNDA:0,(anonymous_2)
FNDA:0,(anonymous_3)
FNDA:0,(anonymous_4)
FNDA:0,(anonymous_5)
FNDA:0,__
FNDA:0,(anonymous_7)
FNDA:0,(anonymous_8)
FNDA:0,ThePrice
FNDA:0,(anonymous_10)
FNDA:0,(anonymous_11)
FNDA:0,(anonymous_12)
FNDA:0,(anonymous_13)
FNDA:0,(anonymous_14)
FNDA:0,render
DA:1,0
DA:4,0
DA:8,0
DA:10,0
DA:12,0
DA:14,0
DA:16,0
DA:18,0
DA:20,0
DA:22,0
DA:24,0
DA:26,0
DA:28,0
DA:30,0
DA:32,0
DA:34,0
DA:36,0
DA:38,0
DA:39,0
DA:40,0
DA:42,0
DA:44,0
DA:45,0
DA:47,0
DA:49,0
DA:52,0
DA:53,0
DA:54,0
DA:56,0
DA:57,0
DA:60,0
DA:61,0
DA:62,0
DA:64,0
DA:66,0
DA:67,0
DA:68,0
DA:70,0
DA:72,0
DA:73,0
DA:74,0
DA:76,0
DA:77,0
DA:78,0
DA:86,0
DA:88,0
DA:93,0
DA:94,0
DA:96,0
DA:97,0
DA:103,0
DA:105,0
DA:108,0
DA:109,0
DA:110,0
DA:111,0
LF:56
LH:0
BRDA:36,0,0,0
BRDA:36,0,1,0
BRDA:36,1,0,0
BRDA:36,1,1,0
BRDA:38,2,0,0
BRDA:38,2,1,0
BRDA:38,2,2,0
BRDA:39,3,0,0
BRDA:39,3,1,0
BRDA:39,3,2,0
BRDA:39,3,3,0
BRDA:42,4,0,0
BRDA:42,4,1,0
BRDA:49,5,0,0
BRDA:49,5,1,0
BRDA:52,6,0,0
BRDA:52,6,1,0
BRDA:52,6,2,0
BRDA:54,7,0,0
BRDA:54,7,1,0
BRDA:54,8,0,0
BRDA:54,8,1,0
BRDA:56,9,0,0
BRDA:56,9,1,0
BRDA:56,10,0,0
BRDA:56,10,1,0
BRDA:56,11,0,0
BRDA:56,11,1,0
BRDA:56,12,0,0
BRDA:56,12,1,0
BRDA:56,13,0,0
BRDA:56,13,1,0
BRDA:56,14,0,0
BRDA:56,14,1,0
BRDA:57,15,0,0
BRDA:57,15,1,0
BRDA:57,15,2,0
BRDA:64,16,0,0
BRDA:64,16,1,0
BRDA:64,16,2,0
BRDA:79,17,0,0
BRDA:79,17,1,0
BRDA:108,18,0,0
BRDA:108,18,1,0
BRDA:109,19,0,0
BRDA:109,19,1,0
BRDA:110,20,0,0
BRDA:110,20,1,0
BRDA:110,21,0,0
BRDA:110,21,1,0
BRDA:110,22,0,0
BRDA:110,22,1,0
BRF:52
BRH:0
end_of_record
TN:
SF:/Users/cjensen/personal/bitcoin/src/components/ThePriceChart.vue
FN:1,(anonymous_0)
FN:48,_interopRequireDefault
FN:50,(anonymous_2)
FN:51,(anonymous_3)
FN:53,(anonymous_4)
FN:56,(anonymous_5)
FN:58,__
FN:64,(anonymous_7)
FN:71,(anonymous_8)
FN:72,(anonymous_9)
FN:73,fulfilled
FN:80,rejected
FN:87,step
FN:88,(anonymous_13)
FN:95,(anonymous_14)
FN:96,(anonymous_15)
FN:103,(anonymous_16)
FN:106,verb
FN:107,(anonymous_18)
FN:111,step
FN:168,(anonymous_20)
FN:170,ThePriceExtends
FN:175,(anonymous_22)
FN:176,(anonymous_23)
FN:177,(anonymous_24)
FN:193,(anonymous_25)
FN:199,(anonymous_26)
FN:214,render
FNF:28
FNH:0
FNDA:0,(anonymous_0)
FNDA:0,_interopRequireDefault
FNDA:0,(anonymous_2)
FNDA:0,(anonymous_3)
FNDA:0,(anonymous_4)
FNDA:0,(anonymous_5)
FNDA:0,__
FNDA:0,(anonymous_7)
FNDA:0,(anonymous_8)
FNDA:0,(anonymous_9)
FNDA:0,fulfilled
FNDA:0,rejected
FNDA:0,step
FNDA:0,(anonymous_13)
FNDA:0,(anonymous_14)
FNDA:0,(anonymous_15)
FNDA:0,(anonymous_16)
FNDA:0,verb
FNDA:0,(anonymous_18)
FNDA:0,step
FNDA:0,(anonymous_20)
FNDA:0,ThePriceExtends
FNDA:0,(anonymous_22)
FNDA:0,(anonymous_23)
FNDA:0,(anonymous_24)
FNDA:0,(anonymous_25)
FNDA:0,(anonymous_26)
FNDA:0,render
DA:1,0
DA:4,0
DA:8,0
DA:10,0
DA:12,0
DA:14,0
DA:16,0
DA:18,0
DA:20,0
DA:22,0
DA:24,0
DA:26,0
DA:28,0
DA:30,0
DA:32,0
DA:34,0
DA:36,0
DA:38,0
DA:40,0
DA:42,0
DA:44,0
DA:46,0
DA:48,0
DA:50,0
DA:51,0
DA:52,0
DA:54,0
DA:56,0
DA:57,0
DA:59,0
DA:61,0
DA:64,0
DA:65,0
DA:66,0
DA:68,0
DA:69,0
DA:71,0
DA:72,0
DA:74,0
DA:75,0
DA:77,0
DA:81,0
DA:82,0
DA:84,0
DA:88,0
DA:89,0
DA:92,0
DA:95,0
DA:96,0
DA:97,0
DA:103,0
DA:104,0
DA:107,0
DA:108,0
DA:112,0
DA:113,0
DA:114,0
DA:115,0
DA:116,0
DA:118,0
DA:120,0
DA:122,0
DA:124,0
DA:126,0
DA:127,0
DA:129,0
DA:130,0
DA:132,0
DA:133,0
DA:135,0
DA:136,0
DA:138,0
DA:139,0
DA:141,0
DA:143,0
DA:145,0
DA:147,0
DA:151,0
DA:168,0
DA:169,0
DA:171,0
DA:172,0
DA:173,0
DA:175,0
DA:176,0
DA:177,0
DA:178,0
DA:180,0
DA:182,0
DA:183,0
DA:185,0
DA:186,0
DA:187,0
DA:192,0
DA:194,0
DA:199,0
DA:200,0
DA:204,0
DA:205,0
DA:206,0
DA:207,0
DA:209,0
DA:212,0
DA:213,0
DA:214,0
DA:215,0
LF:106
LH:0
BRDA:48,0,0,0
BRDA:48,0,1,0
BRDA:48,1,0,0
BRDA:48,1,1,0
BRDA:50,2,0,0
BRDA:50,2,1,0
BRDA:50,2,2,0
BRDA:51,3,0,0
BRDA:51,3,1,0
BRDA:51,3,2,0
BRDA:51,3,3,0
BRDA:54,4,0,0
BRDA:54,4,1,0
BRDA:61,5,0,0
BRDA:61,5,1,0
BRDA:64,6,0,0
BRDA:64,6,1,0
BRDA:64,6,2,0
BRDA:66,7,0,0
BRDA:66,7,1,0
BRDA:66,8,0,0
BRDA:66,8,1,0
BRDA:68,9,0,0
BRDA:68,9,1,0
BRDA:68,10,0,0
BRDA:68,10,1,0
BRDA:68,11,0,0
BRDA:68,11,1,0
BRDA:68,12,0,0
BRDA:68,12,1,0
BRDA:68,13,0,0
BRDA:68,13,1,0
BRDA:68,14,0,0
BRDA:68,14,1,0
BRDA:69,15,0,0
BRDA:69,15,1,0
BRDA:69,15,2,0
BRDA:71,16,0,0
BRDA:71,16,1,0
BRDA:71,16,2,0
BRDA:72,17,0,0
BRDA:72,17,1,0
BRDA:88,18,0,0
BRDA:88,18,1,0
BRDA:92,19,0,0
BRDA:92,19,1,0
BRDA:95,20,0,0
BRDA:95,20,1,0
BRDA:95,20,2,0
BRDA:97,21,0,0
BRDA:97,21,1,0
BRDA:103,22,0,0
BRDA:103,22,1,0
BRDA:112,23,0,0
BRDA:112,23,1,0
BRDA:114,24,0,0
BRDA:114,24,1,0
BRDA:114,25,0,0
BRDA:114,25,1,0
BRDA:114,25,2,0
BRDA:114,26,0,0
BRDA:114,26,1,0
BRDA:114,27,0,0
BRDA:114,27,1,0
BRDA:115,28,0,0
BRDA:115,28,1,0
BRDA:116,29,0,0
BRDA:116,29,1,0
BRDA:116,29,2,0
BRDA:116,29,3,0
BRDA:116,29,4,0
BRDA:116,29,5,0
BRDA:126,30,0,0
BRDA:126,30,1,0
BRDA:126,31,0,0
BRDA:126,31,1,0
BRDA:126,31,2,0
BRDA:126,32,0,0
BRDA:126,32,1,0
BRDA:129,33,0,0
BRDA:129,33,1,0
BRDA:129,34,0,0
BRDA:129,34,1,0
BRDA:129,34,2,0
BRDA:129,34,3,0
BRDA:132,35,0,0
BRDA:132,35,1,0
BRDA:132,36,0,0
BRDA:132,36,1,0
BRDA:135,37,0,0
BRDA:135,37,1,0
BRDA:135,38,0,0
BRDA:135,38,1,0
BRDA:138,39,0,0
BRDA:138,39,1,0
BRDA:147,40,0,0
BRDA:147,40,1,0
BRDA:147,41,0,0
BRDA:147,41,1,0
BRDA:171,42,0,0
BRDA:171,42,1,0
BRDA:171,42,2,0
BRDA:178,43,0,0
BRDA:178,43,1,0
BRDA:178,43,2,0
BRDA:212,44,0,0
BRDA:212,44,1,0
BRDA:213,45,0,0
BRDA:213,45,1,0
BRDA:214,46,0,0
BRDA:214,46,1,0
BRF:111
BRH:0
end_of_record
TN:
SF:/Users/cjensen/personal/bitcoin/src/components/TheSubmitted.vue
FN:1,(anonymous_0)
FN:28,_interopRequireDefault
FN:30,(anonymous_2)
FN:31,(anonymous_3)
FN:33,(anonymous_4)
FN:36,(anonymous_5)
FN:38,__
FN:44,(anonymous_7)
FN:52,(anonymous_8)
FN:54,TheSubmitted
FN:57,(anonymous_10)
FN:69,render
FN:69,(anonymous_12)
FNF:13
FNH:0
FNDA:0,(anonymous_0)
FNDA:0,_interopRequireDefault
FNDA:0,(anonymous_2)
FNDA:0,(anonymous_3)
FNDA:0,(anonymous_4)
FNDA:0,(anonymous_5)
FNDA:0,__
FNDA:0,(anonymous_7)
FNDA:0,(anonymous_8)
FNDA:0,TheSubmitted
FNDA:0,(anonymous_10)
FNDA:0,render
FNDA:0,(anonymous_12)
DA:1,0
DA:4,0
DA:8,0
DA:10,0
DA:12,0
DA:14,0
DA:16,0
DA:18,0
DA:20,0
DA:22,0
DA:24,0
DA:26,0
DA:28,0
DA:30,0
DA:31,0
DA:32,0
DA:34,0
DA:36,0
DA:37,0
DA:39,0
DA:41,0
DA:44,0
DA:45,0
DA:46,0
DA:48,0
DA:49,0
DA:52,0
DA:53,0
DA:55,0
DA:57,0
DA:58,0
DA:60,0
DA:61,0
DA:62,0
DA:64,0
DA:67,0
DA:68,0
DA:69,0
DA:70,0
LF:39
LH:0
BRDA:28,0,0,0
BRDA:28,0,1,0
BRDA:28,1,0,0
BRDA:28,1,1,0
BRDA:30,2,0,0
BRDA:30,2,1,0
BRDA:30,2,2,0
BRDA:31,3,0,0
BRDA:31,3,1,0
BRDA:31,3,2,0
BRDA:31,3,3,0
BRDA:34,4,0,0
BRDA:34,4,1,0
BRDA:41,5,0,0
BRDA:41,5,1,0
BRDA:44,6,0,0
BRDA:44,6,1,0
BRDA:44,6,2,0
BRDA:46,7,0,0
BRDA:46,7,1,0
BRDA:46,8,0,0
BRDA:46,8,1,0
BRDA:48,9,0,0
BRDA:48,9,1,0
BRDA:48,10,0,0
BRDA:48,10,1,0
BRDA:48,11,0,0
BRDA:48,11,1,0
BRDA:48,12,0,0
BRDA:48,12,1,0
BRDA:48,13,0,0
BRDA:48,13,1,0
BRDA:48,14,0,0
BRDA:48,14,1,0
BRDA:49,15,0,0
BRDA:49,15,1,0
BRDA:49,15,2,0
BRDA:55,16,0,0
BRDA:55,16,1,0
BRDA:55,16,2,0
BRDA:67,17,0,0
BRDA:67,17,1,0
BRDA:68,18,0,0
BRDA:68,18,1,0
BRDA:69,19,0,0
BRDA:69,19,1,0
BRF:46
BRH:0
end_of_record
TN:
SF:/Users/cjensen/personal/bitcoin/src/models/User.ts
FN:1,(anonymous_0)
FN:2,User
FNF:2
FNH:0
FNDA:0,(anonymous_0)
FNDA:0,User
DA:1,0
DA:3,0
DA:4,0
DA:5,0
DA:6,0
DA:7,0
DA:8,0
DA:10,0
DA:11,0
LF:9
LH:0
BRF:0
BRH:0
end_of_record
TN:
SF:/Users/cjensen/personal/bitcoin/src/services/firestore.ts
FN:3,_interopRequireDefault
FN:3,_interopRequireWildcard
FNF:2
FNH:0
FNDA:0,_interopRequireDefault
FNDA:0,_interopRequireWildcard
DA:1,0
DA:2,0
DA:3,0
DA:4,0
DA:5,0
LF:5
LH:0
BRDA:3,0,0,0
BRDA:3,0,1,0
BRDA:3,1,0,0
BRDA:3,1,1,0
BRDA:3,2,0,0
BRDA:3,2,1,0
BRDA:3,3,0,0
BRDA:3,3,1,0
BRDA:3,4,0,0
BRDA:3,4,1,0
BRDA:3,5,0,0
BRDA:3,5,1,0
BRF:12
BRH:0
end_of_record
TN:
SF:/Users/cjensen/personal/bitcoin/src/services/price.ts
FN:1,(anonymous_0)
FN:2,(anonymous_1)
FN:3,fulfilled
FN:4,rejected
FN:5,step
FN:5,(anonymous_5)
FN:9,(anonymous_6)
FN:10,(anonymous_7)
FN:11,(anonymous_8)
FN:12,verb
FN:12,(anonymous_10)
FN:13,step
FN:39,(anonymous_12)
FN:39,(anonymous_13)
FN:41,(anonymous_14)
FN:58,(anonymous_15)
FN:58,(anonymous_16)
FN:60,(anonymous_17)
FN:81,(anonymous_18)
FN:90,(anonymous_19)
FNF:20
FNH:0
FNDA:0,(anonymous_0)
FNDA:0,(anonymous_1)
FNDA:0,fulfilled
FNDA:0,rejected
FNDA:0,step
FNDA:0,(anonymous_5)
FNDA:0,(anonymous_6)
FNDA:0,(anonymous_7)
FNDA:0,(anonymous_8)
FNDA:0,verb
FNDA:0,(anonymous_10)
FNDA:0,step
FNDA:0,(anonymous_12)
FNDA:0,(anonymous_13)
FNDA:0,(anonymous_14)
FNDA:0,(anonymous_15)
FNDA:0,(anonymous_16)
FNDA:0,(anonymous_17)
FNDA:0,(anonymous_18)
FNDA:0,(anonymous_19)
DA:1,0
DA:2,0
DA:3,0
DA:4,0
DA:5,0
DA:6,0
DA:9,0
DA:10,0
DA:11,0
DA:12,0
DA:14,0
DA:15,0
DA:16,0
DA:17,0
DA:18,0
DA:19,0
DA:20,0
DA:21,0
DA:22,0
DA:24,0
DA:25,0
DA:26,0
DA:27,0
DA:28,0
DA:29,0
DA:31,0
DA:32,0
DA:33,0
DA:36,0
DA:37,0
DA:38,0
DA:39,0
DA:41,0
DA:42,0
DA:43,0
DA:50,0
DA:51,0
DA:53,0
DA:54,0
DA:58,0
DA:60,0
DA:61,0
DA:63,0
DA:64,0
DA:65,0
DA:66,0
DA:73,0
DA:74,0
DA:76,0
DA:77,0
DA:81,0
DA:82,0
DA:83,0
DA:84,0
DA:85,0
DA:90,0
DA:91,0
LF:57
LH:0
BRDA:1,0,0,0
BRDA:1,0,1,0
BRDA:1,0,2,0
BRDA:2,1,0,0
BRDA:2,1,1,0
BRDA:5,2,0,0
BRDA:5,2,1,0
BRDA:6,3,0,0
BRDA:6,3,1,0
BRDA:9,4,0,0
BRDA:9,4,1,0
BRDA:9,4,2,0
BRDA:10,5,0,0
BRDA:10,5,1,0
BRDA:11,6,0,0
BRDA:11,6,1,0
BRDA:14,7,0,0
BRDA:14,7,1,0
BRDA:16,8,0,0
BRDA:16,8,1,0
BRDA:16,9,0,0
BRDA:16,9,1,0
BRDA:16,9,2,0
BRDA:16,10,0,0
BRDA:16,10,1,0
BRDA:16,11,0,0
BRDA:16,11,1,0
BRDA:17,12,0,0
BRDA:17,12,1,0
BRDA:18,13,0,0
BRDA:18,13,1,0
BRDA:18,13,2,0
BRDA:18,13,3,0
BRDA:18,13,4,0
BRDA:18,13,5,0
BRDA:24,14,0,0
BRDA:24,14,1,0
BRDA:24,15,0,0
BRDA:24,15,1,0
BRDA:24,15,2,0
BRDA:24,16,0,0
BRDA:24,16,1,0
BRDA:25,17,0,0
BRDA:25,17,1,0
BRDA:25,18,0,0
BRDA:25,18,1,0
BRDA:25,18,2,0
BRDA:25,18,3,0
BRDA:26,19,0,0
BRDA:26,19,1,0
BRDA:26,20,0,0
BRDA:26,20,1,0
BRDA:27,21,0,0
BRDA:27,21,1,0
BRDA:27,22,0,0
BRDA:27,22,1,0
BRDA:28,23,0,0
BRDA:28,23,1,0
BRDA:33,24,0,0
BRDA:33,24,1,0
BRDA:33,25,0,0
BRDA:33,25,1,0
BRDA:42,26,0,0
BRDA:42,26,1,0
BRDA:42,26,2,0
BRDA:61,27,0,0
BRDA:61,27,1,0
BRDA:61,27,2,0
BRDA:82,28,0,0
BRDA:82,28,1,0
BRF:70
BRH:0
end_of_record
TN:
SF:/Users/cjensen/personal/bitcoin/src/store/State.ts
FN:1,_interopRequireDefault
FN:3,(anonymous_1)
FN:4,State
FNF:3
FNH:0
FNDA:0,_interopRequireDefault
FNDA:0,(anonymous_1)
FNDA:0,State
DA:1,0
DA:2,0
DA:3,0
DA:5,0
DA:6,0
DA:7,0
DA:8,0
DA:9,0
DA:10,0
DA:11,0
DA:13,0
DA:14,0
LF:12
LH:0
BRDA:1,0,0,0
BRDA:1,0,1,0
BRDA:1,1,0,0
BRDA:1,1,1,0
BRDA:10,2,0,0
BRDA:10,2,1,0
BRDA:11,3,0,0
BRDA:11,3,1,0
BRF:8
BRH:0
end_of_record
TN:
SF:/Users/cjensen/personal/bitcoin/src/store/actions.ts
FN:48,_interopRequireWildcard
FN:48,_interopRequireDefault
FN:48,(anonymous_2)
FN:48,(anonymous_3)
FN:48,(anonymous_4)
FN:48,fulfilled
FN:48,rejected
FN:48,step
FN:48,(anonymous_8)
FN:48,(anonymous_9)
FN:48,(anonymous_10)
FN:48,(anonymous_11)
FN:48,verb
FN:48,(anonymous_13)
FN:48,step
FN:49,(anonymous_15)
FN:49,(anonymous_16)
FN:51,(anonymous_17)
FN:62,(anonymous_18)
FN:66,(anonymous_19)
FN:70,(anonymous_20)
FN:72,(anonymous_21)
FN:74,(anonymous_22)
FN:85,(anonymous_23)
FN:87,(anonymous_24)
FN:89,(anonymous_25)
FN:100,(anonymous_26)
FN:105,(anonymous_27)
FNF:28
FNH:0
FNDA:0,_interopRequireWildcard
FNDA:0,_interopRequireDefault
FNDA:0,(anonymous_2)
FNDA:0,(anonymous_3)
FNDA:0,(anonymous_4)
FNDA:0,fulfilled
FNDA:0,rejected
FNDA:0,step
FNDA:0,(anonymous_8)
FNDA:0,(anonymous_9)
FNDA:0,(anonymous_10)
FNDA:0,(anonymous_11)
FNDA:0,verb
FNDA:0,(anonymous_13)
FNDA:0,step
FNDA:0,(anonymous_15)
FNDA:0,(anonymous_16)
FNDA:0,(anonymous_17)
FNDA:0,(anonymous_18)
FNDA:0,(anonymous_19)
FNDA:0,(anonymous_20)
FNDA:0,(anonymous_21)
FNDA:0,(anonymous_22)
FNDA:0,(anonymous_23)
FNDA:0,(anonymous_24)
FNDA:0,(anonymous_25)
FNDA:0,(anonymous_26)
FNDA:0,(anonymous_27)
DA:1,0
DA:45,0
DA:46,0
DA:47,0
DA:48,0
DA:49,0
DA:51,0
DA:52,0
DA:54,0
DA:55,0
DA:57,0
DA:58,0
DA:62,0
DA:63,0
DA:64,0
DA:66,0
DA:67,0
DA:68,0
DA:70,0
DA:71,0
DA:72,0
DA:74,0
DA:75,0
DA:76,0
DA:78,0
DA:79,0
DA:80,0
DA:85,0
DA:86,0
DA:87,0
DA:89,0
DA:90,0
DA:91,0
DA:93,0
DA:94,0
DA:95,0
DA:100,0
DA:101,0
DA:102,0
DA:103,0
DA:105,0
DA:106,0
DA:107,0
DA:108,0
LF:44
LH:0
BRDA:48,0,0,0
BRDA:48,0,1,0
BRDA:48,1,0,0
BRDA:48,1,1,0
BRDA:48,2,0,0
BRDA:48,2,1,0
BRDA:48,3,0,0
BRDA:48,3,1,0
BRDA:48,4,0,0
BRDA:48,4,1,0
BRDA:48,5,0,0
BRDA:48,5,1,0
BRDA:48,6,0,0
BRDA:48,6,1,0
BRDA:48,6,2,0
BRDA:48,6,3,0
BRDA:48,7,0,0
BRDA:48,7,1,0
BRDA:48,8,0,0
BRDA:48,8,1,0
BRDA:48,8,2,0
BRDA:48,9,0,0
BRDA:48,9,1,0
BRDA:48,10,0,0
BRDA:48,10,1,0
BRDA:48,11,0,0
BRDA:48,11,1,0
BRDA:48,12,0,0
BRDA:48,12,1,0
BRDA:48,12,2,0
BRDA:48,13,0,0
BRDA:48,13,1,0
BRDA:48,14,0,0
BRDA:48,14,1,0
BRDA:48,15,0,0
BRDA:48,15,1,0
BRDA:48,16,0,0
BRDA:48,16,1,0
BRDA:48,17,0,0
BRDA:48,17,1,0
BRDA:48,17,2,0
BRDA:48,18,0,0
BRDA:48,18,1,0
BRDA:48,19,0,0
BRDA:48,19,1,0
BRDA:48,20,0,0
BRDA:48,20,1,0
BRDA:48,21,0,0
BRDA:48,21,1,0
BRDA:48,21,2,0
BRDA:48,21,3,0
BRDA:48,21,4,0
BRDA:48,21,5,0
BRDA:48,22,0,0
BRDA:48,22,1,0
BRDA:48,23,0,0
BRDA:48,23,1,0
BRDA:48,23,2,0
BRDA:48,24,0,0
BRDA:48,24,1,0
BRDA:48,25,0,0
BRDA:48,25,1,0
BRDA:48,26,0,0
BRDA:48,26,1,0
BRDA:48,26,2,0
BRDA:48,26,3,0
BRDA:48,27,0,0
BRDA:48,27,1,0
BRDA:48,28,0,0
BRDA:48,28,1,0
BRDA:48,29,0,0
BRDA:48,29,1,0
BRDA:48,30,0,0
BRDA:48,30,1,0
BRDA:48,31,0,0
BRDA:48,31,1,0
BRDA:48,32,0,0
BRDA:48,32,1,0
BRDA:48,33,0,0
BRDA:48,33,1,0
BRDA:52,34,0,0
BRDA:52,34,1,0
BRDA:75,35,0,0
BRDA:75,35,1,0
BRDA:90,36,0,0
BRDA:90,36,1,0
BRF:86
BRH:0
end_of_record
TN:
SF:/Users/cjensen/personal/bitcoin/src/store/getters.ts
FN:3,(anonymous_0)
FN:4,(anonymous_1)
FN:5,(anonymous_2)
FN:6,(anonymous_3)
FN:7,(anonymous_4)
FNF:5
FNH:2
FNDA:1,(anonymous_0)
FNDA:2,(anonymous_1)
FNDA:0,(anonymous_2)
FNDA:0,(anonymous_3)
FNDA:0,(anonymous_4)
DA:3,1
DA:4,2
DA:5,1
DA:6,1
DA:7,1
LF:5
LH:5
BRDA:3,0,0,1
BRDA:3,0,1,0
BRF:2
BRH:1
end_of_record
TN:
SF:/Users/cjensen/personal/bitcoin/src/store/index.ts
FN:6,_interopRequireWildcard
FN:6,_interopRequireDefault
FNF:2
FNH:0
FNDA:0,_interopRequireWildcard
FNDA:0,_interopRequireDefault
DA:1,0
DA:2,0
DA:3,0
DA:4,0
DA:5,0
DA:6,0
DA:7,0
DA:8,0
LF:8
LH:0
BRDA:6,0,0,0
BRDA:6,0,1,0
BRDA:6,1,0,0
BRDA:6,1,1,0
BRDA:6,2,0,0
BRDA:6,2,1,0
BRDA:6,3,0,0
BRDA:6,3,1,0
BRDA:6,4,0,0
BRDA:6,4,1,0
BRDA:6,5,0,0
BRDA:6,5,1,0
BRF:12
BRH:0
end_of_record
TN:
SF:/Users/cjensen/personal/bitcoin/src/store/mutations.ts
FN:9,(anonymous_0)
FN:12,(anonymous_1)
FN:16,(anonymous_2)
FN:20,(anonymous_3)
FN:24,(anonymous_4)
FN:28,(anonymous_5)
FNF:6
FNH:3
FNDA:2,(anonymous_0)
FNDA:1,(anonymous_1)
FNDA:1,(anonymous_2)
FNDA:0,(anonymous_3)
FNDA:0,(anonymous_4)
FNDA:0,(anonymous_5)
DA:10,2
DA:13,1
DA:17,1
DA:21,0
DA:25,0
DA:29,0
LF:6
LH:3
BRF:0
BRH:0
end_of_record
TN:
SF:/Users/cjensen/personal/bitcoin/src/store/types.ts
FNF:0
FNH:0
DA:1,1
DA:2,1
DA:3,1
DA:4,1
DA:5,1
DA:6,1
DA:7,1
LF:7
LH:7
BRF:0
BRH:0
end_of_record
